[0.086s] DEBUG:colcon:Command line arguments: ['/usr/bin/colcon', 'build', '--symlink-install', '--packages-select', 'patchworkpp']
[0.086s] DEBUG:colcon:Parsed command line arguments: Namespace(log_base=None, log_level=None, verb_name='build', build_base='build', install_base='install', merge_install=False, symlink_install=True, test_result_base=None, continue_on_error=False, executor='parallel', parallel_workers=28, event_handlers=None, ignore_user_meta=False, metas=['./colcon.meta'], base_paths=['.'], packages_ignore=None, packages_ignore_regex=None, paths=None, packages_up_to=None, packages_up_to_regex=None, packages_above=None, packages_above_and_dependencies=None, packages_above_depth=None, packages_select_by_dep=None, packages_skip_by_dep=None, packages_skip_up_to=None, packages_select_build_failed=False, packages_skip_build_finished=False, packages_select_test_failures=False, packages_skip_test_passed=False, packages_select=['patchworkpp'], packages_skip=None, packages_select_regex=None, packages_skip_regex=None, packages_start=None, packages_end=None, allow_overriding=[], cmake_args=None, cmake_target=None, cmake_target_skip_unavailable=False, cmake_clean_cache=False, cmake_clean_first=False, cmake_force_configure=False, ament_cmake_args=None, catkin_cmake_args=None, catkin_skip_building_tests=False, mixin_files=None, mixin=None, verb_parser=<colcon_mixin.mixin.mixin_argument.MixinArgumentDecorator object at 0x71081268c100>, verb_extension=<colcon_core.verb.build.BuildVerb object at 0x71081265bb50>, main=<bound method BuildVerb.main of <colcon_core.verb.build.BuildVerb object at 0x71081265bb50>>, mixin_verb=('build',))
[0.225s] Level 1:colcon.colcon_core.package_discovery:discover_packages(colcon_meta) check parameters
[0.225s] Level 1:colcon.colcon_core.package_discovery:discover_packages(recursive) check parameters
[0.225s] Level 1:colcon.colcon_core.package_discovery:discover_packages(ignore) check parameters
[0.225s] Level 1:colcon.colcon_core.package_discovery:discover_packages(path) check parameters
[0.225s] Level 1:colcon.colcon_core.package_discovery:discover_packages(colcon_meta) discover
[0.225s] Level 1:colcon.colcon_core.package_discovery:discover_packages(recursive) discover
[0.225s] INFO:colcon.colcon_core.package_discovery:Crawling recursively for packages in '/home/aiv/ev_ws/ros2'
[0.225s] Level 1:colcon.colcon_core.package_identification:_identify(.) by extensions ['ignore', 'ignore_ament_install']
[0.225s] Level 1:colcon.colcon_core.package_identification:_identify(.) by extension 'ignore'
[0.226s] Level 1:colcon.colcon_core.package_identification:_identify(.) by extension 'ignore_ament_install'
[0.226s] Level 1:colcon.colcon_core.package_identification:_identify(.) by extensions ['colcon_pkg']
[0.226s] Level 1:colcon.colcon_core.package_identification:_identify(.) by extension 'colcon_pkg'
[0.226s] Level 1:colcon.colcon_core.package_identification:_identify(.) by extensions ['colcon_meta']
[0.226s] Level 1:colcon.colcon_core.package_identification:_identify(.) by extension 'colcon_meta'
[0.226s] Level 1:colcon.colcon_core.package_identification:_identify(.) by extensions ['ros']
[0.226s] Level 1:colcon.colcon_core.package_identification:_identify(.) by extension 'ros'
[0.232s] Level 1:colcon.colcon_core.package_identification:_identify(.) by extensions ['cmake', 'python']
[0.232s] Level 1:colcon.colcon_core.package_identification:_identify(.) by extension 'cmake'
[0.232s] Level 1:colcon.colcon_core.package_identification:_identify(.) by extension 'python'
[0.232s] Level 1:colcon.colcon_core.package_identification:_identify(.) by extensions ['python_setup_py']
[0.232s] Level 1:colcon.colcon_core.package_identification:_identify(.) by extension 'python_setup_py'
[0.232s] Level 1:colcon.colcon_core.package_identification:_identify(build) by extensions ['ignore', 'ignore_ament_install']
[0.232s] Level 1:colcon.colcon_core.package_identification:_identify(build) by extension 'ignore'
[0.232s] Level 1:colcon.colcon_core.package_identification:_identify(build) ignored
[0.232s] Level 1:colcon.colcon_core.package_identification:_identify(install) by extensions ['ignore', 'ignore_ament_install']
[0.232s] Level 1:colcon.colcon_core.package_identification:_identify(install) by extension 'ignore'
[0.232s] Level 1:colcon.colcon_core.package_identification:_identify(install) ignored
[0.232s] Level 1:colcon.colcon_core.package_identification:_identify(log) by extensions ['ignore', 'ignore_ament_install']
[0.232s] Level 1:colcon.colcon_core.package_identification:_identify(log) by extension 'ignore'
[0.232s] Level 1:colcon.colcon_core.package_identification:_identify(log) ignored
[0.232s] Level 1:colcon.colcon_core.package_identification:_identify(rosbag) by extensions ['ignore', 'ignore_ament_install']
[0.232s] Level 1:colcon.colcon_core.package_identification:_identify(rosbag) by extension 'ignore'
[0.232s] Level 1:colcon.colcon_core.package_identification:_identify(rosbag) by extension 'ignore_ament_install'
[0.232s] Level 1:colcon.colcon_core.package_identification:_identify(rosbag) by extensions ['colcon_pkg']
[0.233s] Level 1:colcon.colcon_core.package_identification:_identify(rosbag) by extension 'colcon_pkg'
[0.233s] Level 1:colcon.colcon_core.package_identification:_identify(rosbag) by extensions ['colcon_meta']
[0.233s] Level 1:colcon.colcon_core.package_identification:_identify(rosbag) by extension 'colcon_meta'
[0.233s] Level 1:colcon.colcon_core.package_identification:_identify(rosbag) by extensions ['ros']
[0.233s] Level 1:colcon.colcon_core.package_identification:_identify(rosbag) by extension 'ros'
[0.233s] Level 1:colcon.colcon_core.package_identification:_identify(rosbag) by extensions ['cmake', 'python']
[0.233s] Level 1:colcon.colcon_core.package_identification:_identify(rosbag) by extension 'cmake'
[0.233s] Level 1:colcon.colcon_core.package_identification:_identify(rosbag) by extension 'python'
[0.233s] Level 1:colcon.colcon_core.package_identification:_identify(rosbag) by extensions ['python_setup_py']
[0.233s] Level 1:colcon.colcon_core.package_identification:_identify(rosbag) by extension 'python_setup_py'
[0.233s] Level 1:colcon.colcon_core.package_identification:_identify(rosbag/02061915) by extensions ['ignore', 'ignore_ament_install']
[0.233s] Level 1:colcon.colcon_core.package_identification:_identify(rosbag/02061915) by extension 'ignore'
[0.233s] Level 1:colcon.colcon_core.package_identification:_identify(rosbag/02061915) by extension 'ignore_ament_install'
[0.233s] Level 1:colcon.colcon_core.package_identification:_identify(rosbag/02061915) by extensions ['colcon_pkg']
[0.233s] Level 1:colcon.colcon_core.package_identification:_identify(rosbag/02061915) by extension 'colcon_pkg'
[0.233s] Level 1:colcon.colcon_core.package_identification:_identify(rosbag/02061915) by extensions ['colcon_meta']
[0.233s] Level 1:colcon.colcon_core.package_identification:_identify(rosbag/02061915) by extension 'colcon_meta'
[0.233s] Level 1:colcon.colcon_core.package_identification:_identify(rosbag/02061915) by extensions ['ros']
[0.233s] Level 1:colcon.colcon_core.package_identification:_identify(rosbag/02061915) by extension 'ros'
[0.233s] Level 1:colcon.colcon_core.package_identification:_identify(rosbag/02061915) by extensions ['cmake', 'python']
[0.233s] Level 1:colcon.colcon_core.package_identification:_identify(rosbag/02061915) by extension 'cmake'
[0.233s] Level 1:colcon.colcon_core.package_identification:_identify(rosbag/02061915) by extension 'python'
[0.233s] Level 1:colcon.colcon_core.package_identification:_identify(rosbag/02061915) by extensions ['python_setup_py']
[0.233s] Level 1:colcon.colcon_core.package_identification:_identify(rosbag/02061915) by extension 'python_setup_py'
[0.233s] Level 1:colcon.colcon_core.package_identification:_identify(rosbag/forStudy) by extensions ['ignore', 'ignore_ament_install']
[0.233s] Level 1:colcon.colcon_core.package_identification:_identify(rosbag/forStudy) by extension 'ignore'
[0.233s] Level 1:colcon.colcon_core.package_identification:_identify(rosbag/forStudy) by extension 'ignore_ament_install'
[0.233s] Level 1:colcon.colcon_core.package_identification:_identify(rosbag/forStudy) by extensions ['colcon_pkg']
[0.233s] Level 1:colcon.colcon_core.package_identification:_identify(rosbag/forStudy) by extension 'colcon_pkg'
[0.233s] Level 1:colcon.colcon_core.package_identification:_identify(rosbag/forStudy) by extensions ['colcon_meta']
[0.233s] Level 1:colcon.colcon_core.package_identification:_identify(rosbag/forStudy) by extension 'colcon_meta'
[0.233s] Level 1:colcon.colcon_core.package_identification:_identify(rosbag/forStudy) by extensions ['ros']
[0.233s] Level 1:colcon.colcon_core.package_identification:_identify(rosbag/forStudy) by extension 'ros'
[0.233s] Level 1:colcon.colcon_core.package_identification:_identify(rosbag/forStudy) by extensions ['cmake', 'python']
[0.233s] Level 1:colcon.colcon_core.package_identification:_identify(rosbag/forStudy) by extension 'cmake'
[0.233s] Level 1:colcon.colcon_core.package_identification:_identify(rosbag/forStudy) by extension 'python'
[0.233s] Level 1:colcon.colcon_core.package_identification:_identify(rosbag/forStudy) by extensions ['python_setup_py']
[0.233s] Level 1:colcon.colcon_core.package_identification:_identify(rosbag/forStudy) by extension 'python_setup_py'
[0.233s] Level 1:colcon.colcon_core.package_identification:_identify(src) by extensions ['ignore', 'ignore_ament_install']
[0.233s] Level 1:colcon.colcon_core.package_identification:_identify(src) by extension 'ignore'
[0.233s] Level 1:colcon.colcon_core.package_identification:_identify(src) by extension 'ignore_ament_install'
[0.233s] Level 1:colcon.colcon_core.package_identification:_identify(src) by extensions ['colcon_pkg']
[0.233s] Level 1:colcon.colcon_core.package_identification:_identify(src) by extension 'colcon_pkg'
[0.233s] Level 1:colcon.colcon_core.package_identification:_identify(src) by extensions ['colcon_meta']
[0.233s] Level 1:colcon.colcon_core.package_identification:_identify(src) by extension 'colcon_meta'
[0.233s] Level 1:colcon.colcon_core.package_identification:_identify(src) by extensions ['ros']
[0.233s] Level 1:colcon.colcon_core.package_identification:_identify(src) by extension 'ros'
[0.233s] Level 1:colcon.colcon_core.package_identification:_identify(src) by extensions ['cmake', 'python']
[0.234s] Level 1:colcon.colcon_core.package_identification:_identify(src) by extension 'cmake'
[0.234s] Level 1:colcon.colcon_core.package_identification:_identify(src) by extension 'python'
[0.234s] Level 1:colcon.colcon_core.package_identification:_identify(src) by extensions ['python_setup_py']
[0.234s] Level 1:colcon.colcon_core.package_identification:_identify(src) by extension 'python_setup_py'
[0.234s] Level 1:colcon.colcon_core.package_identification:_identify(src/patchwork-plusplus) by extensions ['ignore', 'ignore_ament_install']
[0.234s] Level 1:colcon.colcon_core.package_identification:_identify(src/patchwork-plusplus) by extension 'ignore'
[0.234s] Level 1:colcon.colcon_core.package_identification:_identify(src/patchwork-plusplus) by extension 'ignore_ament_install'
[0.234s] Level 1:colcon.colcon_core.package_identification:_identify(src/patchwork-plusplus) by extensions ['colcon_pkg']
[0.234s] Level 1:colcon.colcon_core.package_identification:_identify(src/patchwork-plusplus) by extension 'colcon_pkg'
[0.234s] Level 1:colcon.colcon_core.package_identification:_identify(src/patchwork-plusplus) by extensions ['colcon_meta']
[0.234s] Level 1:colcon.colcon_core.package_identification:_identify(src/patchwork-plusplus) by extension 'colcon_meta'
[0.234s] Level 1:colcon.colcon_core.package_identification:_identify(src/patchwork-plusplus) by extensions ['ros']
[0.234s] Level 1:colcon.colcon_core.package_identification:_identify(src/patchwork-plusplus) by extension 'ros'
[0.234s] Level 1:colcon.colcon_core.package_identification:_identify(src/patchwork-plusplus) by extensions ['cmake', 'python']
[0.234s] Level 1:colcon.colcon_core.package_identification:_identify(src/patchwork-plusplus) by extension 'cmake'
[0.234s] Level 1:colcon.colcon_core.package_identification:_identify(src/patchwork-plusplus) by extension 'python'
[0.234s] Level 1:colcon.colcon_core.package_identification:_identify(src/patchwork-plusplus) by extensions ['python_setup_py']
[0.234s] Level 1:colcon.colcon_core.package_identification:_identify(src/patchwork-plusplus) by extension 'python_setup_py'
[0.234s] Level 1:colcon.colcon_core.package_identification:_identify(src/patchwork-plusplus/cpp) by extensions ['ignore', 'ignore_ament_install']
[0.234s] Level 1:colcon.colcon_core.package_identification:_identify(src/patchwork-plusplus/cpp) by extension 'ignore'
[0.234s] Level 1:colcon.colcon_core.package_identification:_identify(src/patchwork-plusplus/cpp) ignored
[0.234s] Level 1:colcon.colcon_core.package_identification:_identify(src/patchwork-plusplus/data) by extensions ['ignore', 'ignore_ament_install']
[0.234s] Level 1:colcon.colcon_core.package_identification:_identify(src/patchwork-plusplus/data) by extension 'ignore'
[0.234s] Level 1:colcon.colcon_core.package_identification:_identify(src/patchwork-plusplus/data) by extension 'ignore_ament_install'
[0.234s] Level 1:colcon.colcon_core.package_identification:_identify(src/patchwork-plusplus/data) by extensions ['colcon_pkg']
[0.234s] Level 1:colcon.colcon_core.package_identification:_identify(src/patchwork-plusplus/data) by extension 'colcon_pkg'
[0.234s] Level 1:colcon.colcon_core.package_identification:_identify(src/patchwork-plusplus/data) by extensions ['colcon_meta']
[0.234s] Level 1:colcon.colcon_core.package_identification:_identify(src/patchwork-plusplus/data) by extension 'colcon_meta'
[0.234s] Level 1:colcon.colcon_core.package_identification:_identify(src/patchwork-plusplus/data) by extensions ['ros']
[0.234s] Level 1:colcon.colcon_core.package_identification:_identify(src/patchwork-plusplus/data) by extension 'ros'
[0.234s] Level 1:colcon.colcon_core.package_identification:_identify(src/patchwork-plusplus/data) by extensions ['cmake', 'python']
[0.234s] Level 1:colcon.colcon_core.package_identification:_identify(src/patchwork-plusplus/data) by extension 'cmake'
[0.234s] Level 1:colcon.colcon_core.package_identification:_identify(src/patchwork-plusplus/data) by extension 'python'
[0.234s] Level 1:colcon.colcon_core.package_identification:_identify(src/patchwork-plusplus/data) by extensions ['python_setup_py']
[0.234s] Level 1:colcon.colcon_core.package_identification:_identify(src/patchwork-plusplus/data) by extension 'python_setup_py'
[0.234s] Level 1:colcon.colcon_core.package_identification:_identify(src/patchwork-plusplus/pictures) by extensions ['ignore', 'ignore_ament_install']
[0.234s] Level 1:colcon.colcon_core.package_identification:_identify(src/patchwork-plusplus/pictures) by extension 'ignore'
[0.234s] Level 1:colcon.colcon_core.package_identification:_identify(src/patchwork-plusplus/pictures) by extension 'ignore_ament_install'
[0.234s] Level 1:colcon.colcon_core.package_identification:_identify(src/patchwork-plusplus/pictures) by extensions ['colcon_pkg']
[0.234s] Level 1:colcon.colcon_core.package_identification:_identify(src/patchwork-plusplus/pictures) by extension 'colcon_pkg'
[0.234s] Level 1:colcon.colcon_core.package_identification:_identify(src/patchwork-plusplus/pictures) by extensions ['colcon_meta']
[0.234s] Level 1:colcon.colcon_core.package_identification:_identify(src/patchwork-plusplus/pictures) by extension 'colcon_meta'
[0.234s] Level 1:colcon.colcon_core.package_identification:_identify(src/patchwork-plusplus/pictures) by extensions ['ros']
[0.234s] Level 1:colcon.colcon_core.package_identification:_identify(src/patchwork-plusplus/pictures) by extension 'ros'
[0.234s] Level 1:colcon.colcon_core.package_identification:_identify(src/patchwork-plusplus/pictures) by extensions ['cmake', 'python']
[0.234s] Level 1:colcon.colcon_core.package_identification:_identify(src/patchwork-plusplus/pictures) by extension 'cmake'
[0.234s] Level 1:colcon.colcon_core.package_identification:_identify(src/patchwork-plusplus/pictures) by extension 'python'
[0.234s] Level 1:colcon.colcon_core.package_identification:_identify(src/patchwork-plusplus/pictures) by extensions ['python_setup_py']
[0.234s] Level 1:colcon.colcon_core.package_identification:_identify(src/patchwork-plusplus/pictures) by extension 'python_setup_py'
[0.234s] Level 1:colcon.colcon_core.package_identification:_identify(src/patchwork-plusplus/python) by extensions ['ignore', 'ignore_ament_install']
[0.234s] Level 1:colcon.colcon_core.package_identification:_identify(src/patchwork-plusplus/python) by extension 'ignore'
[0.234s] Level 1:colcon.colcon_core.package_identification:_identify(src/patchwork-plusplus/python) ignored
[0.234s] Level 1:colcon.colcon_core.package_identification:_identify(src/patchwork-plusplus/ros) by extensions ['ignore', 'ignore_ament_install']
[0.234s] Level 1:colcon.colcon_core.package_identification:_identify(src/patchwork-plusplus/ros) by extension 'ignore'
[0.235s] Level 1:colcon.colcon_core.package_identification:_identify(src/patchwork-plusplus/ros) by extension 'ignore_ament_install'
[0.235s] Level 1:colcon.colcon_core.package_identification:_identify(src/patchwork-plusplus/ros) by extensions ['colcon_pkg']
[0.235s] Level 1:colcon.colcon_core.package_identification:_identify(src/patchwork-plusplus/ros) by extension 'colcon_pkg'
[0.235s] Level 1:colcon.colcon_core.package_identification:_identify(src/patchwork-plusplus/ros) by extensions ['colcon_meta']
[0.235s] Level 1:colcon.colcon_core.package_identification:_identify(src/patchwork-plusplus/ros) by extension 'colcon_meta'
[0.235s] Level 1:colcon.colcon_core.package_identification:_identify(src/patchwork-plusplus/ros) by extensions ['ros']
[0.235s] Level 1:colcon.colcon_core.package_identification:_identify(src/patchwork-plusplus/ros) by extension 'ros'
[0.237s] DEBUG:colcon.colcon_core.package_identification:Package 'src/patchwork-plusplus/ros' with type 'ros.ament_cmake' and name 'patchworkpp'
[0.237s] Level 1:colcon.colcon_core.package_identification:_identify(src/patchwork-plusplus/scripts) by extensions ['ignore', 'ignore_ament_install']
[0.237s] Level 1:colcon.colcon_core.package_identification:_identify(src/patchwork-plusplus/scripts) by extension 'ignore'
[0.237s] Level 1:colcon.colcon_core.package_identification:_identify(src/patchwork-plusplus/scripts) by extension 'ignore_ament_install'
[0.237s] Level 1:colcon.colcon_core.package_identification:_identify(src/patchwork-plusplus/scripts) by extensions ['colcon_pkg']
[0.237s] Level 1:colcon.colcon_core.package_identification:_identify(src/patchwork-plusplus/scripts) by extension 'colcon_pkg'
[0.237s] Level 1:colcon.colcon_core.package_identification:_identify(src/patchwork-plusplus/scripts) by extensions ['colcon_meta']
[0.237s] Level 1:colcon.colcon_core.package_identification:_identify(src/patchwork-plusplus/scripts) by extension 'colcon_meta'
[0.237s] Level 1:colcon.colcon_core.package_identification:_identify(src/patchwork-plusplus/scripts) by extensions ['ros']
[0.237s] Level 1:colcon.colcon_core.package_identification:_identify(src/patchwork-plusplus/scripts) by extension 'ros'
[0.237s] Level 1:colcon.colcon_core.package_identification:_identify(src/patchwork-plusplus/scripts) by extensions ['cmake', 'python']
[0.237s] Level 1:colcon.colcon_core.package_identification:_identify(src/patchwork-plusplus/scripts) by extension 'cmake'
[0.237s] Level 1:colcon.colcon_core.package_identification:_identify(src/patchwork-plusplus/scripts) by extension 'python'
[0.237s] Level 1:colcon.colcon_core.package_identification:_identify(src/patchwork-plusplus/scripts) by extensions ['python_setup_py']
[0.237s] Level 1:colcon.colcon_core.package_identification:_identify(src/patchwork-plusplus/scripts) by extension 'python_setup_py'
[0.237s] Level 1:colcon.colcon_core.package_identification:_identify(src/velodyne) by extensions ['ignore', 'ignore_ament_install']
[0.237s] Level 1:colcon.colcon_core.package_identification:_identify(src/velodyne) by extension 'ignore'
[0.237s] Level 1:colcon.colcon_core.package_identification:_identify(src/velodyne) by extension 'ignore_ament_install'
[0.237s] Level 1:colcon.colcon_core.package_identification:_identify(src/velodyne) by extensions ['colcon_pkg']
[0.237s] Level 1:colcon.colcon_core.package_identification:_identify(src/velodyne) by extension 'colcon_pkg'
[0.237s] Level 1:colcon.colcon_core.package_identification:_identify(src/velodyne) by extensions ['colcon_meta']
[0.237s] Level 1:colcon.colcon_core.package_identification:_identify(src/velodyne) by extension 'colcon_meta'
[0.237s] Level 1:colcon.colcon_core.package_identification:_identify(src/velodyne) by extensions ['ros']
[0.237s] Level 1:colcon.colcon_core.package_identification:_identify(src/velodyne) by extension 'ros'
[0.237s] Level 1:colcon.colcon_core.package_identification:_identify(src/velodyne) by extensions ['cmake', 'python']
[0.237s] Level 1:colcon.colcon_core.package_identification:_identify(src/velodyne) by extension 'cmake'
[0.237s] Level 1:colcon.colcon_core.package_identification:_identify(src/velodyne) by extension 'python'
[0.237s] Level 1:colcon.colcon_core.package_identification:_identify(src/velodyne) by extensions ['python_setup_py']
[0.237s] Level 1:colcon.colcon_core.package_identification:_identify(src/velodyne) by extension 'python_setup_py'
[0.238s] Level 1:colcon.colcon_core.package_identification:_identify(src/velodyne/velodyne_driver) by extensions ['ignore', 'ignore_ament_install']
[0.238s] Level 1:colcon.colcon_core.package_identification:_identify(src/velodyne/velodyne_driver) by extension 'ignore'
[0.238s] Level 1:colcon.colcon_core.package_identification:_identify(src/velodyne/velodyne_driver) by extension 'ignore_ament_install'
[0.238s] Level 1:colcon.colcon_core.package_identification:_identify(src/velodyne/velodyne_driver) by extensions ['colcon_pkg']
[0.238s] Level 1:colcon.colcon_core.package_identification:_identify(src/velodyne/velodyne_driver) by extension 'colcon_pkg'
[0.238s] Level 1:colcon.colcon_core.package_identification:_identify(src/velodyne/velodyne_driver) by extensions ['colcon_meta']
[0.238s] Level 1:colcon.colcon_core.package_identification:_identify(src/velodyne/velodyne_driver) by extension 'colcon_meta'
[0.238s] Level 1:colcon.colcon_core.package_identification:_identify(src/velodyne/velodyne_driver) by extensions ['ros']
[0.238s] Level 1:colcon.colcon_core.package_identification:_identify(src/velodyne/velodyne_driver) by extension 'ros'
[0.238s] DEBUG:colcon.colcon_core.package_identification:Package 'src/velodyne/velodyne_driver' with type 'ros.ament_cmake' and name 'velodyne_driver'
[0.238s] Level 1:colcon.colcon_core.package_identification:_identify(src/velodyne/velodyne_laserscan) by extensions ['ignore', 'ignore_ament_install']
[0.238s] Level 1:colcon.colcon_core.package_identification:_identify(src/velodyne/velodyne_laserscan) by extension 'ignore'
[0.238s] Level 1:colcon.colcon_core.package_identification:_identify(src/velodyne/velodyne_laserscan) by extension 'ignore_ament_install'
[0.238s] Level 1:colcon.colcon_core.package_identification:_identify(src/velodyne/velodyne_laserscan) by extensions ['colcon_pkg']
[0.238s] Level 1:colcon.colcon_core.package_identification:_identify(src/velodyne/velodyne_laserscan) by extension 'colcon_pkg'
[0.238s] Level 1:colcon.colcon_core.package_identification:_identify(src/velodyne/velodyne_laserscan) by extensions ['colcon_meta']
[0.238s] Level 1:colcon.colcon_core.package_identification:_identify(src/velodyne/velodyne_laserscan) by extension 'colcon_meta'
[0.238s] Level 1:colcon.colcon_core.package_identification:_identify(src/velodyne/velodyne_laserscan) by extensions ['ros']
[0.238s] Level 1:colcon.colcon_core.package_identification:_identify(src/velodyne/velodyne_laserscan) by extension 'ros'
[0.239s] DEBUG:colcon.colcon_core.package_identification:Package 'src/velodyne/velodyne_laserscan' with type 'ros.ament_cmake' and name 'velodyne_laserscan'
[0.239s] Level 1:colcon.colcon_core.package_identification:_identify(src/velodyne/velodyne_launch) by extensions ['ignore', 'ignore_ament_install']
[0.239s] Level 1:colcon.colcon_core.package_identification:_identify(src/velodyne/velodyne_launch) by extension 'ignore'
[0.239s] Level 1:colcon.colcon_core.package_identification:_identify(src/velodyne/velodyne_launch) by extension 'ignore_ament_install'
[0.239s] Level 1:colcon.colcon_core.package_identification:_identify(src/velodyne/velodyne_launch) by extensions ['colcon_pkg']
[0.239s] Level 1:colcon.colcon_core.package_identification:_identify(src/velodyne/velodyne_launch) by extension 'colcon_pkg'
[0.239s] Level 1:colcon.colcon_core.package_identification:_identify(src/velodyne/velodyne_launch) by extensions ['colcon_meta']
[0.239s] Level 1:colcon.colcon_core.package_identification:_identify(src/velodyne/velodyne_launch) by extension 'colcon_meta'
[0.239s] Level 1:colcon.colcon_core.package_identification:_identify(src/velodyne/velodyne_launch) by extensions ['ros']
[0.239s] Level 1:colcon.colcon_core.package_identification:_identify(src/velodyne/velodyne_launch) by extension 'ros'
[0.240s] DEBUG:colcon.colcon_core.package_identification:Package 'src/velodyne/velodyne_launch' with type 'ros.ament_cmake' and name 'velodyne'
[0.240s] Level 1:colcon.colcon_core.package_identification:_identify(src/velodyne/velodyne_msgs) by extensions ['ignore', 'ignore_ament_install']
[0.240s] Level 1:colcon.colcon_core.package_identification:_identify(src/velodyne/velodyne_msgs) by extension 'ignore'
[0.240s] Level 1:colcon.colcon_core.package_identification:_identify(src/velodyne/velodyne_msgs) by extension 'ignore_ament_install'
[0.240s] Level 1:colcon.colcon_core.package_identification:_identify(src/velodyne/velodyne_msgs) by extensions ['colcon_pkg']
[0.240s] Level 1:colcon.colcon_core.package_identification:_identify(src/velodyne/velodyne_msgs) by extension 'colcon_pkg'
[0.240s] Level 1:colcon.colcon_core.package_identification:_identify(src/velodyne/velodyne_msgs) by extensions ['colcon_meta']
[0.240s] Level 1:colcon.colcon_core.package_identification:_identify(src/velodyne/velodyne_msgs) by extension 'colcon_meta'
[0.240s] Level 1:colcon.colcon_core.package_identification:_identify(src/velodyne/velodyne_msgs) by extensions ['ros']
[0.240s] Level 1:colcon.colcon_core.package_identification:_identify(src/velodyne/velodyne_msgs) by extension 'ros'
[0.240s] DEBUG:colcon.colcon_core.package_identification:Package 'src/velodyne/velodyne_msgs' with type 'ros.ament_cmake' and name 'velodyne_msgs'
[0.240s] Level 1:colcon.colcon_core.package_identification:_identify(src/velodyne/velodyne_pointcloud) by extensions ['ignore', 'ignore_ament_install']
[0.240s] Level 1:colcon.colcon_core.package_identification:_identify(src/velodyne/velodyne_pointcloud) by extension 'ignore'
[0.240s] Level 1:colcon.colcon_core.package_identification:_identify(src/velodyne/velodyne_pointcloud) by extension 'ignore_ament_install'
[0.240s] Level 1:colcon.colcon_core.package_identification:_identify(src/velodyne/velodyne_pointcloud) by extensions ['colcon_pkg']
[0.240s] Level 1:colcon.colcon_core.package_identification:_identify(src/velodyne/velodyne_pointcloud) by extension 'colcon_pkg'
[0.240s] Level 1:colcon.colcon_core.package_identification:_identify(src/velodyne/velodyne_pointcloud) by extensions ['colcon_meta']
[0.240s] Level 1:colcon.colcon_core.package_identification:_identify(src/velodyne/velodyne_pointcloud) by extension 'colcon_meta'
[0.240s] Level 1:colcon.colcon_core.package_identification:_identify(src/velodyne/velodyne_pointcloud) by extensions ['ros']
[0.240s] Level 1:colcon.colcon_core.package_identification:_identify(src/velodyne/velodyne_pointcloud) by extension 'ros'
[0.245s] DEBUG:colcon.colcon_core.package_identification:Package 'src/velodyne/velodyne_pointcloud' with type 'ros.ament_cmake' and name 'velodyne_pointcloud'
[0.245s] Level 1:colcon.colcon_core.package_discovery:discover_packages(recursive) using defaults
[0.245s] Level 1:colcon.colcon_core.package_discovery:discover_packages(ignore) discover
[0.245s] Level 1:colcon.colcon_core.package_discovery:discover_packages(ignore) using defaults
[0.245s] Level 1:colcon.colcon_core.package_discovery:discover_packages(path) discover
[0.245s] Level 1:colcon.colcon_core.package_discovery:discover_packages(path) using defaults
[0.257s] INFO:colcon.colcon_core.package_selection:Skipping not selected package 'velodyne_laserscan' in 'src/velodyne/velodyne_laserscan'
[0.257s] INFO:colcon.colcon_core.package_selection:Skipping not selected package 'velodyne_msgs' in 'src/velodyne/velodyne_msgs'
[0.257s] INFO:colcon.colcon_core.package_selection:Skipping not selected package 'velodyne_driver' in 'src/velodyne/velodyne_driver'
[0.257s] INFO:colcon.colcon_core.package_selection:Skipping not selected package 'velodyne_pointcloud' in 'src/velodyne/velodyne_pointcloud'
[0.257s] INFO:colcon.colcon_core.package_selection:Skipping not selected package 'velodyne' in 'src/velodyne/velodyne_launch'
[0.258s] Level 1:colcon.colcon_core.package_discovery:discover_packages(prefix_path) check parameters
[0.258s] Level 1:colcon.colcon_core.package_discovery:discover_packages(prefix_path) discover
[0.262s] DEBUG:colcon.colcon_installed_package_information.package_discovery:Found 2 installed packages in /home/aiv/ros2_study/install
[0.263s] DEBUG:colcon.colcon_installed_package_information.package_discovery:Found 7 installed packages in /home/aiv/workspace/ros2/erp42_ros/install
[0.263s] DEBUG:colcon.colcon_installed_package_information.package_discovery:Found 5 installed packages in /home/aiv/workspace/ros2/t870_ros/install
[0.263s] DEBUG:colcon.colcon_installed_package_information.package_discovery:Found 7 installed packages in /home/aiv/workspace/ros2/erp42_racing_ros/install
[0.263s] DEBUG:colcon.colcon_installed_package_information.package_discovery:Found 5 installed packages in /home/aiv/workspace/ros2/velodyne/install
[0.264s] DEBUG:colcon.colcon_installed_package_information.package_discovery:Found 301 installed packages in /opt/ros/humble
[0.265s] Level 1:colcon.colcon_core.package_discovery:discover_packages(prefix_path) using defaults
[0.286s] Level 5:colcon.colcon_core.verb:set package 'patchworkpp' build argument 'cmake_args' from command line to 'None'
[0.286s] Level 5:colcon.colcon_core.verb:set package 'patchworkpp' build argument 'cmake_target' from command line to 'None'
[0.286s] Level 5:colcon.colcon_core.verb:set package 'patchworkpp' build argument 'cmake_target_skip_unavailable' from command line to 'False'
[0.286s] Level 5:colcon.colcon_core.verb:set package 'patchworkpp' build argument 'cmake_clean_cache' from command line to 'False'
[0.286s] Level 5:colcon.colcon_core.verb:set package 'patchworkpp' build argument 'cmake_clean_first' from command line to 'False'
[0.286s] Level 5:colcon.colcon_core.verb:set package 'patchworkpp' build argument 'cmake_force_configure' from command line to 'False'
[0.286s] Level 5:colcon.colcon_core.verb:set package 'patchworkpp' build argument 'ament_cmake_args' from command line to 'None'
[0.286s] Level 5:colcon.colcon_core.verb:set package 'patchworkpp' build argument 'catkin_cmake_args' from command line to 'None'
[0.286s] Level 5:colcon.colcon_core.verb:set package 'patchworkpp' build argument 'catkin_skip_building_tests' from command line to 'False'
[0.286s] DEBUG:colcon.colcon_core.verb:Building package 'patchworkpp' with the following arguments: {'ament_cmake_args': None, 'build_base': '/home/aiv/ev_ws/ros2/build/patchworkpp', 'catkin_cmake_args': None, 'catkin_skip_building_tests': False, 'cmake_args': None, 'cmake_clean_cache': False, 'cmake_clean_first': False, 'cmake_force_configure': False, 'cmake_target': None, 'cmake_target_skip_unavailable': False, 'install_base': '/home/aiv/ev_ws/ros2/install/patchworkpp', 'merge_install': False, 'path': '/home/aiv/ev_ws/ros2/src/patchwork-plusplus/ros', 'symlink_install': True, 'test_result_base': None}
[0.286s] INFO:colcon.colcon_core.executor:Executing jobs using 'parallel' executor
[0.287s] DEBUG:colcon.colcon_parallel_executor.executor.parallel:run_until_complete
[0.287s] INFO:colcon.colcon_ros.task.ament_cmake.build:Building ROS package in '/home/aiv/ev_ws/ros2/src/patchwork-plusplus/ros' with build type 'ament_cmake'
[0.287s] INFO:colcon.colcon_cmake.task.cmake.build:Building CMake package in '/home/aiv/ev_ws/ros2/src/patchwork-plusplus/ros'
[0.289s] INFO:colcon.colcon_core.plugin_system:Skipping extension 'colcon_core.shell.bat': Not used on non-Windows systems
[0.289s] INFO:colcon.colcon_core.shell:Skip shell extension 'powershell' for command environment: Not usable outside of PowerShell
[0.289s] DEBUG:colcon.colcon_core.shell:Skip shell extension 'dsv' for command environment
[0.295s] DEBUG:colcon.colcon_core.event_handler.log_command:Invoking command in '/home/aiv/ev_ws/ros2/build/patchworkpp': CMAKE_PREFIX_PATH=${CMAKE_PREFIX_PATH}:/home/aiv/ros2_study/install/my_second_package:/opt/ros/humble /usr/bin/cmake /home/aiv/ev_ws/ros2/src/patchwork-plusplus/ros -DAMENT_CMAKE_SYMLINK_INSTALL=1 -DCMAKE_INSTALL_PREFIX=/home/aiv/ev_ws/ros2/install/patchworkpp
[4.919s] DEBUG:colcon.colcon_core.event_handler.log_command:Invoked command in '/home/aiv/ev_ws/ros2/build/patchworkpp' returned '0': CMAKE_PREFIX_PATH=${CMAKE_PREFIX_PATH}:/home/aiv/ros2_study/install/my_second_package:/opt/ros/humble /usr/bin/cmake /home/aiv/ev_ws/ros2/src/patchwork-plusplus/ros -DAMENT_CMAKE_SYMLINK_INSTALL=1 -DCMAKE_INSTALL_PREFIX=/home/aiv/ev_ws/ros2/install/patchworkpp
[4.919s] DEBUG:colcon.colcon_core.event_handler.log_command:Invoking command in '/home/aiv/ev_ws/ros2/build/patchworkpp': CMAKE_PREFIX_PATH=${CMAKE_PREFIX_PATH}:/home/aiv/ros2_study/install/my_second_package:/opt/ros/humble /usr/bin/cmake --build /home/aiv/ev_ws/ros2/build/patchworkpp -- -j28 -l28
[18.863s] DEBUG:colcon.colcon_core.event_handler.log_command:Invoked command in '/home/aiv/ev_ws/ros2/build/patchworkpp' returned '0': CMAKE_PREFIX_PATH=${CMAKE_PREFIX_PATH}:/home/aiv/ros2_study/install/my_second_package:/opt/ros/humble /usr/bin/cmake --build /home/aiv/ev_ws/ros2/build/patchworkpp -- -j28 -l28
[18.873s] DEBUG:colcon.colcon_core.event_handler.log_command:Invoking command in '/home/aiv/ev_ws/ros2/build/patchworkpp': CMAKE_PREFIX_PATH=${CMAKE_PREFIX_PATH}:/home/aiv/ros2_study/install/my_second_package:/opt/ros/humble /usr/bin/cmake --install /home/aiv/ev_ws/ros2/build/patchworkpp
[18.989s] Level 1:colcon.colcon_core.environment:create_environment_scripts_only(patchworkpp)
[18.989s] DEBUG:colcon.colcon_core.event_handler.log_command:Invoked command in '/home/aiv/ev_ws/ros2/build/patchworkpp' returned '0': CMAKE_PREFIX_PATH=${CMAKE_PREFIX_PATH}:/home/aiv/ros2_study/install/my_second_package:/opt/ros/humble /usr/bin/cmake --install /home/aiv/ev_ws/ros2/build/patchworkpp
[18.994s] Level 1:colcon.colcon_core.environment:checking '/home/aiv/ev_ws/ros2/install/patchworkpp' for CMake module files
[18.995s] Level 1:colcon.colcon_core.environment:checking '/home/aiv/ev_ws/ros2/install/patchworkpp' for CMake config files
[18.995s] Level 1:colcon.colcon_core.shell:create_environment_hook('patchworkpp', 'cmake_prefix_path')
[18.995s] INFO:colcon.colcon_core.shell:Creating environment hook '/home/aiv/ev_ws/ros2/install/patchworkpp/share/patchworkpp/hook/cmake_prefix_path.ps1'
[18.996s] INFO:colcon.colcon_core.shell:Creating environment descriptor '/home/aiv/ev_ws/ros2/install/patchworkpp/share/patchworkpp/hook/cmake_prefix_path.dsv'
[18.996s] INFO:colcon.colcon_core.shell:Creating environment hook '/home/aiv/ev_ws/ros2/install/patchworkpp/share/patchworkpp/hook/cmake_prefix_path.sh'
[18.997s] Level 1:colcon.colcon_core.environment:checking '/home/aiv/ev_ws/ros2/install/patchworkpp/lib'
[18.997s] Level 1:colcon.colcon_core.shell:create_environment_hook('patchworkpp', 'ld_library_path_lib')
[18.997s] INFO:colcon.colcon_core.shell:Creating environment hook '/home/aiv/ev_ws/ros2/install/patchworkpp/share/patchworkpp/hook/ld_library_path_lib.ps1'
[18.997s] INFO:colcon.colcon_core.shell:Creating environment descriptor '/home/aiv/ev_ws/ros2/install/patchworkpp/share/patchworkpp/hook/ld_library_path_lib.dsv'
[18.997s] INFO:colcon.colcon_core.shell:Creating environment hook '/home/aiv/ev_ws/ros2/install/patchworkpp/share/patchworkpp/hook/ld_library_path_lib.sh'
[18.998s] Level 1:colcon.colcon_core.environment:checking '/home/aiv/ev_ws/ros2/install/patchworkpp/bin'
[18.998s] Level 1:colcon.colcon_core.environment:checking '/home/aiv/ev_ws/ros2/install/patchworkpp/lib/pkgconfig/patchworkpp.pc'
[18.998s] Level 1:colcon.colcon_core.environment:checking '/home/aiv/ev_ws/ros2/install/patchworkpp/lib/python3.10/site-packages'
[18.998s] Level 1:colcon.colcon_core.environment:checking '/home/aiv/ev_ws/ros2/install/patchworkpp/bin'
[18.998s] INFO:colcon.colcon_core.shell:Creating package script '/home/aiv/ev_ws/ros2/install/patchworkpp/share/patchworkpp/package.ps1'
[18.999s] INFO:colcon.colcon_core.shell:Creating package descriptor '/home/aiv/ev_ws/ros2/install/patchworkpp/share/patchworkpp/package.dsv'
[18.999s] INFO:colcon.colcon_core.shell:Creating package script '/home/aiv/ev_ws/ros2/install/patchworkpp/share/patchworkpp/package.sh'
[19.000s] INFO:colcon.colcon_core.shell:Creating package script '/home/aiv/ev_ws/ros2/install/patchworkpp/share/patchworkpp/package.bash'
[19.000s] INFO:colcon.colcon_core.shell:Creating package script '/home/aiv/ev_ws/ros2/install/patchworkpp/share/patchworkpp/package.zsh'
[19.001s] Level 1:colcon.colcon_core.environment:create_file_with_runtime_dependencies(/home/aiv/ev_ws/ros2/install/patchworkpp/share/colcon-core/packages/patchworkpp)
[19.003s] Level 1:colcon.colcon_core.environment:create_environment_scripts_only(patchworkpp)
[19.004s] Level 1:colcon.colcon_core.environment:checking '/home/aiv/ev_ws/ros2/install/patchworkpp' for CMake module files
[19.004s] Level 1:colcon.colcon_core.environment:checking '/home/aiv/ev_ws/ros2/install/patchworkpp' for CMake config files
[19.004s] Level 1:colcon.colcon_core.shell:create_environment_hook('patchworkpp', 'cmake_prefix_path')
[19.004s] INFO:colcon.colcon_core.shell:Creating environment hook '/home/aiv/ev_ws/ros2/install/patchworkpp/share/patchworkpp/hook/cmake_prefix_path.ps1'
[19.005s] INFO:colcon.colcon_core.shell:Creating environment descriptor '/home/aiv/ev_ws/ros2/install/patchworkpp/share/patchworkpp/hook/cmake_prefix_path.dsv'
[19.005s] INFO:colcon.colcon_core.shell:Creating environment hook '/home/aiv/ev_ws/ros2/install/patchworkpp/share/patchworkpp/hook/cmake_prefix_path.sh'
[19.005s] Level 1:colcon.colcon_core.environment:checking '/home/aiv/ev_ws/ros2/install/patchworkpp/lib'
[19.005s] Level 1:colcon.colcon_core.shell:create_environment_hook('patchworkpp', 'ld_library_path_lib')
[19.005s] INFO:colcon.colcon_core.shell:Creating environment hook '/home/aiv/ev_ws/ros2/install/patchworkpp/share/patchworkpp/hook/ld_library_path_lib.ps1'
[19.006s] INFO:colcon.colcon_core.shell:Creating environment descriptor '/home/aiv/ev_ws/ros2/install/patchworkpp/share/patchworkpp/hook/ld_library_path_lib.dsv'
[19.006s] INFO:colcon.colcon_core.shell:Creating environment hook '/home/aiv/ev_ws/ros2/install/patchworkpp/share/patchworkpp/hook/ld_library_path_lib.sh'
[19.006s] Level 1:colcon.colcon_core.environment:checking '/home/aiv/ev_ws/ros2/install/patchworkpp/bin'
[19.006s] Level 1:colcon.colcon_core.environment:checking '/home/aiv/ev_ws/ros2/install/patchworkpp/lib/pkgconfig/patchworkpp.pc'
[19.006s] Level 1:colcon.colcon_core.environment:checking '/home/aiv/ev_ws/ros2/install/patchworkpp/lib/python3.10/site-packages'
[19.007s] Level 1:colcon.colcon_core.environment:checking '/home/aiv/ev_ws/ros2/install/patchworkpp/bin'
[19.007s] INFO:colcon.colcon_core.shell:Creating package script '/home/aiv/ev_ws/ros2/install/patchworkpp/share/patchworkpp/package.ps1'
[19.007s] INFO:colcon.colcon_core.shell:Creating package descriptor '/home/aiv/ev_ws/ros2/install/patchworkpp/share/patchworkpp/package.dsv'
[19.007s] INFO:colcon.colcon_core.shell:Creating package script '/home/aiv/ev_ws/ros2/install/patchworkpp/share/patchworkpp/package.sh'
[19.008s] INFO:colcon.colcon_core.shell:Creating package script '/home/aiv/ev_ws/ros2/install/patchworkpp/share/patchworkpp/package.bash'
[19.008s] INFO:colcon.colcon_core.shell:Creating package script '/home/aiv/ev_ws/ros2/install/patchworkpp/share/patchworkpp/package.zsh'
[19.008s] Level 1:colcon.colcon_core.environment:create_file_with_runtime_dependencies(/home/aiv/ev_ws/ros2/install/patchworkpp/share/colcon-core/packages/patchworkpp)
[19.008s] DEBUG:colcon.colcon_parallel_executor.executor.parallel:closing loop
[19.008s] DEBUG:colcon.colcon_parallel_executor.executor.parallel:loop closed
[19.008s] DEBUG:colcon.colcon_parallel_executor.executor.parallel:run_until_complete finished with '0'
[19.008s] DEBUG:colcon.colcon_core.event_reactor:joining thread
[19.013s] INFO:colcon.colcon_core.plugin_system:Skipping extension 'colcon_notification.desktop_notification.terminal_notifier': Not used on non-Darwin systems
[19.013s] INFO:colcon.colcon_core.plugin_system:Skipping extension 'colcon_notification.desktop_notification.win32': Not used on non-Windows systems
[19.013s] INFO:colcon.colcon_notification.desktop_notification:Sending desktop notification using 'notify2'
[19.020s] DEBUG:colcon.colcon_core.event_reactor:joined thread
[19.021s] INFO:colcon.colcon_core.shell:Creating prefix script '/home/aiv/ev_ws/ros2/install/local_setup.ps1'
[19.021s] INFO:colcon.colcon_core.shell:Creating prefix util module '/home/aiv/ev_ws/ros2/install/_local_setup_util_ps1.py'
[19.022s] INFO:colcon.colcon_core.shell:Creating prefix chain script '/home/aiv/ev_ws/ros2/install/setup.ps1'
[19.023s] INFO:colcon.colcon_core.shell:Creating prefix script '/home/aiv/ev_ws/ros2/install/local_setup.sh'
[19.023s] INFO:colcon.colcon_core.shell:Creating prefix util module '/home/aiv/ev_ws/ros2/install/_local_setup_util_sh.py'
[19.023s] INFO:colcon.colcon_core.shell:Creating prefix chain script '/home/aiv/ev_ws/ros2/install/setup.sh'
[19.024s] INFO:colcon.colcon_core.shell:Creating prefix script '/home/aiv/ev_ws/ros2/install/local_setup.bash'
[19.025s] INFO:colcon.colcon_core.shell:Creating prefix chain script '/home/aiv/ev_ws/ros2/install/setup.bash'
[19.025s] INFO:colcon.colcon_core.shell:Creating prefix script '/home/aiv/ev_ws/ros2/install/local_setup.zsh'
[19.026s] INFO:colcon.colcon_core.shell:Creating prefix chain script '/home/aiv/ev_ws/ros2/install/setup.zsh'
