-- Performing Test COMPILER_SUPPORT_std=cpp03
-- Performing Test COMPILER_SUPPORT_std=cpp03 - Success
-- Standard libraries to link to explicitly: none
-- Could NOT find CHOLMOD (missing: CHOLMOD_INCLUDES CHOLMOD_LIBRARIES) 
-- Could NOT find UMFPACK (missing: UMFPACK_INCLUDES UMFPACK_LIBRARIES) 
-- Could NOT find KLU (missing: KLU_INCLUDES KLU_LIBRARIES) 
-- Looking for Fortran sgemm
-- Looking for Fortran sgemm - found
-- A version of Pastix has been found but pastix_nompi.h does not exist in the include directory. Because Eigen tests require a version without MPI, we disable the Pastix backend.
-- Could NOT find SPQR (missing: SPQR_INCLUDES SPQR_LIBRARIES) 
-- Found unsuitable Qt version "5.15.3" from /usr/bin/qmake
-- The Fortran compiler identification is GNU 11.4.0
-- Could NOT find GoogleHash (missing: GOOGLEHASH_INCLUDES GOOGLEHASH_COMPILE) 
-- Could NOT find Adolc (missing: ADOLC_INCLUDES ADOLC_LIBRARIES) 
-- Could NOT find MPFR (missing: MPFR_INCLUDES MPFR_LIBRARIES MPFR_VERSION_OK) (Required is at least version "1.0.0")
-- Could NOT find FFTW (missing: FFTW_INCLUDES FFTW_LIBRARIES) 
-- Found unsuitable Qt version "5.15.3" from /usr/bin/qmake
-- Qt4 not found, so disabling the mandelbrot and opengl demos
-- Could NOT find CHOLMOD (missing: CHOLMOD_INCLUDES CHOLMOD_LIBRARIES) 
-- Could NOT find UMFPACK (missing: UMFPACK_INCLUDES UMFPACK_LIBRARIES) 
-- Could NOT find KLU (missing: KLU_INCLUDES KLU_LIBRARIES) 
-- A version of Pastix has been found but pastix_nompi.h does not exist in the include directory. Because Eigen tests require a version without MPI, we disable the Pastix backend.
-- ************************************************************
-- ***    Eigen's unit tests configuration summary          ***
-- ************************************************************
-- 
-- Build type:        Release
-- Build site:        aiv
-- Build string:      linux-6.8.0-94-generic-_-11.4.0-sse2-64bit
-- Enabled backends:  SuperLU,  Boost.Multiprecision, 
-- Disabled backends: CHOLMOD,  UMFPACK,  KLU,  PaStiX,  METIS,  SPQR,  Qt4 support,  GoogleHash,  Adolc,  MPFR C++,  fftw,  OpenGL, 
-- Default order:     Column-major
-- Maximal matrix/vector size: 320
-- SSE2:              Using architecture defaults
-- SSE3:              Using architecture defaults
-- SSSE3:             Using architecture defaults
-- SSE4.1:            Using architecture defaults
-- SSE4.2:            Using architecture defaults
-- AVX:               Using architecture defaults
-- AVX2:              Using architecture defaults
-- FMA:               Using architecture defaults
-- AVX512:            Using architecture defaults
-- AVX512DQ:          Using architecture defaults
-- Altivec:           Using architecture defaults
-- VSX:               Using architecture defaults
-- MIPS MSA:          Using architecture defaults
-- ARM NEON:          Using architecture defaults
-- ARMv8 NEON:        Using architecture defaults
-- S390X ZVECTOR:     Using architecture defaults
-- C++11:             OFF
-- SYCL:              OFF
-- CUDA:              OFF
-- HIP:               OFF
-- 
CXX:               /usr/bin/c++
 CXX_VERSION:       c++ (Ubuntu 11.4.0-1ubuntu1~22.04.2) 11.4.0
 CXX_FLAGS:           -std=c++03 -pedantic -Wall -Wextra -Wundef -Wcast-align -Wchar-subscripts -Wnon-virtual-dtor -Wunused-local-typedefs -Wpointer-arith -Wwrite-strings -Wformat-security -Wlogical-op -Wenum-conversion -Wdouble-promotion -Wshadow -Wno-psabi -Wno-variadic-macros -Wno-long-long -fno-check-new -fno-common -fstrict-aliasing -ansi
 Sparse lib flags:   ;/usr/lib/x86_64-linux-gnu/libsuperlu.so;eigen_blas

-- ************************************************************
-- 
-- Configured Eigen 3.4.0
-- 
-- Available targets (use: make TARGET):
-- ---------+--------------------------------------------------------------
-- Target   |   Description
-- ---------+--------------------------------------------------------------
-- install  | Install Eigen. Headers will be installed to:
--          |     <CMAKE_INSTALL_PREFIX>/<INCLUDE_INSTALL_DIR>
--          |   Using the following values:
--          |     CMAKE_INSTALL_PREFIX: /home/aiv/ev_ws/ros2/install/patchworkpp
--          |     INCLUDE_INSTALL_DIR:  include/eigen3
--          |   Change the install location of Eigen headers using:
--          |     cmake . -DCMAKE_INSTALL_PREFIX=yourprefix
--          |   Or:
--          |     cmake . -DINCLUDE_INSTALL_DIR=yourdir
-- doc      | Generate the API documentation, requires Doxygen & LaTeX
-- check    | Build and run the unit-tests. Read this page:
--          |   http://eigen.tuxfamily.org/index.php?title=Tests
-- blas     | Build BLAS library (not the same thing as Eigen)
-- uninstall| Remove files installed by the install target
-- ---------+--------------------------------------------------------------
-- 
-- Found ament_cmake: 1.3.12 (/opt/ros/humble/share/ament_cmake/cmake)
-- Override CMake install command with custom implementation using symlinks instead of copying resources
-- Found nav_msgs: 4.9.0 (/opt/ros/humble/share/nav_msgs/cmake)
-- Found rosidl_generator_c: 3.1.8 (/opt/ros/humble/share/rosidl_generator_c/cmake)
-- Found rosidl_adapter: 3.1.8 (/opt/ros/humble/share/rosidl_adapter/cmake)
-- Found rosidl_generator_cpp: 3.1.8 (/opt/ros/humble/share/rosidl_generator_cpp/cmake)
-- Using all available rosidl_typesupport_c: rosidl_typesupport_fastrtps_c;rosidl_typesupport_introspection_c
-- Using all available rosidl_typesupport_cpp: rosidl_typesupport_fastrtps_cpp;rosidl_typesupport_introspection_cpp
-- Found rclcpp: 16.0.17 (/opt/ros/humble/share/rclcpp/cmake)
-- Found rmw_implementation_cmake: 6.1.2 (/opt/ros/humble/share/rmw_implementation_cmake/cmake)
-- Found rmw_cyclonedds_cpp: 1.3.4 (/opt/ros/humble/share/rmw_cyclonedds_cpp/cmake)
-- Using RMW implementation 'rmw_cyclonedds_cpp' as default
-- Found rclcpp_components: 16.0.17 (/opt/ros/humble/share/rclcpp_components/cmake)
-- Found sensor_msgs: 4.9.0 (/opt/ros/humble/share/sensor_msgs/cmake)
-- Found tf2_ros: 0.25.18 (/opt/ros/humble/share/tf2_ros/cmake)
-- Configuring done
-- Generating done
-- Build files have been written to: /home/aiv/ev_ws/ros2/build/patchworkpp
[35m[1mConsolidate compiler generated dependencies of target patchworkpp_node[0m
[35m[1mConsolidate compiler generated dependencies of target ground_seg_cores[0m
Built target ground_seg_cores
Built target patchworkpp_node
[35m[1mConsolidate compiler generated dependencies of target gseg_component[0m
[32mBuilding CXX object CMakeFiles/gseg_component.dir/src/GroundSegmentationServer.cpp.o[0m
[32m[1mLinking CXX shared library libgseg_component.so[0m
Built target gseg_component
-- Install configuration: "Release"
-- Up-to-date: /home/aiv/ev_ws/ros2/install/patchworkpp/include
-- Up-to-date: /home/aiv/ev_ws/ros2/install/patchworkpp/include/patchwork
-- Up-to-date: /home/aiv/ev_ws/ros2/install/patchworkpp/include/patchwork/patchworkpp.h
-- Up-to-date: /home/aiv/ev_ws/ros2/install/patchworkpp/lib/libground_seg_cores.a
-- Up-to-date: /home/aiv/ev_ws/ros2/install/patchworkpp/lib/cmake/patchworkpp/patchworkppConfig.cmake
-- Up-to-date: /home/aiv/ev_ws/ros2/install/patchworkpp/lib/cmake/patchworkpp/patchworkppConfig-release.cmake
-- Up-to-date: /home/aiv/ev_ws/ros2/install/patchworkpp/lib/cmake/patchworkpp/patchworkppTargets.cmake
-- Up-to-date: /home/aiv/ev_ws/ros2/install/patchworkpp/lib/cmake/patchworkpp/patchworkppTargets-release.cmake
-- Execute custom install script
-- Up-to-date symlink: /home/aiv/ev_ws/ros2/install/patchworkpp/lib/patchworkpp/patchworkpp_node
-- Up-to-date symlink: /home/aiv/ev_ws/ros2/install/patchworkpp/lib/libgseg_component.so
-- Up-to-date symlink: /home/aiv/ev_ws/ros2/install/patchworkpp/share/patchworkpp//launch/patchworkpp.launch.py
-- Up-to-date symlink: /home/aiv/ev_ws/ros2/install/patchworkpp/share/patchworkpp//rviz/patchworkpp.rviz
-- Symlinking: /home/aiv/ev_ws/ros2/install/patchworkpp/share/patchworkpp//params/patchworkpp_params.yaml
-- Up-to-date symlink: /home/aiv/ev_ws/ros2/install/patchworkpp/share/ament_index/resource_index/package_run_dependencies/patchworkpp
-- Up-to-date symlink: /home/aiv/ev_ws/ros2/install/patchworkpp/share/ament_index/resource_index/parent_prefix_path/patchworkpp
-- Up-to-date symlink: /home/aiv/ev_ws/ros2/install/patchworkpp/share/patchworkpp/environment/ament_prefix_path.sh
-- Up-to-date symlink: /home/aiv/ev_ws/ros2/install/patchworkpp/share/patchworkpp/environment/ament_prefix_path.dsv
-- Up-to-date symlink: /home/aiv/ev_ws/ros2/install/patchworkpp/share/patchworkpp/environment/path.sh
-- Up-to-date symlink: /home/aiv/ev_ws/ros2/install/patchworkpp/share/patchworkpp/environment/path.dsv
-- Up-to-date symlink: /home/aiv/ev_ws/ros2/install/patchworkpp/share/patchworkpp/local_setup.bash
-- Up-to-date symlink: /home/aiv/ev_ws/ros2/install/patchworkpp/share/patchworkpp/local_setup.sh
-- Up-to-date symlink: /home/aiv/ev_ws/ros2/install/patchworkpp/share/patchworkpp/local_setup.zsh
-- Up-to-date symlink: /home/aiv/ev_ws/ros2/install/patchworkpp/share/patchworkpp/local_setup.dsv
-- Symlinking: /home/aiv/ev_ws/ros2/install/patchworkpp/share/patchworkpp/package.dsv
-- Up-to-date symlink: /home/aiv/ev_ws/ros2/install/patchworkpp/share/ament_index/resource_index/packages/patchworkpp
-- Up-to-date symlink: /home/aiv/ev_ws/ros2/install/patchworkpp/share/ament_index/resource_index/rclcpp_components/patchworkpp
-- Up-to-date symlink: /home/aiv/ev_ws/ros2/install/patchworkpp/share/patchworkpp/cmake/patchworkppConfig.cmake
-- Up-to-date symlink: /home/aiv/ev_ws/ros2/install/patchworkpp/share/patchworkpp/cmake/patchworkppConfig-version.cmake
-- Up-to-date symlink: /home/aiv/ev_ws/ros2/install/patchworkpp/share/patchworkpp/package.xml
