[0.007s] Invoking command in '/home/aiv/ev_ws/ros2/build/patchworkpp': CMAKE_PREFIX_PATH=${CMAKE_PREFIX_PATH}:/home/aiv/ros2_study/install/my_second_package:/opt/ros/humble /usr/bin/cmake --build /home/aiv/ev_ws/ros2/build/patchworkpp -- -j28 -l28
[0.101s] [35m[1mConsolidate compiler generated dependencies of target ground_seg_cores[0m
[0.111s] Built target patchworkpp_node
[0.112s] Built target ground_seg_cores
[0.122s] [35m[1mConsolidate compiler generated dependencies of target gseg_component[0m
[0.134s] Built target gseg_component
[0.141s] Invoked command in '/home/aiv/ev_ws/ros2/build/patchworkpp' returned '0': CMAKE_PREFIX_PATH=${CMAKE_PREFIX_PATH}:/home/aiv/ros2_study/install/my_second_package:/opt/ros/humble /usr/bin/cmake --build /home/aiv/ev_ws/ros2/build/patchworkpp -- -j28 -l28
[0.150s] Invoking command in '/home/aiv/ev_ws/ros2/build/patchworkpp': CMAKE_PREFIX_PATH=${CMAKE_PREFIX_PATH}:/home/aiv/ros2_study/install/my_second_package:/opt/ros/humble /usr/bin/cmake --install /home/aiv/ev_ws/ros2/build/patchworkpp
[0.156s] -- Install configuration: "Release"
[0.156s] -- Up-to-date: /home/aiv/ev_ws/ros2/install/patchworkpp/include
[0.156s] -- Up-to-date: /home/aiv/ev_ws/ros2/install/patchworkpp/include/patchwork
[0.156s] -- Up-to-date: /home/aiv/ev_ws/ros2/install/patchworkpp/include/patchwork/patchworkpp.h
[0.156s] -- Up-to-date: /home/aiv/ev_ws/ros2/install/patchworkpp/lib/libground_seg_cores.a
[0.156s] -- Up-to-date: /home/aiv/ev_ws/ros2/install/patchworkpp/lib/cmake/patchworkpp/patchworkppConfig.cmake
[0.156s] -- Up-to-date: /home/aiv/ev_ws/ros2/install/patchworkpp/lib/cmake/patchworkpp/patchworkppConfig-release.cmake
[0.156s] -- Up-to-date: /home/aiv/ev_ws/ros2/install/patchworkpp/lib/cmake/patchworkpp/patchworkppTargets.cmake
[0.156s] -- Up-to-date: /home/aiv/ev_ws/ros2/install/patchworkpp/lib/cmake/patchworkpp/patchworkppTargets-release.cmake
[0.156s] -- Execute custom install script
[0.156s] -- Up-to-date symlink: /home/aiv/ev_ws/ros2/install/patchworkpp/lib/patchworkpp/patchworkpp_node
[0.157s] -- Up-to-date symlink: /home/aiv/ev_ws/ros2/install/patchworkpp/lib/libgseg_component.so
[0.157s] -- Up-to-date symlink: /home/aiv/ev_ws/ros2/install/patchworkpp/share/patchworkpp//launch/patchworkpp.launch.py
[0.157s] -- Up-to-date symlink: /home/aiv/ev_ws/ros2/install/patchworkpp/share/patchworkpp//rviz/patchworkpp.rviz
[0.157s] -- Up-to-date symlink: /home/aiv/ev_ws/ros2/install/patchworkpp/share/ament_index/resource_index/package_run_dependencies/patchworkpp
[0.157s] -- Up-to-date symlink: /home/aiv/ev_ws/ros2/install/patchworkpp/share/ament_index/resource_index/parent_prefix_path/patchworkpp
[0.157s] -- Up-to-date symlink: /home/aiv/ev_ws/ros2/install/patchworkpp/share/patchworkpp/environment/ament_prefix_path.sh
[0.157s] -- Up-to-date symlink: /home/aiv/ev_ws/ros2/install/patchworkpp/share/patchworkpp/environment/ament_prefix_path.dsv
[0.157s] -- Up-to-date symlink: /home/aiv/ev_ws/ros2/install/patchworkpp/share/patchworkpp/environment/path.sh
[0.157s] -- Up-to-date symlink: /home/aiv/ev_ws/ros2/install/patchworkpp/share/patchworkpp/environment/path.dsv
[0.157s] -- Up-to-date symlink: /home/aiv/ev_ws/ros2/install/patchworkpp/share/patchworkpp/local_setup.bash
[0.157s] -- Up-to-date symlink: /home/aiv/ev_ws/ros2/install/patchworkpp/share/patchworkpp/local_setup.sh
[0.158s] -- Up-to-date symlink: /home/aiv/ev_ws/ros2/install/patchworkpp/share/patchworkpp/local_setup.zsh
[0.158s] -- Up-to-date symlink: /home/aiv/ev_ws/ros2/install/patchworkpp/share/patchworkpp/local_setup.dsv
[0.158s] -- Symlinking: /home/aiv/ev_ws/ros2/install/patchworkpp/share/patchworkpp/package.dsv
[0.163s] -- Up-to-date symlink: /home/aiv/ev_ws/ros2/install/patchworkpp/share/ament_index/resource_index/packages/patchworkpp
[0.163s] -- Up-to-date symlink: /home/aiv/ev_ws/ros2/install/patchworkpp/share/ament_index/resource_index/rclcpp_components/patchworkpp
[0.163s] -- Up-to-date symlink: /home/aiv/ev_ws/ros2/install/patchworkpp/share/patchworkpp/cmake/patchworkppConfig.cmake
[0.163s] -- Up-to-date symlink: /home/aiv/ev_ws/ros2/install/patchworkpp/share/patchworkpp/cmake/patchworkppConfig-version.cmake
[0.163s] -- Up-to-date symlink: /home/aiv/ev_ws/ros2/install/patchworkpp/share/patchworkpp/package.xml
[0.164s] Invoked command in '/home/aiv/ev_ws/ros2/build/patchworkpp' returned '0': CMAKE_PREFIX_PATH=${CMAKE_PREFIX_PATH}:/home/aiv/ros2_study/install/my_second_package:/opt/ros/humble /usr/bin/cmake --install /home/aiv/ev_ws/ros2/build/patchworkpp
