[0.046s] DEBUG:colcon:Command line arguments: ['/usr/bin/colcon', 'build', '--symlink-install']
[0.046s] DEBUG:colcon:Parsed command line arguments: Namespace(log_base=None, log_level=None, verb_name='build', build_base='build', install_base='install', merge_install=False, symlink_install=True, test_result_base=None, continue_on_error=False, executor='parallel', parallel_workers=28, event_handlers=None, ignore_user_meta=False, metas=['./colcon.meta'], base_paths=['.'], packages_ignore=None, packages_ignore_regex=None, paths=None, packages_up_to=None, packages_up_to_regex=None, packages_above=None, packages_above_and_dependencies=None, packages_above_depth=None, packages_select_by_dep=None, packages_skip_by_dep=None, packages_skip_up_to=None, packages_select_build_failed=False, packages_skip_build_finished=False, packages_select_test_failures=False, packages_skip_test_passed=False, packages_select=None, packages_skip=None, packages_select_regex=None, packages_skip_regex=None, packages_start=None, packages_end=None, allow_overriding=[], cmake_args=None, cmake_target=None, cmake_target_skip_unavailable=False, cmake_clean_cache=False, cmake_clean_first=False, cmake_force_configure=False, ament_cmake_args=None, catkin_cmake_args=None, catkin_skip_building_tests=False, mixin_files=None, mixin=None, verb_parser=<colcon_mixin.mixin.mixin_argument.MixinArgumentDecorator object at 0x7d900b252380>, verb_extension=<colcon_core.verb.build.BuildVerb object at 0x7d900b251e10>, main=<bound method BuildVerb.main of <colcon_core.verb.build.BuildVerb object at 0x7d900b251e10>>, mixin_verb=('build',))
[0.112s] Level 1:colcon.colcon_core.package_discovery:discover_packages(colcon_meta) check parameters
[0.112s] Level 1:colcon.colcon_core.package_discovery:discover_packages(recursive) check parameters
[0.112s] Level 1:colcon.colcon_core.package_discovery:discover_packages(ignore) check parameters
[0.112s] Level 1:colcon.colcon_core.package_discovery:discover_packages(path) check parameters
[0.112s] Level 1:colcon.colcon_core.package_discovery:discover_packages(colcon_meta) discover
[0.112s] Level 1:colcon.colcon_core.package_discovery:discover_packages(recursive) discover
[0.112s] INFO:colcon.colcon_core.package_discovery:Crawling recursively for packages in '/home/aiv/workspace/ros2/velodyne'
[0.112s] Level 1:colcon.colcon_core.package_identification:_identify(.) by extensions ['ignore', 'ignore_ament_install']
[0.112s] Level 1:colcon.colcon_core.package_identification:_identify(.) by extension 'ignore'
[0.112s] Level 1:colcon.colcon_core.package_identification:_identify(.) by extension 'ignore_ament_install'
[0.112s] Level 1:colcon.colcon_core.package_identification:_identify(.) by extensions ['colcon_pkg']
[0.112s] Level 1:colcon.colcon_core.package_identification:_identify(.) by extension 'colcon_pkg'
[0.112s] Level 1:colcon.colcon_core.package_identification:_identify(.) by extensions ['colcon_meta']
[0.112s] Level 1:colcon.colcon_core.package_identification:_identify(.) by extension 'colcon_meta'
[0.112s] Level 1:colcon.colcon_core.package_identification:_identify(.) by extensions ['ros']
[0.112s] Level 1:colcon.colcon_core.package_identification:_identify(.) by extension 'ros'
[0.117s] Level 1:colcon.colcon_core.package_identification:_identify(.) by extensions ['cmake', 'python']
[0.117s] Level 1:colcon.colcon_core.package_identification:_identify(.) by extension 'cmake'
[0.117s] Level 1:colcon.colcon_core.package_identification:_identify(.) by extension 'python'
[0.117s] Level 1:colcon.colcon_core.package_identification:_identify(.) by extensions ['python_setup_py']
[0.117s] Level 1:colcon.colcon_core.package_identification:_identify(.) by extension 'python_setup_py'
[0.118s] Level 1:colcon.colcon_core.package_identification:_identify(build) by extensions ['ignore', 'ignore_ament_install']
[0.118s] Level 1:colcon.colcon_core.package_identification:_identify(build) by extension 'ignore'
[0.118s] Level 1:colcon.colcon_core.package_identification:_identify(build) ignored
[0.118s] Level 1:colcon.colcon_core.package_identification:_identify(install) by extensions ['ignore', 'ignore_ament_install']
[0.118s] Level 1:colcon.colcon_core.package_identification:_identify(install) by extension 'ignore'
[0.118s] Level 1:colcon.colcon_core.package_identification:_identify(install) ignored
[0.118s] Level 1:colcon.colcon_core.package_identification:_identify(log) by extensions ['ignore', 'ignore_ament_install']
[0.118s] Level 1:colcon.colcon_core.package_identification:_identify(log) by extension 'ignore'
[0.118s] Level 1:colcon.colcon_core.package_identification:_identify(log) ignored
[0.118s] Level 1:colcon.colcon_core.package_identification:_identify(velodyne) by extensions ['ignore', 'ignore_ament_install']
[0.118s] Level 1:colcon.colcon_core.package_identification:_identify(velodyne) by extension 'ignore'
[0.118s] Level 1:colcon.colcon_core.package_identification:_identify(velodyne) by extension 'ignore_ament_install'
[0.118s] Level 1:colcon.colcon_core.package_identification:_identify(velodyne) by extensions ['colcon_pkg']
[0.118s] Level 1:colcon.colcon_core.package_identification:_identify(velodyne) by extension 'colcon_pkg'
[0.118s] Level 1:colcon.colcon_core.package_identification:_identify(velodyne) by extensions ['colcon_meta']
[0.118s] Level 1:colcon.colcon_core.package_identification:_identify(velodyne) by extension 'colcon_meta'
[0.118s] Level 1:colcon.colcon_core.package_identification:_identify(velodyne) by extensions ['ros']
[0.118s] Level 1:colcon.colcon_core.package_identification:_identify(velodyne) by extension 'ros'
[0.119s] DEBUG:colcon.colcon_core.package_identification:Package 'velodyne' with type 'ros.ament_cmake' and name 'velodyne'
[0.119s] Level 1:colcon.colcon_core.package_identification:_identify(velodyne_driver) by extensions ['ignore', 'ignore_ament_install']
[0.119s] Level 1:colcon.colcon_core.package_identification:_identify(velodyne_driver) by extension 'ignore'
[0.119s] Level 1:colcon.colcon_core.package_identification:_identify(velodyne_driver) by extension 'ignore_ament_install'
[0.119s] Level 1:colcon.colcon_core.package_identification:_identify(velodyne_driver) by extensions ['colcon_pkg']
[0.119s] Level 1:colcon.colcon_core.package_identification:_identify(velodyne_driver) by extension 'colcon_pkg'
[0.119s] Level 1:colcon.colcon_core.package_identification:_identify(velodyne_driver) by extensions ['colcon_meta']
[0.119s] Level 1:colcon.colcon_core.package_identification:_identify(velodyne_driver) by extension 'colcon_meta'
[0.119s] Level 1:colcon.colcon_core.package_identification:_identify(velodyne_driver) by extensions ['ros']
[0.119s] Level 1:colcon.colcon_core.package_identification:_identify(velodyne_driver) by extension 'ros'
[0.120s] DEBUG:colcon.colcon_core.package_identification:Package 'velodyne_driver' with type 'ros.ament_cmake' and name 'velodyne_driver'
[0.120s] Level 1:colcon.colcon_core.package_identification:_identify(velodyne_laserscan) by extensions ['ignore', 'ignore_ament_install']
[0.120s] Level 1:colcon.colcon_core.package_identification:_identify(velodyne_laserscan) by extension 'ignore'
[0.120s] Level 1:colcon.colcon_core.package_identification:_identify(velodyne_laserscan) by extension 'ignore_ament_install'
[0.120s] Level 1:colcon.colcon_core.package_identification:_identify(velodyne_laserscan) by extensions ['colcon_pkg']
[0.120s] Level 1:colcon.colcon_core.package_identification:_identify(velodyne_laserscan) by extension 'colcon_pkg'
[0.120s] Level 1:colcon.colcon_core.package_identification:_identify(velodyne_laserscan) by extensions ['colcon_meta']
[0.120s] Level 1:colcon.colcon_core.package_identification:_identify(velodyne_laserscan) by extension 'colcon_meta'
[0.120s] Level 1:colcon.colcon_core.package_identification:_identify(velodyne_laserscan) by extensions ['ros']
[0.120s] Level 1:colcon.colcon_core.package_identification:_identify(velodyne_laserscan) by extension 'ros'
[0.120s] DEBUG:colcon.colcon_core.package_identification:Package 'velodyne_laserscan' with type 'ros.ament_cmake' and name 'velodyne_laserscan'
[0.120s] Level 1:colcon.colcon_core.package_identification:_identify(velodyne_msgs) by extensions ['ignore', 'ignore_ament_install']
[0.120s] Level 1:colcon.colcon_core.package_identification:_identify(velodyne_msgs) by extension 'ignore'
[0.120s] Level 1:colcon.colcon_core.package_identification:_identify(velodyne_msgs) by extension 'ignore_ament_install'
[0.120s] Level 1:colcon.colcon_core.package_identification:_identify(velodyne_msgs) by extensions ['colcon_pkg']
[0.120s] Level 1:colcon.colcon_core.package_identification:_identify(velodyne_msgs) by extension 'colcon_pkg'
[0.120s] Level 1:colcon.colcon_core.package_identification:_identify(velodyne_msgs) by extensions ['colcon_meta']
[0.120s] Level 1:colcon.colcon_core.package_identification:_identify(velodyne_msgs) by extension 'colcon_meta'
[0.120s] Level 1:colcon.colcon_core.package_identification:_identify(velodyne_msgs) by extensions ['ros']
[0.120s] Level 1:colcon.colcon_core.package_identification:_identify(velodyne_msgs) by extension 'ros'
[0.121s] DEBUG:colcon.colcon_core.package_identification:Package 'velodyne_msgs' with type 'ros.ament_cmake' and name 'velodyne_msgs'
[0.121s] Level 1:colcon.colcon_core.package_identification:_identify(velodyne_pointcloud) by extensions ['ignore', 'ignore_ament_install']
[0.121s] Level 1:colcon.colcon_core.package_identification:_identify(velodyne_pointcloud) by extension 'ignore'
[0.121s] Level 1:colcon.colcon_core.package_identification:_identify(velodyne_pointcloud) by extension 'ignore_ament_install'
[0.121s] Level 1:colcon.colcon_core.package_identification:_identify(velodyne_pointcloud) by extensions ['colcon_pkg']
[0.121s] Level 1:colcon.colcon_core.package_identification:_identify(velodyne_pointcloud) by extension 'colcon_pkg'
[0.121s] Level 1:colcon.colcon_core.package_identification:_identify(velodyne_pointcloud) by extensions ['colcon_meta']
[0.121s] Level 1:colcon.colcon_core.package_identification:_identify(velodyne_pointcloud) by extension 'colcon_meta'
[0.121s] Level 1:colcon.colcon_core.package_identification:_identify(velodyne_pointcloud) by extensions ['ros']
[0.121s] Level 1:colcon.colcon_core.package_identification:_identify(velodyne_pointcloud) by extension 'ros'
[0.121s] DEBUG:colcon.colcon_core.package_identification:Package 'velodyne_pointcloud' with type 'ros.ament_cmake' and name 'velodyne_pointcloud'
[0.121s] Level 1:colcon.colcon_core.package_discovery:discover_packages(recursive) using defaults
[0.122s] Level 1:colcon.colcon_core.package_discovery:discover_packages(ignore) discover
[0.122s] Level 1:colcon.colcon_core.package_discovery:discover_packages(ignore) using defaults
[0.122s] Level 1:colcon.colcon_core.package_discovery:discover_packages(path) discover
[0.122s] Level 1:colcon.colcon_core.package_discovery:discover_packages(path) using defaults
[0.134s] Level 1:colcon.colcon_core.package_discovery:discover_packages(prefix_path) check parameters
[0.134s] Level 1:colcon.colcon_core.package_discovery:discover_packages(prefix_path) discover
[0.135s] DEBUG:colcon.colcon_installed_package_information.package_discovery:Found 7 installed packages in /home/aiv/workspace/ros2/erp42_ros/install
[0.136s] DEBUG:colcon.colcon_installed_package_information.package_discovery:Found 5 installed packages in /home/aiv/workspace/ros2/t870_ros/install
[0.136s] DEBUG:colcon.colcon_installed_package_information.package_discovery:Found 7 installed packages in /home/aiv/workspace/ros2/erp42_racing_ros/install
[0.136s] DEBUG:colcon.colcon_installed_package_information.package_discovery:Found 284 installed packages in /opt/ros/humble
[0.137s] Level 1:colcon.colcon_core.package_discovery:discover_packages(prefix_path) using defaults
[0.153s] Level 5:colcon.colcon_core.verb:set package 'velodyne_laserscan' build argument 'cmake_args' from command line to 'None'
[0.153s] Level 5:colcon.colcon_core.verb:set package 'velodyne_laserscan' build argument 'cmake_target' from command line to 'None'
[0.153s] Level 5:colcon.colcon_core.verb:set package 'velodyne_laserscan' build argument 'cmake_target_skip_unavailable' from command line to 'False'
[0.153s] Level 5:colcon.colcon_core.verb:set package 'velodyne_laserscan' build argument 'cmake_clean_cache' from command line to 'False'
[0.153s] Level 5:colcon.colcon_core.verb:set package 'velodyne_laserscan' build argument 'cmake_clean_first' from command line to 'False'
[0.153s] Level 5:colcon.colcon_core.verb:set package 'velodyne_laserscan' build argument 'cmake_force_configure' from command line to 'False'
[0.153s] Level 5:colcon.colcon_core.verb:set package 'velodyne_laserscan' build argument 'ament_cmake_args' from command line to 'None'
[0.153s] Level 5:colcon.colcon_core.verb:set package 'velodyne_laserscan' build argument 'catkin_cmake_args' from command line to 'None'
[0.153s] Level 5:colcon.colcon_core.verb:set package 'velodyne_laserscan' build argument 'catkin_skip_building_tests' from command line to 'False'
[0.153s] DEBUG:colcon.colcon_core.verb:Building package 'velodyne_laserscan' with the following arguments: {'ament_cmake_args': None, 'build_base': '/home/aiv/workspace/ros2/velodyne/build/velodyne_laserscan', 'catkin_cmake_args': None, 'catkin_skip_building_tests': False, 'cmake_args': None, 'cmake_clean_cache': False, 'cmake_clean_first': False, 'cmake_force_configure': False, 'cmake_target': None, 'cmake_target_skip_unavailable': False, 'install_base': '/home/aiv/workspace/ros2/velodyne/install/velodyne_laserscan', 'merge_install': False, 'path': '/home/aiv/workspace/ros2/velodyne/velodyne_laserscan', 'symlink_install': True, 'test_result_base': None}
[0.153s] Level 5:colcon.colcon_core.verb:set package 'velodyne_msgs' build argument 'cmake_args' from command line to 'None'
[0.153s] Level 5:colcon.colcon_core.verb:set package 'velodyne_msgs' build argument 'cmake_target' from command line to 'None'
[0.153s] Level 5:colcon.colcon_core.verb:set package 'velodyne_msgs' build argument 'cmake_target_skip_unavailable' from command line to 'False'
[0.153s] Level 5:colcon.colcon_core.verb:set package 'velodyne_msgs' build argument 'cmake_clean_cache' from command line to 'False'
[0.153s] Level 5:colcon.colcon_core.verb:set package 'velodyne_msgs' build argument 'cmake_clean_first' from command line to 'False'
[0.153s] Level 5:colcon.colcon_core.verb:set package 'velodyne_msgs' build argument 'cmake_force_configure' from command line to 'False'
[0.153s] Level 5:colcon.colcon_core.verb:set package 'velodyne_msgs' build argument 'ament_cmake_args' from command line to 'None'
[0.153s] Level 5:colcon.colcon_core.verb:set package 'velodyne_msgs' build argument 'catkin_cmake_args' from command line to 'None'
[0.153s] Level 5:colcon.colcon_core.verb:set package 'velodyne_msgs' build argument 'catkin_skip_building_tests' from command line to 'False'
[0.153s] DEBUG:colcon.colcon_core.verb:Building package 'velodyne_msgs' with the following arguments: {'ament_cmake_args': None, 'build_base': '/home/aiv/workspace/ros2/velodyne/build/velodyne_msgs', 'catkin_cmake_args': None, 'catkin_skip_building_tests': False, 'cmake_args': None, 'cmake_clean_cache': False, 'cmake_clean_first': False, 'cmake_force_configure': False, 'cmake_target': None, 'cmake_target_skip_unavailable': False, 'install_base': '/home/aiv/workspace/ros2/velodyne/install/velodyne_msgs', 'merge_install': False, 'path': '/home/aiv/workspace/ros2/velodyne/velodyne_msgs', 'symlink_install': True, 'test_result_base': None}
[0.153s] Level 5:colcon.colcon_core.verb:set package 'velodyne_driver' build argument 'cmake_args' from command line to 'None'
[0.153s] Level 5:colcon.colcon_core.verb:set package 'velodyne_driver' build argument 'cmake_target' from command line to 'None'
[0.153s] Level 5:colcon.colcon_core.verb:set package 'velodyne_driver' build argument 'cmake_target_skip_unavailable' from command line to 'False'
[0.153s] Level 5:colcon.colcon_core.verb:set package 'velodyne_driver' build argument 'cmake_clean_cache' from command line to 'False'
[0.153s] Level 5:colcon.colcon_core.verb:set package 'velodyne_driver' build argument 'cmake_clean_first' from command line to 'False'
[0.153s] Level 5:colcon.colcon_core.verb:set package 'velodyne_driver' build argument 'cmake_force_configure' from command line to 'False'
[0.153s] Level 5:colcon.colcon_core.verb:set package 'velodyne_driver' build argument 'ament_cmake_args' from command line to 'None'
[0.153s] Level 5:colcon.colcon_core.verb:set package 'velodyne_driver' build argument 'catkin_cmake_args' from command line to 'None'
[0.153s] Level 5:colcon.colcon_core.verb:set package 'velodyne_driver' build argument 'catkin_skip_building_tests' from command line to 'False'
[0.153s] DEBUG:colcon.colcon_core.verb:Building package 'velodyne_driver' with the following arguments: {'ament_cmake_args': None, 'build_base': '/home/aiv/workspace/ros2/velodyne/build/velodyne_driver', 'catkin_cmake_args': None, 'catkin_skip_building_tests': False, 'cmake_args': None, 'cmake_clean_cache': False, 'cmake_clean_first': False, 'cmake_force_configure': False, 'cmake_target': None, 'cmake_target_skip_unavailable': False, 'install_base': '/home/aiv/workspace/ros2/velodyne/install/velodyne_driver', 'merge_install': False, 'path': '/home/aiv/workspace/ros2/velodyne/velodyne_driver', 'symlink_install': True, 'test_result_base': None}
[0.153s] Level 5:colcon.colcon_core.verb:set package 'velodyne_pointcloud' build argument 'cmake_args' from command line to 'None'
[0.153s] Level 5:colcon.colcon_core.verb:set package 'velodyne_pointcloud' build argument 'cmake_target' from command line to 'None'
[0.153s] Level 5:colcon.colcon_core.verb:set package 'velodyne_pointcloud' build argument 'cmake_target_skip_unavailable' from command line to 'False'
[0.153s] Level 5:colcon.colcon_core.verb:set package 'velodyne_pointcloud' build argument 'cmake_clean_cache' from command line to 'False'
[0.153s] Level 5:colcon.colcon_core.verb:set package 'velodyne_pointcloud' build argument 'cmake_clean_first' from command line to 'False'
[0.153s] Level 5:colcon.colcon_core.verb:set package 'velodyne_pointcloud' build argument 'cmake_force_configure' from command line to 'False'
[0.153s] Level 5:colcon.colcon_core.verb:set package 'velodyne_pointcloud' build argument 'ament_cmake_args' from command line to 'None'
[0.154s] Level 5:colcon.colcon_core.verb:set package 'velodyne_pointcloud' build argument 'catkin_cmake_args' from command line to 'None'
[0.154s] Level 5:colcon.colcon_core.verb:set package 'velodyne_pointcloud' build argument 'catkin_skip_building_tests' from command line to 'False'
[0.154s] DEBUG:colcon.colcon_core.verb:Building package 'velodyne_pointcloud' with the following arguments: {'ament_cmake_args': None, 'build_base': '/home/aiv/workspace/ros2/velodyne/build/velodyne_pointcloud', 'catkin_cmake_args': None, 'catkin_skip_building_tests': False, 'cmake_args': None, 'cmake_clean_cache': False, 'cmake_clean_first': False, 'cmake_force_configure': False, 'cmake_target': None, 'cmake_target_skip_unavailable': False, 'install_base': '/home/aiv/workspace/ros2/velodyne/install/velodyne_pointcloud', 'merge_install': False, 'path': '/home/aiv/workspace/ros2/velodyne/velodyne_pointcloud', 'symlink_install': True, 'test_result_base': None}
[0.154s] Level 5:colcon.colcon_core.verb:set package 'velodyne' build argument 'cmake_args' from command line to 'None'
[0.154s] Level 5:colcon.colcon_core.verb:set package 'velodyne' build argument 'cmake_target' from command line to 'None'
[0.154s] Level 5:colcon.colcon_core.verb:set package 'velodyne' build argument 'cmake_target_skip_unavailable' from command line to 'False'
[0.154s] Level 5:colcon.colcon_core.verb:set package 'velodyne' build argument 'cmake_clean_cache' from command line to 'False'
[0.154s] Level 5:colcon.colcon_core.verb:set package 'velodyne' build argument 'cmake_clean_first' from command line to 'False'
[0.154s] Level 5:colcon.colcon_core.verb:set package 'velodyne' build argument 'cmake_force_configure' from command line to 'False'
[0.154s] Level 5:colcon.colcon_core.verb:set package 'velodyne' build argument 'ament_cmake_args' from command line to 'None'
[0.154s] Level 5:colcon.colcon_core.verb:set package 'velodyne' build argument 'catkin_cmake_args' from command line to 'None'
[0.154s] Level 5:colcon.colcon_core.verb:set package 'velodyne' build argument 'catkin_skip_building_tests' from command line to 'False'
[0.154s] DEBUG:colcon.colcon_core.verb:Building package 'velodyne' with the following arguments: {'ament_cmake_args': None, 'build_base': '/home/aiv/workspace/ros2/velodyne/build/velodyne', 'catkin_cmake_args': None, 'catkin_skip_building_tests': False, 'cmake_args': None, 'cmake_clean_cache': False, 'cmake_clean_first': False, 'cmake_force_configure': False, 'cmake_target': None, 'cmake_target_skip_unavailable': False, 'install_base': '/home/aiv/workspace/ros2/velodyne/install/velodyne', 'merge_install': False, 'path': '/home/aiv/workspace/ros2/velodyne/velodyne', 'symlink_install': True, 'test_result_base': None}
[0.154s] INFO:colcon.colcon_core.executor:Executing jobs using 'parallel' executor
[0.154s] DEBUG:colcon.colcon_parallel_executor.executor.parallel:run_until_complete
[0.155s] INFO:colcon.colcon_ros.task.ament_cmake.build:Building ROS package in '/home/aiv/workspace/ros2/velodyne/velodyne_msgs' with build type 'ament_cmake'
[0.155s] INFO:colcon.colcon_cmake.task.cmake.build:Building CMake package in '/home/aiv/workspace/ros2/velodyne/velodyne_msgs'
[0.156s] INFO:colcon.colcon_core.plugin_system:Skipping extension 'colcon_core.shell.bat': Not used on non-Windows systems
[0.156s] INFO:colcon.colcon_core.shell:Skip shell extension 'powershell' for command environment: Not usable outside of PowerShell
[0.156s] DEBUG:colcon.colcon_core.shell:Skip shell extension 'dsv' for command environment
[0.158s] INFO:colcon.colcon_ros.task.ament_cmake.build:Building ROS package in '/home/aiv/workspace/ros2/velodyne/velodyne_laserscan' with build type 'ament_cmake'
[0.158s] INFO:colcon.colcon_cmake.task.cmake.build:Building CMake package in '/home/aiv/workspace/ros2/velodyne/velodyne_laserscan'
[0.158s] INFO:colcon.colcon_core.shell:Skip shell extension 'powershell' for command environment: Not usable outside of PowerShell
[0.158s] DEBUG:colcon.colcon_core.shell:Skip shell extension 'dsv' for command environment
[0.162s] DEBUG:colcon.colcon_core.event_handler.log_command:Invoking command in '/home/aiv/workspace/ros2/velodyne/build/velodyne_msgs': CMAKE_PREFIX_PATH=${CMAKE_PREFIX_PATH}:/opt/ros/humble /usr/bin/cmake /home/aiv/workspace/ros2/velodyne/velodyne_msgs -DAMENT_CMAKE_SYMLINK_INSTALL=1 -DCMAKE_INSTALL_PREFIX=/home/aiv/workspace/ros2/velodyne/install/velodyne_msgs
[0.164s] DEBUG:colcon.colcon_core.event_handler.log_command:Invoking command in '/home/aiv/workspace/ros2/velodyne/build/velodyne_laserscan': CMAKE_PREFIX_PATH=${CMAKE_PREFIX_PATH}:/opt/ros/humble /usr/bin/cmake /home/aiv/workspace/ros2/velodyne/velodyne_laserscan -DAMENT_CMAKE_SYMLINK_INSTALL=1 -DCMAKE_INSTALL_PREFIX=/home/aiv/workspace/ros2/velodyne/install/velodyne_laserscan
[0.779s] DEBUG:colcon.colcon_core.event_handler.log_command:Invoked command in '/home/aiv/workspace/ros2/velodyne/build/velodyne_laserscan' returned '0': CMAKE_PREFIX_PATH=${CMAKE_PREFIX_PATH}:/opt/ros/humble /usr/bin/cmake /home/aiv/workspace/ros2/velodyne/velodyne_laserscan -DAMENT_CMAKE_SYMLINK_INSTALL=1 -DCMAKE_INSTALL_PREFIX=/home/aiv/workspace/ros2/velodyne/install/velodyne_laserscan
[0.779s] DEBUG:colcon.colcon_core.event_handler.log_command:Invoking command in '/home/aiv/workspace/ros2/velodyne/build/velodyne_laserscan': CMAKE_PREFIX_PATH=${CMAKE_PREFIX_PATH}:/opt/ros/humble /usr/bin/cmake --build /home/aiv/workspace/ros2/velodyne/build/velodyne_laserscan -- -j28 -l28
[1.064s] DEBUG:colcon.colcon_core.event_handler.log_command:Invoked command in '/home/aiv/workspace/ros2/velodyne/build/velodyne_msgs' returned '0': CMAKE_PREFIX_PATH=${CMAKE_PREFIX_PATH}:/opt/ros/humble /usr/bin/cmake /home/aiv/workspace/ros2/velodyne/velodyne_msgs -DAMENT_CMAKE_SYMLINK_INSTALL=1 -DCMAKE_INSTALL_PREFIX=/home/aiv/workspace/ros2/velodyne/install/velodyne_msgs
[1.065s] DEBUG:colcon.colcon_core.event_handler.log_command:Invoking command in '/home/aiv/workspace/ros2/velodyne/build/velodyne_msgs': CMAKE_PREFIX_PATH=${CMAKE_PREFIX_PATH}:/opt/ros/humble /usr/bin/cmake --build /home/aiv/workspace/ros2/velodyne/build/velodyne_msgs -- -j28 -l28
[2.138s] DEBUG:colcon.colcon_core.event_handler.log_command:Invoked command in '/home/aiv/workspace/ros2/velodyne/build/velodyne_msgs' returned '0': CMAKE_PREFIX_PATH=${CMAKE_PREFIX_PATH}:/opt/ros/humble /usr/bin/cmake --build /home/aiv/workspace/ros2/velodyne/build/velodyne_msgs -- -j28 -l28
[2.146s] DEBUG:colcon.colcon_core.event_handler.log_command:Invoking command in '/home/aiv/workspace/ros2/velodyne/build/velodyne_msgs': CMAKE_PREFIX_PATH=${CMAKE_PREFIX_PATH}:/opt/ros/humble /usr/bin/cmake --install /home/aiv/workspace/ros2/velodyne/build/velodyne_msgs
[2.580s] Level 1:colcon.colcon_core.environment:create_environment_scripts_only(velodyne_msgs)
[2.580s] DEBUG:colcon.colcon_core.event_handler.log_command:Invoked command in '/home/aiv/workspace/ros2/velodyne/build/velodyne_msgs' returned '0': CMAKE_PREFIX_PATH=${CMAKE_PREFIX_PATH}:/opt/ros/humble /usr/bin/cmake --install /home/aiv/workspace/ros2/velodyne/build/velodyne_msgs
[2.582s] Level 1:colcon.colcon_core.environment:checking '/home/aiv/workspace/ros2/velodyne/install/velodyne_msgs' for CMake module files
[2.583s] Level 1:colcon.colcon_core.environment:checking '/home/aiv/workspace/ros2/velodyne/install/velodyne_msgs' for CMake config files
[2.583s] Level 1:colcon.colcon_core.shell:create_environment_hook('velodyne_msgs', 'cmake_prefix_path')
[2.583s] INFO:colcon.colcon_core.shell:Creating environment hook '/home/aiv/workspace/ros2/velodyne/install/velodyne_msgs/share/velodyne_msgs/hook/cmake_prefix_path.ps1'
[2.584s] INFO:colcon.colcon_core.shell:Creating environment descriptor '/home/aiv/workspace/ros2/velodyne/install/velodyne_msgs/share/velodyne_msgs/hook/cmake_prefix_path.dsv'
[2.584s] INFO:colcon.colcon_core.shell:Creating environment hook '/home/aiv/workspace/ros2/velodyne/install/velodyne_msgs/share/velodyne_msgs/hook/cmake_prefix_path.sh'
[2.585s] Level 1:colcon.colcon_core.environment:checking '/home/aiv/workspace/ros2/velodyne/install/velodyne_msgs/lib'
[2.585s] Level 1:colcon.colcon_core.shell:create_environment_hook('velodyne_msgs', 'ld_library_path_lib')
[2.585s] INFO:colcon.colcon_core.shell:Creating environment hook '/home/aiv/workspace/ros2/velodyne/install/velodyne_msgs/share/velodyne_msgs/hook/ld_library_path_lib.ps1'
[2.585s] INFO:colcon.colcon_core.shell:Creating environment descriptor '/home/aiv/workspace/ros2/velodyne/install/velodyne_msgs/share/velodyne_msgs/hook/ld_library_path_lib.dsv'
[2.585s] INFO:colcon.colcon_core.shell:Creating environment hook '/home/aiv/workspace/ros2/velodyne/install/velodyne_msgs/share/velodyne_msgs/hook/ld_library_path_lib.sh'
[2.586s] Level 1:colcon.colcon_core.environment:checking '/home/aiv/workspace/ros2/velodyne/install/velodyne_msgs/bin'
[2.586s] Level 1:colcon.colcon_core.environment:checking '/home/aiv/workspace/ros2/velodyne/install/velodyne_msgs/lib/pkgconfig/velodyne_msgs.pc'
[2.586s] Level 1:colcon.colcon_core.environment:checking '/home/aiv/workspace/ros2/velodyne/install/velodyne_msgs/lib/python3.10/site-packages'
[2.586s] Level 1:colcon.colcon_core.environment:checking '/home/aiv/workspace/ros2/velodyne/install/velodyne_msgs/bin'
[2.586s] INFO:colcon.colcon_core.shell:Creating package script '/home/aiv/workspace/ros2/velodyne/install/velodyne_msgs/share/velodyne_msgs/package.ps1'
[2.587s] INFO:colcon.colcon_core.shell:Creating package descriptor '/home/aiv/workspace/ros2/velodyne/install/velodyne_msgs/share/velodyne_msgs/package.dsv'
[2.587s] INFO:colcon.colcon_core.shell:Creating package script '/home/aiv/workspace/ros2/velodyne/install/velodyne_msgs/share/velodyne_msgs/package.sh'
[2.588s] INFO:colcon.colcon_core.shell:Creating package script '/home/aiv/workspace/ros2/velodyne/install/velodyne_msgs/share/velodyne_msgs/package.bash'
[2.588s] INFO:colcon.colcon_core.shell:Creating package script '/home/aiv/workspace/ros2/velodyne/install/velodyne_msgs/share/velodyne_msgs/package.zsh'
[2.589s] Level 1:colcon.colcon_core.environment:create_file_with_runtime_dependencies(/home/aiv/workspace/ros2/velodyne/install/velodyne_msgs/share/colcon-core/packages/velodyne_msgs)
[2.589s] Level 1:colcon.colcon_core.environment:create_environment_scripts_only(velodyne_msgs)
[2.589s] Level 1:colcon.colcon_core.environment:checking '/home/aiv/workspace/ros2/velodyne/install/velodyne_msgs' for CMake module files
[2.590s] Level 1:colcon.colcon_core.environment:checking '/home/aiv/workspace/ros2/velodyne/install/velodyne_msgs' for CMake config files
[2.590s] Level 1:colcon.colcon_core.shell:create_environment_hook('velodyne_msgs', 'cmake_prefix_path')
[2.591s] INFO:colcon.colcon_core.shell:Creating environment hook '/home/aiv/workspace/ros2/velodyne/install/velodyne_msgs/share/velodyne_msgs/hook/cmake_prefix_path.ps1'
[2.591s] INFO:colcon.colcon_core.shell:Creating environment descriptor '/home/aiv/workspace/ros2/velodyne/install/velodyne_msgs/share/velodyne_msgs/hook/cmake_prefix_path.dsv'
[2.591s] INFO:colcon.colcon_core.shell:Creating environment hook '/home/aiv/workspace/ros2/velodyne/install/velodyne_msgs/share/velodyne_msgs/hook/cmake_prefix_path.sh'
[2.591s] Level 1:colcon.colcon_core.environment:checking '/home/aiv/workspace/ros2/velodyne/install/velodyne_msgs/lib'
[2.591s] Level 1:colcon.colcon_core.shell:create_environment_hook('velodyne_msgs', 'ld_library_path_lib')
[2.592s] INFO:colcon.colcon_core.shell:Creating environment hook '/home/aiv/workspace/ros2/velodyne/install/velodyne_msgs/share/velodyne_msgs/hook/ld_library_path_lib.ps1'
[2.592s] INFO:colcon.colcon_core.shell:Creating environment descriptor '/home/aiv/workspace/ros2/velodyne/install/velodyne_msgs/share/velodyne_msgs/hook/ld_library_path_lib.dsv'
[2.592s] INFO:colcon.colcon_core.shell:Creating environment hook '/home/aiv/workspace/ros2/velodyne/install/velodyne_msgs/share/velodyne_msgs/hook/ld_library_path_lib.sh'
[2.592s] Level 1:colcon.colcon_core.environment:checking '/home/aiv/workspace/ros2/velodyne/install/velodyne_msgs/bin'
[2.592s] Level 1:colcon.colcon_core.environment:checking '/home/aiv/workspace/ros2/velodyne/install/velodyne_msgs/lib/pkgconfig/velodyne_msgs.pc'
[2.593s] Level 1:colcon.colcon_core.environment:checking '/home/aiv/workspace/ros2/velodyne/install/velodyne_msgs/lib/python3.10/site-packages'
[2.593s] Level 1:colcon.colcon_core.environment:checking '/home/aiv/workspace/ros2/velodyne/install/velodyne_msgs/bin'
[2.593s] INFO:colcon.colcon_core.shell:Creating package script '/home/aiv/workspace/ros2/velodyne/install/velodyne_msgs/share/velodyne_msgs/package.ps1'
[2.593s] INFO:colcon.colcon_core.shell:Creating package descriptor '/home/aiv/workspace/ros2/velodyne/install/velodyne_msgs/share/velodyne_msgs/package.dsv'
[2.594s] INFO:colcon.colcon_core.shell:Creating package script '/home/aiv/workspace/ros2/velodyne/install/velodyne_msgs/share/velodyne_msgs/package.sh'
[2.594s] INFO:colcon.colcon_core.shell:Creating package script '/home/aiv/workspace/ros2/velodyne/install/velodyne_msgs/share/velodyne_msgs/package.bash'
[2.594s] INFO:colcon.colcon_core.shell:Creating package script '/home/aiv/workspace/ros2/velodyne/install/velodyne_msgs/share/velodyne_msgs/package.zsh'
[2.595s] Level 1:colcon.colcon_core.environment:create_file_with_runtime_dependencies(/home/aiv/workspace/ros2/velodyne/install/velodyne_msgs/share/colcon-core/packages/velodyne_msgs)
[2.595s] INFO:colcon.colcon_ros.task.ament_cmake.build:Building ROS package in '/home/aiv/workspace/ros2/velodyne/velodyne_driver' with build type 'ament_cmake'
[2.595s] INFO:colcon.colcon_cmake.task.cmake.build:Building CMake package in '/home/aiv/workspace/ros2/velodyne/velodyne_driver'
[2.595s] INFO:colcon.colcon_core.shell:Skip shell extension 'powershell' for command environment: Not usable outside of PowerShell
[2.595s] DEBUG:colcon.colcon_core.shell:Skip shell extension 'dsv' for command environment
[2.599s] INFO:colcon.colcon_ros.task.ament_cmake.build:Building ROS package in '/home/aiv/workspace/ros2/velodyne/velodyne_pointcloud' with build type 'ament_cmake'
[2.599s] INFO:colcon.colcon_cmake.task.cmake.build:Building CMake package in '/home/aiv/workspace/ros2/velodyne/velodyne_pointcloud'
[2.599s] INFO:colcon.colcon_core.shell:Skip shell extension 'powershell' for command environment: Not usable outside of PowerShell
[2.599s] DEBUG:colcon.colcon_core.shell:Skip shell extension 'dsv' for command environment
[2.604s] DEBUG:colcon.colcon_core.event_handler.log_command:Invoking command in '/home/aiv/workspace/ros2/velodyne/build/velodyne_driver': AMENT_PREFIX_PATH=/home/aiv/workspace/ros2/velodyne/install/velodyne_msgs:${AMENT_PREFIX_PATH} CMAKE_PREFIX_PATH=/home/aiv/workspace/ros2/velodyne/install/velodyne_msgs:/home/aiv/workspace/ros2/t870_ros/install/t870_serial:/home/aiv/workspace/ros2/t870_ros/install/t870_rqt_plugin:/home/aiv/workspace/ros2/t870_ros/install/t870_util:/home/aiv/workspace/ros2/t870_ros/install/t870_msgs:/home/aiv/workspace/ros2/t870_ros/install/t870_cmake:/home/aiv/workspace/ros2/erp42_racing_ros/install/erp42_racing_serial:/home/aiv/workspace/ros2/erp42_racing_ros/install/erp42_racing_rqt_plugin:/home/aiv/workspace/ros2/erp42_racing_ros/install/erp42_racing_gazebo:/home/aiv/workspace/ros2/erp42_racing_ros/install/erp42_racing_util:/home/aiv/workspace/ros2/erp42_racing_ros/install/erp42_racing_msgs:/home/aiv/workspace/ros2/erp42_racing_ros/install/erp42_racing_description:/home/aiv/workspace/ros2/erp42_racing_ros/install/erp42_racing_cmake:/home/aiv/workspace/ros2/erp42_ros/install/erp42_serial:/home/aiv/workspace/ros2/erp42_ros/install/erp42_rqt_plugin:/home/aiv/workspace/ros2/erp42_ros/install/erp42_gazebo:/home/aiv/workspace/ros2/erp42_ros/install/erp42_util:/home/aiv/workspace/ros2/erp42_ros/install/erp42_msgs:/home/aiv/workspace/ros2/erp42_ros/install/erp42_description:/home/aiv/workspace/ros2/erp42_ros/install/erp42_cmake:/opt/ros/humble LD_LIBRARY_PATH=/home/aiv/workspace/ros2/velodyne/install/velodyne_msgs/lib:${LD_LIBRARY_PATH} PYTHONPATH=/home/aiv/workspace/ros2/velodyne/install/velodyne_msgs/local/lib/python3.10/dist-packages:${PYTHONPATH} /usr/bin/cmake /home/aiv/workspace/ros2/velodyne/velodyne_driver -DAMENT_CMAKE_SYMLINK_INSTALL=1 -DCMAKE_INSTALL_PREFIX=/home/aiv/workspace/ros2/velodyne/install/velodyne_driver
[2.606s] DEBUG:colcon.colcon_core.event_handler.log_command:Invoking command in '/home/aiv/workspace/ros2/velodyne/build/velodyne_pointcloud': AMENT_PREFIX_PATH=/home/aiv/workspace/ros2/velodyne/install/velodyne_msgs:${AMENT_PREFIX_PATH} CMAKE_PREFIX_PATH=/home/aiv/workspace/ros2/velodyne/install/velodyne_msgs:/home/aiv/workspace/ros2/t870_ros/install/t870_serial:/home/aiv/workspace/ros2/t870_ros/install/t870_rqt_plugin:/home/aiv/workspace/ros2/t870_ros/install/t870_util:/home/aiv/workspace/ros2/t870_ros/install/t870_msgs:/home/aiv/workspace/ros2/t870_ros/install/t870_cmake:/home/aiv/workspace/ros2/erp42_racing_ros/install/erp42_racing_serial:/home/aiv/workspace/ros2/erp42_racing_ros/install/erp42_racing_rqt_plugin:/home/aiv/workspace/ros2/erp42_racing_ros/install/erp42_racing_gazebo:/home/aiv/workspace/ros2/erp42_racing_ros/install/erp42_racing_util:/home/aiv/workspace/ros2/erp42_racing_ros/install/erp42_racing_msgs:/home/aiv/workspace/ros2/erp42_racing_ros/install/erp42_racing_description:/home/aiv/workspace/ros2/erp42_racing_ros/install/erp42_racing_cmake:/home/aiv/workspace/ros2/erp42_ros/install/erp42_serial:/home/aiv/workspace/ros2/erp42_ros/install/erp42_rqt_plugin:/home/aiv/workspace/ros2/erp42_ros/install/erp42_gazebo:/home/aiv/workspace/ros2/erp42_ros/install/erp42_util:/home/aiv/workspace/ros2/erp42_ros/install/erp42_msgs:/home/aiv/workspace/ros2/erp42_ros/install/erp42_description:/home/aiv/workspace/ros2/erp42_ros/install/erp42_cmake:/opt/ros/humble LD_LIBRARY_PATH=/home/aiv/workspace/ros2/velodyne/install/velodyne_msgs/lib:${LD_LIBRARY_PATH} PYTHONPATH=/home/aiv/workspace/ros2/velodyne/install/velodyne_msgs/local/lib/python3.10/dist-packages:${PYTHONPATH} /usr/bin/cmake /home/aiv/workspace/ros2/velodyne/velodyne_pointcloud -DAMENT_CMAKE_SYMLINK_INSTALL=1 -DCMAKE_INSTALL_PREFIX=/home/aiv/workspace/ros2/velodyne/install/velodyne_pointcloud
[3.286s] DEBUG:colcon.colcon_core.event_handler.log_command:Invoked command in '/home/aiv/workspace/ros2/velodyne/build/velodyne_driver' returned '0': AMENT_PREFIX_PATH=/home/aiv/workspace/ros2/velodyne/install/velodyne_msgs:${AMENT_PREFIX_PATH} CMAKE_PREFIX_PATH=/home/aiv/workspace/ros2/velodyne/install/velodyne_msgs:/home/aiv/workspace/ros2/t870_ros/install/t870_serial:/home/aiv/workspace/ros2/t870_ros/install/t870_rqt_plugin:/home/aiv/workspace/ros2/t870_ros/install/t870_util:/home/aiv/workspace/ros2/t870_ros/install/t870_msgs:/home/aiv/workspace/ros2/t870_ros/install/t870_cmake:/home/aiv/workspace/ros2/erp42_racing_ros/install/erp42_racing_serial:/home/aiv/workspace/ros2/erp42_racing_ros/install/erp42_racing_rqt_plugin:/home/aiv/workspace/ros2/erp42_racing_ros/install/erp42_racing_gazebo:/home/aiv/workspace/ros2/erp42_racing_ros/install/erp42_racing_util:/home/aiv/workspace/ros2/erp42_racing_ros/install/erp42_racing_msgs:/home/aiv/workspace/ros2/erp42_racing_ros/install/erp42_racing_description:/home/aiv/workspace/ros2/erp42_racing_ros/install/erp42_racing_cmake:/home/aiv/workspace/ros2/erp42_ros/install/erp42_serial:/home/aiv/workspace/ros2/erp42_ros/install/erp42_rqt_plugin:/home/aiv/workspace/ros2/erp42_ros/install/erp42_gazebo:/home/aiv/workspace/ros2/erp42_ros/install/erp42_util:/home/aiv/workspace/ros2/erp42_ros/install/erp42_msgs:/home/aiv/workspace/ros2/erp42_ros/install/erp42_description:/home/aiv/workspace/ros2/erp42_ros/install/erp42_cmake:/opt/ros/humble LD_LIBRARY_PATH=/home/aiv/workspace/ros2/velodyne/install/velodyne_msgs/lib:${LD_LIBRARY_PATH} PYTHONPATH=/home/aiv/workspace/ros2/velodyne/install/velodyne_msgs/local/lib/python3.10/dist-packages:${PYTHONPATH} /usr/bin/cmake /home/aiv/workspace/ros2/velodyne/velodyne_driver -DAMENT_CMAKE_SYMLINK_INSTALL=1 -DCMAKE_INSTALL_PREFIX=/home/aiv/workspace/ros2/velodyne/install/velodyne_driver
[3.287s] DEBUG:colcon.colcon_core.event_handler.log_command:Invoking command in '/home/aiv/workspace/ros2/velodyne/build/velodyne_driver': AMENT_PREFIX_PATH=/home/aiv/workspace/ros2/velodyne/install/velodyne_msgs:${AMENT_PREFIX_PATH} CMAKE_PREFIX_PATH=/home/aiv/workspace/ros2/velodyne/install/velodyne_msgs:/home/aiv/workspace/ros2/t870_ros/install/t870_serial:/home/aiv/workspace/ros2/t870_ros/install/t870_rqt_plugin:/home/aiv/workspace/ros2/t870_ros/install/t870_util:/home/aiv/workspace/ros2/t870_ros/install/t870_msgs:/home/aiv/workspace/ros2/t870_ros/install/t870_cmake:/home/aiv/workspace/ros2/erp42_racing_ros/install/erp42_racing_serial:/home/aiv/workspace/ros2/erp42_racing_ros/install/erp42_racing_rqt_plugin:/home/aiv/workspace/ros2/erp42_racing_ros/install/erp42_racing_gazebo:/home/aiv/workspace/ros2/erp42_racing_ros/install/erp42_racing_util:/home/aiv/workspace/ros2/erp42_racing_ros/install/erp42_racing_msgs:/home/aiv/workspace/ros2/erp42_racing_ros/install/erp42_racing_description:/home/aiv/workspace/ros2/erp42_racing_ros/install/erp42_racing_cmake:/home/aiv/workspace/ros2/erp42_ros/install/erp42_serial:/home/aiv/workspace/ros2/erp42_ros/install/erp42_rqt_plugin:/home/aiv/workspace/ros2/erp42_ros/install/erp42_gazebo:/home/aiv/workspace/ros2/erp42_ros/install/erp42_util:/home/aiv/workspace/ros2/erp42_ros/install/erp42_msgs:/home/aiv/workspace/ros2/erp42_ros/install/erp42_description:/home/aiv/workspace/ros2/erp42_ros/install/erp42_cmake:/opt/ros/humble LD_LIBRARY_PATH=/home/aiv/workspace/ros2/velodyne/install/velodyne_msgs/lib:${LD_LIBRARY_PATH} PYTHONPATH=/home/aiv/workspace/ros2/velodyne/install/velodyne_msgs/local/lib/python3.10/dist-packages:${PYTHONPATH} /usr/bin/cmake --build /home/aiv/workspace/ros2/velodyne/build/velodyne_driver -- -j28 -l28
[3.399s] DEBUG:colcon.colcon_core.event_handler.log_command:Invoked command in '/home/aiv/workspace/ros2/velodyne/build/velodyne_pointcloud' returned '0': AMENT_PREFIX_PATH=/home/aiv/workspace/ros2/velodyne/install/velodyne_msgs:${AMENT_PREFIX_PATH} CMAKE_PREFIX_PATH=/home/aiv/workspace/ros2/velodyne/install/velodyne_msgs:/home/aiv/workspace/ros2/t870_ros/install/t870_serial:/home/aiv/workspace/ros2/t870_ros/install/t870_rqt_plugin:/home/aiv/workspace/ros2/t870_ros/install/t870_util:/home/aiv/workspace/ros2/t870_ros/install/t870_msgs:/home/aiv/workspace/ros2/t870_ros/install/t870_cmake:/home/aiv/workspace/ros2/erp42_racing_ros/install/erp42_racing_serial:/home/aiv/workspace/ros2/erp42_racing_ros/install/erp42_racing_rqt_plugin:/home/aiv/workspace/ros2/erp42_racing_ros/install/erp42_racing_gazebo:/home/aiv/workspace/ros2/erp42_racing_ros/install/erp42_racing_util:/home/aiv/workspace/ros2/erp42_racing_ros/install/erp42_racing_msgs:/home/aiv/workspace/ros2/erp42_racing_ros/install/erp42_racing_description:/home/aiv/workspace/ros2/erp42_racing_ros/install/erp42_racing_cmake:/home/aiv/workspace/ros2/erp42_ros/install/erp42_serial:/home/aiv/workspace/ros2/erp42_ros/install/erp42_rqt_plugin:/home/aiv/workspace/ros2/erp42_ros/install/erp42_gazebo:/home/aiv/workspace/ros2/erp42_ros/install/erp42_util:/home/aiv/workspace/ros2/erp42_ros/install/erp42_msgs:/home/aiv/workspace/ros2/erp42_ros/install/erp42_description:/home/aiv/workspace/ros2/erp42_ros/install/erp42_cmake:/opt/ros/humble LD_LIBRARY_PATH=/home/aiv/workspace/ros2/velodyne/install/velodyne_msgs/lib:${LD_LIBRARY_PATH} PYTHONPATH=/home/aiv/workspace/ros2/velodyne/install/velodyne_msgs/local/lib/python3.10/dist-packages:${PYTHONPATH} /usr/bin/cmake /home/aiv/workspace/ros2/velodyne/velodyne_pointcloud -DAMENT_CMAKE_SYMLINK_INSTALL=1 -DCMAKE_INSTALL_PREFIX=/home/aiv/workspace/ros2/velodyne/install/velodyne_pointcloud
[3.400s] DEBUG:colcon.colcon_core.event_handler.log_command:Invoking command in '/home/aiv/workspace/ros2/velodyne/build/velodyne_pointcloud': AMENT_PREFIX_PATH=/home/aiv/workspace/ros2/velodyne/install/velodyne_msgs:${AMENT_PREFIX_PATH} CMAKE_PREFIX_PATH=/home/aiv/workspace/ros2/velodyne/install/velodyne_msgs:/home/aiv/workspace/ros2/t870_ros/install/t870_serial:/home/aiv/workspace/ros2/t870_ros/install/t870_rqt_plugin:/home/aiv/workspace/ros2/t870_ros/install/t870_util:/home/aiv/workspace/ros2/t870_ros/install/t870_msgs:/home/aiv/workspace/ros2/t870_ros/install/t870_cmake:/home/aiv/workspace/ros2/erp42_racing_ros/install/erp42_racing_serial:/home/aiv/workspace/ros2/erp42_racing_ros/install/erp42_racing_rqt_plugin:/home/aiv/workspace/ros2/erp42_racing_ros/install/erp42_racing_gazebo:/home/aiv/workspace/ros2/erp42_racing_ros/install/erp42_racing_util:/home/aiv/workspace/ros2/erp42_racing_ros/install/erp42_racing_msgs:/home/aiv/workspace/ros2/erp42_racing_ros/install/erp42_racing_description:/home/aiv/workspace/ros2/erp42_racing_ros/install/erp42_racing_cmake:/home/aiv/workspace/ros2/erp42_ros/install/erp42_serial:/home/aiv/workspace/ros2/erp42_ros/install/erp42_rqt_plugin:/home/aiv/workspace/ros2/erp42_ros/install/erp42_gazebo:/home/aiv/workspace/ros2/erp42_ros/install/erp42_util:/home/aiv/workspace/ros2/erp42_ros/install/erp42_msgs:/home/aiv/workspace/ros2/erp42_ros/install/erp42_description:/home/aiv/workspace/ros2/erp42_ros/install/erp42_cmake:/opt/ros/humble LD_LIBRARY_PATH=/home/aiv/workspace/ros2/velodyne/install/velodyne_msgs/lib:${LD_LIBRARY_PATH} PYTHONPATH=/home/aiv/workspace/ros2/velodyne/install/velodyne_msgs/local/lib/python3.10/dist-packages:${PYTHONPATH} /usr/bin/cmake --build /home/aiv/workspace/ros2/velodyne/build/velodyne_pointcloud -- -j28 -l28
[6.523s] DEBUG:colcon.colcon_core.event_handler.log_command:Invoked command in '/home/aiv/workspace/ros2/velodyne/build/velodyne_laserscan' returned '0': CMAKE_PREFIX_PATH=${CMAKE_PREFIX_PATH}:/opt/ros/humble /usr/bin/cmake --build /home/aiv/workspace/ros2/velodyne/build/velodyne_laserscan -- -j28 -l28
[6.525s] DEBUG:colcon.colcon_core.event_handler.log_command:Invoking command in '/home/aiv/workspace/ros2/velodyne/build/velodyne_laserscan': CMAKE_PREFIX_PATH=${CMAKE_PREFIX_PATH}:/opt/ros/humble /usr/bin/cmake --install /home/aiv/workspace/ros2/velodyne/build/velodyne_laserscan
[6.676s] Level 1:colcon.colcon_core.environment:create_environment_scripts_only(velodyne_laserscan)
[6.676s] Level 1:colcon.colcon_core.environment:checking '/home/aiv/workspace/ros2/velodyne/install/velodyne_laserscan' for CMake module files
[6.677s] DEBUG:colcon.colcon_core.event_handler.log_command:Invoked command in '/home/aiv/workspace/ros2/velodyne/build/velodyne_laserscan' returned '0': CMAKE_PREFIX_PATH=${CMAKE_PREFIX_PATH}:/opt/ros/humble /usr/bin/cmake --install /home/aiv/workspace/ros2/velodyne/build/velodyne_laserscan
[6.677s] Level 1:colcon.colcon_core.environment:checking '/home/aiv/workspace/ros2/velodyne/install/velodyne_laserscan' for CMake config files
[6.677s] Level 1:colcon.colcon_core.shell:create_environment_hook('velodyne_laserscan', 'cmake_prefix_path')
[6.677s] INFO:colcon.colcon_core.shell:Creating environment hook '/home/aiv/workspace/ros2/velodyne/install/velodyne_laserscan/share/velodyne_laserscan/hook/cmake_prefix_path.ps1'
[6.678s] INFO:colcon.colcon_core.shell:Creating environment descriptor '/home/aiv/workspace/ros2/velodyne/install/velodyne_laserscan/share/velodyne_laserscan/hook/cmake_prefix_path.dsv'
[6.678s] INFO:colcon.colcon_core.shell:Creating environment hook '/home/aiv/workspace/ros2/velodyne/install/velodyne_laserscan/share/velodyne_laserscan/hook/cmake_prefix_path.sh'
[6.678s] Level 1:colcon.colcon_core.environment:checking '/home/aiv/workspace/ros2/velodyne/install/velodyne_laserscan/lib'
[6.678s] Level 1:colcon.colcon_core.shell:create_environment_hook('velodyne_laserscan', 'ld_library_path_lib')
[6.678s] INFO:colcon.colcon_core.shell:Creating environment hook '/home/aiv/workspace/ros2/velodyne/install/velodyne_laserscan/share/velodyne_laserscan/hook/ld_library_path_lib.ps1'
[6.679s] INFO:colcon.colcon_core.shell:Creating environment descriptor '/home/aiv/workspace/ros2/velodyne/install/velodyne_laserscan/share/velodyne_laserscan/hook/ld_library_path_lib.dsv'
[6.679s] INFO:colcon.colcon_core.shell:Creating environment hook '/home/aiv/workspace/ros2/velodyne/install/velodyne_laserscan/share/velodyne_laserscan/hook/ld_library_path_lib.sh'
[6.679s] Level 1:colcon.colcon_core.environment:checking '/home/aiv/workspace/ros2/velodyne/install/velodyne_laserscan/bin'
[6.679s] Level 1:colcon.colcon_core.environment:checking '/home/aiv/workspace/ros2/velodyne/install/velodyne_laserscan/lib/pkgconfig/velodyne_laserscan.pc'
[6.679s] Level 1:colcon.colcon_core.environment:checking '/home/aiv/workspace/ros2/velodyne/install/velodyne_laserscan/lib/python3.10/site-packages'
[6.680s] Level 1:colcon.colcon_core.environment:checking '/home/aiv/workspace/ros2/velodyne/install/velodyne_laserscan/bin'
[6.680s] INFO:colcon.colcon_core.shell:Creating package script '/home/aiv/workspace/ros2/velodyne/install/velodyne_laserscan/share/velodyne_laserscan/package.ps1'
[6.680s] INFO:colcon.colcon_core.shell:Creating package descriptor '/home/aiv/workspace/ros2/velodyne/install/velodyne_laserscan/share/velodyne_laserscan/package.dsv'
[6.681s] INFO:colcon.colcon_core.shell:Creating package script '/home/aiv/workspace/ros2/velodyne/install/velodyne_laserscan/share/velodyne_laserscan/package.sh'
[6.681s] INFO:colcon.colcon_core.shell:Creating package script '/home/aiv/workspace/ros2/velodyne/install/velodyne_laserscan/share/velodyne_laserscan/package.bash'
[6.681s] INFO:colcon.colcon_core.shell:Creating package script '/home/aiv/workspace/ros2/velodyne/install/velodyne_laserscan/share/velodyne_laserscan/package.zsh'
[6.681s] Level 1:colcon.colcon_core.environment:create_file_with_runtime_dependencies(/home/aiv/workspace/ros2/velodyne/install/velodyne_laserscan/share/colcon-core/packages/velodyne_laserscan)
[6.682s] Level 1:colcon.colcon_core.environment:create_environment_scripts_only(velodyne_laserscan)
[6.682s] Level 1:colcon.colcon_core.environment:checking '/home/aiv/workspace/ros2/velodyne/install/velodyne_laserscan' for CMake module files
[6.682s] Level 1:colcon.colcon_core.environment:checking '/home/aiv/workspace/ros2/velodyne/install/velodyne_laserscan' for CMake config files
[6.682s] Level 1:colcon.colcon_core.shell:create_environment_hook('velodyne_laserscan', 'cmake_prefix_path')
[6.683s] INFO:colcon.colcon_core.shell:Creating environment hook '/home/aiv/workspace/ros2/velodyne/install/velodyne_laserscan/share/velodyne_laserscan/hook/cmake_prefix_path.ps1'
[6.683s] INFO:colcon.colcon_core.shell:Creating environment descriptor '/home/aiv/workspace/ros2/velodyne/install/velodyne_laserscan/share/velodyne_laserscan/hook/cmake_prefix_path.dsv'
[6.683s] INFO:colcon.colcon_core.shell:Creating environment hook '/home/aiv/workspace/ros2/velodyne/install/velodyne_laserscan/share/velodyne_laserscan/hook/cmake_prefix_path.sh'
[6.683s] Level 1:colcon.colcon_core.environment:checking '/home/aiv/workspace/ros2/velodyne/install/velodyne_laserscan/lib'
[6.683s] Level 1:colcon.colcon_core.shell:create_environment_hook('velodyne_laserscan', 'ld_library_path_lib')
[6.684s] INFO:colcon.colcon_core.shell:Creating environment hook '/home/aiv/workspace/ros2/velodyne/install/velodyne_laserscan/share/velodyne_laserscan/hook/ld_library_path_lib.ps1'
[6.684s] INFO:colcon.colcon_core.shell:Creating environment descriptor '/home/aiv/workspace/ros2/velodyne/install/velodyne_laserscan/share/velodyne_laserscan/hook/ld_library_path_lib.dsv'
[6.684s] INFO:colcon.colcon_core.shell:Creating environment hook '/home/aiv/workspace/ros2/velodyne/install/velodyne_laserscan/share/velodyne_laserscan/hook/ld_library_path_lib.sh'
[6.684s] Level 1:colcon.colcon_core.environment:checking '/home/aiv/workspace/ros2/velodyne/install/velodyne_laserscan/bin'
[6.684s] Level 1:colcon.colcon_core.environment:checking '/home/aiv/workspace/ros2/velodyne/install/velodyne_laserscan/lib/pkgconfig/velodyne_laserscan.pc'
[6.684s] Level 1:colcon.colcon_core.environment:checking '/home/aiv/workspace/ros2/velodyne/install/velodyne_laserscan/lib/python3.10/site-packages'
[6.684s] Level 1:colcon.colcon_core.environment:checking '/home/aiv/workspace/ros2/velodyne/install/velodyne_laserscan/bin'
[6.684s] INFO:colcon.colcon_core.shell:Creating package script '/home/aiv/workspace/ros2/velodyne/install/velodyne_laserscan/share/velodyne_laserscan/package.ps1'
[6.685s] INFO:colcon.colcon_core.shell:Creating package descriptor '/home/aiv/workspace/ros2/velodyne/install/velodyne_laserscan/share/velodyne_laserscan/package.dsv'
[6.685s] INFO:colcon.colcon_core.shell:Creating package script '/home/aiv/workspace/ros2/velodyne/install/velodyne_laserscan/share/velodyne_laserscan/package.sh'
[6.685s] INFO:colcon.colcon_core.shell:Creating package script '/home/aiv/workspace/ros2/velodyne/install/velodyne_laserscan/share/velodyne_laserscan/package.bash'
[6.685s] INFO:colcon.colcon_core.shell:Creating package script '/home/aiv/workspace/ros2/velodyne/install/velodyne_laserscan/share/velodyne_laserscan/package.zsh'
[6.685s] Level 1:colcon.colcon_core.environment:create_file_with_runtime_dependencies(/home/aiv/workspace/ros2/velodyne/install/velodyne_laserscan/share/colcon-core/packages/velodyne_laserscan)
[11.245s] DEBUG:colcon.colcon_core.event_handler.log_command:Invoked command in '/home/aiv/workspace/ros2/velodyne/build/velodyne_driver' returned '0': AMENT_PREFIX_PATH=/home/aiv/workspace/ros2/velodyne/install/velodyne_msgs:${AMENT_PREFIX_PATH} CMAKE_PREFIX_PATH=/home/aiv/workspace/ros2/velodyne/install/velodyne_msgs:/home/aiv/workspace/ros2/t870_ros/install/t870_serial:/home/aiv/workspace/ros2/t870_ros/install/t870_rqt_plugin:/home/aiv/workspace/ros2/t870_ros/install/t870_util:/home/aiv/workspace/ros2/t870_ros/install/t870_msgs:/home/aiv/workspace/ros2/t870_ros/install/t870_cmake:/home/aiv/workspace/ros2/erp42_racing_ros/install/erp42_racing_serial:/home/aiv/workspace/ros2/erp42_racing_ros/install/erp42_racing_rqt_plugin:/home/aiv/workspace/ros2/erp42_racing_ros/install/erp42_racing_gazebo:/home/aiv/workspace/ros2/erp42_racing_ros/install/erp42_racing_util:/home/aiv/workspace/ros2/erp42_racing_ros/install/erp42_racing_msgs:/home/aiv/workspace/ros2/erp42_racing_ros/install/erp42_racing_description:/home/aiv/workspace/ros2/erp42_racing_ros/install/erp42_racing_cmake:/home/aiv/workspace/ros2/erp42_ros/install/erp42_serial:/home/aiv/workspace/ros2/erp42_ros/install/erp42_rqt_plugin:/home/aiv/workspace/ros2/erp42_ros/install/erp42_gazebo:/home/aiv/workspace/ros2/erp42_ros/install/erp42_util:/home/aiv/workspace/ros2/erp42_ros/install/erp42_msgs:/home/aiv/workspace/ros2/erp42_ros/install/erp42_description:/home/aiv/workspace/ros2/erp42_ros/install/erp42_cmake:/opt/ros/humble LD_LIBRARY_PATH=/home/aiv/workspace/ros2/velodyne/install/velodyne_msgs/lib:${LD_LIBRARY_PATH} PYTHONPATH=/home/aiv/workspace/ros2/velodyne/install/velodyne_msgs/local/lib/python3.10/dist-packages:${PYTHONPATH} /usr/bin/cmake --build /home/aiv/workspace/ros2/velodyne/build/velodyne_driver -- -j28 -l28
[11.245s] DEBUG:colcon.colcon_core.event_handler.log_command:Invoking command in '/home/aiv/workspace/ros2/velodyne/build/velodyne_driver': AMENT_PREFIX_PATH=/home/aiv/workspace/ros2/velodyne/install/velodyne_msgs:${AMENT_PREFIX_PATH} CMAKE_PREFIX_PATH=/home/aiv/workspace/ros2/velodyne/install/velodyne_msgs:/home/aiv/workspace/ros2/t870_ros/install/t870_serial:/home/aiv/workspace/ros2/t870_ros/install/t870_rqt_plugin:/home/aiv/workspace/ros2/t870_ros/install/t870_util:/home/aiv/workspace/ros2/t870_ros/install/t870_msgs:/home/aiv/workspace/ros2/t870_ros/install/t870_cmake:/home/aiv/workspace/ros2/erp42_racing_ros/install/erp42_racing_serial:/home/aiv/workspace/ros2/erp42_racing_ros/install/erp42_racing_rqt_plugin:/home/aiv/workspace/ros2/erp42_racing_ros/install/erp42_racing_gazebo:/home/aiv/workspace/ros2/erp42_racing_ros/install/erp42_racing_util:/home/aiv/workspace/ros2/erp42_racing_ros/install/erp42_racing_msgs:/home/aiv/workspace/ros2/erp42_racing_ros/install/erp42_racing_description:/home/aiv/workspace/ros2/erp42_racing_ros/install/erp42_racing_cmake:/home/aiv/workspace/ros2/erp42_ros/install/erp42_serial:/home/aiv/workspace/ros2/erp42_ros/install/erp42_rqt_plugin:/home/aiv/workspace/ros2/erp42_ros/install/erp42_gazebo:/home/aiv/workspace/ros2/erp42_ros/install/erp42_util:/home/aiv/workspace/ros2/erp42_ros/install/erp42_msgs:/home/aiv/workspace/ros2/erp42_ros/install/erp42_description:/home/aiv/workspace/ros2/erp42_ros/install/erp42_cmake:/opt/ros/humble LD_LIBRARY_PATH=/home/aiv/workspace/ros2/velodyne/install/velodyne_msgs/lib:${LD_LIBRARY_PATH} PYTHONPATH=/home/aiv/workspace/ros2/velodyne/install/velodyne_msgs/local/lib/python3.10/dist-packages:${PYTHONPATH} /usr/bin/cmake --install /home/aiv/workspace/ros2/velodyne/build/velodyne_driver
[11.421s] Level 1:colcon.colcon_core.environment:create_environment_scripts_only(velodyne_driver)
[11.421s] Level 1:colcon.colcon_core.environment:checking '/home/aiv/workspace/ros2/velodyne/install/velodyne_driver' for CMake module files
[11.422s] DEBUG:colcon.colcon_core.event_handler.log_command:Invoked command in '/home/aiv/workspace/ros2/velodyne/build/velodyne_driver' returned '0': AMENT_PREFIX_PATH=/home/aiv/workspace/ros2/velodyne/install/velodyne_msgs:${AMENT_PREFIX_PATH} CMAKE_PREFIX_PATH=/home/aiv/workspace/ros2/velodyne/install/velodyne_msgs:/home/aiv/workspace/ros2/t870_ros/install/t870_serial:/home/aiv/workspace/ros2/t870_ros/install/t870_rqt_plugin:/home/aiv/workspace/ros2/t870_ros/install/t870_util:/home/aiv/workspace/ros2/t870_ros/install/t870_msgs:/home/aiv/workspace/ros2/t870_ros/install/t870_cmake:/home/aiv/workspace/ros2/erp42_racing_ros/install/erp42_racing_serial:/home/aiv/workspace/ros2/erp42_racing_ros/install/erp42_racing_rqt_plugin:/home/aiv/workspace/ros2/erp42_racing_ros/install/erp42_racing_gazebo:/home/aiv/workspace/ros2/erp42_racing_ros/install/erp42_racing_util:/home/aiv/workspace/ros2/erp42_racing_ros/install/erp42_racing_msgs:/home/aiv/workspace/ros2/erp42_racing_ros/install/erp42_racing_description:/home/aiv/workspace/ros2/erp42_racing_ros/install/erp42_racing_cmake:/home/aiv/workspace/ros2/erp42_ros/install/erp42_serial:/home/aiv/workspace/ros2/erp42_ros/install/erp42_rqt_plugin:/home/aiv/workspace/ros2/erp42_ros/install/erp42_gazebo:/home/aiv/workspace/ros2/erp42_ros/install/erp42_util:/home/aiv/workspace/ros2/erp42_ros/install/erp42_msgs:/home/aiv/workspace/ros2/erp42_ros/install/erp42_description:/home/aiv/workspace/ros2/erp42_ros/install/erp42_cmake:/opt/ros/humble LD_LIBRARY_PATH=/home/aiv/workspace/ros2/velodyne/install/velodyne_msgs/lib:${LD_LIBRARY_PATH} PYTHONPATH=/home/aiv/workspace/ros2/velodyne/install/velodyne_msgs/local/lib/python3.10/dist-packages:${PYTHONPATH} /usr/bin/cmake --install /home/aiv/workspace/ros2/velodyne/build/velodyne_driver
[11.422s] Level 1:colcon.colcon_core.environment:checking '/home/aiv/workspace/ros2/velodyne/install/velodyne_driver' for CMake config files
[11.422s] Level 1:colcon.colcon_core.shell:create_environment_hook('velodyne_driver', 'cmake_prefix_path')
[11.423s] INFO:colcon.colcon_core.shell:Creating environment hook '/home/aiv/workspace/ros2/velodyne/install/velodyne_driver/share/velodyne_driver/hook/cmake_prefix_path.ps1'
[11.423s] INFO:colcon.colcon_core.shell:Creating environment descriptor '/home/aiv/workspace/ros2/velodyne/install/velodyne_driver/share/velodyne_driver/hook/cmake_prefix_path.dsv'
[11.423s] INFO:colcon.colcon_core.shell:Creating environment hook '/home/aiv/workspace/ros2/velodyne/install/velodyne_driver/share/velodyne_driver/hook/cmake_prefix_path.sh'
[11.423s] Level 1:colcon.colcon_core.environment:checking '/home/aiv/workspace/ros2/velodyne/install/velodyne_driver/lib'
[11.423s] Level 1:colcon.colcon_core.shell:create_environment_hook('velodyne_driver', 'ld_library_path_lib')
[11.423s] INFO:colcon.colcon_core.shell:Creating environment hook '/home/aiv/workspace/ros2/velodyne/install/velodyne_driver/share/velodyne_driver/hook/ld_library_path_lib.ps1'
[11.424s] INFO:colcon.colcon_core.shell:Creating environment descriptor '/home/aiv/workspace/ros2/velodyne/install/velodyne_driver/share/velodyne_driver/hook/ld_library_path_lib.dsv'
[11.424s] INFO:colcon.colcon_core.shell:Creating environment hook '/home/aiv/workspace/ros2/velodyne/install/velodyne_driver/share/velodyne_driver/hook/ld_library_path_lib.sh'
[11.424s] Level 1:colcon.colcon_core.environment:checking '/home/aiv/workspace/ros2/velodyne/install/velodyne_driver/bin'
[11.424s] Level 1:colcon.colcon_core.environment:checking '/home/aiv/workspace/ros2/velodyne/install/velodyne_driver/lib/pkgconfig/velodyne_driver.pc'
[11.424s] Level 1:colcon.colcon_core.environment:checking '/home/aiv/workspace/ros2/velodyne/install/velodyne_driver/lib/python3.10/site-packages'
[11.424s] Level 1:colcon.colcon_core.environment:checking '/home/aiv/workspace/ros2/velodyne/install/velodyne_driver/bin'
[11.424s] INFO:colcon.colcon_core.shell:Creating package script '/home/aiv/workspace/ros2/velodyne/install/velodyne_driver/share/velodyne_driver/package.ps1'
[11.424s] INFO:colcon.colcon_core.shell:Creating package descriptor '/home/aiv/workspace/ros2/velodyne/install/velodyne_driver/share/velodyne_driver/package.dsv'
[11.425s] INFO:colcon.colcon_core.shell:Creating package script '/home/aiv/workspace/ros2/velodyne/install/velodyne_driver/share/velodyne_driver/package.sh'
[11.425s] INFO:colcon.colcon_core.shell:Creating package script '/home/aiv/workspace/ros2/velodyne/install/velodyne_driver/share/velodyne_driver/package.bash'
[11.425s] INFO:colcon.colcon_core.shell:Creating package script '/home/aiv/workspace/ros2/velodyne/install/velodyne_driver/share/velodyne_driver/package.zsh'
[11.425s] Level 1:colcon.colcon_core.environment:create_file_with_runtime_dependencies(/home/aiv/workspace/ros2/velodyne/install/velodyne_driver/share/colcon-core/packages/velodyne_driver)
[11.425s] Level 1:colcon.colcon_core.environment:create_environment_scripts_only(velodyne_driver)
[11.425s] Level 1:colcon.colcon_core.environment:checking '/home/aiv/workspace/ros2/velodyne/install/velodyne_driver' for CMake module files
[11.425s] Level 1:colcon.colcon_core.environment:checking '/home/aiv/workspace/ros2/velodyne/install/velodyne_driver' for CMake config files
[11.426s] Level 1:colcon.colcon_core.shell:create_environment_hook('velodyne_driver', 'cmake_prefix_path')
[11.426s] INFO:colcon.colcon_core.shell:Creating environment hook '/home/aiv/workspace/ros2/velodyne/install/velodyne_driver/share/velodyne_driver/hook/cmake_prefix_path.ps1'
[11.426s] INFO:colcon.colcon_core.shell:Creating environment descriptor '/home/aiv/workspace/ros2/velodyne/install/velodyne_driver/share/velodyne_driver/hook/cmake_prefix_path.dsv'
[11.426s] INFO:colcon.colcon_core.shell:Creating environment hook '/home/aiv/workspace/ros2/velodyne/install/velodyne_driver/share/velodyne_driver/hook/cmake_prefix_path.sh'
[11.426s] Level 1:colcon.colcon_core.environment:checking '/home/aiv/workspace/ros2/velodyne/install/velodyne_driver/lib'
[11.426s] Level 1:colcon.colcon_core.shell:create_environment_hook('velodyne_driver', 'ld_library_path_lib')
[11.426s] INFO:colcon.colcon_core.shell:Creating environment hook '/home/aiv/workspace/ros2/velodyne/install/velodyne_driver/share/velodyne_driver/hook/ld_library_path_lib.ps1'
[11.426s] INFO:colcon.colcon_core.shell:Creating environment descriptor '/home/aiv/workspace/ros2/velodyne/install/velodyne_driver/share/velodyne_driver/hook/ld_library_path_lib.dsv'
[11.427s] INFO:colcon.colcon_core.shell:Creating environment hook '/home/aiv/workspace/ros2/velodyne/install/velodyne_driver/share/velodyne_driver/hook/ld_library_path_lib.sh'
[11.427s] Level 1:colcon.colcon_core.environment:checking '/home/aiv/workspace/ros2/velodyne/install/velodyne_driver/bin'
[11.427s] Level 1:colcon.colcon_core.environment:checking '/home/aiv/workspace/ros2/velodyne/install/velodyne_driver/lib/pkgconfig/velodyne_driver.pc'
[11.427s] Level 1:colcon.colcon_core.environment:checking '/home/aiv/workspace/ros2/velodyne/install/velodyne_driver/lib/python3.10/site-packages'
[11.427s] Level 1:colcon.colcon_core.environment:checking '/home/aiv/workspace/ros2/velodyne/install/velodyne_driver/bin'
[11.427s] INFO:colcon.colcon_core.shell:Creating package script '/home/aiv/workspace/ros2/velodyne/install/velodyne_driver/share/velodyne_driver/package.ps1'
[11.427s] INFO:colcon.colcon_core.shell:Creating package descriptor '/home/aiv/workspace/ros2/velodyne/install/velodyne_driver/share/velodyne_driver/package.dsv'
[11.427s] INFO:colcon.colcon_core.shell:Creating package script '/home/aiv/workspace/ros2/velodyne/install/velodyne_driver/share/velodyne_driver/package.sh'
[11.428s] INFO:colcon.colcon_core.shell:Creating package script '/home/aiv/workspace/ros2/velodyne/install/velodyne_driver/share/velodyne_driver/package.bash'
[11.428s] INFO:colcon.colcon_core.shell:Creating package script '/home/aiv/workspace/ros2/velodyne/install/velodyne_driver/share/velodyne_driver/package.zsh'
[11.428s] Level 1:colcon.colcon_core.environment:create_file_with_runtime_dependencies(/home/aiv/workspace/ros2/velodyne/install/velodyne_driver/share/colcon-core/packages/velodyne_driver)
[14.092s] DEBUG:colcon.colcon_core.event_handler.log_command:Invoked command in '/home/aiv/workspace/ros2/velodyne/build/velodyne_pointcloud' returned '0': AMENT_PREFIX_PATH=/home/aiv/workspace/ros2/velodyne/install/velodyne_msgs:${AMENT_PREFIX_PATH} CMAKE_PREFIX_PATH=/home/aiv/workspace/ros2/velodyne/install/velodyne_msgs:/home/aiv/workspace/ros2/t870_ros/install/t870_serial:/home/aiv/workspace/ros2/t870_ros/install/t870_rqt_plugin:/home/aiv/workspace/ros2/t870_ros/install/t870_util:/home/aiv/workspace/ros2/t870_ros/install/t870_msgs:/home/aiv/workspace/ros2/t870_ros/install/t870_cmake:/home/aiv/workspace/ros2/erp42_racing_ros/install/erp42_racing_serial:/home/aiv/workspace/ros2/erp42_racing_ros/install/erp42_racing_rqt_plugin:/home/aiv/workspace/ros2/erp42_racing_ros/install/erp42_racing_gazebo:/home/aiv/workspace/ros2/erp42_racing_ros/install/erp42_racing_util:/home/aiv/workspace/ros2/erp42_racing_ros/install/erp42_racing_msgs:/home/aiv/workspace/ros2/erp42_racing_ros/install/erp42_racing_description:/home/aiv/workspace/ros2/erp42_racing_ros/install/erp42_racing_cmake:/home/aiv/workspace/ros2/erp42_ros/install/erp42_serial:/home/aiv/workspace/ros2/erp42_ros/install/erp42_rqt_plugin:/home/aiv/workspace/ros2/erp42_ros/install/erp42_gazebo:/home/aiv/workspace/ros2/erp42_ros/install/erp42_util:/home/aiv/workspace/ros2/erp42_ros/install/erp42_msgs:/home/aiv/workspace/ros2/erp42_ros/install/erp42_description:/home/aiv/workspace/ros2/erp42_ros/install/erp42_cmake:/opt/ros/humble LD_LIBRARY_PATH=/home/aiv/workspace/ros2/velodyne/install/velodyne_msgs/lib:${LD_LIBRARY_PATH} PYTHONPATH=/home/aiv/workspace/ros2/velodyne/install/velodyne_msgs/local/lib/python3.10/dist-packages:${PYTHONPATH} /usr/bin/cmake --build /home/aiv/workspace/ros2/velodyne/build/velodyne_pointcloud -- -j28 -l28
[14.094s] DEBUG:colcon.colcon_core.event_handler.log_command:Invoking command in '/home/aiv/workspace/ros2/velodyne/build/velodyne_pointcloud': AMENT_PREFIX_PATH=/home/aiv/workspace/ros2/velodyne/install/velodyne_msgs:${AMENT_PREFIX_PATH} CMAKE_PREFIX_PATH=/home/aiv/workspace/ros2/velodyne/install/velodyne_msgs:/home/aiv/workspace/ros2/t870_ros/install/t870_serial:/home/aiv/workspace/ros2/t870_ros/install/t870_rqt_plugin:/home/aiv/workspace/ros2/t870_ros/install/t870_util:/home/aiv/workspace/ros2/t870_ros/install/t870_msgs:/home/aiv/workspace/ros2/t870_ros/install/t870_cmake:/home/aiv/workspace/ros2/erp42_racing_ros/install/erp42_racing_serial:/home/aiv/workspace/ros2/erp42_racing_ros/install/erp42_racing_rqt_plugin:/home/aiv/workspace/ros2/erp42_racing_ros/install/erp42_racing_gazebo:/home/aiv/workspace/ros2/erp42_racing_ros/install/erp42_racing_util:/home/aiv/workspace/ros2/erp42_racing_ros/install/erp42_racing_msgs:/home/aiv/workspace/ros2/erp42_racing_ros/install/erp42_racing_description:/home/aiv/workspace/ros2/erp42_racing_ros/install/erp42_racing_cmake:/home/aiv/workspace/ros2/erp42_ros/install/erp42_serial:/home/aiv/workspace/ros2/erp42_ros/install/erp42_rqt_plugin:/home/aiv/workspace/ros2/erp42_ros/install/erp42_gazebo:/home/aiv/workspace/ros2/erp42_ros/install/erp42_util:/home/aiv/workspace/ros2/erp42_ros/install/erp42_msgs:/home/aiv/workspace/ros2/erp42_ros/install/erp42_description:/home/aiv/workspace/ros2/erp42_ros/install/erp42_cmake:/opt/ros/humble LD_LIBRARY_PATH=/home/aiv/workspace/ros2/velodyne/install/velodyne_msgs/lib:${LD_LIBRARY_PATH} PYTHONPATH=/home/aiv/workspace/ros2/velodyne/install/velodyne_msgs/local/lib/python3.10/dist-packages:${PYTHONPATH} /usr/bin/cmake --install /home/aiv/workspace/ros2/velodyne/build/velodyne_pointcloud
[14.351s] Level 1:colcon.colcon_core.environment:create_environment_scripts_only(velodyne_pointcloud)
[14.351s] DEBUG:colcon.colcon_core.event_handler.log_command:Invoked command in '/home/aiv/workspace/ros2/velodyne/build/velodyne_pointcloud' returned '0': AMENT_PREFIX_PATH=/home/aiv/workspace/ros2/velodyne/install/velodyne_msgs:${AMENT_PREFIX_PATH} CMAKE_PREFIX_PATH=/home/aiv/workspace/ros2/velodyne/install/velodyne_msgs:/home/aiv/workspace/ros2/t870_ros/install/t870_serial:/home/aiv/workspace/ros2/t870_ros/install/t870_rqt_plugin:/home/aiv/workspace/ros2/t870_ros/install/t870_util:/home/aiv/workspace/ros2/t870_ros/install/t870_msgs:/home/aiv/workspace/ros2/t870_ros/install/t870_cmake:/home/aiv/workspace/ros2/erp42_racing_ros/install/erp42_racing_serial:/home/aiv/workspace/ros2/erp42_racing_ros/install/erp42_racing_rqt_plugin:/home/aiv/workspace/ros2/erp42_racing_ros/install/erp42_racing_gazebo:/home/aiv/workspace/ros2/erp42_racing_ros/install/erp42_racing_util:/home/aiv/workspace/ros2/erp42_racing_ros/install/erp42_racing_msgs:/home/aiv/workspace/ros2/erp42_racing_ros/install/erp42_racing_description:/home/aiv/workspace/ros2/erp42_racing_ros/install/erp42_racing_cmake:/home/aiv/workspace/ros2/erp42_ros/install/erp42_serial:/home/aiv/workspace/ros2/erp42_ros/install/erp42_rqt_plugin:/home/aiv/workspace/ros2/erp42_ros/install/erp42_gazebo:/home/aiv/workspace/ros2/erp42_ros/install/erp42_util:/home/aiv/workspace/ros2/erp42_ros/install/erp42_msgs:/home/aiv/workspace/ros2/erp42_ros/install/erp42_description:/home/aiv/workspace/ros2/erp42_ros/install/erp42_cmake:/opt/ros/humble LD_LIBRARY_PATH=/home/aiv/workspace/ros2/velodyne/install/velodyne_msgs/lib:${LD_LIBRARY_PATH} PYTHONPATH=/home/aiv/workspace/ros2/velodyne/install/velodyne_msgs/local/lib/python3.10/dist-packages:${PYTHONPATH} /usr/bin/cmake --install /home/aiv/workspace/ros2/velodyne/build/velodyne_pointcloud
[14.351s] Level 1:colcon.colcon_core.environment:checking '/home/aiv/workspace/ros2/velodyne/install/velodyne_pointcloud' for CMake module files
[14.351s] Level 1:colcon.colcon_core.environment:checking '/home/aiv/workspace/ros2/velodyne/install/velodyne_pointcloud' for CMake config files
[14.351s] Level 1:colcon.colcon_core.shell:create_environment_hook('velodyne_pointcloud', 'cmake_prefix_path')
[14.351s] INFO:colcon.colcon_core.shell:Creating environment hook '/home/aiv/workspace/ros2/velodyne/install/velodyne_pointcloud/share/velodyne_pointcloud/hook/cmake_prefix_path.ps1'
[14.352s] INFO:colcon.colcon_core.shell:Creating environment descriptor '/home/aiv/workspace/ros2/velodyne/install/velodyne_pointcloud/share/velodyne_pointcloud/hook/cmake_prefix_path.dsv'
[14.352s] INFO:colcon.colcon_core.shell:Creating environment hook '/home/aiv/workspace/ros2/velodyne/install/velodyne_pointcloud/share/velodyne_pointcloud/hook/cmake_prefix_path.sh'
[14.352s] Level 1:colcon.colcon_core.environment:checking '/home/aiv/workspace/ros2/velodyne/install/velodyne_pointcloud/lib'
[14.352s] Level 1:colcon.colcon_core.shell:create_environment_hook('velodyne_pointcloud', 'ld_library_path_lib')
[14.352s] INFO:colcon.colcon_core.shell:Creating environment hook '/home/aiv/workspace/ros2/velodyne/install/velodyne_pointcloud/share/velodyne_pointcloud/hook/ld_library_path_lib.ps1'
[14.352s] INFO:colcon.colcon_core.shell:Creating environment descriptor '/home/aiv/workspace/ros2/velodyne/install/velodyne_pointcloud/share/velodyne_pointcloud/hook/ld_library_path_lib.dsv'
[14.352s] INFO:colcon.colcon_core.shell:Creating environment hook '/home/aiv/workspace/ros2/velodyne/install/velodyne_pointcloud/share/velodyne_pointcloud/hook/ld_library_path_lib.sh'
[14.353s] Level 1:colcon.colcon_core.environment:checking '/home/aiv/workspace/ros2/velodyne/install/velodyne_pointcloud/bin'
[14.353s] Level 1:colcon.colcon_core.environment:checking '/home/aiv/workspace/ros2/velodyne/install/velodyne_pointcloud/lib/pkgconfig/velodyne_pointcloud.pc'
[14.353s] Level 1:colcon.colcon_core.environment:checking '/home/aiv/workspace/ros2/velodyne/install/velodyne_pointcloud/lib/python3.10/site-packages'
[14.353s] Level 1:colcon.colcon_core.environment:checking '/home/aiv/workspace/ros2/velodyne/install/velodyne_pointcloud/bin'
[14.353s] INFO:colcon.colcon_core.shell:Creating package script '/home/aiv/workspace/ros2/velodyne/install/velodyne_pointcloud/share/velodyne_pointcloud/package.ps1'
[14.353s] INFO:colcon.colcon_core.shell:Creating package descriptor '/home/aiv/workspace/ros2/velodyne/install/velodyne_pointcloud/share/velodyne_pointcloud/package.dsv'
[14.353s] INFO:colcon.colcon_core.shell:Creating package script '/home/aiv/workspace/ros2/velodyne/install/velodyne_pointcloud/share/velodyne_pointcloud/package.sh'
[14.353s] INFO:colcon.colcon_core.shell:Creating package script '/home/aiv/workspace/ros2/velodyne/install/velodyne_pointcloud/share/velodyne_pointcloud/package.bash'
[14.354s] INFO:colcon.colcon_core.shell:Creating package script '/home/aiv/workspace/ros2/velodyne/install/velodyne_pointcloud/share/velodyne_pointcloud/package.zsh'
[14.354s] Level 1:colcon.colcon_core.environment:create_file_with_runtime_dependencies(/home/aiv/workspace/ros2/velodyne/install/velodyne_pointcloud/share/colcon-core/packages/velodyne_pointcloud)
[14.354s] Level 1:colcon.colcon_core.environment:create_environment_scripts_only(velodyne_pointcloud)
[14.354s] Level 1:colcon.colcon_core.environment:checking '/home/aiv/workspace/ros2/velodyne/install/velodyne_pointcloud' for CMake module files
[14.354s] Level 1:colcon.colcon_core.environment:checking '/home/aiv/workspace/ros2/velodyne/install/velodyne_pointcloud' for CMake config files
[14.354s] Level 1:colcon.colcon_core.shell:create_environment_hook('velodyne_pointcloud', 'cmake_prefix_path')
[14.354s] INFO:colcon.colcon_core.shell:Creating environment hook '/home/aiv/workspace/ros2/velodyne/install/velodyne_pointcloud/share/velodyne_pointcloud/hook/cmake_prefix_path.ps1'
[14.355s] INFO:colcon.colcon_core.shell:Creating environment descriptor '/home/aiv/workspace/ros2/velodyne/install/velodyne_pointcloud/share/velodyne_pointcloud/hook/cmake_prefix_path.dsv'
[14.355s] INFO:colcon.colcon_core.shell:Creating environment hook '/home/aiv/workspace/ros2/velodyne/install/velodyne_pointcloud/share/velodyne_pointcloud/hook/cmake_prefix_path.sh'
[14.355s] Level 1:colcon.colcon_core.environment:checking '/home/aiv/workspace/ros2/velodyne/install/velodyne_pointcloud/lib'
[14.355s] Level 1:colcon.colcon_core.shell:create_environment_hook('velodyne_pointcloud', 'ld_library_path_lib')
[14.355s] INFO:colcon.colcon_core.shell:Creating environment hook '/home/aiv/workspace/ros2/velodyne/install/velodyne_pointcloud/share/velodyne_pointcloud/hook/ld_library_path_lib.ps1'
[14.355s] INFO:colcon.colcon_core.shell:Creating environment descriptor '/home/aiv/workspace/ros2/velodyne/install/velodyne_pointcloud/share/velodyne_pointcloud/hook/ld_library_path_lib.dsv'
[14.355s] INFO:colcon.colcon_core.shell:Creating environment hook '/home/aiv/workspace/ros2/velodyne/install/velodyne_pointcloud/share/velodyne_pointcloud/hook/ld_library_path_lib.sh'
[14.355s] Level 1:colcon.colcon_core.environment:checking '/home/aiv/workspace/ros2/velodyne/install/velodyne_pointcloud/bin'
[14.355s] Level 1:colcon.colcon_core.environment:checking '/home/aiv/workspace/ros2/velodyne/install/velodyne_pointcloud/lib/pkgconfig/velodyne_pointcloud.pc'
[14.355s] Level 1:colcon.colcon_core.environment:checking '/home/aiv/workspace/ros2/velodyne/install/velodyne_pointcloud/lib/python3.10/site-packages'
[14.356s] Level 1:colcon.colcon_core.environment:checking '/home/aiv/workspace/ros2/velodyne/install/velodyne_pointcloud/bin'
[14.356s] INFO:colcon.colcon_core.shell:Creating package script '/home/aiv/workspace/ros2/velodyne/install/velodyne_pointcloud/share/velodyne_pointcloud/package.ps1'
[14.356s] INFO:colcon.colcon_core.shell:Creating package descriptor '/home/aiv/workspace/ros2/velodyne/install/velodyne_pointcloud/share/velodyne_pointcloud/package.dsv'
[14.356s] INFO:colcon.colcon_core.shell:Creating package script '/home/aiv/workspace/ros2/velodyne/install/velodyne_pointcloud/share/velodyne_pointcloud/package.sh'
[14.356s] INFO:colcon.colcon_core.shell:Creating package script '/home/aiv/workspace/ros2/velodyne/install/velodyne_pointcloud/share/velodyne_pointcloud/package.bash'
[14.356s] INFO:colcon.colcon_core.shell:Creating package script '/home/aiv/workspace/ros2/velodyne/install/velodyne_pointcloud/share/velodyne_pointcloud/package.zsh'
[14.357s] Level 1:colcon.colcon_core.environment:create_file_with_runtime_dependencies(/home/aiv/workspace/ros2/velodyne/install/velodyne_pointcloud/share/colcon-core/packages/velodyne_pointcloud)
[14.357s] INFO:colcon.colcon_ros.task.ament_cmake.build:Building ROS package in '/home/aiv/workspace/ros2/velodyne/velodyne' with build type 'ament_cmake'
[14.357s] INFO:colcon.colcon_cmake.task.cmake.build:Building CMake package in '/home/aiv/workspace/ros2/velodyne/velodyne'
[14.357s] INFO:colcon.colcon_core.shell:Skip shell extension 'powershell' for command environment: Not usable outside of PowerShell
[14.357s] DEBUG:colcon.colcon_core.shell:Skip shell extension 'dsv' for command environment
[14.367s] DEBUG:colcon.colcon_core.event_handler.log_command:Invoking command in '/home/aiv/workspace/ros2/velodyne/build/velodyne': AMENT_PREFIX_PATH=/home/aiv/workspace/ros2/velodyne/install/velodyne_pointcloud:/home/aiv/workspace/ros2/velodyne/install/velodyne_driver:/home/aiv/workspace/ros2/velodyne/install/velodyne_msgs:/home/aiv/workspace/ros2/velodyne/install/velodyne_laserscan:${AMENT_PREFIX_PATH} CMAKE_PREFIX_PATH=/home/aiv/workspace/ros2/velodyne/install/velodyne_pointcloud:/home/aiv/workspace/ros2/velodyne/install/velodyne_driver:/home/aiv/workspace/ros2/velodyne/install/velodyne_msgs:/home/aiv/workspace/ros2/velodyne/install/velodyne_laserscan:/home/aiv/workspace/ros2/t870_ros/install/t870_serial:/home/aiv/workspace/ros2/t870_ros/install/t870_rqt_plugin:/home/aiv/workspace/ros2/t870_ros/install/t870_util:/home/aiv/workspace/ros2/t870_ros/install/t870_msgs:/home/aiv/workspace/ros2/t870_ros/install/t870_cmake:/home/aiv/workspace/ros2/erp42_racing_ros/install/erp42_racing_serial:/home/aiv/workspace/ros2/erp42_racing_ros/install/erp42_racing_rqt_plugin:/home/aiv/workspace/ros2/erp42_racing_ros/install/erp42_racing_gazebo:/home/aiv/workspace/ros2/erp42_racing_ros/install/erp42_racing_util:/home/aiv/workspace/ros2/erp42_racing_ros/install/erp42_racing_msgs:/home/aiv/workspace/ros2/erp42_racing_ros/install/erp42_racing_description:/home/aiv/workspace/ros2/erp42_racing_ros/install/erp42_racing_cmake:/home/aiv/workspace/ros2/erp42_ros/install/erp42_serial:/home/aiv/workspace/ros2/erp42_ros/install/erp42_rqt_plugin:/home/aiv/workspace/ros2/erp42_ros/install/erp42_gazebo:/home/aiv/workspace/ros2/erp42_ros/install/erp42_util:/home/aiv/workspace/ros2/erp42_ros/install/erp42_msgs:/home/aiv/workspace/ros2/erp42_ros/install/erp42_description:/home/aiv/workspace/ros2/erp42_ros/install/erp42_cmake:/opt/ros/humble LD_LIBRARY_PATH=/home/aiv/workspace/ros2/velodyne/install/velodyne_pointcloud/lib:/home/aiv/workspace/ros2/velodyne/install/velodyne_driver/lib:/home/aiv/workspace/ros2/velodyne/install/velodyne_msgs/lib:/home/aiv/workspace/ros2/velodyne/install/velodyne_laserscan/lib:${LD_LIBRARY_PATH} PYTHONPATH=/home/aiv/workspace/ros2/velodyne/install/velodyne_msgs/local/lib/python3.10/dist-packages:${PYTHONPATH} /usr/bin/cmake /home/aiv/workspace/ros2/velodyne/velodyne -DAMENT_CMAKE_SYMLINK_INSTALL=1 -DCMAKE_INSTALL_PREFIX=/home/aiv/workspace/ros2/velodyne/install/velodyne
[14.716s] DEBUG:colcon.colcon_core.event_handler.log_command:Invoked command in '/home/aiv/workspace/ros2/velodyne/build/velodyne' returned '0': AMENT_PREFIX_PATH=/home/aiv/workspace/ros2/velodyne/install/velodyne_pointcloud:/home/aiv/workspace/ros2/velodyne/install/velodyne_driver:/home/aiv/workspace/ros2/velodyne/install/velodyne_msgs:/home/aiv/workspace/ros2/velodyne/install/velodyne_laserscan:${AMENT_PREFIX_PATH} CMAKE_PREFIX_PATH=/home/aiv/workspace/ros2/velodyne/install/velodyne_pointcloud:/home/aiv/workspace/ros2/velodyne/install/velodyne_driver:/home/aiv/workspace/ros2/velodyne/install/velodyne_msgs:/home/aiv/workspace/ros2/velodyne/install/velodyne_laserscan:/home/aiv/workspace/ros2/t870_ros/install/t870_serial:/home/aiv/workspace/ros2/t870_ros/install/t870_rqt_plugin:/home/aiv/workspace/ros2/t870_ros/install/t870_util:/home/aiv/workspace/ros2/t870_ros/install/t870_msgs:/home/aiv/workspace/ros2/t870_ros/install/t870_cmake:/home/aiv/workspace/ros2/erp42_racing_ros/install/erp42_racing_serial:/home/aiv/workspace/ros2/erp42_racing_ros/install/erp42_racing_rqt_plugin:/home/aiv/workspace/ros2/erp42_racing_ros/install/erp42_racing_gazebo:/home/aiv/workspace/ros2/erp42_racing_ros/install/erp42_racing_util:/home/aiv/workspace/ros2/erp42_racing_ros/install/erp42_racing_msgs:/home/aiv/workspace/ros2/erp42_racing_ros/install/erp42_racing_description:/home/aiv/workspace/ros2/erp42_racing_ros/install/erp42_racing_cmake:/home/aiv/workspace/ros2/erp42_ros/install/erp42_serial:/home/aiv/workspace/ros2/erp42_ros/install/erp42_rqt_plugin:/home/aiv/workspace/ros2/erp42_ros/install/erp42_gazebo:/home/aiv/workspace/ros2/erp42_ros/install/erp42_util:/home/aiv/workspace/ros2/erp42_ros/install/erp42_msgs:/home/aiv/workspace/ros2/erp42_ros/install/erp42_description:/home/aiv/workspace/ros2/erp42_ros/install/erp42_cmake:/opt/ros/humble LD_LIBRARY_PATH=/home/aiv/workspace/ros2/velodyne/install/velodyne_pointcloud/lib:/home/aiv/workspace/ros2/velodyne/install/velodyne_driver/lib:/home/aiv/workspace/ros2/velodyne/install/velodyne_msgs/lib:/home/aiv/workspace/ros2/velodyne/install/velodyne_laserscan/lib:${LD_LIBRARY_PATH} PYTHONPATH=/home/aiv/workspace/ros2/velodyne/install/velodyne_msgs/local/lib/python3.10/dist-packages:${PYTHONPATH} /usr/bin/cmake /home/aiv/workspace/ros2/velodyne/velodyne -DAMENT_CMAKE_SYMLINK_INSTALL=1 -DCMAKE_INSTALL_PREFIX=/home/aiv/workspace/ros2/velodyne/install/velodyne
[14.717s] DEBUG:colcon.colcon_core.event_handler.log_command:Invoking command in '/home/aiv/workspace/ros2/velodyne/build/velodyne': AMENT_PREFIX_PATH=/home/aiv/workspace/ros2/velodyne/install/velodyne_pointcloud:/home/aiv/workspace/ros2/velodyne/install/velodyne_driver:/home/aiv/workspace/ros2/velodyne/install/velodyne_msgs:/home/aiv/workspace/ros2/velodyne/install/velodyne_laserscan:${AMENT_PREFIX_PATH} CMAKE_PREFIX_PATH=/home/aiv/workspace/ros2/velodyne/install/velodyne_pointcloud:/home/aiv/workspace/ros2/velodyne/install/velodyne_driver:/home/aiv/workspace/ros2/velodyne/install/velodyne_msgs:/home/aiv/workspace/ros2/velodyne/install/velodyne_laserscan:/home/aiv/workspace/ros2/t870_ros/install/t870_serial:/home/aiv/workspace/ros2/t870_ros/install/t870_rqt_plugin:/home/aiv/workspace/ros2/t870_ros/install/t870_util:/home/aiv/workspace/ros2/t870_ros/install/t870_msgs:/home/aiv/workspace/ros2/t870_ros/install/t870_cmake:/home/aiv/workspace/ros2/erp42_racing_ros/install/erp42_racing_serial:/home/aiv/workspace/ros2/erp42_racing_ros/install/erp42_racing_rqt_plugin:/home/aiv/workspace/ros2/erp42_racing_ros/install/erp42_racing_gazebo:/home/aiv/workspace/ros2/erp42_racing_ros/install/erp42_racing_util:/home/aiv/workspace/ros2/erp42_racing_ros/install/erp42_racing_msgs:/home/aiv/workspace/ros2/erp42_racing_ros/install/erp42_racing_description:/home/aiv/workspace/ros2/erp42_racing_ros/install/erp42_racing_cmake:/home/aiv/workspace/ros2/erp42_ros/install/erp42_serial:/home/aiv/workspace/ros2/erp42_ros/install/erp42_rqt_plugin:/home/aiv/workspace/ros2/erp42_ros/install/erp42_gazebo:/home/aiv/workspace/ros2/erp42_ros/install/erp42_util:/home/aiv/workspace/ros2/erp42_ros/install/erp42_msgs:/home/aiv/workspace/ros2/erp42_ros/install/erp42_description:/home/aiv/workspace/ros2/erp42_ros/install/erp42_cmake:/opt/ros/humble LD_LIBRARY_PATH=/home/aiv/workspace/ros2/velodyne/install/velodyne_pointcloud/lib:/home/aiv/workspace/ros2/velodyne/install/velodyne_driver/lib:/home/aiv/workspace/ros2/velodyne/install/velodyne_msgs/lib:/home/aiv/workspace/ros2/velodyne/install/velodyne_laserscan/lib:${LD_LIBRARY_PATH} PYTHONPATH=/home/aiv/workspace/ros2/velodyne/install/velodyne_msgs/local/lib/python3.10/dist-packages:${PYTHONPATH} /usr/bin/cmake --build /home/aiv/workspace/ros2/velodyne/build/velodyne -- -j28 -l28
[14.740s] DEBUG:colcon.colcon_core.event_handler.log_command:Invoked command in '/home/aiv/workspace/ros2/velodyne/build/velodyne' returned '0': AMENT_PREFIX_PATH=/home/aiv/workspace/ros2/velodyne/install/velodyne_pointcloud:/home/aiv/workspace/ros2/velodyne/install/velodyne_driver:/home/aiv/workspace/ros2/velodyne/install/velodyne_msgs:/home/aiv/workspace/ros2/velodyne/install/velodyne_laserscan:${AMENT_PREFIX_PATH} CMAKE_PREFIX_PATH=/home/aiv/workspace/ros2/velodyne/install/velodyne_pointcloud:/home/aiv/workspace/ros2/velodyne/install/velodyne_driver:/home/aiv/workspace/ros2/velodyne/install/velodyne_msgs:/home/aiv/workspace/ros2/velodyne/install/velodyne_laserscan:/home/aiv/workspace/ros2/t870_ros/install/t870_serial:/home/aiv/workspace/ros2/t870_ros/install/t870_rqt_plugin:/home/aiv/workspace/ros2/t870_ros/install/t870_util:/home/aiv/workspace/ros2/t870_ros/install/t870_msgs:/home/aiv/workspace/ros2/t870_ros/install/t870_cmake:/home/aiv/workspace/ros2/erp42_racing_ros/install/erp42_racing_serial:/home/aiv/workspace/ros2/erp42_racing_ros/install/erp42_racing_rqt_plugin:/home/aiv/workspace/ros2/erp42_racing_ros/install/erp42_racing_gazebo:/home/aiv/workspace/ros2/erp42_racing_ros/install/erp42_racing_util:/home/aiv/workspace/ros2/erp42_racing_ros/install/erp42_racing_msgs:/home/aiv/workspace/ros2/erp42_racing_ros/install/erp42_racing_description:/home/aiv/workspace/ros2/erp42_racing_ros/install/erp42_racing_cmake:/home/aiv/workspace/ros2/erp42_ros/install/erp42_serial:/home/aiv/workspace/ros2/erp42_ros/install/erp42_rqt_plugin:/home/aiv/workspace/ros2/erp42_ros/install/erp42_gazebo:/home/aiv/workspace/ros2/erp42_ros/install/erp42_util:/home/aiv/workspace/ros2/erp42_ros/install/erp42_msgs:/home/aiv/workspace/ros2/erp42_ros/install/erp42_description:/home/aiv/workspace/ros2/erp42_ros/install/erp42_cmake:/opt/ros/humble LD_LIBRARY_PATH=/home/aiv/workspace/ros2/velodyne/install/velodyne_pointcloud/lib:/home/aiv/workspace/ros2/velodyne/install/velodyne_driver/lib:/home/aiv/workspace/ros2/velodyne/install/velodyne_msgs/lib:/home/aiv/workspace/ros2/velodyne/install/velodyne_laserscan/lib:${LD_LIBRARY_PATH} PYTHONPATH=/home/aiv/workspace/ros2/velodyne/install/velodyne_msgs/local/lib/python3.10/dist-packages:${PYTHONPATH} /usr/bin/cmake --build /home/aiv/workspace/ros2/velodyne/build/velodyne -- -j28 -l28
[14.741s] DEBUG:colcon.colcon_core.event_handler.log_command:Invoking command in '/home/aiv/workspace/ros2/velodyne/build/velodyne': AMENT_PREFIX_PATH=/home/aiv/workspace/ros2/velodyne/install/velodyne_pointcloud:/home/aiv/workspace/ros2/velodyne/install/velodyne_driver:/home/aiv/workspace/ros2/velodyne/install/velodyne_msgs:/home/aiv/workspace/ros2/velodyne/install/velodyne_laserscan:${AMENT_PREFIX_PATH} CMAKE_PREFIX_PATH=/home/aiv/workspace/ros2/velodyne/install/velodyne_pointcloud:/home/aiv/workspace/ros2/velodyne/install/velodyne_driver:/home/aiv/workspace/ros2/velodyne/install/velodyne_msgs:/home/aiv/workspace/ros2/velodyne/install/velodyne_laserscan:/home/aiv/workspace/ros2/t870_ros/install/t870_serial:/home/aiv/workspace/ros2/t870_ros/install/t870_rqt_plugin:/home/aiv/workspace/ros2/t870_ros/install/t870_util:/home/aiv/workspace/ros2/t870_ros/install/t870_msgs:/home/aiv/workspace/ros2/t870_ros/install/t870_cmake:/home/aiv/workspace/ros2/erp42_racing_ros/install/erp42_racing_serial:/home/aiv/workspace/ros2/erp42_racing_ros/install/erp42_racing_rqt_plugin:/home/aiv/workspace/ros2/erp42_racing_ros/install/erp42_racing_gazebo:/home/aiv/workspace/ros2/erp42_racing_ros/install/erp42_racing_util:/home/aiv/workspace/ros2/erp42_racing_ros/install/erp42_racing_msgs:/home/aiv/workspace/ros2/erp42_racing_ros/install/erp42_racing_description:/home/aiv/workspace/ros2/erp42_racing_ros/install/erp42_racing_cmake:/home/aiv/workspace/ros2/erp42_ros/install/erp42_serial:/home/aiv/workspace/ros2/erp42_ros/install/erp42_rqt_plugin:/home/aiv/workspace/ros2/erp42_ros/install/erp42_gazebo:/home/aiv/workspace/ros2/erp42_ros/install/erp42_util:/home/aiv/workspace/ros2/erp42_ros/install/erp42_msgs:/home/aiv/workspace/ros2/erp42_ros/install/erp42_description:/home/aiv/workspace/ros2/erp42_ros/install/erp42_cmake:/opt/ros/humble LD_LIBRARY_PATH=/home/aiv/workspace/ros2/velodyne/install/velodyne_pointcloud/lib:/home/aiv/workspace/ros2/velodyne/install/velodyne_driver/lib:/home/aiv/workspace/ros2/velodyne/install/velodyne_msgs/lib:/home/aiv/workspace/ros2/velodyne/install/velodyne_laserscan/lib:${LD_LIBRARY_PATH} PYTHONPATH=/home/aiv/workspace/ros2/velodyne/install/velodyne_msgs/local/lib/python3.10/dist-packages:${PYTHONPATH} /usr/bin/cmake --install /home/aiv/workspace/ros2/velodyne/build/velodyne
[14.843s] Level 1:colcon.colcon_core.environment:create_environment_scripts_only(velodyne)
[14.843s] DEBUG:colcon.colcon_core.event_handler.log_command:Invoked command in '/home/aiv/workspace/ros2/velodyne/build/velodyne' returned '0': AMENT_PREFIX_PATH=/home/aiv/workspace/ros2/velodyne/install/velodyne_pointcloud:/home/aiv/workspace/ros2/velodyne/install/velodyne_driver:/home/aiv/workspace/ros2/velodyne/install/velodyne_msgs:/home/aiv/workspace/ros2/velodyne/install/velodyne_laserscan:${AMENT_PREFIX_PATH} CMAKE_PREFIX_PATH=/home/aiv/workspace/ros2/velodyne/install/velodyne_pointcloud:/home/aiv/workspace/ros2/velodyne/install/velodyne_driver:/home/aiv/workspace/ros2/velodyne/install/velodyne_msgs:/home/aiv/workspace/ros2/velodyne/install/velodyne_laserscan:/home/aiv/workspace/ros2/t870_ros/install/t870_serial:/home/aiv/workspace/ros2/t870_ros/install/t870_rqt_plugin:/home/aiv/workspace/ros2/t870_ros/install/t870_util:/home/aiv/workspace/ros2/t870_ros/install/t870_msgs:/home/aiv/workspace/ros2/t870_ros/install/t870_cmake:/home/aiv/workspace/ros2/erp42_racing_ros/install/erp42_racing_serial:/home/aiv/workspace/ros2/erp42_racing_ros/install/erp42_racing_rqt_plugin:/home/aiv/workspace/ros2/erp42_racing_ros/install/erp42_racing_gazebo:/home/aiv/workspace/ros2/erp42_racing_ros/install/erp42_racing_util:/home/aiv/workspace/ros2/erp42_racing_ros/install/erp42_racing_msgs:/home/aiv/workspace/ros2/erp42_racing_ros/install/erp42_racing_description:/home/aiv/workspace/ros2/erp42_racing_ros/install/erp42_racing_cmake:/home/aiv/workspace/ros2/erp42_ros/install/erp42_serial:/home/aiv/workspace/ros2/erp42_ros/install/erp42_rqt_plugin:/home/aiv/workspace/ros2/erp42_ros/install/erp42_gazebo:/home/aiv/workspace/ros2/erp42_ros/install/erp42_util:/home/aiv/workspace/ros2/erp42_ros/install/erp42_msgs:/home/aiv/workspace/ros2/erp42_ros/install/erp42_description:/home/aiv/workspace/ros2/erp42_ros/install/erp42_cmake:/opt/ros/humble LD_LIBRARY_PATH=/home/aiv/workspace/ros2/velodyne/install/velodyne_pointcloud/lib:/home/aiv/workspace/ros2/velodyne/install/velodyne_driver/lib:/home/aiv/workspace/ros2/velodyne/install/velodyne_msgs/lib:/home/aiv/workspace/ros2/velodyne/install/velodyne_laserscan/lib:${LD_LIBRARY_PATH} PYTHONPATH=/home/aiv/workspace/ros2/velodyne/install/velodyne_msgs/local/lib/python3.10/dist-packages:${PYTHONPATH} /usr/bin/cmake --install /home/aiv/workspace/ros2/velodyne/build/velodyne
[14.844s] Level 1:colcon.colcon_core.environment:checking '/home/aiv/workspace/ros2/velodyne/install/velodyne' for CMake module files
[14.844s] Level 1:colcon.colcon_core.environment:checking '/home/aiv/workspace/ros2/velodyne/install/velodyne' for CMake config files
[14.844s] Level 1:colcon.colcon_core.shell:create_environment_hook('velodyne', 'cmake_prefix_path')
[14.844s] INFO:colcon.colcon_core.shell:Creating environment hook '/home/aiv/workspace/ros2/velodyne/install/velodyne/share/velodyne/hook/cmake_prefix_path.ps1'
[14.845s] INFO:colcon.colcon_core.shell:Creating environment descriptor '/home/aiv/workspace/ros2/velodyne/install/velodyne/share/velodyne/hook/cmake_prefix_path.dsv'
[14.845s] INFO:colcon.colcon_core.shell:Creating environment hook '/home/aiv/workspace/ros2/velodyne/install/velodyne/share/velodyne/hook/cmake_prefix_path.sh'
[14.845s] Level 1:colcon.colcon_core.environment:checking '/home/aiv/workspace/ros2/velodyne/install/velodyne/bin'
[14.845s] Level 1:colcon.colcon_core.environment:checking '/home/aiv/workspace/ros2/velodyne/install/velodyne/lib/pkgconfig/velodyne.pc'
[14.846s] Level 1:colcon.colcon_core.environment:checking '/home/aiv/workspace/ros2/velodyne/install/velodyne/lib/python3.10/site-packages'
[14.846s] Level 1:colcon.colcon_core.environment:checking '/home/aiv/workspace/ros2/velodyne/install/velodyne/bin'
[14.846s] INFO:colcon.colcon_core.shell:Creating package script '/home/aiv/workspace/ros2/velodyne/install/velodyne/share/velodyne/package.ps1'
[14.846s] INFO:colcon.colcon_core.shell:Creating package descriptor '/home/aiv/workspace/ros2/velodyne/install/velodyne/share/velodyne/package.dsv'
[14.847s] INFO:colcon.colcon_core.shell:Creating package script '/home/aiv/workspace/ros2/velodyne/install/velodyne/share/velodyne/package.sh'
[14.847s] INFO:colcon.colcon_core.shell:Creating package script '/home/aiv/workspace/ros2/velodyne/install/velodyne/share/velodyne/package.bash'
[14.847s] INFO:colcon.colcon_core.shell:Creating package script '/home/aiv/workspace/ros2/velodyne/install/velodyne/share/velodyne/package.zsh'
[14.847s] Level 1:colcon.colcon_core.environment:create_file_with_runtime_dependencies(/home/aiv/workspace/ros2/velodyne/install/velodyne/share/colcon-core/packages/velodyne)
[14.848s] Level 1:colcon.colcon_core.environment:create_environment_scripts_only(velodyne)
[14.848s] Level 1:colcon.colcon_core.environment:checking '/home/aiv/workspace/ros2/velodyne/install/velodyne' for CMake module files
[14.848s] Level 1:colcon.colcon_core.environment:checking '/home/aiv/workspace/ros2/velodyne/install/velodyne' for CMake config files
[14.848s] Level 1:colcon.colcon_core.shell:create_environment_hook('velodyne', 'cmake_prefix_path')
[14.848s] INFO:colcon.colcon_core.shell:Creating environment hook '/home/aiv/workspace/ros2/velodyne/install/velodyne/share/velodyne/hook/cmake_prefix_path.ps1'
[14.848s] INFO:colcon.colcon_core.shell:Creating environment descriptor '/home/aiv/workspace/ros2/velodyne/install/velodyne/share/velodyne/hook/cmake_prefix_path.dsv'
[14.849s] INFO:colcon.colcon_core.shell:Creating environment hook '/home/aiv/workspace/ros2/velodyne/install/velodyne/share/velodyne/hook/cmake_prefix_path.sh'
[14.849s] Level 1:colcon.colcon_core.environment:checking '/home/aiv/workspace/ros2/velodyne/install/velodyne/bin'
[14.849s] Level 1:colcon.colcon_core.environment:checking '/home/aiv/workspace/ros2/velodyne/install/velodyne/lib/pkgconfig/velodyne.pc'
[14.849s] Level 1:colcon.colcon_core.environment:checking '/home/aiv/workspace/ros2/velodyne/install/velodyne/lib/python3.10/site-packages'
[14.849s] Level 1:colcon.colcon_core.environment:checking '/home/aiv/workspace/ros2/velodyne/install/velodyne/bin'
[14.849s] INFO:colcon.colcon_core.shell:Creating package script '/home/aiv/workspace/ros2/velodyne/install/velodyne/share/velodyne/package.ps1'
[14.849s] INFO:colcon.colcon_core.shell:Creating package descriptor '/home/aiv/workspace/ros2/velodyne/install/velodyne/share/velodyne/package.dsv'
[14.850s] INFO:colcon.colcon_core.shell:Creating package script '/home/aiv/workspace/ros2/velodyne/install/velodyne/share/velodyne/package.sh'
[14.850s] INFO:colcon.colcon_core.shell:Creating package script '/home/aiv/workspace/ros2/velodyne/install/velodyne/share/velodyne/package.bash'
[14.850s] INFO:colcon.colcon_core.shell:Creating package script '/home/aiv/workspace/ros2/velodyne/install/velodyne/share/velodyne/package.zsh'
[14.850s] Level 1:colcon.colcon_core.environment:create_file_with_runtime_dependencies(/home/aiv/workspace/ros2/velodyne/install/velodyne/share/colcon-core/packages/velodyne)
[14.850s] DEBUG:colcon.colcon_parallel_executor.executor.parallel:closing loop
[14.850s] DEBUG:colcon.colcon_parallel_executor.executor.parallel:loop closed
[14.850s] DEBUG:colcon.colcon_parallel_executor.executor.parallel:run_until_complete finished with '0'
[14.850s] DEBUG:colcon.colcon_core.event_reactor:joining thread
[14.852s] INFO:colcon.colcon_core.plugin_system:Skipping extension 'colcon_notification.desktop_notification.terminal_notifier': Not used on non-Darwin systems
[14.853s] INFO:colcon.colcon_core.plugin_system:Skipping extension 'colcon_notification.desktop_notification.win32': Not used on non-Windows systems
[14.853s] INFO:colcon.colcon_notification.desktop_notification:Sending desktop notification using 'notify2'
[14.861s] DEBUG:colcon.colcon_core.event_reactor:joined thread
[14.861s] INFO:colcon.colcon_core.shell:Creating prefix script '/home/aiv/workspace/ros2/velodyne/install/local_setup.ps1'
[14.862s] INFO:colcon.colcon_core.shell:Creating prefix util module '/home/aiv/workspace/ros2/velodyne/install/_local_setup_util_ps1.py'
[14.862s] INFO:colcon.colcon_core.shell:Creating prefix chain script '/home/aiv/workspace/ros2/velodyne/install/setup.ps1'
[14.863s] INFO:colcon.colcon_core.shell:Creating prefix script '/home/aiv/workspace/ros2/velodyne/install/local_setup.sh'
[14.863s] INFO:colcon.colcon_core.shell:Creating prefix util module '/home/aiv/workspace/ros2/velodyne/install/_local_setup_util_sh.py'
[14.863s] INFO:colcon.colcon_core.shell:Creating prefix chain script '/home/aiv/workspace/ros2/velodyne/install/setup.sh'
[14.864s] INFO:colcon.colcon_core.shell:Creating prefix script '/home/aiv/workspace/ros2/velodyne/install/local_setup.bash'
[14.864s] INFO:colcon.colcon_core.shell:Creating prefix chain script '/home/aiv/workspace/ros2/velodyne/install/setup.bash'
[14.865s] INFO:colcon.colcon_core.shell:Creating prefix script '/home/aiv/workspace/ros2/velodyne/install/local_setup.zsh'
[14.865s] INFO:colcon.colcon_core.shell:Creating prefix chain script '/home/aiv/workspace/ros2/velodyne/install/setup.zsh'
