[0.006s] Invoking command in '/home/aiv/ev_ws/ros2_ver2/build/velodyne_laserscan': CMAKE_PREFIX_PATH=${CMAKE_PREFIX_PATH}:/home/aiv/ros2_study/install/my_second_package:/opt/ros/humble /usr/bin/cmake /home/aiv/ev_ws/ros2_ver2/velodyne/velodyne_laserscan -DCMAKE_INSTALL_PREFIX=/home/aiv/ev_ws/ros2_ver2/install/velodyne_laserscan
[0.079s] -- The C compiler identification is GNU 11.4.0
[0.130s] -- The CXX compiler identification is GNU 11.4.0
[0.136s] -- Detecting C compiler ABI info
[0.183s] -- Detecting C compiler ABI info - done
[0.187s] -- Check for working C compiler: /usr/bin/cc - skipped
[0.187s] -- Detecting C compile features
[0.187s] -- Detecting C compile features - done
[0.189s] -- Detecting CXX compiler ABI info
[0.239s] -- Detecting CXX compiler ABI info - done
[0.244s] -- Check for working CXX compiler: /usr/bin/c++ - skipped
[0.244s] -- Detecting CXX compile features
[0.244s] -- Detecting CXX compile features - done
[0.246s] -- Found ament_cmake_ros: 0.10.0 (/opt/ros/humble/share/ament_cmake_ros/cmake)
[0.348s] -- Found Python3: /usr/bin/python3 (found version "3.10.12") found components: Interpreter 
[0.419s] -- Found rclcpp: 16.0.17 (/opt/ros/humble/share/rclcpp/cmake)
[0.459s] -- Found rosidl_generator_c: 3.1.8 (/opt/ros/humble/share/rosidl_generator_c/cmake)
[0.463s] -- Found rosidl_adapter: 3.1.8 (/opt/ros/humble/share/rosidl_adapter/cmake)
[0.470s] -- Found rosidl_generator_cpp: 3.1.8 (/opt/ros/humble/share/rosidl_generator_cpp/cmake)
[0.481s] -- Using all available rosidl_typesupport_c: rosidl_typesupport_fastrtps_c;rosidl_typesupport_introspection_c
[0.494s] -- Using all available rosidl_typesupport_cpp: rosidl_typesupport_fastrtps_cpp;rosidl_typesupport_introspection_cpp
[0.535s] -- Found rmw_implementation_cmake: 6.1.2 (/opt/ros/humble/share/rmw_implementation_cmake/cmake)
[0.538s] -- Found rmw_cyclonedds_cpp: 1.3.4 (/opt/ros/humble/share/rmw_cyclonedds_cpp/cmake)
[0.561s] -- Using RMW implementation 'rmw_cyclonedds_cpp' as default
[0.569s] -- Looking for pthread.h
[0.622s] -- Looking for pthread.h - found
[0.622s] -- Performing Test CMAKE_HAVE_LIBC_PTHREAD
[0.670s] -- Performing Test CMAKE_HAVE_LIBC_PTHREAD - Success
[0.671s] -- Found Threads: TRUE  
[0.710s] -- Found rclcpp_components: 16.0.17 (/opt/ros/humble/share/rclcpp_components/cmake)
[0.731s] -- Found sensor_msgs: 4.9.0 (/opt/ros/humble/share/sensor_msgs/cmake)
[0.753s] -- Found ament_lint_auto: 0.12.14 (/opt/ros/humble/share/ament_lint_auto/cmake)
[0.804s] -- Added test 'copyright' to check source files copyright and LICENSE
[0.805s] -- Added test 'cppcheck' to perform static code analysis on C / C++ code
[0.805s] -- Configured cppcheck include dirs: $<BUILD_INTERFACE:/home/aiv/ev_ws/ros2_ver2/velodyne/velodyne_laserscan/include>
[0.805s] -- Configured cppcheck exclude dirs and/or files: 
[0.805s] -- Added test 'cpplint' to check C / C++ code against the Google style
[0.805s] -- Configured cpplint exclude dirs and/or files: 
[0.806s] -- Added test 'flake8' to check Python code syntax and style conventions
[0.807s] -- Added test 'lint_cmake' to check CMake code style
[0.807s] -- Added test 'pep257' to check Python code against some of the docstring style conventions in PEP 257
[0.808s] -- Added test 'uncrustify' to check C / C++ code style
[0.808s] -- Configured uncrustify additional arguments: 
[0.808s] -- Added test 'xmllint' to check XML markup files
[0.810s] -- Configuring done
[0.817s] -- Generating done
[0.819s] -- Build files have been written to: /home/aiv/ev_ws/ros2_ver2/build/velodyne_laserscan
[0.824s] Invoked command in '/home/aiv/ev_ws/ros2_ver2/build/velodyne_laserscan' returned '0': CMAKE_PREFIX_PATH=${CMAKE_PREFIX_PATH}:/home/aiv/ros2_study/install/my_second_package:/opt/ros/humble /usr/bin/cmake /home/aiv/ev_ws/ros2_ver2/velodyne/velodyne_laserscan -DCMAKE_INSTALL_PREFIX=/home/aiv/ev_ws/ros2_ver2/install/velodyne_laserscan
[0.825s] Invoking command in '/home/aiv/ev_ws/ros2_ver2/build/velodyne_laserscan': CMAKE_PREFIX_PATH=${CMAKE_PREFIX_PATH}:/home/aiv/ros2_study/install/my_second_package:/opt/ros/humble /usr/bin/cmake --build /home/aiv/ev_ws/ros2_ver2/build/velodyne_laserscan -- -j28 -l28
[0.863s] [ 25%] [32mBuilding CXX object CMakeFiles/velodyne_laserscan.dir/src/velodyne_laserscan.cpp.o[0m
[5.290s] [ 50%] [32m[1mLinking CXX shared library libvelodyne_laserscan.so[0m
[5.563s] [ 50%] Built target velodyne_laserscan
[5.581s] [ 75%] [32mBuilding CXX object CMakeFiles/velodyne_laserscan_node.dir/src/node.cpp.o[0m
[7.078s] [100%] [32m[1mLinking CXX executable velodyne_laserscan_node[0m
[7.179s] [100%] Built target velodyne_laserscan_node
[7.189s] Invoked command in '/home/aiv/ev_ws/ros2_ver2/build/velodyne_laserscan' returned '0': CMAKE_PREFIX_PATH=${CMAKE_PREFIX_PATH}:/home/aiv/ros2_study/install/my_second_package:/opt/ros/humble /usr/bin/cmake --build /home/aiv/ev_ws/ros2_ver2/build/velodyne_laserscan -- -j28 -l28
[7.190s] Invoking command in '/home/aiv/ev_ws/ros2_ver2/build/velodyne_laserscan': CMAKE_PREFIX_PATH=${CMAKE_PREFIX_PATH}:/home/aiv/ros2_study/install/my_second_package:/opt/ros/humble /usr/bin/cmake --install /home/aiv/ev_ws/ros2_ver2/build/velodyne_laserscan
[7.197s] -- Install configuration: ""
[7.197s] -- Installing: /home/aiv/ev_ws/ros2_ver2/install/velodyne_laserscan/lib/libvelodyne_laserscan.so
[7.201s] -- Set runtime path of "/home/aiv/ev_ws/ros2_ver2/install/velodyne_laserscan/lib/libvelodyne_laserscan.so" to ""
[7.201s] -- Installing: /home/aiv/ev_ws/ros2_ver2/install/velodyne_laserscan/lib/velodyne_laserscan/velodyne_laserscan_node
[7.202s] -- Set runtime path of "/home/aiv/ev_ws/ros2_ver2/install/velodyne_laserscan/lib/velodyne_laserscan/velodyne_laserscan_node" to ""
[7.202s] -- Installing: /home/aiv/ev_ws/ros2_ver2/install/velodyne_laserscan/include/velodyne_laserscan
[7.202s] -- Installing: /home/aiv/ev_ws/ros2_ver2/install/velodyne_laserscan/include/velodyne_laserscan/velodyne_laserscan.hpp
[7.202s] -- Installing: /home/aiv/ev_ws/ros2_ver2/install/velodyne_laserscan/share/velodyne_laserscan/config
[7.202s] -- Installing: /home/aiv/ev_ws/ros2_ver2/install/velodyne_laserscan/share/velodyne_laserscan/config/default-velodyne_laserscan_node-params.yaml
[7.202s] -- Installing: /home/aiv/ev_ws/ros2_ver2/install/velodyne_laserscan/share/velodyne_laserscan/launch
[7.202s] -- Installing: /home/aiv/ev_ws/ros2_ver2/install/velodyne_laserscan/share/velodyne_laserscan/launch/velodyne_laserscan_node-launch.py
[7.202s] -- Installing: /home/aiv/ev_ws/ros2_ver2/install/velodyne_laserscan/share/velodyne_laserscan/launch/velodyne_laserscan_node-composed-launch.py
[7.202s] -- Installing: /home/aiv/ev_ws/ros2_ver2/install/velodyne_laserscan/share/ament_index/resource_index/package_run_dependencies/velodyne_laserscan
[7.202s] -- Installing: /home/aiv/ev_ws/ros2_ver2/install/velodyne_laserscan/share/ament_index/resource_index/parent_prefix_path/velodyne_laserscan
[7.202s] -- Installing: /home/aiv/ev_ws/ros2_ver2/install/velodyne_laserscan/share/velodyne_laserscan/environment/ament_prefix_path.sh
[7.202s] -- Installing: /home/aiv/ev_ws/ros2_ver2/install/velodyne_laserscan/share/velodyne_laserscan/environment/ament_prefix_path.dsv
[7.202s] -- Installing: /home/aiv/ev_ws/ros2_ver2/install/velodyne_laserscan/share/velodyne_laserscan/environment/path.sh
[7.203s] -- Installing: /home/aiv/ev_ws/ros2_ver2/install/velodyne_laserscan/share/velodyne_laserscan/environment/path.dsv
[7.203s] -- Installing: /home/aiv/ev_ws/ros2_ver2/install/velodyne_laserscan/share/velodyne_laserscan/local_setup.bash
[7.203s] -- Installing: /home/aiv/ev_ws/ros2_ver2/install/velodyne_laserscan/share/velodyne_laserscan/local_setup.sh
[7.203s] -- Installing: /home/aiv/ev_ws/ros2_ver2/install/velodyne_laserscan/share/velodyne_laserscan/local_setup.zsh
[7.203s] -- Installing: /home/aiv/ev_ws/ros2_ver2/install/velodyne_laserscan/share/velodyne_laserscan/local_setup.dsv
[7.203s] -- Installing: /home/aiv/ev_ws/ros2_ver2/install/velodyne_laserscan/share/velodyne_laserscan/package.dsv
[7.203s] -- Installing: /home/aiv/ev_ws/ros2_ver2/install/velodyne_laserscan/share/ament_index/resource_index/packages/velodyne_laserscan
[7.203s] -- Installing: /home/aiv/ev_ws/ros2_ver2/install/velodyne_laserscan/share/ament_index/resource_index/rclcpp_components/velodyne_laserscan
[7.203s] -- Installing: /home/aiv/ev_ws/ros2_ver2/install/velodyne_laserscan/share/velodyne_laserscan/cmake/velodyne_laserscanExport.cmake
[7.203s] -- Installing: /home/aiv/ev_ws/ros2_ver2/install/velodyne_laserscan/share/velodyne_laserscan/cmake/velodyne_laserscanExport-noconfig.cmake
[7.203s] -- Installing: /home/aiv/ev_ws/ros2_ver2/install/velodyne_laserscan/share/velodyne_laserscan/cmake/ament_cmake_export_include_directories-extras.cmake
[7.203s] -- Installing: /home/aiv/ev_ws/ros2_ver2/install/velodyne_laserscan/share/velodyne_laserscan/cmake/ament_cmake_export_targets-extras.cmake
[7.203s] -- Installing: /home/aiv/ev_ws/ros2_ver2/install/velodyne_laserscan/share/velodyne_laserscan/cmake/ament_cmake_export_dependencies-extras.cmake
[7.203s] -- Installing: /home/aiv/ev_ws/ros2_ver2/install/velodyne_laserscan/share/velodyne_laserscan/cmake/velodyne_laserscanConfig.cmake
[7.203s] -- Installing: /home/aiv/ev_ws/ros2_ver2/install/velodyne_laserscan/share/velodyne_laserscan/cmake/velodyne_laserscanConfig-version.cmake
[7.203s] -- Installing: /home/aiv/ev_ws/ros2_ver2/install/velodyne_laserscan/share/velodyne_laserscan/package.xml
[7.205s] Invoked command in '/home/aiv/ev_ws/ros2_ver2/build/velodyne_laserscan' returned '0': CMAKE_PREFIX_PATH=${CMAKE_PREFIX_PATH}:/home/aiv/ros2_study/install/my_second_package:/opt/ros/humble /usr/bin/cmake --install /home/aiv/ev_ws/ros2_ver2/build/velodyne_laserscan
