[0.125s] DEBUG:colcon:Command line arguments: ['/usr/bin/colcon', 'build']
[0.125s] DEBUG:colcon:Parsed command line arguments: Namespace(log_base=None, log_level=None, verb_name='build', build_base='build', install_base='install', merge_install=False, symlink_install=False, test_result_base=None, continue_on_error=False, executor='parallel', parallel_workers=28, event_handlers=None, ignore_user_meta=False, metas=['./colcon.meta'], base_paths=['.'], packages_ignore=None, packages_ignore_regex=None, paths=None, packages_up_to=None, packages_up_to_regex=None, packages_above=None, packages_above_and_dependencies=None, packages_above_depth=None, packages_select_by_dep=None, packages_skip_by_dep=None, packages_skip_up_to=None, packages_select_build_failed=False, packages_skip_build_finished=False, packages_select_test_failures=False, packages_skip_test_passed=False, packages_select=None, packages_skip=None, packages_select_regex=None, packages_skip_regex=None, packages_start=None, packages_end=None, allow_overriding=[], cmake_args=None, cmake_target=None, cmake_target_skip_unavailable=False, cmake_clean_cache=False, cmake_clean_first=False, cmake_force_configure=False, ament_cmake_args=None, catkin_cmake_args=None, catkin_skip_building_tests=False, mixin_files=None, mixin=None, verb_parser=<colcon_mixin.mixin.mixin_argument.MixinArgumentDecorator object at 0x786fa6c80400>, verb_extension=<colcon_core.verb.build.BuildVerb object at 0x786fa6c53e50>, main=<bound method BuildVerb.main of <colcon_core.verb.build.BuildVerb object at 0x786fa6c53e50>>, mixin_verb=('build',))
[0.244s] Level 1:colcon.colcon_core.package_discovery:discover_packages(colcon_meta) check parameters
[0.244s] Level 1:colcon.colcon_core.package_discovery:discover_packages(recursive) check parameters
[0.244s] Level 1:colcon.colcon_core.package_discovery:discover_packages(ignore) check parameters
[0.244s] Level 1:colcon.colcon_core.package_discovery:discover_packages(path) check parameters
[0.244s] Level 1:colcon.colcon_core.package_discovery:discover_packages(colcon_meta) discover
[0.244s] Level 1:colcon.colcon_core.package_discovery:discover_packages(recursive) discover
[0.244s] INFO:colcon.colcon_core.package_discovery:Crawling recursively for packages in '/home/aiv/ev_ws/ros2_ver2'
[0.244s] Level 1:colcon.colcon_core.package_identification:_identify(.) by extensions ['ignore', 'ignore_ament_install']
[0.244s] Level 1:colcon.colcon_core.package_identification:_identify(.) by extension 'ignore'
[0.244s] Level 1:colcon.colcon_core.package_identification:_identify(.) by extension 'ignore_ament_install'
[0.244s] Level 1:colcon.colcon_core.package_identification:_identify(.) by extensions ['colcon_pkg']
[0.244s] Level 1:colcon.colcon_core.package_identification:_identify(.) by extension 'colcon_pkg'
[0.244s] Level 1:colcon.colcon_core.package_identification:_identify(.) by extensions ['colcon_meta']
[0.244s] Level 1:colcon.colcon_core.package_identification:_identify(.) by extension 'colcon_meta'
[0.244s] Level 1:colcon.colcon_core.package_identification:_identify(.) by extensions ['ros']
[0.244s] Level 1:colcon.colcon_core.package_identification:_identify(.) by extension 'ros'
[0.251s] Level 1:colcon.colcon_core.package_identification:_identify(.) by extensions ['cmake', 'python']
[0.251s] Level 1:colcon.colcon_core.package_identification:_identify(.) by extension 'cmake'
[0.251s] Level 1:colcon.colcon_core.package_identification:_identify(.) by extension 'python'
[0.251s] Level 1:colcon.colcon_core.package_identification:_identify(.) by extensions ['python_setup_py']
[0.251s] Level 1:colcon.colcon_core.package_identification:_identify(.) by extension 'python_setup_py'
[0.251s] Level 1:colcon.colcon_core.package_identification:_identify(build) by extensions ['ignore', 'ignore_ament_install']
[0.251s] Level 1:colcon.colcon_core.package_identification:_identify(build) by extension 'ignore'
[0.251s] Level 1:colcon.colcon_core.package_identification:_identify(build) ignored
[0.251s] Level 1:colcon.colcon_core.package_identification:_identify(install) by extensions ['ignore', 'ignore_ament_install']
[0.251s] Level 1:colcon.colcon_core.package_identification:_identify(install) by extension 'ignore'
[0.251s] Level 1:colcon.colcon_core.package_identification:_identify(install) ignored
[0.251s] Level 1:colcon.colcon_core.package_identification:_identify(log) by extensions ['ignore', 'ignore_ament_install']
[0.251s] Level 1:colcon.colcon_core.package_identification:_identify(log) by extension 'ignore'
[0.251s] Level 1:colcon.colcon_core.package_identification:_identify(log) ignored
[0.251s] Level 1:colcon.colcon_core.package_identification:_identify(rosbag) by extensions ['ignore', 'ignore_ament_install']
[0.251s] Level 1:colcon.colcon_core.package_identification:_identify(rosbag) by extension 'ignore'
[0.251s] Level 1:colcon.colcon_core.package_identification:_identify(rosbag) by extension 'ignore_ament_install'
[0.251s] Level 1:colcon.colcon_core.package_identification:_identify(rosbag) by extensions ['colcon_pkg']
[0.251s] Level 1:colcon.colcon_core.package_identification:_identify(rosbag) by extension 'colcon_pkg'
[0.251s] Level 1:colcon.colcon_core.package_identification:_identify(rosbag) by extensions ['colcon_meta']
[0.251s] Level 1:colcon.colcon_core.package_identification:_identify(rosbag) by extension 'colcon_meta'
[0.251s] Level 1:colcon.colcon_core.package_identification:_identify(rosbag) by extensions ['ros']
[0.251s] Level 1:colcon.colcon_core.package_identification:_identify(rosbag) by extension 'ros'
[0.251s] Level 1:colcon.colcon_core.package_identification:_identify(rosbag) by extensions ['cmake', 'python']
[0.251s] Level 1:colcon.colcon_core.package_identification:_identify(rosbag) by extension 'cmake'
[0.251s] Level 1:colcon.colcon_core.package_identification:_identify(rosbag) by extension 'python'
[0.251s] Level 1:colcon.colcon_core.package_identification:_identify(rosbag) by extensions ['python_setup_py']
[0.251s] Level 1:colcon.colcon_core.package_identification:_identify(rosbag) by extension 'python_setup_py'
[0.251s] Level 1:colcon.colcon_core.package_identification:_identify(rosbag/02061915) by extensions ['ignore', 'ignore_ament_install']
[0.251s] Level 1:colcon.colcon_core.package_identification:_identify(rosbag/02061915) by extension 'ignore'
[0.251s] Level 1:colcon.colcon_core.package_identification:_identify(rosbag/02061915) by extension 'ignore_ament_install'
[0.251s] Level 1:colcon.colcon_core.package_identification:_identify(rosbag/02061915) by extensions ['colcon_pkg']
[0.251s] Level 1:colcon.colcon_core.package_identification:_identify(rosbag/02061915) by extension 'colcon_pkg'
[0.252s] Level 1:colcon.colcon_core.package_identification:_identify(rosbag/02061915) by extensions ['colcon_meta']
[0.252s] Level 1:colcon.colcon_core.package_identification:_identify(rosbag/02061915) by extension 'colcon_meta'
[0.252s] Level 1:colcon.colcon_core.package_identification:_identify(rosbag/02061915) by extensions ['ros']
[0.252s] Level 1:colcon.colcon_core.package_identification:_identify(rosbag/02061915) by extension 'ros'
[0.252s] Level 1:colcon.colcon_core.package_identification:_identify(rosbag/02061915) by extensions ['cmake', 'python']
[0.252s] Level 1:colcon.colcon_core.package_identification:_identify(rosbag/02061915) by extension 'cmake'
[0.252s] Level 1:colcon.colcon_core.package_identification:_identify(rosbag/02061915) by extension 'python'
[0.252s] Level 1:colcon.colcon_core.package_identification:_identify(rosbag/02061915) by extensions ['python_setup_py']
[0.252s] Level 1:colcon.colcon_core.package_identification:_identify(rosbag/02061915) by extension 'python_setup_py'
[0.252s] Level 1:colcon.colcon_core.package_identification:_identify(rosbag/forStudy) by extensions ['ignore', 'ignore_ament_install']
[0.252s] Level 1:colcon.colcon_core.package_identification:_identify(rosbag/forStudy) by extension 'ignore'
[0.252s] Level 1:colcon.colcon_core.package_identification:_identify(rosbag/forStudy) by extension 'ignore_ament_install'
[0.252s] Level 1:colcon.colcon_core.package_identification:_identify(rosbag/forStudy) by extensions ['colcon_pkg']
[0.252s] Level 1:colcon.colcon_core.package_identification:_identify(rosbag/forStudy) by extension 'colcon_pkg'
[0.252s] Level 1:colcon.colcon_core.package_identification:_identify(rosbag/forStudy) by extensions ['colcon_meta']
[0.252s] Level 1:colcon.colcon_core.package_identification:_identify(rosbag/forStudy) by extension 'colcon_meta'
[0.252s] Level 1:colcon.colcon_core.package_identification:_identify(rosbag/forStudy) by extensions ['ros']
[0.252s] Level 1:colcon.colcon_core.package_identification:_identify(rosbag/forStudy) by extension 'ros'
[0.252s] Level 1:colcon.colcon_core.package_identification:_identify(rosbag/forStudy) by extensions ['cmake', 'python']
[0.252s] Level 1:colcon.colcon_core.package_identification:_identify(rosbag/forStudy) by extension 'cmake'
[0.252s] Level 1:colcon.colcon_core.package_identification:_identify(rosbag/forStudy) by extension 'python'
[0.252s] Level 1:colcon.colcon_core.package_identification:_identify(rosbag/forStudy) by extensions ['python_setup_py']
[0.252s] Level 1:colcon.colcon_core.package_identification:_identify(rosbag/forStudy) by extension 'python_setup_py'
[0.252s] Level 1:colcon.colcon_core.package_identification:_identify(velodyne) by extensions ['ignore', 'ignore_ament_install']
[0.252s] Level 1:colcon.colcon_core.package_identification:_identify(velodyne) by extension 'ignore'
[0.252s] Level 1:colcon.colcon_core.package_identification:_identify(velodyne) by extension 'ignore_ament_install'
[0.252s] Level 1:colcon.colcon_core.package_identification:_identify(velodyne) by extensions ['colcon_pkg']
[0.252s] Level 1:colcon.colcon_core.package_identification:_identify(velodyne) by extension 'colcon_pkg'
[0.252s] Level 1:colcon.colcon_core.package_identification:_identify(velodyne) by extensions ['colcon_meta']
[0.252s] Level 1:colcon.colcon_core.package_identification:_identify(velodyne) by extension 'colcon_meta'
[0.252s] Level 1:colcon.colcon_core.package_identification:_identify(velodyne) by extensions ['ros']
[0.252s] Level 1:colcon.colcon_core.package_identification:_identify(velodyne) by extension 'ros'
[0.252s] Level 1:colcon.colcon_core.package_identification:_identify(velodyne) by extensions ['cmake', 'python']
[0.252s] Level 1:colcon.colcon_core.package_identification:_identify(velodyne) by extension 'cmake'
[0.252s] Level 1:colcon.colcon_core.package_identification:_identify(velodyne) by extension 'python'
[0.252s] Level 1:colcon.colcon_core.package_identification:_identify(velodyne) by extensions ['python_setup_py']
[0.252s] Level 1:colcon.colcon_core.package_identification:_identify(velodyne) by extension 'python_setup_py'
[0.252s] Level 1:colcon.colcon_core.package_identification:_identify(velodyne/build) by extensions ['ignore', 'ignore_ament_install']
[0.252s] Level 1:colcon.colcon_core.package_identification:_identify(velodyne/build) by extension 'ignore'
[0.252s] Level 1:colcon.colcon_core.package_identification:_identify(velodyne/build) ignored
[0.252s] Level 1:colcon.colcon_core.package_identification:_identify(velodyne/install) by extensions ['ignore', 'ignore_ament_install']
[0.252s] Level 1:colcon.colcon_core.package_identification:_identify(velodyne/install) by extension 'ignore'
[0.252s] Level 1:colcon.colcon_core.package_identification:_identify(velodyne/install) ignored
[0.252s] Level 1:colcon.colcon_core.package_identification:_identify(velodyne/log) by extensions ['ignore', 'ignore_ament_install']
[0.252s] Level 1:colcon.colcon_core.package_identification:_identify(velodyne/log) by extension 'ignore'
[0.252s] Level 1:colcon.colcon_core.package_identification:_identify(velodyne/log) ignored
[0.252s] Level 1:colcon.colcon_core.package_identification:_identify(velodyne/velodyne) by extensions ['ignore', 'ignore_ament_install']
[0.252s] Level 1:colcon.colcon_core.package_identification:_identify(velodyne/velodyne) by extension 'ignore'
[0.252s] Level 1:colcon.colcon_core.package_identification:_identify(velodyne/velodyne) by extension 'ignore_ament_install'
[0.253s] Level 1:colcon.colcon_core.package_identification:_identify(velodyne/velodyne) by extensions ['colcon_pkg']
[0.253s] Level 1:colcon.colcon_core.package_identification:_identify(velodyne/velodyne) by extension 'colcon_pkg'
[0.253s] Level 1:colcon.colcon_core.package_identification:_identify(velodyne/velodyne) by extensions ['colcon_meta']
[0.253s] Level 1:colcon.colcon_core.package_identification:_identify(velodyne/velodyne) by extension 'colcon_meta'
[0.253s] Level 1:colcon.colcon_core.package_identification:_identify(velodyne/velodyne) by extensions ['ros']
[0.253s] Level 1:colcon.colcon_core.package_identification:_identify(velodyne/velodyne) by extension 'ros'
[0.254s] DEBUG:colcon.colcon_core.package_identification:Package 'velodyne/velodyne' with type 'ros.ament_cmake' and name 'velodyne'
[0.254s] Level 1:colcon.colcon_core.package_identification:_identify(velodyne/velodyne_driver) by extensions ['ignore', 'ignore_ament_install']
[0.254s] Level 1:colcon.colcon_core.package_identification:_identify(velodyne/velodyne_driver) by extension 'ignore'
[0.254s] Level 1:colcon.colcon_core.package_identification:_identify(velodyne/velodyne_driver) by extension 'ignore_ament_install'
[0.254s] Level 1:colcon.colcon_core.package_identification:_identify(velodyne/velodyne_driver) by extensions ['colcon_pkg']
[0.254s] Level 1:colcon.colcon_core.package_identification:_identify(velodyne/velodyne_driver) by extension 'colcon_pkg'
[0.254s] Level 1:colcon.colcon_core.package_identification:_identify(velodyne/velodyne_driver) by extensions ['colcon_meta']
[0.254s] Level 1:colcon.colcon_core.package_identification:_identify(velodyne/velodyne_driver) by extension 'colcon_meta'
[0.254s] Level 1:colcon.colcon_core.package_identification:_identify(velodyne/velodyne_driver) by extensions ['ros']
[0.254s] Level 1:colcon.colcon_core.package_identification:_identify(velodyne/velodyne_driver) by extension 'ros'
[0.255s] DEBUG:colcon.colcon_core.package_identification:Package 'velodyne/velodyne_driver' with type 'ros.ament_cmake' and name 'velodyne_driver'
[0.255s] Level 1:colcon.colcon_core.package_identification:_identify(velodyne/velodyne_laserscan) by extensions ['ignore', 'ignore_ament_install']
[0.255s] Level 1:colcon.colcon_core.package_identification:_identify(velodyne/velodyne_laserscan) by extension 'ignore'
[0.256s] Level 1:colcon.colcon_core.package_identification:_identify(velodyne/velodyne_laserscan) by extension 'ignore_ament_install'
[0.256s] Level 1:colcon.colcon_core.package_identification:_identify(velodyne/velodyne_laserscan) by extensions ['colcon_pkg']
[0.256s] Level 1:colcon.colcon_core.package_identification:_identify(velodyne/velodyne_laserscan) by extension 'colcon_pkg'
[0.256s] Level 1:colcon.colcon_core.package_identification:_identify(velodyne/velodyne_laserscan) by extensions ['colcon_meta']
[0.256s] Level 1:colcon.colcon_core.package_identification:_identify(velodyne/velodyne_laserscan) by extension 'colcon_meta'
[0.256s] Level 1:colcon.colcon_core.package_identification:_identify(velodyne/velodyne_laserscan) by extensions ['ros']
[0.256s] Level 1:colcon.colcon_core.package_identification:_identify(velodyne/velodyne_laserscan) by extension 'ros'
[0.256s] DEBUG:colcon.colcon_core.package_identification:Package 'velodyne/velodyne_laserscan' with type 'ros.ament_cmake' and name 'velodyne_laserscan'
[0.256s] Level 1:colcon.colcon_core.package_identification:_identify(velodyne/velodyne_msgs) by extensions ['ignore', 'ignore_ament_install']
[0.256s] Level 1:colcon.colcon_core.package_identification:_identify(velodyne/velodyne_msgs) by extension 'ignore'
[0.256s] Level 1:colcon.colcon_core.package_identification:_identify(velodyne/velodyne_msgs) by extension 'ignore_ament_install'
[0.256s] Level 1:colcon.colcon_core.package_identification:_identify(velodyne/velodyne_msgs) by extensions ['colcon_pkg']
[0.256s] Level 1:colcon.colcon_core.package_identification:_identify(velodyne/velodyne_msgs) by extension 'colcon_pkg'
[0.256s] Level 1:colcon.colcon_core.package_identification:_identify(velodyne/velodyne_msgs) by extensions ['colcon_meta']
[0.256s] Level 1:colcon.colcon_core.package_identification:_identify(velodyne/velodyne_msgs) by extension 'colcon_meta'
[0.256s] Level 1:colcon.colcon_core.package_identification:_identify(velodyne/velodyne_msgs) by extensions ['ros']
[0.256s] Level 1:colcon.colcon_core.package_identification:_identify(velodyne/velodyne_msgs) by extension 'ros'
[0.257s] DEBUG:colcon.colcon_core.package_identification:Package 'velodyne/velodyne_msgs' with type 'ros.ament_cmake' and name 'velodyne_msgs'
[0.257s] Level 1:colcon.colcon_core.package_identification:_identify(velodyne/velodyne_pointcloud) by extensions ['ignore', 'ignore_ament_install']
[0.257s] Level 1:colcon.colcon_core.package_identification:_identify(velodyne/velodyne_pointcloud) by extension 'ignore'
[0.257s] Level 1:colcon.colcon_core.package_identification:_identify(velodyne/velodyne_pointcloud) by extension 'ignore_ament_install'
[0.257s] Level 1:colcon.colcon_core.package_identification:_identify(velodyne/velodyne_pointcloud) by extensions ['colcon_pkg']
[0.257s] Level 1:colcon.colcon_core.package_identification:_identify(velodyne/velodyne_pointcloud) by extension 'colcon_pkg'
[0.257s] Level 1:colcon.colcon_core.package_identification:_identify(velodyne/velodyne_pointcloud) by extensions ['colcon_meta']
[0.257s] Level 1:colcon.colcon_core.package_identification:_identify(velodyne/velodyne_pointcloud) by extension 'colcon_meta'
[0.257s] Level 1:colcon.colcon_core.package_identification:_identify(velodyne/velodyne_pointcloud) by extensions ['ros']
[0.257s] Level 1:colcon.colcon_core.package_identification:_identify(velodyne/velodyne_pointcloud) by extension 'ros'
[0.261s] DEBUG:colcon.colcon_core.package_identification:Package 'velodyne/velodyne_pointcloud' with type 'ros.ament_cmake' and name 'velodyne_pointcloud'
[0.261s] Level 1:colcon.colcon_core.package_discovery:discover_packages(recursive) using defaults
[0.261s] Level 1:colcon.colcon_core.package_discovery:discover_packages(ignore) discover
[0.261s] Level 1:colcon.colcon_core.package_discovery:discover_packages(ignore) using defaults
[0.261s] Level 1:colcon.colcon_core.package_discovery:discover_packages(path) discover
[0.261s] Level 1:colcon.colcon_core.package_discovery:discover_packages(path) using defaults
[0.275s] Level 1:colcon.colcon_core.package_discovery:discover_packages(prefix_path) check parameters
[0.275s] Level 1:colcon.colcon_core.package_discovery:discover_packages(prefix_path) discover
[0.278s] DEBUG:colcon.colcon_installed_package_information.package_discovery:Found 6 installed packages in /home/aiv/ev_ws/ros2/install
[0.278s] DEBUG:colcon.colcon_installed_package_information.package_discovery:Found 2 installed packages in /home/aiv/ros2_study/install
[0.278s] DEBUG:colcon.colcon_installed_package_information.package_discovery:Found 7 installed packages in /home/aiv/workspace/ros2/erp42_ros/install
[0.278s] DEBUG:colcon.colcon_installed_package_information.package_discovery:Found 5 installed packages in /home/aiv/workspace/ros2/t870_ros/install
[0.279s] DEBUG:colcon.colcon_installed_package_information.package_discovery:Found 7 installed packages in /home/aiv/workspace/ros2/erp42_racing_ros/install
[0.279s] DEBUG:colcon.colcon_installed_package_information.package_discovery:Found 5 installed packages in /home/aiv/workspace/ros2/velodyne/install
[0.279s] DEBUG:colcon.colcon_installed_package_information.package_discovery:Found 301 installed packages in /opt/ros/humble
[0.280s] Level 1:colcon.colcon_core.package_discovery:discover_packages(prefix_path) using defaults
[0.313s] Level 5:colcon.colcon_core.verb:set package 'velodyne_laserscan' build argument 'cmake_args' from command line to 'None'
[0.313s] Level 5:colcon.colcon_core.verb:set package 'velodyne_laserscan' build argument 'cmake_target' from command line to 'None'
[0.313s] Level 5:colcon.colcon_core.verb:set package 'velodyne_laserscan' build argument 'cmake_target_skip_unavailable' from command line to 'False'
[0.313s] Level 5:colcon.colcon_core.verb:set package 'velodyne_laserscan' build argument 'cmake_clean_cache' from command line to 'False'
[0.313s] Level 5:colcon.colcon_core.verb:set package 'velodyne_laserscan' build argument 'cmake_clean_first' from command line to 'False'
[0.313s] Level 5:colcon.colcon_core.verb:set package 'velodyne_laserscan' build argument 'cmake_force_configure' from command line to 'False'
[0.313s] Level 5:colcon.colcon_core.verb:set package 'velodyne_laserscan' build argument 'ament_cmake_args' from command line to 'None'
[0.313s] Level 5:colcon.colcon_core.verb:set package 'velodyne_laserscan' build argument 'catkin_cmake_args' from command line to 'None'
[0.313s] Level 5:colcon.colcon_core.verb:set package 'velodyne_laserscan' build argument 'catkin_skip_building_tests' from command line to 'False'
[0.313s] DEBUG:colcon.colcon_core.verb:Building package 'velodyne_laserscan' with the following arguments: {'ament_cmake_args': None, 'build_base': '/home/aiv/ev_ws/ros2_ver2/build/velodyne_laserscan', 'catkin_cmake_args': None, 'catkin_skip_building_tests': False, 'cmake_args': None, 'cmake_clean_cache': False, 'cmake_clean_first': False, 'cmake_force_configure': False, 'cmake_target': None, 'cmake_target_skip_unavailable': False, 'install_base': '/home/aiv/ev_ws/ros2_ver2/install/velodyne_laserscan', 'merge_install': False, 'path': '/home/aiv/ev_ws/ros2_ver2/velodyne/velodyne_laserscan', 'symlink_install': False, 'test_result_base': None}
[0.313s] Level 5:colcon.colcon_core.verb:set package 'velodyne_msgs' build argument 'cmake_args' from command line to 'None'
[0.313s] Level 5:colcon.colcon_core.verb:set package 'velodyne_msgs' build argument 'cmake_target' from command line to 'None'
[0.314s] Level 5:colcon.colcon_core.verb:set package 'velodyne_msgs' build argument 'cmake_target_skip_unavailable' from command line to 'False'
[0.314s] Level 5:colcon.colcon_core.verb:set package 'velodyne_msgs' build argument 'cmake_clean_cache' from command line to 'False'
[0.314s] Level 5:colcon.colcon_core.verb:set package 'velodyne_msgs' build argument 'cmake_clean_first' from command line to 'False'
[0.314s] Level 5:colcon.colcon_core.verb:set package 'velodyne_msgs' build argument 'cmake_force_configure' from command line to 'False'
[0.314s] Level 5:colcon.colcon_core.verb:set package 'velodyne_msgs' build argument 'ament_cmake_args' from command line to 'None'
[0.314s] Level 5:colcon.colcon_core.verb:set package 'velodyne_msgs' build argument 'catkin_cmake_args' from command line to 'None'
[0.314s] Level 5:colcon.colcon_core.verb:set package 'velodyne_msgs' build argument 'catkin_skip_building_tests' from command line to 'False'
[0.314s] DEBUG:colcon.colcon_core.verb:Building package 'velodyne_msgs' with the following arguments: {'ament_cmake_args': None, 'build_base': '/home/aiv/ev_ws/ros2_ver2/build/velodyne_msgs', 'catkin_cmake_args': None, 'catkin_skip_building_tests': False, 'cmake_args': None, 'cmake_clean_cache': False, 'cmake_clean_first': False, 'cmake_force_configure': False, 'cmake_target': None, 'cmake_target_skip_unavailable': False, 'install_base': '/home/aiv/ev_ws/ros2_ver2/install/velodyne_msgs', 'merge_install': False, 'path': '/home/aiv/ev_ws/ros2_ver2/velodyne/velodyne_msgs', 'symlink_install': False, 'test_result_base': None}
[0.314s] Level 5:colcon.colcon_core.verb:set package 'velodyne_driver' build argument 'cmake_args' from command line to 'None'
[0.314s] Level 5:colcon.colcon_core.verb:set package 'velodyne_driver' build argument 'cmake_target' from command line to 'None'
[0.314s] Level 5:colcon.colcon_core.verb:set package 'velodyne_driver' build argument 'cmake_target_skip_unavailable' from command line to 'False'
[0.314s] Level 5:colcon.colcon_core.verb:set package 'velodyne_driver' build argument 'cmake_clean_cache' from command line to 'False'
[0.314s] Level 5:colcon.colcon_core.verb:set package 'velodyne_driver' build argument 'cmake_clean_first' from command line to 'False'
[0.314s] Level 5:colcon.colcon_core.verb:set package 'velodyne_driver' build argument 'cmake_force_configure' from command line to 'False'
[0.314s] Level 5:colcon.colcon_core.verb:set package 'velodyne_driver' build argument 'ament_cmake_args' from command line to 'None'
[0.314s] Level 5:colcon.colcon_core.verb:set package 'velodyne_driver' build argument 'catkin_cmake_args' from command line to 'None'
[0.314s] Level 5:colcon.colcon_core.verb:set package 'velodyne_driver' build argument 'catkin_skip_building_tests' from command line to 'False'
[0.314s] DEBUG:colcon.colcon_core.verb:Building package 'velodyne_driver' with the following arguments: {'ament_cmake_args': None, 'build_base': '/home/aiv/ev_ws/ros2_ver2/build/velodyne_driver', 'catkin_cmake_args': None, 'catkin_skip_building_tests': False, 'cmake_args': None, 'cmake_clean_cache': False, 'cmake_clean_first': False, 'cmake_force_configure': False, 'cmake_target': None, 'cmake_target_skip_unavailable': False, 'install_base': '/home/aiv/ev_ws/ros2_ver2/install/velodyne_driver', 'merge_install': False, 'path': '/home/aiv/ev_ws/ros2_ver2/velodyne/velodyne_driver', 'symlink_install': False, 'test_result_base': None}
[0.314s] Level 5:colcon.colcon_core.verb:set package 'velodyne_pointcloud' build argument 'cmake_args' from command line to 'None'
[0.314s] Level 5:colcon.colcon_core.verb:set package 'velodyne_pointcloud' build argument 'cmake_target' from command line to 'None'
[0.314s] Level 5:colcon.colcon_core.verb:set package 'velodyne_pointcloud' build argument 'cmake_target_skip_unavailable' from command line to 'False'
[0.314s] Level 5:colcon.colcon_core.verb:set package 'velodyne_pointcloud' build argument 'cmake_clean_cache' from command line to 'False'
[0.314s] Level 5:colcon.colcon_core.verb:set package 'velodyne_pointcloud' build argument 'cmake_clean_first' from command line to 'False'
[0.314s] Level 5:colcon.colcon_core.verb:set package 'velodyne_pointcloud' build argument 'cmake_force_configure' from command line to 'False'
[0.314s] Level 5:colcon.colcon_core.verb:set package 'velodyne_pointcloud' build argument 'ament_cmake_args' from command line to 'None'
[0.314s] Level 5:colcon.colcon_core.verb:set package 'velodyne_pointcloud' build argument 'catkin_cmake_args' from command line to 'None'
[0.314s] Level 5:colcon.colcon_core.verb:set package 'velodyne_pointcloud' build argument 'catkin_skip_building_tests' from command line to 'False'
[0.314s] DEBUG:colcon.colcon_core.verb:Building package 'velodyne_pointcloud' with the following arguments: {'ament_cmake_args': None, 'build_base': '/home/aiv/ev_ws/ros2_ver2/build/velodyne_pointcloud', 'catkin_cmake_args': None, 'catkin_skip_building_tests': False, 'cmake_args': None, 'cmake_clean_cache': False, 'cmake_clean_first': False, 'cmake_force_configure': False, 'cmake_target': None, 'cmake_target_skip_unavailable': False, 'install_base': '/home/aiv/ev_ws/ros2_ver2/install/velodyne_pointcloud', 'merge_install': False, 'path': '/home/aiv/ev_ws/ros2_ver2/velodyne/velodyne_pointcloud', 'symlink_install': False, 'test_result_base': None}
[0.314s] Level 5:colcon.colcon_core.verb:set package 'velodyne' build argument 'cmake_args' from command line to 'None'
[0.314s] Level 5:colcon.colcon_core.verb:set package 'velodyne' build argument 'cmake_target' from command line to 'None'
[0.314s] Level 5:colcon.colcon_core.verb:set package 'velodyne' build argument 'cmake_target_skip_unavailable' from command line to 'False'
[0.314s] Level 5:colcon.colcon_core.verb:set package 'velodyne' build argument 'cmake_clean_cache' from command line to 'False'
[0.314s] Level 5:colcon.colcon_core.verb:set package 'velodyne' build argument 'cmake_clean_first' from command line to 'False'
[0.314s] Level 5:colcon.colcon_core.verb:set package 'velodyne' build argument 'cmake_force_configure' from command line to 'False'
[0.314s] Level 5:colcon.colcon_core.verb:set package 'velodyne' build argument 'ament_cmake_args' from command line to 'None'
[0.314s] Level 5:colcon.colcon_core.verb:set package 'velodyne' build argument 'catkin_cmake_args' from command line to 'None'
[0.314s] Level 5:colcon.colcon_core.verb:set package 'velodyne' build argument 'catkin_skip_building_tests' from command line to 'False'
[0.314s] DEBUG:colcon.colcon_core.verb:Building package 'velodyne' with the following arguments: {'ament_cmake_args': None, 'build_base': '/home/aiv/ev_ws/ros2_ver2/build/velodyne', 'catkin_cmake_args': None, 'catkin_skip_building_tests': False, 'cmake_args': None, 'cmake_clean_cache': False, 'cmake_clean_first': False, 'cmake_force_configure': False, 'cmake_target': None, 'cmake_target_skip_unavailable': False, 'install_base': '/home/aiv/ev_ws/ros2_ver2/install/velodyne', 'merge_install': False, 'path': '/home/aiv/ev_ws/ros2_ver2/velodyne/velodyne', 'symlink_install': False, 'test_result_base': None}
[0.314s] INFO:colcon.colcon_core.executor:Executing jobs using 'parallel' executor
[0.315s] DEBUG:colcon.colcon_parallel_executor.executor.parallel:run_until_complete
[0.315s] INFO:colcon.colcon_ros.task.ament_cmake.build:Building ROS package in '/home/aiv/ev_ws/ros2_ver2/velodyne/velodyne_msgs' with build type 'ament_cmake'
[0.315s] INFO:colcon.colcon_cmake.task.cmake.build:Building CMake package in '/home/aiv/ev_ws/ros2_ver2/velodyne/velodyne_msgs'
[0.317s] INFO:colcon.colcon_core.plugin_system:Skipping extension 'colcon_core.shell.bat': Not used on non-Windows systems
[0.317s] INFO:colcon.colcon_core.shell:Skip shell extension 'powershell' for command environment: Not usable outside of PowerShell
[0.317s] DEBUG:colcon.colcon_core.shell:Skip shell extension 'dsv' for command environment
[0.320s] INFO:colcon.colcon_ros.task.ament_cmake.build:Building ROS package in '/home/aiv/ev_ws/ros2_ver2/velodyne/velodyne_laserscan' with build type 'ament_cmake'
[0.320s] INFO:colcon.colcon_cmake.task.cmake.build:Building CMake package in '/home/aiv/ev_ws/ros2_ver2/velodyne/velodyne_laserscan'
[0.320s] INFO:colcon.colcon_core.shell:Skip shell extension 'powershell' for command environment: Not usable outside of PowerShell
[0.321s] DEBUG:colcon.colcon_core.shell:Skip shell extension 'dsv' for command environment
[0.326s] DEBUG:colcon.colcon_core.event_handler.log_command:Invoking command in '/home/aiv/ev_ws/ros2_ver2/build/velodyne_msgs': CMAKE_PREFIX_PATH=${CMAKE_PREFIX_PATH}:/home/aiv/ros2_study/install/my_second_package:/opt/ros/humble /usr/bin/cmake --build /home/aiv/ev_ws/ros2_ver2/build/velodyne_msgs -- -j28 -l28
[0.328s] DEBUG:colcon.colcon_core.event_handler.log_command:Invoking command in '/home/aiv/ev_ws/ros2_ver2/build/velodyne_laserscan': CMAKE_PREFIX_PATH=${CMAKE_PREFIX_PATH}:/home/aiv/ros2_study/install/my_second_package:/opt/ros/humble /usr/bin/cmake --build /home/aiv/ev_ws/ros2_ver2/build/velodyne_laserscan -- -j28 -l28
[0.427s] DEBUG:colcon.colcon_core.event_handler.log_command:Invoked command in '/home/aiv/ev_ws/ros2_ver2/build/velodyne_laserscan' returned '0': CMAKE_PREFIX_PATH=${CMAKE_PREFIX_PATH}:/home/aiv/ros2_study/install/my_second_package:/opt/ros/humble /usr/bin/cmake --build /home/aiv/ev_ws/ros2_ver2/build/velodyne_laserscan -- -j28 -l28
[0.433s] DEBUG:colcon.colcon_core.event_handler.log_command:Invoking command in '/home/aiv/ev_ws/ros2_ver2/build/velodyne_laserscan': CMAKE_PREFIX_PATH=${CMAKE_PREFIX_PATH}:/home/aiv/ros2_study/install/my_second_package:/opt/ros/humble /usr/bin/cmake --install /home/aiv/ev_ws/ros2_ver2/build/velodyne_laserscan
[0.440s] Level 1:colcon.colcon_core.environment:create_environment_scripts_only(velodyne_laserscan)
[0.441s] DEBUG:colcon.colcon_core.event_handler.log_command:Invoked command in '/home/aiv/ev_ws/ros2_ver2/build/velodyne_laserscan' returned '0': CMAKE_PREFIX_PATH=${CMAKE_PREFIX_PATH}:/home/aiv/ros2_study/install/my_second_package:/opt/ros/humble /usr/bin/cmake --install /home/aiv/ev_ws/ros2_ver2/build/velodyne_laserscan
[0.444s] Level 1:colcon.colcon_core.environment:checking '/home/aiv/ev_ws/ros2_ver2/install/velodyne_laserscan' for CMake module files
[0.444s] Level 1:colcon.colcon_core.environment:checking '/home/aiv/ev_ws/ros2_ver2/install/velodyne_laserscan' for CMake config files
[0.444s] Level 1:colcon.colcon_core.shell:create_environment_hook('velodyne_laserscan', 'cmake_prefix_path')
[0.444s] INFO:colcon.colcon_core.shell:Creating environment hook '/home/aiv/ev_ws/ros2_ver2/install/velodyne_laserscan/share/velodyne_laserscan/hook/cmake_prefix_path.ps1'
[0.445s] INFO:colcon.colcon_core.shell:Creating environment descriptor '/home/aiv/ev_ws/ros2_ver2/install/velodyne_laserscan/share/velodyne_laserscan/hook/cmake_prefix_path.dsv'
[0.445s] INFO:colcon.colcon_core.shell:Creating environment hook '/home/aiv/ev_ws/ros2_ver2/install/velodyne_laserscan/share/velodyne_laserscan/hook/cmake_prefix_path.sh'
[0.446s] Level 1:colcon.colcon_core.environment:checking '/home/aiv/ev_ws/ros2_ver2/install/velodyne_laserscan/lib'
[0.446s] Level 1:colcon.colcon_core.shell:create_environment_hook('velodyne_laserscan', 'ld_library_path_lib')
[0.446s] INFO:colcon.colcon_core.shell:Creating environment hook '/home/aiv/ev_ws/ros2_ver2/install/velodyne_laserscan/share/velodyne_laserscan/hook/ld_library_path_lib.ps1'
[0.446s] INFO:colcon.colcon_core.shell:Creating environment descriptor '/home/aiv/ev_ws/ros2_ver2/install/velodyne_laserscan/share/velodyne_laserscan/hook/ld_library_path_lib.dsv'
[0.446s] INFO:colcon.colcon_core.shell:Creating environment hook '/home/aiv/ev_ws/ros2_ver2/install/velodyne_laserscan/share/velodyne_laserscan/hook/ld_library_path_lib.sh'
[0.446s] Level 1:colcon.colcon_core.environment:checking '/home/aiv/ev_ws/ros2_ver2/install/velodyne_laserscan/bin'
[0.446s] Level 1:colcon.colcon_core.environment:checking '/home/aiv/ev_ws/ros2_ver2/install/velodyne_laserscan/lib/pkgconfig/velodyne_laserscan.pc'
[0.447s] Level 1:colcon.colcon_core.environment:checking '/home/aiv/ev_ws/ros2_ver2/install/velodyne_laserscan/lib/python3.10/site-packages'
[0.447s] Level 1:colcon.colcon_core.environment:checking '/home/aiv/ev_ws/ros2_ver2/install/velodyne_laserscan/bin'
[0.447s] INFO:colcon.colcon_core.shell:Creating package script '/home/aiv/ev_ws/ros2_ver2/install/velodyne_laserscan/share/velodyne_laserscan/package.ps1'
[0.447s] INFO:colcon.colcon_core.shell:Creating package descriptor '/home/aiv/ev_ws/ros2_ver2/install/velodyne_laserscan/share/velodyne_laserscan/package.dsv'
[0.448s] INFO:colcon.colcon_core.shell:Creating package script '/home/aiv/ev_ws/ros2_ver2/install/velodyne_laserscan/share/velodyne_laserscan/package.sh'
[0.448s] INFO:colcon.colcon_core.shell:Creating package script '/home/aiv/ev_ws/ros2_ver2/install/velodyne_laserscan/share/velodyne_laserscan/package.bash'
[0.449s] INFO:colcon.colcon_core.shell:Creating package script '/home/aiv/ev_ws/ros2_ver2/install/velodyne_laserscan/share/velodyne_laserscan/package.zsh'
[0.449s] Level 1:colcon.colcon_core.environment:create_file_with_runtime_dependencies(/home/aiv/ev_ws/ros2_ver2/install/velodyne_laserscan/share/colcon-core/packages/velodyne_laserscan)
[0.449s] Level 1:colcon.colcon_core.environment:create_environment_scripts_only(velodyne_laserscan)
[0.449s] Level 1:colcon.colcon_core.environment:checking '/home/aiv/ev_ws/ros2_ver2/install/velodyne_laserscan' for CMake module files
[0.450s] Level 1:colcon.colcon_core.environment:checking '/home/aiv/ev_ws/ros2_ver2/install/velodyne_laserscan' for CMake config files
[0.450s] Level 1:colcon.colcon_core.shell:create_environment_hook('velodyne_laserscan', 'cmake_prefix_path')
[0.450s] INFO:colcon.colcon_core.shell:Creating environment hook '/home/aiv/ev_ws/ros2_ver2/install/velodyne_laserscan/share/velodyne_laserscan/hook/cmake_prefix_path.ps1'
[0.450s] INFO:colcon.colcon_core.shell:Creating environment descriptor '/home/aiv/ev_ws/ros2_ver2/install/velodyne_laserscan/share/velodyne_laserscan/hook/cmake_prefix_path.dsv'
[0.450s] INFO:colcon.colcon_core.shell:Creating environment hook '/home/aiv/ev_ws/ros2_ver2/install/velodyne_laserscan/share/velodyne_laserscan/hook/cmake_prefix_path.sh'
[0.450s] Level 1:colcon.colcon_core.environment:checking '/home/aiv/ev_ws/ros2_ver2/install/velodyne_laserscan/lib'
[0.450s] Level 1:colcon.colcon_core.shell:create_environment_hook('velodyne_laserscan', 'ld_library_path_lib')
[0.451s] INFO:colcon.colcon_core.shell:Creating environment hook '/home/aiv/ev_ws/ros2_ver2/install/velodyne_laserscan/share/velodyne_laserscan/hook/ld_library_path_lib.ps1'
[0.451s] INFO:colcon.colcon_core.shell:Creating environment descriptor '/home/aiv/ev_ws/ros2_ver2/install/velodyne_laserscan/share/velodyne_laserscan/hook/ld_library_path_lib.dsv'
[0.451s] INFO:colcon.colcon_core.shell:Creating environment hook '/home/aiv/ev_ws/ros2_ver2/install/velodyne_laserscan/share/velodyne_laserscan/hook/ld_library_path_lib.sh'
[0.451s] Level 1:colcon.colcon_core.environment:checking '/home/aiv/ev_ws/ros2_ver2/install/velodyne_laserscan/bin'
[0.451s] Level 1:colcon.colcon_core.environment:checking '/home/aiv/ev_ws/ros2_ver2/install/velodyne_laserscan/lib/pkgconfig/velodyne_laserscan.pc'
[0.451s] Level 1:colcon.colcon_core.environment:checking '/home/aiv/ev_ws/ros2_ver2/install/velodyne_laserscan/lib/python3.10/site-packages'
[0.451s] Level 1:colcon.colcon_core.environment:checking '/home/aiv/ev_ws/ros2_ver2/install/velodyne_laserscan/bin'
[0.451s] INFO:colcon.colcon_core.shell:Creating package script '/home/aiv/ev_ws/ros2_ver2/install/velodyne_laserscan/share/velodyne_laserscan/package.ps1'
[0.452s] INFO:colcon.colcon_core.shell:Creating package descriptor '/home/aiv/ev_ws/ros2_ver2/install/velodyne_laserscan/share/velodyne_laserscan/package.dsv'
[0.452s] INFO:colcon.colcon_core.shell:Creating package script '/home/aiv/ev_ws/ros2_ver2/install/velodyne_laserscan/share/velodyne_laserscan/package.sh'
[0.452s] INFO:colcon.colcon_core.shell:Creating package script '/home/aiv/ev_ws/ros2_ver2/install/velodyne_laserscan/share/velodyne_laserscan/package.bash'
[0.452s] INFO:colcon.colcon_core.shell:Creating package script '/home/aiv/ev_ws/ros2_ver2/install/velodyne_laserscan/share/velodyne_laserscan/package.zsh'
[0.452s] Level 1:colcon.colcon_core.environment:create_file_with_runtime_dependencies(/home/aiv/ev_ws/ros2_ver2/install/velodyne_laserscan/share/colcon-core/packages/velodyne_laserscan)
[0.541s] DEBUG:colcon.colcon_core.event_handler.log_command:Invoked command in '/home/aiv/ev_ws/ros2_ver2/build/velodyne_msgs' returned '0': CMAKE_PREFIX_PATH=${CMAKE_PREFIX_PATH}:/home/aiv/ros2_study/install/my_second_package:/opt/ros/humble /usr/bin/cmake --build /home/aiv/ev_ws/ros2_ver2/build/velodyne_msgs -- -j28 -l28
[0.542s] DEBUG:colcon.colcon_core.event_handler.log_command:Invoking command in '/home/aiv/ev_ws/ros2_ver2/build/velodyne_msgs': CMAKE_PREFIX_PATH=${CMAKE_PREFIX_PATH}:/home/aiv/ros2_study/install/my_second_package:/opt/ros/humble /usr/bin/cmake --install /home/aiv/ev_ws/ros2_ver2/build/velodyne_msgs
[0.575s] Level 1:colcon.colcon_core.environment:create_environment_scripts_only(velodyne_msgs)
[0.575s] DEBUG:colcon.colcon_core.event_handler.log_command:Invoked command in '/home/aiv/ev_ws/ros2_ver2/build/velodyne_msgs' returned '0': CMAKE_PREFIX_PATH=${CMAKE_PREFIX_PATH}:/home/aiv/ros2_study/install/my_second_package:/opt/ros/humble /usr/bin/cmake --install /home/aiv/ev_ws/ros2_ver2/build/velodyne_msgs
[0.575s] Level 1:colcon.colcon_core.environment:checking '/home/aiv/ev_ws/ros2_ver2/install/velodyne_msgs' for CMake module files
[0.576s] Level 1:colcon.colcon_core.environment:checking '/home/aiv/ev_ws/ros2_ver2/install/velodyne_msgs' for CMake config files
[0.576s] Level 1:colcon.colcon_core.shell:create_environment_hook('velodyne_msgs', 'cmake_prefix_path')
[0.576s] INFO:colcon.colcon_core.shell:Creating environment hook '/home/aiv/ev_ws/ros2_ver2/install/velodyne_msgs/share/velodyne_msgs/hook/cmake_prefix_path.ps1'
[0.577s] INFO:colcon.colcon_core.shell:Creating environment descriptor '/home/aiv/ev_ws/ros2_ver2/install/velodyne_msgs/share/velodyne_msgs/hook/cmake_prefix_path.dsv'
[0.577s] INFO:colcon.colcon_core.shell:Creating environment hook '/home/aiv/ev_ws/ros2_ver2/install/velodyne_msgs/share/velodyne_msgs/hook/cmake_prefix_path.sh'
[0.577s] Level 1:colcon.colcon_core.environment:checking '/home/aiv/ev_ws/ros2_ver2/install/velodyne_msgs/lib'
[0.577s] Level 1:colcon.colcon_core.shell:create_environment_hook('velodyne_msgs', 'ld_library_path_lib')
[0.578s] INFO:colcon.colcon_core.shell:Creating environment hook '/home/aiv/ev_ws/ros2_ver2/install/velodyne_msgs/share/velodyne_msgs/hook/ld_library_path_lib.ps1'
[0.578s] INFO:colcon.colcon_core.shell:Creating environment descriptor '/home/aiv/ev_ws/ros2_ver2/install/velodyne_msgs/share/velodyne_msgs/hook/ld_library_path_lib.dsv'
[0.578s] INFO:colcon.colcon_core.shell:Creating environment hook '/home/aiv/ev_ws/ros2_ver2/install/velodyne_msgs/share/velodyne_msgs/hook/ld_library_path_lib.sh'
[0.578s] Level 1:colcon.colcon_core.environment:checking '/home/aiv/ev_ws/ros2_ver2/install/velodyne_msgs/bin'
[0.578s] Level 1:colcon.colcon_core.environment:checking '/home/aiv/ev_ws/ros2_ver2/install/velodyne_msgs/lib/pkgconfig/velodyne_msgs.pc'
[0.579s] Level 1:colcon.colcon_core.environment:checking '/home/aiv/ev_ws/ros2_ver2/install/velodyne_msgs/lib/python3.10/site-packages'
[0.579s] Level 1:colcon.colcon_core.environment:checking '/home/aiv/ev_ws/ros2_ver2/install/velodyne_msgs/bin'
[0.579s] INFO:colcon.colcon_core.shell:Creating package script '/home/aiv/ev_ws/ros2_ver2/install/velodyne_msgs/share/velodyne_msgs/package.ps1'
[0.579s] INFO:colcon.colcon_core.shell:Creating package descriptor '/home/aiv/ev_ws/ros2_ver2/install/velodyne_msgs/share/velodyne_msgs/package.dsv'
[0.580s] INFO:colcon.colcon_core.shell:Creating package script '/home/aiv/ev_ws/ros2_ver2/install/velodyne_msgs/share/velodyne_msgs/package.sh'
[0.580s] INFO:colcon.colcon_core.shell:Creating package script '/home/aiv/ev_ws/ros2_ver2/install/velodyne_msgs/share/velodyne_msgs/package.bash'
[0.580s] INFO:colcon.colcon_core.shell:Creating package script '/home/aiv/ev_ws/ros2_ver2/install/velodyne_msgs/share/velodyne_msgs/package.zsh'
[0.580s] Level 1:colcon.colcon_core.environment:create_file_with_runtime_dependencies(/home/aiv/ev_ws/ros2_ver2/install/velodyne_msgs/share/colcon-core/packages/velodyne_msgs)
[0.581s] Level 1:colcon.colcon_core.environment:create_environment_scripts_only(velodyne_msgs)
[0.581s] Level 1:colcon.colcon_core.environment:checking '/home/aiv/ev_ws/ros2_ver2/install/velodyne_msgs' for CMake module files
[0.581s] Level 1:colcon.colcon_core.environment:checking '/home/aiv/ev_ws/ros2_ver2/install/velodyne_msgs' for CMake config files
[0.582s] Level 1:colcon.colcon_core.shell:create_environment_hook('velodyne_msgs', 'cmake_prefix_path')
[0.582s] INFO:colcon.colcon_core.shell:Creating environment hook '/home/aiv/ev_ws/ros2_ver2/install/velodyne_msgs/share/velodyne_msgs/hook/cmake_prefix_path.ps1'
[0.582s] INFO:colcon.colcon_core.shell:Creating environment descriptor '/home/aiv/ev_ws/ros2_ver2/install/velodyne_msgs/share/velodyne_msgs/hook/cmake_prefix_path.dsv'
[0.582s] INFO:colcon.colcon_core.shell:Creating environment hook '/home/aiv/ev_ws/ros2_ver2/install/velodyne_msgs/share/velodyne_msgs/hook/cmake_prefix_path.sh'
[0.583s] Level 1:colcon.colcon_core.environment:checking '/home/aiv/ev_ws/ros2_ver2/install/velodyne_msgs/lib'
[0.583s] Level 1:colcon.colcon_core.shell:create_environment_hook('velodyne_msgs', 'ld_library_path_lib')
[0.583s] INFO:colcon.colcon_core.shell:Creating environment hook '/home/aiv/ev_ws/ros2_ver2/install/velodyne_msgs/share/velodyne_msgs/hook/ld_library_path_lib.ps1'
[0.583s] INFO:colcon.colcon_core.shell:Creating environment descriptor '/home/aiv/ev_ws/ros2_ver2/install/velodyne_msgs/share/velodyne_msgs/hook/ld_library_path_lib.dsv'
[0.583s] INFO:colcon.colcon_core.shell:Creating environment hook '/home/aiv/ev_ws/ros2_ver2/install/velodyne_msgs/share/velodyne_msgs/hook/ld_library_path_lib.sh'
[0.583s] Level 1:colcon.colcon_core.environment:checking '/home/aiv/ev_ws/ros2_ver2/install/velodyne_msgs/bin'
[0.583s] Level 1:colcon.colcon_core.environment:checking '/home/aiv/ev_ws/ros2_ver2/install/velodyne_msgs/lib/pkgconfig/velodyne_msgs.pc'
[0.583s] Level 1:colcon.colcon_core.environment:checking '/home/aiv/ev_ws/ros2_ver2/install/velodyne_msgs/lib/python3.10/site-packages'
[0.583s] Level 1:colcon.colcon_core.environment:checking '/home/aiv/ev_ws/ros2_ver2/install/velodyne_msgs/bin'
[0.584s] INFO:colcon.colcon_core.shell:Creating package script '/home/aiv/ev_ws/ros2_ver2/install/velodyne_msgs/share/velodyne_msgs/package.ps1'
[0.584s] INFO:colcon.colcon_core.shell:Creating package descriptor '/home/aiv/ev_ws/ros2_ver2/install/velodyne_msgs/share/velodyne_msgs/package.dsv'
[0.584s] INFO:colcon.colcon_core.shell:Creating package script '/home/aiv/ev_ws/ros2_ver2/install/velodyne_msgs/share/velodyne_msgs/package.sh'
[0.584s] INFO:colcon.colcon_core.shell:Creating package script '/home/aiv/ev_ws/ros2_ver2/install/velodyne_msgs/share/velodyne_msgs/package.bash'
[0.584s] INFO:colcon.colcon_core.shell:Creating package script '/home/aiv/ev_ws/ros2_ver2/install/velodyne_msgs/share/velodyne_msgs/package.zsh'
[0.585s] Level 1:colcon.colcon_core.environment:create_file_with_runtime_dependencies(/home/aiv/ev_ws/ros2_ver2/install/velodyne_msgs/share/colcon-core/packages/velodyne_msgs)
[0.585s] INFO:colcon.colcon_ros.task.ament_cmake.build:Building ROS package in '/home/aiv/ev_ws/ros2_ver2/velodyne/velodyne_driver' with build type 'ament_cmake'
[0.585s] INFO:colcon.colcon_cmake.task.cmake.build:Building CMake package in '/home/aiv/ev_ws/ros2_ver2/velodyne/velodyne_driver'
[0.585s] INFO:colcon.colcon_core.shell:Skip shell extension 'powershell' for command environment: Not usable outside of PowerShell
[0.585s] DEBUG:colcon.colcon_core.shell:Skip shell extension 'dsv' for command environment
[0.588s] INFO:colcon.colcon_ros.task.ament_cmake.build:Building ROS package in '/home/aiv/ev_ws/ros2_ver2/velodyne/velodyne_pointcloud' with build type 'ament_cmake'
[0.588s] INFO:colcon.colcon_cmake.task.cmake.build:Building CMake package in '/home/aiv/ev_ws/ros2_ver2/velodyne/velodyne_pointcloud'
[0.589s] INFO:colcon.colcon_core.shell:Skip shell extension 'powershell' for command environment: Not usable outside of PowerShell
[0.589s] DEBUG:colcon.colcon_core.shell:Skip shell extension 'dsv' for command environment
[0.595s] DEBUG:colcon.colcon_core.event_handler.log_command:Invoking command in '/home/aiv/ev_ws/ros2_ver2/build/velodyne_driver': AMENT_PREFIX_PATH=/home/aiv/ev_ws/ros2_ver2/install/velodyne_msgs:${AMENT_PREFIX_PATH} CMAKE_PREFIX_PATH=/home/aiv/ev_ws/ros2_ver2/install/velodyne_msgs:/home/aiv/ev_ws/ros2/install/velodyne:/home/aiv/ev_ws/ros2/install/velodyne_pointcloud:/home/aiv/ev_ws/ros2/install/velodyne_driver:/home/aiv/ev_ws/ros2/install/velodyne_msgs:/home/aiv/ev_ws/ros2/install/velodyne_laserscan:/home/aiv/ev_ws/ros2/install/patchworkpp:/home/aiv/ros2_study/install/my_first_package_msgs:/home/aiv/workspace/ros2/velodyne/install/velodyne:/home/aiv/workspace/ros2/velodyne/install/velodyne_pointcloud:/home/aiv/workspace/ros2/velodyne/install/velodyne_driver:/home/aiv/workspace/ros2/velodyne/install/velodyne_msgs:/home/aiv/workspace/ros2/velodyne/install/velodyne_laserscan:/home/aiv/workspace/ros2/erp42_ros/install/erp42_serial:/home/aiv/workspace/ros2/erp42_ros/install/erp42_rqt_plugin:/home/aiv/workspace/ros2/erp42_ros/install/erp42_gazebo:/home/aiv/workspace/ros2/erp42_ros/install/erp42_util:/home/aiv/workspace/ros2/erp42_ros/install/erp42_msgs:/home/aiv/workspace/ros2/erp42_ros/install/erp42_description:/home/aiv/workspace/ros2/erp42_ros/install/erp42_cmake:/home/aiv/workspace/ros2/t870_ros/install/t870_serial:/home/aiv/workspace/ros2/t870_ros/install/t870_rqt_plugin:/home/aiv/workspace/ros2/t870_ros/install/t870_util:/home/aiv/workspace/ros2/t870_ros/install/t870_msgs:/home/aiv/workspace/ros2/t870_ros/install/t870_cmake:/home/aiv/workspace/ros2/erp42_racing_ros/install/erp42_racing_serial:/home/aiv/workspace/ros2/erp42_racing_ros/install/erp42_racing_rqt_plugin:/home/aiv/workspace/ros2/erp42_racing_ros/install/erp42_racing_gazebo:/home/aiv/workspace/ros2/erp42_racing_ros/install/erp42_racing_util:/home/aiv/workspace/ros2/erp42_racing_ros/install/erp42_racing_msgs:/home/aiv/workspace/ros2/erp42_racing_ros/install/erp42_racing_description:/home/aiv/workspace/ros2/erp42_racing_ros/install/erp42_racing_cmake:/home/aiv/ros2_study/install/my_second_package:/opt/ros/humble LD_LIBRARY_PATH=/home/aiv/ev_ws/ros2_ver2/install/velodyne_msgs/lib:${LD_LIBRARY_PATH} PYTHONPATH=/home/aiv/ev_ws/ros2_ver2/install/velodyne_msgs/local/lib/python3.10/dist-packages:${PYTHONPATH} /usr/bin/cmake --build /home/aiv/ev_ws/ros2_ver2/build/velodyne_driver -- -j28 -l28
[0.598s] DEBUG:colcon.colcon_core.event_handler.log_command:Invoking command in '/home/aiv/ev_ws/ros2_ver2/build/velodyne_pointcloud': AMENT_PREFIX_PATH=/home/aiv/ev_ws/ros2_ver2/install/velodyne_msgs:${AMENT_PREFIX_PATH} CMAKE_PREFIX_PATH=/home/aiv/ev_ws/ros2_ver2/install/velodyne_msgs:/home/aiv/ev_ws/ros2/install/velodyne:/home/aiv/ev_ws/ros2/install/velodyne_pointcloud:/home/aiv/ev_ws/ros2/install/velodyne_driver:/home/aiv/ev_ws/ros2/install/velodyne_msgs:/home/aiv/ev_ws/ros2/install/velodyne_laserscan:/home/aiv/ev_ws/ros2/install/patchworkpp:/home/aiv/ros2_study/install/my_first_package_msgs:/home/aiv/workspace/ros2/velodyne/install/velodyne:/home/aiv/workspace/ros2/velodyne/install/velodyne_pointcloud:/home/aiv/workspace/ros2/velodyne/install/velodyne_driver:/home/aiv/workspace/ros2/velodyne/install/velodyne_msgs:/home/aiv/workspace/ros2/velodyne/install/velodyne_laserscan:/home/aiv/workspace/ros2/erp42_ros/install/erp42_serial:/home/aiv/workspace/ros2/erp42_ros/install/erp42_rqt_plugin:/home/aiv/workspace/ros2/erp42_ros/install/erp42_gazebo:/home/aiv/workspace/ros2/erp42_ros/install/erp42_util:/home/aiv/workspace/ros2/erp42_ros/install/erp42_msgs:/home/aiv/workspace/ros2/erp42_ros/install/erp42_description:/home/aiv/workspace/ros2/erp42_ros/install/erp42_cmake:/home/aiv/workspace/ros2/t870_ros/install/t870_serial:/home/aiv/workspace/ros2/t870_ros/install/t870_rqt_plugin:/home/aiv/workspace/ros2/t870_ros/install/t870_util:/home/aiv/workspace/ros2/t870_ros/install/t870_msgs:/home/aiv/workspace/ros2/t870_ros/install/t870_cmake:/home/aiv/workspace/ros2/erp42_racing_ros/install/erp42_racing_serial:/home/aiv/workspace/ros2/erp42_racing_ros/install/erp42_racing_rqt_plugin:/home/aiv/workspace/ros2/erp42_racing_ros/install/erp42_racing_gazebo:/home/aiv/workspace/ros2/erp42_racing_ros/install/erp42_racing_util:/home/aiv/workspace/ros2/erp42_racing_ros/install/erp42_racing_msgs:/home/aiv/workspace/ros2/erp42_racing_ros/install/erp42_racing_description:/home/aiv/workspace/ros2/erp42_racing_ros/install/erp42_racing_cmake:/home/aiv/ros2_study/install/my_second_package:/opt/ros/humble LD_LIBRARY_PATH=/home/aiv/ev_ws/ros2_ver2/install/velodyne_msgs/lib:${LD_LIBRARY_PATH} PYTHONPATH=/home/aiv/ev_ws/ros2_ver2/install/velodyne_msgs/local/lib/python3.10/dist-packages:${PYTHONPATH} /usr/bin/cmake --build /home/aiv/ev_ws/ros2_ver2/build/velodyne_pointcloud -- -j28 -l28
[0.689s] DEBUG:colcon.colcon_core.event_handler.log_command:Invoked command in '/home/aiv/ev_ws/ros2_ver2/build/velodyne_driver' returned '0': AMENT_PREFIX_PATH=/home/aiv/ev_ws/ros2_ver2/install/velodyne_msgs:${AMENT_PREFIX_PATH} CMAKE_PREFIX_PATH=/home/aiv/ev_ws/ros2_ver2/install/velodyne_msgs:/home/aiv/ev_ws/ros2/install/velodyne:/home/aiv/ev_ws/ros2/install/velodyne_pointcloud:/home/aiv/ev_ws/ros2/install/velodyne_driver:/home/aiv/ev_ws/ros2/install/velodyne_msgs:/home/aiv/ev_ws/ros2/install/velodyne_laserscan:/home/aiv/ev_ws/ros2/install/patchworkpp:/home/aiv/ros2_study/install/my_first_package_msgs:/home/aiv/workspace/ros2/velodyne/install/velodyne:/home/aiv/workspace/ros2/velodyne/install/velodyne_pointcloud:/home/aiv/workspace/ros2/velodyne/install/velodyne_driver:/home/aiv/workspace/ros2/velodyne/install/velodyne_msgs:/home/aiv/workspace/ros2/velodyne/install/velodyne_laserscan:/home/aiv/workspace/ros2/erp42_ros/install/erp42_serial:/home/aiv/workspace/ros2/erp42_ros/install/erp42_rqt_plugin:/home/aiv/workspace/ros2/erp42_ros/install/erp42_gazebo:/home/aiv/workspace/ros2/erp42_ros/install/erp42_util:/home/aiv/workspace/ros2/erp42_ros/install/erp42_msgs:/home/aiv/workspace/ros2/erp42_ros/install/erp42_description:/home/aiv/workspace/ros2/erp42_ros/install/erp42_cmake:/home/aiv/workspace/ros2/t870_ros/install/t870_serial:/home/aiv/workspace/ros2/t870_ros/install/t870_rqt_plugin:/home/aiv/workspace/ros2/t870_ros/install/t870_util:/home/aiv/workspace/ros2/t870_ros/install/t870_msgs:/home/aiv/workspace/ros2/t870_ros/install/t870_cmake:/home/aiv/workspace/ros2/erp42_racing_ros/install/erp42_racing_serial:/home/aiv/workspace/ros2/erp42_racing_ros/install/erp42_racing_rqt_plugin:/home/aiv/workspace/ros2/erp42_racing_ros/install/erp42_racing_gazebo:/home/aiv/workspace/ros2/erp42_racing_ros/install/erp42_racing_util:/home/aiv/workspace/ros2/erp42_racing_ros/install/erp42_racing_msgs:/home/aiv/workspace/ros2/erp42_racing_ros/install/erp42_racing_description:/home/aiv/workspace/ros2/erp42_racing_ros/install/erp42_racing_cmake:/home/aiv/ros2_study/install/my_second_package:/opt/ros/humble LD_LIBRARY_PATH=/home/aiv/ev_ws/ros2_ver2/install/velodyne_msgs/lib:${LD_LIBRARY_PATH} PYTHONPATH=/home/aiv/ev_ws/ros2_ver2/install/velodyne_msgs/local/lib/python3.10/dist-packages:${PYTHONPATH} /usr/bin/cmake --build /home/aiv/ev_ws/ros2_ver2/build/velodyne_driver -- -j28 -l28
[0.690s] DEBUG:colcon.colcon_core.event_handler.log_command:Invoking command in '/home/aiv/ev_ws/ros2_ver2/build/velodyne_driver': AMENT_PREFIX_PATH=/home/aiv/ev_ws/ros2_ver2/install/velodyne_msgs:${AMENT_PREFIX_PATH} CMAKE_PREFIX_PATH=/home/aiv/ev_ws/ros2_ver2/install/velodyne_msgs:/home/aiv/ev_ws/ros2/install/velodyne:/home/aiv/ev_ws/ros2/install/velodyne_pointcloud:/home/aiv/ev_ws/ros2/install/velodyne_driver:/home/aiv/ev_ws/ros2/install/velodyne_msgs:/home/aiv/ev_ws/ros2/install/velodyne_laserscan:/home/aiv/ev_ws/ros2/install/patchworkpp:/home/aiv/ros2_study/install/my_first_package_msgs:/home/aiv/workspace/ros2/velodyne/install/velodyne:/home/aiv/workspace/ros2/velodyne/install/velodyne_pointcloud:/home/aiv/workspace/ros2/velodyne/install/velodyne_driver:/home/aiv/workspace/ros2/velodyne/install/velodyne_msgs:/home/aiv/workspace/ros2/velodyne/install/velodyne_laserscan:/home/aiv/workspace/ros2/erp42_ros/install/erp42_serial:/home/aiv/workspace/ros2/erp42_ros/install/erp42_rqt_plugin:/home/aiv/workspace/ros2/erp42_ros/install/erp42_gazebo:/home/aiv/workspace/ros2/erp42_ros/install/erp42_util:/home/aiv/workspace/ros2/erp42_ros/install/erp42_msgs:/home/aiv/workspace/ros2/erp42_ros/install/erp42_description:/home/aiv/workspace/ros2/erp42_ros/install/erp42_cmake:/home/aiv/workspace/ros2/t870_ros/install/t870_serial:/home/aiv/workspace/ros2/t870_ros/install/t870_rqt_plugin:/home/aiv/workspace/ros2/t870_ros/install/t870_util:/home/aiv/workspace/ros2/t870_ros/install/t870_msgs:/home/aiv/workspace/ros2/t870_ros/install/t870_cmake:/home/aiv/workspace/ros2/erp42_racing_ros/install/erp42_racing_serial:/home/aiv/workspace/ros2/erp42_racing_ros/install/erp42_racing_rqt_plugin:/home/aiv/workspace/ros2/erp42_racing_ros/install/erp42_racing_gazebo:/home/aiv/workspace/ros2/erp42_racing_ros/install/erp42_racing_util:/home/aiv/workspace/ros2/erp42_racing_ros/install/erp42_racing_msgs:/home/aiv/workspace/ros2/erp42_racing_ros/install/erp42_racing_description:/home/aiv/workspace/ros2/erp42_racing_ros/install/erp42_racing_cmake:/home/aiv/ros2_study/install/my_second_package:/opt/ros/humble LD_LIBRARY_PATH=/home/aiv/ev_ws/ros2_ver2/install/velodyne_msgs/lib:${LD_LIBRARY_PATH} PYTHONPATH=/home/aiv/ev_ws/ros2_ver2/install/velodyne_msgs/local/lib/python3.10/dist-packages:${PYTHONPATH} /usr/bin/cmake --install /home/aiv/ev_ws/ros2_ver2/build/velodyne_driver
[0.700s] Level 1:colcon.colcon_core.environment:create_environment_scripts_only(velodyne_driver)
[0.700s] Level 1:colcon.colcon_core.environment:checking '/home/aiv/ev_ws/ros2_ver2/install/velodyne_driver' for CMake module files
[0.700s] DEBUG:colcon.colcon_core.event_handler.log_command:Invoked command in '/home/aiv/ev_ws/ros2_ver2/build/velodyne_driver' returned '0': AMENT_PREFIX_PATH=/home/aiv/ev_ws/ros2_ver2/install/velodyne_msgs:${AMENT_PREFIX_PATH} CMAKE_PREFIX_PATH=/home/aiv/ev_ws/ros2_ver2/install/velodyne_msgs:/home/aiv/ev_ws/ros2/install/velodyne:/home/aiv/ev_ws/ros2/install/velodyne_pointcloud:/home/aiv/ev_ws/ros2/install/velodyne_driver:/home/aiv/ev_ws/ros2/install/velodyne_msgs:/home/aiv/ev_ws/ros2/install/velodyne_laserscan:/home/aiv/ev_ws/ros2/install/patchworkpp:/home/aiv/ros2_study/install/my_first_package_msgs:/home/aiv/workspace/ros2/velodyne/install/velodyne:/home/aiv/workspace/ros2/velodyne/install/velodyne_pointcloud:/home/aiv/workspace/ros2/velodyne/install/velodyne_driver:/home/aiv/workspace/ros2/velodyne/install/velodyne_msgs:/home/aiv/workspace/ros2/velodyne/install/velodyne_laserscan:/home/aiv/workspace/ros2/erp42_ros/install/erp42_serial:/home/aiv/workspace/ros2/erp42_ros/install/erp42_rqt_plugin:/home/aiv/workspace/ros2/erp42_ros/install/erp42_gazebo:/home/aiv/workspace/ros2/erp42_ros/install/erp42_util:/home/aiv/workspace/ros2/erp42_ros/install/erp42_msgs:/home/aiv/workspace/ros2/erp42_ros/install/erp42_description:/home/aiv/workspace/ros2/erp42_ros/install/erp42_cmake:/home/aiv/workspace/ros2/t870_ros/install/t870_serial:/home/aiv/workspace/ros2/t870_ros/install/t870_rqt_plugin:/home/aiv/workspace/ros2/t870_ros/install/t870_util:/home/aiv/workspace/ros2/t870_ros/install/t870_msgs:/home/aiv/workspace/ros2/t870_ros/install/t870_cmake:/home/aiv/workspace/ros2/erp42_racing_ros/install/erp42_racing_serial:/home/aiv/workspace/ros2/erp42_racing_ros/install/erp42_racing_rqt_plugin:/home/aiv/workspace/ros2/erp42_racing_ros/install/erp42_racing_gazebo:/home/aiv/workspace/ros2/erp42_racing_ros/install/erp42_racing_util:/home/aiv/workspace/ros2/erp42_racing_ros/install/erp42_racing_msgs:/home/aiv/workspace/ros2/erp42_racing_ros/install/erp42_racing_description:/home/aiv/workspace/ros2/erp42_racing_ros/install/erp42_racing_cmake:/home/aiv/ros2_study/install/my_second_package:/opt/ros/humble LD_LIBRARY_PATH=/home/aiv/ev_ws/ros2_ver2/install/velodyne_msgs/lib:${LD_LIBRARY_PATH} PYTHONPATH=/home/aiv/ev_ws/ros2_ver2/install/velodyne_msgs/local/lib/python3.10/dist-packages:${PYTHONPATH} /usr/bin/cmake --install /home/aiv/ev_ws/ros2_ver2/build/velodyne_driver
[0.701s] Level 1:colcon.colcon_core.environment:checking '/home/aiv/ev_ws/ros2_ver2/install/velodyne_driver' for CMake config files
[0.701s] Level 1:colcon.colcon_core.shell:create_environment_hook('velodyne_driver', 'cmake_prefix_path')
[0.701s] INFO:colcon.colcon_core.shell:Creating environment hook '/home/aiv/ev_ws/ros2_ver2/install/velodyne_driver/share/velodyne_driver/hook/cmake_prefix_path.ps1'
[0.702s] INFO:colcon.colcon_core.shell:Creating environment descriptor '/home/aiv/ev_ws/ros2_ver2/install/velodyne_driver/share/velodyne_driver/hook/cmake_prefix_path.dsv'
[0.702s] INFO:colcon.colcon_core.shell:Creating environment hook '/home/aiv/ev_ws/ros2_ver2/install/velodyne_driver/share/velodyne_driver/hook/cmake_prefix_path.sh'
[0.702s] Level 1:colcon.colcon_core.environment:checking '/home/aiv/ev_ws/ros2_ver2/install/velodyne_driver/lib'
[0.702s] Level 1:colcon.colcon_core.shell:create_environment_hook('velodyne_driver', 'ld_library_path_lib')
[0.703s] INFO:colcon.colcon_core.shell:Creating environment hook '/home/aiv/ev_ws/ros2_ver2/install/velodyne_driver/share/velodyne_driver/hook/ld_library_path_lib.ps1'
[0.703s] INFO:colcon.colcon_core.shell:Creating environment descriptor '/home/aiv/ev_ws/ros2_ver2/install/velodyne_driver/share/velodyne_driver/hook/ld_library_path_lib.dsv'
[0.703s] INFO:colcon.colcon_core.shell:Creating environment hook '/home/aiv/ev_ws/ros2_ver2/install/velodyne_driver/share/velodyne_driver/hook/ld_library_path_lib.sh'
[0.703s] Level 1:colcon.colcon_core.environment:checking '/home/aiv/ev_ws/ros2_ver2/install/velodyne_driver/bin'
[0.703s] Level 1:colcon.colcon_core.environment:checking '/home/aiv/ev_ws/ros2_ver2/install/velodyne_driver/lib/pkgconfig/velodyne_driver.pc'
[0.704s] Level 1:colcon.colcon_core.environment:checking '/home/aiv/ev_ws/ros2_ver2/install/velodyne_driver/lib/python3.10/site-packages'
[0.704s] Level 1:colcon.colcon_core.environment:checking '/home/aiv/ev_ws/ros2_ver2/install/velodyne_driver/bin'
[0.704s] INFO:colcon.colcon_core.shell:Creating package script '/home/aiv/ev_ws/ros2_ver2/install/velodyne_driver/share/velodyne_driver/package.ps1'
[0.705s] INFO:colcon.colcon_core.shell:Creating package descriptor '/home/aiv/ev_ws/ros2_ver2/install/velodyne_driver/share/velodyne_driver/package.dsv'
[0.705s] INFO:colcon.colcon_core.shell:Creating package script '/home/aiv/ev_ws/ros2_ver2/install/velodyne_driver/share/velodyne_driver/package.sh'
[0.705s] INFO:colcon.colcon_core.shell:Creating package script '/home/aiv/ev_ws/ros2_ver2/install/velodyne_driver/share/velodyne_driver/package.bash'
[0.706s] INFO:colcon.colcon_core.shell:Creating package script '/home/aiv/ev_ws/ros2_ver2/install/velodyne_driver/share/velodyne_driver/package.zsh'
[0.706s] Level 1:colcon.colcon_core.environment:create_file_with_runtime_dependencies(/home/aiv/ev_ws/ros2_ver2/install/velodyne_driver/share/colcon-core/packages/velodyne_driver)
[0.707s] Level 1:colcon.colcon_core.environment:create_environment_scripts_only(velodyne_driver)
[0.707s] Level 1:colcon.colcon_core.environment:checking '/home/aiv/ev_ws/ros2_ver2/install/velodyne_driver' for CMake module files
[0.707s] Level 1:colcon.colcon_core.environment:checking '/home/aiv/ev_ws/ros2_ver2/install/velodyne_driver' for CMake config files
[0.708s] Level 1:colcon.colcon_core.shell:create_environment_hook('velodyne_driver', 'cmake_prefix_path')
[0.708s] INFO:colcon.colcon_core.shell:Creating environment hook '/home/aiv/ev_ws/ros2_ver2/install/velodyne_driver/share/velodyne_driver/hook/cmake_prefix_path.ps1'
[0.708s] INFO:colcon.colcon_core.shell:Creating environment descriptor '/home/aiv/ev_ws/ros2_ver2/install/velodyne_driver/share/velodyne_driver/hook/cmake_prefix_path.dsv'
[0.708s] INFO:colcon.colcon_core.shell:Creating environment hook '/home/aiv/ev_ws/ros2_ver2/install/velodyne_driver/share/velodyne_driver/hook/cmake_prefix_path.sh'
[0.709s] Level 1:colcon.colcon_core.environment:checking '/home/aiv/ev_ws/ros2_ver2/install/velodyne_driver/lib'
[0.709s] Level 1:colcon.colcon_core.shell:create_environment_hook('velodyne_driver', 'ld_library_path_lib')
[0.709s] INFO:colcon.colcon_core.shell:Creating environment hook '/home/aiv/ev_ws/ros2_ver2/install/velodyne_driver/share/velodyne_driver/hook/ld_library_path_lib.ps1'
[0.709s] INFO:colcon.colcon_core.shell:Creating environment descriptor '/home/aiv/ev_ws/ros2_ver2/install/velodyne_driver/share/velodyne_driver/hook/ld_library_path_lib.dsv'
[0.710s] INFO:colcon.colcon_core.shell:Creating environment hook '/home/aiv/ev_ws/ros2_ver2/install/velodyne_driver/share/velodyne_driver/hook/ld_library_path_lib.sh'
[0.710s] Level 1:colcon.colcon_core.environment:checking '/home/aiv/ev_ws/ros2_ver2/install/velodyne_driver/bin'
[0.710s] Level 1:colcon.colcon_core.environment:checking '/home/aiv/ev_ws/ros2_ver2/install/velodyne_driver/lib/pkgconfig/velodyne_driver.pc'
[0.710s] Level 1:colcon.colcon_core.environment:checking '/home/aiv/ev_ws/ros2_ver2/install/velodyne_driver/lib/python3.10/site-packages'
[0.710s] Level 1:colcon.colcon_core.environment:checking '/home/aiv/ev_ws/ros2_ver2/install/velodyne_driver/bin'
[0.711s] INFO:colcon.colcon_core.shell:Creating package script '/home/aiv/ev_ws/ros2_ver2/install/velodyne_driver/share/velodyne_driver/package.ps1'
[0.711s] INFO:colcon.colcon_core.shell:Creating package descriptor '/home/aiv/ev_ws/ros2_ver2/install/velodyne_driver/share/velodyne_driver/package.dsv'
[0.711s] INFO:colcon.colcon_core.shell:Creating package script '/home/aiv/ev_ws/ros2_ver2/install/velodyne_driver/share/velodyne_driver/package.sh'
[0.712s] INFO:colcon.colcon_core.shell:Creating package script '/home/aiv/ev_ws/ros2_ver2/install/velodyne_driver/share/velodyne_driver/package.bash'
[0.712s] INFO:colcon.colcon_core.shell:Creating package script '/home/aiv/ev_ws/ros2_ver2/install/velodyne_driver/share/velodyne_driver/package.zsh'
[0.712s] Level 1:colcon.colcon_core.environment:create_file_with_runtime_dependencies(/home/aiv/ev_ws/ros2_ver2/install/velodyne_driver/share/colcon-core/packages/velodyne_driver)
[2.703s] DEBUG:colcon.colcon_parallel_executor.executor.parallel:run_until_complete was interrupted
[2.703s] DEBUG:colcon.colcon_parallel_executor.executor.parallel:run_until_complete again
[2.720s] DEBUG:colcon.colcon_core.event_handler.log_command:Invoked command in '/home/aiv/ev_ws/ros2_ver2/build/velodyne_pointcloud' returned '-2': AMENT_PREFIX_PATH=/home/aiv/ev_ws/ros2_ver2/install/velodyne_msgs:${AMENT_PREFIX_PATH} CMAKE_PREFIX_PATH=/home/aiv/ev_ws/ros2_ver2/install/velodyne_msgs:/home/aiv/ev_ws/ros2/install/velodyne:/home/aiv/ev_ws/ros2/install/velodyne_pointcloud:/home/aiv/ev_ws/ros2/install/velodyne_driver:/home/aiv/ev_ws/ros2/install/velodyne_msgs:/home/aiv/ev_ws/ros2/install/velodyne_laserscan:/home/aiv/ev_ws/ros2/install/patchworkpp:/home/aiv/ros2_study/install/my_first_package_msgs:/home/aiv/workspace/ros2/velodyne/install/velodyne:/home/aiv/workspace/ros2/velodyne/install/velodyne_pointcloud:/home/aiv/workspace/ros2/velodyne/install/velodyne_driver:/home/aiv/workspace/ros2/velodyne/install/velodyne_msgs:/home/aiv/workspace/ros2/velodyne/install/velodyne_laserscan:/home/aiv/workspace/ros2/erp42_ros/install/erp42_serial:/home/aiv/workspace/ros2/erp42_ros/install/erp42_rqt_plugin:/home/aiv/workspace/ros2/erp42_ros/install/erp42_gazebo:/home/aiv/workspace/ros2/erp42_ros/install/erp42_util:/home/aiv/workspace/ros2/erp42_ros/install/erp42_msgs:/home/aiv/workspace/ros2/erp42_ros/install/erp42_description:/home/aiv/workspace/ros2/erp42_ros/install/erp42_cmake:/home/aiv/workspace/ros2/t870_ros/install/t870_serial:/home/aiv/workspace/ros2/t870_ros/install/t870_rqt_plugin:/home/aiv/workspace/ros2/t870_ros/install/t870_util:/home/aiv/workspace/ros2/t870_ros/install/t870_msgs:/home/aiv/workspace/ros2/t870_ros/install/t870_cmake:/home/aiv/workspace/ros2/erp42_racing_ros/install/erp42_racing_serial:/home/aiv/workspace/ros2/erp42_racing_ros/install/erp42_racing_rqt_plugin:/home/aiv/workspace/ros2/erp42_racing_ros/install/erp42_racing_gazebo:/home/aiv/workspace/ros2/erp42_racing_ros/install/erp42_racing_util:/home/aiv/workspace/ros2/erp42_racing_ros/install/erp42_racing_msgs:/home/aiv/workspace/ros2/erp42_racing_ros/install/erp42_racing_description:/home/aiv/workspace/ros2/erp42_racing_ros/install/erp42_racing_cmake:/home/aiv/ros2_study/install/my_second_package:/opt/ros/humble LD_LIBRARY_PATH=/home/aiv/ev_ws/ros2_ver2/install/velodyne_msgs/lib:${LD_LIBRARY_PATH} PYTHONPATH=/home/aiv/ev_ws/ros2_ver2/install/velodyne_msgs/local/lib/python3.10/dist-packages:${PYTHONPATH} /usr/bin/cmake --build /home/aiv/ev_ws/ros2_ver2/build/velodyne_pointcloud -- -j28 -l28
[2.721s] Level 1:colcon.colcon_core.environment:create_environment_scripts_only(velodyne_pointcloud)
[2.721s] Level 1:colcon.colcon_core.environment:checking '/home/aiv/ev_ws/ros2_ver2/install/velodyne_pointcloud' for CMake module files
[2.721s] Level 1:colcon.colcon_core.environment:checking '/home/aiv/ev_ws/ros2_ver2/install/velodyne_pointcloud' for CMake config files
[2.721s] Level 1:colcon.colcon_core.shell:create_environment_hook('velodyne_pointcloud', 'cmake_prefix_path')
[2.721s] INFO:colcon.colcon_core.shell:Creating environment hook '/home/aiv/ev_ws/ros2_ver2/install/velodyne_pointcloud/share/velodyne_pointcloud/hook/cmake_prefix_path.ps1'
[2.722s] INFO:colcon.colcon_core.shell:Creating environment descriptor '/home/aiv/ev_ws/ros2_ver2/install/velodyne_pointcloud/share/velodyne_pointcloud/hook/cmake_prefix_path.dsv'
[2.722s] INFO:colcon.colcon_core.shell:Creating environment hook '/home/aiv/ev_ws/ros2_ver2/install/velodyne_pointcloud/share/velodyne_pointcloud/hook/cmake_prefix_path.sh'
[2.722s] Level 1:colcon.colcon_core.environment:checking '/home/aiv/ev_ws/ros2_ver2/install/velodyne_pointcloud/lib'
[2.722s] Level 1:colcon.colcon_core.shell:create_environment_hook('velodyne_pointcloud', 'ld_library_path_lib')
[2.722s] INFO:colcon.colcon_core.shell:Creating environment hook '/home/aiv/ev_ws/ros2_ver2/install/velodyne_pointcloud/share/velodyne_pointcloud/hook/ld_library_path_lib.ps1'
[2.722s] INFO:colcon.colcon_core.shell:Creating environment descriptor '/home/aiv/ev_ws/ros2_ver2/install/velodyne_pointcloud/share/velodyne_pointcloud/hook/ld_library_path_lib.dsv'
[2.722s] INFO:colcon.colcon_core.shell:Creating environment hook '/home/aiv/ev_ws/ros2_ver2/install/velodyne_pointcloud/share/velodyne_pointcloud/hook/ld_library_path_lib.sh'
[2.723s] Level 1:colcon.colcon_core.environment:checking '/home/aiv/ev_ws/ros2_ver2/install/velodyne_pointcloud/bin'
[2.723s] Level 1:colcon.colcon_core.environment:checking '/home/aiv/ev_ws/ros2_ver2/install/velodyne_pointcloud/lib/pkgconfig/velodyne_pointcloud.pc'
[2.723s] Level 1:colcon.colcon_core.environment:checking '/home/aiv/ev_ws/ros2_ver2/install/velodyne_pointcloud/lib/python3.10/site-packages'
[2.723s] Level 1:colcon.colcon_core.environment:checking '/home/aiv/ev_ws/ros2_ver2/install/velodyne_pointcloud/bin'
[2.723s] INFO:colcon.colcon_core.shell:Creating package script '/home/aiv/ev_ws/ros2_ver2/install/velodyne_pointcloud/share/velodyne_pointcloud/package.ps1'
[2.723s] INFO:colcon.colcon_core.shell:Creating package descriptor '/home/aiv/ev_ws/ros2_ver2/install/velodyne_pointcloud/share/velodyne_pointcloud/package.dsv'
[2.724s] INFO:colcon.colcon_core.shell:Creating package script '/home/aiv/ev_ws/ros2_ver2/install/velodyne_pointcloud/share/velodyne_pointcloud/package.sh'
[2.724s] INFO:colcon.colcon_core.shell:Creating package script '/home/aiv/ev_ws/ros2_ver2/install/velodyne_pointcloud/share/velodyne_pointcloud/package.bash'
[2.724s] INFO:colcon.colcon_core.shell:Creating package script '/home/aiv/ev_ws/ros2_ver2/install/velodyne_pointcloud/share/velodyne_pointcloud/package.zsh'
[2.724s] Level 1:colcon.colcon_core.environment:create_file_with_runtime_dependencies(/home/aiv/ev_ws/ros2_ver2/install/velodyne_pointcloud/share/colcon-core/packages/velodyne_pointcloud)
[2.735s] DEBUG:colcon.colcon_parallel_executor.executor.parallel:run_until_complete finished
[2.735s] DEBUG:colcon.colcon_parallel_executor.executor.parallel:closing loop
[2.735s] DEBUG:colcon.colcon_parallel_executor.executor.parallel:loop closed
[2.735s] DEBUG:colcon.colcon_core.event_reactor:joining thread
[2.738s] INFO:colcon.colcon_core.plugin_system:Skipping extension 'colcon_notification.desktop_notification.terminal_notifier': Not used on non-Darwin systems
[2.738s] INFO:colcon.colcon_core.plugin_system:Skipping extension 'colcon_notification.desktop_notification.win32': Not used on non-Windows systems
[2.738s] INFO:colcon.colcon_notification.desktop_notification:Sending desktop notification using 'notify2'
[2.770s] DEBUG:colcon.colcon_core.event_reactor:joined thread
[2.770s] INFO:colcon.colcon_core.shell:Creating prefix script '/home/aiv/ev_ws/ros2_ver2/install/local_setup.ps1'
[2.770s] INFO:colcon.colcon_core.shell:Creating prefix util module '/home/aiv/ev_ws/ros2_ver2/install/_local_setup_util_ps1.py'
[2.771s] INFO:colcon.colcon_core.shell:Creating prefix chain script '/home/aiv/ev_ws/ros2_ver2/install/setup.ps1'
[2.772s] INFO:colcon.colcon_core.shell:Creating prefix script '/home/aiv/ev_ws/ros2_ver2/install/local_setup.sh'
[2.772s] INFO:colcon.colcon_core.shell:Creating prefix util module '/home/aiv/ev_ws/ros2_ver2/install/_local_setup_util_sh.py'
[2.773s] INFO:colcon.colcon_core.shell:Creating prefix chain script '/home/aiv/ev_ws/ros2_ver2/install/setup.sh'
[2.774s] INFO:colcon.colcon_core.shell:Creating prefix script '/home/aiv/ev_ws/ros2_ver2/install/local_setup.bash'
[2.774s] INFO:colcon.colcon_core.shell:Creating prefix chain script '/home/aiv/ev_ws/ros2_ver2/install/setup.bash'
[2.775s] INFO:colcon.colcon_core.shell:Creating prefix script '/home/aiv/ev_ws/ros2_ver2/install/local_setup.zsh'
[2.775s] INFO:colcon.colcon_core.shell:Creating prefix chain script '/home/aiv/ev_ws/ros2_ver2/install/setup.zsh'
