[0.008s] Invoking command in '/home/aiv/ev_ws/ros2/build/velodyne_msgs': CMAKE_PREFIX_PATH=${CMAKE_PREFIX_PATH}:/home/aiv/ros2_study/install/my_second_package:/opt/ros/humble /usr/bin/cmake /home/aiv/ev_ws/ros2/src/velodyne/velodyne_msgs -DCMAKE_INSTALL_PREFIX=/home/aiv/ev_ws/ros2/install/velodyne_msgs
[0.094s] -- The C compiler identification is GNU 11.4.0
[0.148s] -- The CXX compiler identification is GNU 11.4.0
[0.154s] -- Detecting C compiler ABI info
[0.198s] -- Detecting C compiler ABI info - done
[0.203s] -- Check for working C compiler: /usr/bin/cc - skipped
[0.204s] -- Detecting C compile features
[0.204s] -- Detecting C compile features - done
[0.206s] -- Detecting CXX compiler ABI info
[0.257s] -- Detecting CXX compiler ABI info - done
[0.261s] -- Check for working CXX compiler: /usr/bin/c++ - skipped
[0.261s] -- Detecting CXX compile features
[0.262s] -- Detecting CXX compile features - done
[0.264s] -- Found ament_cmake: 1.3.12 (/opt/ros/humble/share/ament_cmake/cmake)
[0.363s] -- Found Python3: /usr/bin/python3 (found version "3.10.12") found components: Interpreter 
[0.429s] -- Found builtin_interfaces: 1.2.2 (/opt/ros/humble/share/builtin_interfaces/cmake)
[0.455s] -- Found rosidl_generator_c: 3.1.8 (/opt/ros/humble/share/rosidl_generator_c/cmake)
[0.460s] -- Found rosidl_adapter: 3.1.8 (/opt/ros/humble/share/rosidl_adapter/cmake)
[0.467s] -- Found rosidl_generator_cpp: 3.1.8 (/opt/ros/humble/share/rosidl_generator_cpp/cmake)
[0.476s] -- Using all available rosidl_typesupport_c: rosidl_typesupport_fastrtps_c;rosidl_typesupport_introspection_c
[0.488s] -- Using all available rosidl_typesupport_cpp: rosidl_typesupport_fastrtps_cpp;rosidl_typesupport_introspection_cpp
[0.499s] -- Found rosidl_default_generators: 1.2.0 (/opt/ros/humble/share/rosidl_default_generators/cmake)
[0.508s] -- Found std_msgs: 4.9.0 (/opt/ros/humble/share/std_msgs/cmake)
[0.675s] -- Found ament_cmake_cppcheck: 0.12.14 (/opt/ros/humble/share/ament_cmake_cppcheck/cmake)
[0.677s] -- Found ament_cmake_cpplint: 0.12.14 (/opt/ros/humble/share/ament_cmake_cpplint/cmake)
[0.679s] -- Found ament_cmake_uncrustify: 0.12.14 (/opt/ros/humble/share/ament_cmake_uncrustify/cmake)
[0.681s] -- Found ament_cmake_ros: 0.10.0 (/opt/ros/humble/share/ament_cmake_ros/cmake)
[0.891s] -- Using all available rosidl_typesupport_c: rosidl_typesupport_fastrtps_c;rosidl_typesupport_introspection_c
[0.970s] -- Using all available rosidl_typesupport_cpp: rosidl_typesupport_fastrtps_cpp;rosidl_typesupport_introspection_cpp
[0.986s] -- Found PythonInterp: /usr/bin/python3 (found suitable version "3.10.12", minimum required is "3.6") 
[0.987s] -- Found python_cmake_module: 0.10.0 (/opt/ros/humble/share/python_cmake_module/cmake)
[1.004s] -- Found PythonLibs: /usr/lib/x86_64-linux-gnu/libpython3.10.so (found suitable version "3.10.12", minimum required is "3.5") 
[1.004s] -- Using PYTHON_EXECUTABLE: /usr/bin/python3
[1.004s] -- Using PYTHON_INCLUDE_DIRS: /usr/include/python3.10
[1.004s] -- Using PYTHON_LIBRARIES: /usr/lib/x86_64-linux-gnu/libpython3.10.so
[1.016s] -- Found PythonExtra: .so  
[1.047s] -- Found ament_cmake_flake8: 0.12.14 (/opt/ros/humble/share/ament_cmake_flake8/cmake)
[1.049s] -- Found ament_cmake_pep257: 0.12.14 (/opt/ros/humble/share/ament_cmake_pep257/cmake)
[1.051s] -- Found ament_lint_auto: 0.12.14 (/opt/ros/humble/share/ament_lint_auto/cmake)
[1.060s] -- Added test 'copyright' to check source files copyright and LICENSE
[1.060s] -- Added test 'lint_cmake' to check CMake code style
[1.060s] -- Added test 'xmllint' to check XML markup files
[1.061s] -- Configuring done
[1.075s] -- Generating done
[1.080s] -- Build files have been written to: /home/aiv/ev_ws/ros2/build/velodyne_msgs
[1.084s] Invoked command in '/home/aiv/ev_ws/ros2/build/velodyne_msgs' returned '0': CMAKE_PREFIX_PATH=${CMAKE_PREFIX_PATH}:/home/aiv/ros2_study/install/my_second_package:/opt/ros/humble /usr/bin/cmake /home/aiv/ev_ws/ros2/src/velodyne/velodyne_msgs -DCMAKE_INSTALL_PREFIX=/home/aiv/ev_ws/ros2/install/velodyne_msgs
[1.085s] Invoking command in '/home/aiv/ev_ws/ros2/build/velodyne_msgs': CMAKE_PREFIX_PATH=${CMAKE_PREFIX_PATH}:/home/aiv/ros2_study/install/my_second_package:/opt/ros/humble /usr/bin/cmake --build /home/aiv/ev_ws/ros2/build/velodyne_msgs -- -j28 -l28
[1.115s] [  2%] [34m[1mGenerating C code for ROS interfaces[0m
[1.122s] [  5%] [34m[1mGenerating C++ code for ROS interfaces[0m
[1.129s] [  5%] Built target ament_cmake_python_copy_velodyne_msgs
[1.246s] running egg_info
[1.246s] creating velodyne_msgs.egg-info
[1.246s] writing velodyne_msgs.egg-info/PKG-INFO
[1.246s] writing dependency_links to velodyne_msgs.egg-info/dependency_links.txt
[1.246s] writing top-level names to velodyne_msgs.egg-info/top_level.txt
[1.246s] writing manifest file 'velodyne_msgs.egg-info/SOURCES.txt'
[1.248s] reading manifest file 'velodyne_msgs.egg-info/SOURCES.txt'
[1.248s] writing manifest file 'velodyne_msgs.egg-info/SOURCES.txt'
[1.262s] [  5%] Built target ament_cmake_python_build_velodyne_msgs_egg
[1.284s] [  5%] Built target velodyne_msgs__cpp
[1.291s] [ 10%] [34m[1mGenerating C++ introspection for ROS interfaces[0m
[1.291s] [ 10%] [32mBuilding C object CMakeFiles/velodyne_msgs__rosidl_generator_c.dir/rosidl_generator_c/velodyne_msgs/msg/detail/velodyne_packet__functions.c.o[0m
[1.292s] [ 17%] [34m[1mGenerating C++ type support for eProsima Fast-RTPS[0m
[1.292s] [ 17%] [32mBuilding C object CMakeFiles/velodyne_msgs__rosidl_generator_c.dir/rosidl_generator_c/velodyne_msgs/msg/detail/velodyne_scan__functions.c.o[0m
[1.292s] [ 17%] [34m[1mGenerating C++ type support dispatch for ROS interfaces[0m
[1.325s] [ 20%] [32m[1mLinking C shared library libvelodyne_msgs__rosidl_generator_c.so[0m
[1.351s] [ 20%] Built target velodyne_msgs__rosidl_generator_c
[1.359s] [ 28%] [34m[1mGenerating C introspection for ROS interfaces[0m
[1.360s] [ 28%] [34m[1mGenerating C type support dispatch for ROS interfaces[0m
[1.360s] [ 28%] [34m[1mGenerating C type support for eProsima Fast-RTPS[0m
[1.450s] [ 33%] [32mBuilding CXX object CMakeFiles/velodyne_msgs__rosidl_typesupport_cpp.dir/rosidl_typesupport_cpp/velodyne_msgs/msg/velodyne_scan__type_support.cpp.o[0m
[1.450s] [ 33%] [32mBuilding CXX object CMakeFiles/velodyne_msgs__rosidl_typesupport_cpp.dir/rosidl_typesupport_cpp/velodyne_msgs/msg/velodyne_packet__type_support.cpp.o[0m
[1.459s] [ 35%] [32mBuilding CXX object CMakeFiles/velodyne_msgs__rosidl_typesupport_fastrtps_cpp.dir/rosidl_typesupport_fastrtps_cpp/velodyne_msgs/msg/detail/dds_fastrtps/velodyne_scan__type_support.cpp.o[0m
[1.459s] [ 38%] [32mBuilding CXX object CMakeFiles/velodyne_msgs__rosidl_typesupport_fastrtps_cpp.dir/rosidl_typesupport_fastrtps_cpp/velodyne_msgs/msg/detail/dds_fastrtps/velodyne_packet__type_support.cpp.o[0m
[1.478s] [ 41%] [32mBuilding CXX object CMakeFiles/velodyne_msgs__rosidl_typesupport_introspection_cpp.dir/rosidl_typesupport_introspection_cpp/velodyne_msgs/msg/detail/velodyne_packet__type_support.cpp.o[0m
[1.478s] [ 43%] [32mBuilding CXX object CMakeFiles/velodyne_msgs__rosidl_typesupport_introspection_cpp.dir/rosidl_typesupport_introspection_cpp/velodyne_msgs/msg/detail/velodyne_scan__type_support.cpp.o[0m
[1.523s] [ 46%] [32mBuilding C object CMakeFiles/velodyne_msgs__rosidl_typesupport_introspection_c.dir/rosidl_typesupport_introspection_c/velodyne_msgs/msg/detail/velodyne_scan__type_support.c.o[0m
[1.524s] [ 48%] [32mBuilding C object CMakeFiles/velodyne_msgs__rosidl_typesupport_introspection_c.dir/rosidl_typesupport_introspection_c/velodyne_msgs/msg/detail/velodyne_packet__type_support.c.o[0m
[1.530s] [ 53%] [32mBuilding CXX object CMakeFiles/velodyne_msgs__rosidl_typesupport_fastrtps_c.dir/rosidl_typesupport_fastrtps_c/velodyne_msgs/msg/detail/velodyne_packet__type_support_c.cpp.o[0m
[1.530s] [ 53%] [32mBuilding CXX object CMakeFiles/velodyne_msgs__rosidl_typesupport_fastrtps_c.dir/rosidl_typesupport_fastrtps_c/velodyne_msgs/msg/detail/velodyne_scan__type_support_c.cpp.o[0m
[1.532s] [ 56%] [32mBuilding CXX object CMakeFiles/velodyne_msgs__rosidl_typesupport_c.dir/rosidl_typesupport_c/velodyne_msgs/msg/velodyne_scan__type_support.cpp.o[0m
[1.534s] [ 58%] [32mBuilding CXX object CMakeFiles/velodyne_msgs__rosidl_typesupport_c.dir/rosidl_typesupport_c/velodyne_msgs/msg/velodyne_packet__type_support.cpp.o[0m
[1.555s] [ 61%] [32m[1mLinking C shared library libvelodyne_msgs__rosidl_typesupport_introspection_c.so[0m
[1.558s] [ 64%] [32m[1mLinking CXX shared library libvelodyne_msgs__rosidl_typesupport_c.so[0m
[1.581s] [ 64%] Built target velodyne_msgs__rosidl_typesupport_introspection_c
[1.590s] [ 64%] Built target velodyne_msgs__rosidl_typesupport_c
[1.637s] [ 66%] [32m[1mLinking CXX shared library libvelodyne_msgs__rosidl_typesupport_cpp.so[0m
[1.666s] [ 69%] [32m[1mLinking CXX shared library libvelodyne_msgs__rosidl_typesupport_fastrtps_cpp.so[0m
[1.667s] [ 69%] Built target velodyne_msgs__rosidl_typesupport_cpp
[1.684s] [ 71%] [32m[1mLinking CXX shared library libvelodyne_msgs__rosidl_typesupport_fastrtps_c.so[0m
[1.714s] [ 71%] Built target velodyne_msgs__rosidl_typesupport_fastrtps_cpp
[1.717s] [ 74%] [32m[1mLinking CXX shared library libvelodyne_msgs__rosidl_typesupport_introspection_cpp.so[0m
[1.731s] [ 74%] Built target velodyne_msgs__rosidl_typesupport_fastrtps_c
[1.758s] [ 74%] Built target velodyne_msgs__rosidl_typesupport_introspection_cpp
[1.770s] [ 74%] Built target velodyne_msgs
[1.784s] [ 76%] [34m[1mGenerating Python code for ROS interfaces[0m
[2.001s] [ 76%] Built target velodyne_msgs__py
[2.017s] [ 82%] [32mBuilding C object CMakeFiles/velodyne_msgs__rosidl_generator_py.dir/rosidl_generator_py/velodyne_msgs/msg/_velodyne_scan_s.c.o[0m
[2.017s] [ 82%] [32mBuilding C object CMakeFiles/velodyne_msgs__rosidl_generator_py.dir/rosidl_generator_py/velodyne_msgs/msg/_velodyne_packet_s.c.o[0m
[2.081s] [ 84%] [32m[1mLinking C shared library rosidl_generator_py/velodyne_msgs/libvelodyne_msgs__rosidl_generator_py.so[0m
[2.107s] [ 84%] Built target velodyne_msgs__rosidl_generator_py
[2.123s] [ 87%] [32mBuilding C object CMakeFiles/velodyne_msgs__rosidl_typesupport_c__pyext.dir/rosidl_generator_py/velodyne_msgs/_velodyne_msgs_s.ep.rosidl_typesupport_c.c.o[0m
[2.123s] [ 92%] [32mBuilding C object CMakeFiles/velodyne_msgs__rosidl_typesupport_fastrtps_c__pyext.dir/rosidl_generator_py/velodyne_msgs/_velodyne_msgs_s.ep.rosidl_typesupport_fastrtps_c.c.o[0m
[2.123s] [ 92%] [32mBuilding C object CMakeFiles/velodyne_msgs__rosidl_typesupport_introspection_c__pyext.dir/rosidl_generator_py/velodyne_msgs/_velodyne_msgs_s.ep.rosidl_typesupport_introspection_c.c.o[0m
[2.172s] [ 94%] [32m[1mLinking C shared library rosidl_generator_py/velodyne_msgs/velodyne_msgs_s__rosidl_typesupport_introspection_c.cpython-310-x86_64-linux-gnu.so[0m
[2.176s] [ 97%] [32m[1mLinking C shared library rosidl_generator_py/velodyne_msgs/velodyne_msgs_s__rosidl_typesupport_c.cpython-310-x86_64-linux-gnu.so[0m
[2.176s] [100%] [32m[1mLinking C shared library rosidl_generator_py/velodyne_msgs/velodyne_msgs_s__rosidl_typesupport_fastrtps_c.cpython-310-x86_64-linux-gnu.so[0m
[2.197s] [100%] Built target velodyne_msgs__rosidl_typesupport_introspection_c__pyext
[2.199s] [100%] Built target velodyne_msgs__rosidl_typesupport_c__pyext
[2.205s] [100%] Built target velodyne_msgs__rosidl_typesupport_fastrtps_c__pyext
[2.213s] Invoked command in '/home/aiv/ev_ws/ros2/build/velodyne_msgs' returned '0': CMAKE_PREFIX_PATH=${CMAKE_PREFIX_PATH}:/home/aiv/ros2_study/install/my_second_package:/opt/ros/humble /usr/bin/cmake --build /home/aiv/ev_ws/ros2/build/velodyne_msgs -- -j28 -l28
[2.219s] Invoking command in '/home/aiv/ev_ws/ros2/build/velodyne_msgs': CMAKE_PREFIX_PATH=${CMAKE_PREFIX_PATH}:/home/aiv/ros2_study/install/my_second_package:/opt/ros/humble /usr/bin/cmake --install /home/aiv/ev_ws/ros2/build/velodyne_msgs
[2.223s] -- Install configuration: ""
[2.224s] -- Installing: /home/aiv/ev_ws/ros2/install/velodyne_msgs/share/ament_index/resource_index/rosidl_interfaces/velodyne_msgs
[2.224s] -- Installing: /home/aiv/ev_ws/ros2/install/velodyne_msgs/include/velodyne_msgs/velodyne_msgs
[2.224s] -- Installing: /home/aiv/ev_ws/ros2/install/velodyne_msgs/include/velodyne_msgs/velodyne_msgs/msg
[2.224s] -- Installing: /home/aiv/ev_ws/ros2/install/velodyne_msgs/include/velodyne_msgs/velodyne_msgs/msg/rosidl_generator_c__visibility_control.h
[2.224s] -- Installing: /home/aiv/ev_ws/ros2/install/velodyne_msgs/include/velodyne_msgs/velodyne_msgs/msg/detail
[2.224s] -- Installing: /home/aiv/ev_ws/ros2/install/velodyne_msgs/include/velodyne_msgs/velodyne_msgs/msg/detail/velodyne_packet__type_support.h
[2.224s] -- Installing: /home/aiv/ev_ws/ros2/install/velodyne_msgs/include/velodyne_msgs/velodyne_msgs/msg/detail/velodyne_scan__struct.h
[2.224s] -- Installing: /home/aiv/ev_ws/ros2/install/velodyne_msgs/include/velodyne_msgs/velodyne_msgs/msg/detail/velodyne_scan__type_support.h
[2.224s] -- Installing: /home/aiv/ev_ws/ros2/install/velodyne_msgs/include/velodyne_msgs/velodyne_msgs/msg/detail/velodyne_scan__functions.c
[2.224s] -- Installing: /home/aiv/ev_ws/ros2/install/velodyne_msgs/include/velodyne_msgs/velodyne_msgs/msg/detail/velodyne_scan__functions.h
[2.224s] -- Installing: /home/aiv/ev_ws/ros2/install/velodyne_msgs/include/velodyne_msgs/velodyne_msgs/msg/detail/velodyne_packet__functions.h
[2.224s] -- Installing: /home/aiv/ev_ws/ros2/install/velodyne_msgs/include/velodyne_msgs/velodyne_msgs/msg/detail/velodyne_packet__functions.c
[2.224s] -- Installing: /home/aiv/ev_ws/ros2/install/velodyne_msgs/include/velodyne_msgs/velodyne_msgs/msg/detail/velodyne_packet__struct.h
[2.224s] -- Installing: /home/aiv/ev_ws/ros2/install/velodyne_msgs/include/velodyne_msgs/velodyne_msgs/msg/velodyne_packet.h
[2.224s] -- Installing: /home/aiv/ev_ws/ros2/install/velodyne_msgs/include/velodyne_msgs/velodyne_msgs/msg/velodyne_scan.h
[2.224s] -- Installing: /home/aiv/ev_ws/ros2/install/velodyne_msgs/share/velodyne_msgs/environment/library_path.sh
[2.224s] -- Installing: /home/aiv/ev_ws/ros2/install/velodyne_msgs/share/velodyne_msgs/environment/library_path.dsv
[2.224s] -- Installing: /home/aiv/ev_ws/ros2/install/velodyne_msgs/lib/libvelodyne_msgs__rosidl_generator_c.so
[2.224s] -- Set runtime path of "/home/aiv/ev_ws/ros2/install/velodyne_msgs/lib/libvelodyne_msgs__rosidl_generator_c.so" to ""
[2.224s] -- Up-to-date: /home/aiv/ev_ws/ros2/install/velodyne_msgs/include/velodyne_msgs/velodyne_msgs
[2.224s] -- Up-to-date: /home/aiv/ev_ws/ros2/install/velodyne_msgs/include/velodyne_msgs/velodyne_msgs/msg
[2.224s] -- Installing: /home/aiv/ev_ws/ros2/install/velodyne_msgs/include/velodyne_msgs/velodyne_msgs/msg/rosidl_typesupport_fastrtps_c__visibility_control.h
[2.224s] -- Up-to-date: /home/aiv/ev_ws/ros2/install/velodyne_msgs/include/velodyne_msgs/velodyne_msgs/msg/detail
[2.224s] -- Installing: /home/aiv/ev_ws/ros2/install/velodyne_msgs/include/velodyne_msgs/velodyne_msgs/msg/detail/velodyne_scan__rosidl_typesupport_fastrtps_c.h
[2.224s] -- Installing: /home/aiv/ev_ws/ros2/install/velodyne_msgs/include/velodyne_msgs/velodyne_msgs/msg/detail/velodyne_packet__rosidl_typesupport_fastrtps_c.h
[2.224s] -- Installing: /home/aiv/ev_ws/ros2/install/velodyne_msgs/lib/libvelodyne_msgs__rosidl_typesupport_fastrtps_c.so
[2.225s] -- Set runtime path of "/home/aiv/ev_ws/ros2/install/velodyne_msgs/lib/libvelodyne_msgs__rosidl_typesupport_fastrtps_c.so" to ""
[2.225s] -- Up-to-date: /home/aiv/ev_ws/ros2/install/velodyne_msgs/include/velodyne_msgs/velodyne_msgs
[2.225s] -- Up-to-date: /home/aiv/ev_ws/ros2/install/velodyne_msgs/include/velodyne_msgs/velodyne_msgs/msg
[2.225s] -- Installing: /home/aiv/ev_ws/ros2/install/velodyne_msgs/include/velodyne_msgs/velodyne_msgs/msg/velodyne_packet.hpp
[2.225s] -- Installing: /home/aiv/ev_ws/ros2/install/velodyne_msgs/include/velodyne_msgs/velodyne_msgs/msg/velodyne_scan.hpp
[2.225s] -- Installing: /home/aiv/ev_ws/ros2/install/velodyne_msgs/include/velodyne_msgs/velodyne_msgs/msg/rosidl_generator_cpp__visibility_control.hpp
[2.225s] -- Up-to-date: /home/aiv/ev_ws/ros2/install/velodyne_msgs/include/velodyne_msgs/velodyne_msgs/msg/detail
[2.225s] -- Installing: /home/aiv/ev_ws/ros2/install/velodyne_msgs/include/velodyne_msgs/velodyne_msgs/msg/detail/velodyne_packet__type_support.hpp
[2.225s] -- Installing: /home/aiv/ev_ws/ros2/install/velodyne_msgs/include/velodyne_msgs/velodyne_msgs/msg/detail/velodyne_packet__traits.hpp
[2.225s] -- Installing: /home/aiv/ev_ws/ros2/install/velodyne_msgs/include/velodyne_msgs/velodyne_msgs/msg/detail/velodyne_packet__builder.hpp
[2.225s] -- Installing: /home/aiv/ev_ws/ros2/install/velodyne_msgs/include/velodyne_msgs/velodyne_msgs/msg/detail/velodyne_scan__traits.hpp
[2.225s] -- Installing: /home/aiv/ev_ws/ros2/install/velodyne_msgs/include/velodyne_msgs/velodyne_msgs/msg/detail/velodyne_scan__type_support.hpp
[2.225s] -- Installing: /home/aiv/ev_ws/ros2/install/velodyne_msgs/include/velodyne_msgs/velodyne_msgs/msg/detail/velodyne_scan__struct.hpp
[2.225s] -- Installing: /home/aiv/ev_ws/ros2/install/velodyne_msgs/include/velodyne_msgs/velodyne_msgs/msg/detail/velodyne_packet__struct.hpp
[2.225s] -- Installing: /home/aiv/ev_ws/ros2/install/velodyne_msgs/include/velodyne_msgs/velodyne_msgs/msg/detail/velodyne_scan__builder.hpp
[2.225s] -- Up-to-date: /home/aiv/ev_ws/ros2/install/velodyne_msgs/include/velodyne_msgs/velodyne_msgs
[2.225s] -- Up-to-date: /home/aiv/ev_ws/ros2/install/velodyne_msgs/include/velodyne_msgs/velodyne_msgs/msg
[2.225s] -- Up-to-date: /home/aiv/ev_ws/ros2/install/velodyne_msgs/include/velodyne_msgs/velodyne_msgs/msg/detail
[2.225s] -- Installing: /home/aiv/ev_ws/ros2/install/velodyne_msgs/include/velodyne_msgs/velodyne_msgs/msg/detail/dds_fastrtps
[2.225s] -- Installing: /home/aiv/ev_ws/ros2/install/velodyne_msgs/include/velodyne_msgs/velodyne_msgs/msg/detail/velodyne_scan__rosidl_typesupport_fastrtps_cpp.hpp
[2.225s] -- Installing: /home/aiv/ev_ws/ros2/install/velodyne_msgs/include/velodyne_msgs/velodyne_msgs/msg/detail/velodyne_packet__rosidl_typesupport_fastrtps_cpp.hpp
[2.225s] -- Installing: /home/aiv/ev_ws/ros2/install/velodyne_msgs/include/velodyne_msgs/velodyne_msgs/msg/rosidl_typesupport_fastrtps_cpp__visibility_control.h
[2.225s] -- Installing: /home/aiv/ev_ws/ros2/install/velodyne_msgs/lib/libvelodyne_msgs__rosidl_typesupport_fastrtps_cpp.so
[2.225s] -- Set runtime path of "/home/aiv/ev_ws/ros2/install/velodyne_msgs/lib/libvelodyne_msgs__rosidl_typesupport_fastrtps_cpp.so" to ""
[2.225s] -- Up-to-date: /home/aiv/ev_ws/ros2/install/velodyne_msgs/include/velodyne_msgs/velodyne_msgs
[2.225s] -- Up-to-date: /home/aiv/ev_ws/ros2/install/velodyne_msgs/include/velodyne_msgs/velodyne_msgs/msg
[2.225s] -- Up-to-date: /home/aiv/ev_ws/ros2/install/velodyne_msgs/include/velodyne_msgs/velodyne_msgs/msg/detail
[2.225s] -- Installing: /home/aiv/ev_ws/ros2/install/velodyne_msgs/include/velodyne_msgs/velodyne_msgs/msg/detail/velodyne_scan__rosidl_typesupport_introspection_c.h
[2.225s] -- Installing: /home/aiv/ev_ws/ros2/install/velodyne_msgs/include/velodyne_msgs/velodyne_msgs/msg/detail/velodyne_scan__type_support.c
[2.225s] -- Installing: /home/aiv/ev_ws/ros2/install/velodyne_msgs/include/velodyne_msgs/velodyne_msgs/msg/detail/velodyne_packet__rosidl_typesupport_introspection_c.h
[2.225s] -- Installing: /home/aiv/ev_ws/ros2/install/velodyne_msgs/include/velodyne_msgs/velodyne_msgs/msg/detail/velodyne_packet__type_support.c
[2.225s] -- Installing: /home/aiv/ev_ws/ros2/install/velodyne_msgs/include/velodyne_msgs/velodyne_msgs/msg/rosidl_typesupport_introspection_c__visibility_control.h
[2.225s] -- Installing: /home/aiv/ev_ws/ros2/install/velodyne_msgs/lib/libvelodyne_msgs__rosidl_typesupport_introspection_c.so
[2.225s] -- Set runtime path of "/home/aiv/ev_ws/ros2/install/velodyne_msgs/lib/libvelodyne_msgs__rosidl_typesupport_introspection_c.so" to ""
[2.225s] -- Installing: /home/aiv/ev_ws/ros2/install/velodyne_msgs/lib/libvelodyne_msgs__rosidl_typesupport_c.so
[2.226s] -- Set runtime path of "/home/aiv/ev_ws/ros2/install/velodyne_msgs/lib/libvelodyne_msgs__rosidl_typesupport_c.so" to ""
[2.226s] -- Up-to-date: /home/aiv/ev_ws/ros2/install/velodyne_msgs/include/velodyne_msgs/velodyne_msgs
[2.226s] -- Up-to-date: /home/aiv/ev_ws/ros2/install/velodyne_msgs/include/velodyne_msgs/velodyne_msgs/msg
[2.226s] -- Up-to-date: /home/aiv/ev_ws/ros2/install/velodyne_msgs/include/velodyne_msgs/velodyne_msgs/msg/detail
[2.226s] -- Installing: /home/aiv/ev_ws/ros2/install/velodyne_msgs/include/velodyne_msgs/velodyne_msgs/msg/detail/velodyne_scan__type_support.cpp
[2.226s] -- Installing: /home/aiv/ev_ws/ros2/install/velodyne_msgs/include/velodyne_msgs/velodyne_msgs/msg/detail/velodyne_packet__rosidl_typesupport_introspection_cpp.hpp
[2.226s] -- Installing: /home/aiv/ev_ws/ros2/install/velodyne_msgs/include/velodyne_msgs/velodyne_msgs/msg/detail/velodyne_scan__rosidl_typesupport_introspection_cpp.hpp
[2.226s] -- Installing: /home/aiv/ev_ws/ros2/install/velodyne_msgs/include/velodyne_msgs/velodyne_msgs/msg/detail/velodyne_packet__type_support.cpp
[2.226s] -- Installing: /home/aiv/ev_ws/ros2/install/velodyne_msgs/lib/libvelodyne_msgs__rosidl_typesupport_introspection_cpp.so
[2.226s] -- Set runtime path of "/home/aiv/ev_ws/ros2/install/velodyne_msgs/lib/libvelodyne_msgs__rosidl_typesupport_introspection_cpp.so" to ""
[2.226s] -- Installing: /home/aiv/ev_ws/ros2/install/velodyne_msgs/lib/libvelodyne_msgs__rosidl_typesupport_cpp.so
[2.226s] -- Set runtime path of "/home/aiv/ev_ws/ros2/install/velodyne_msgs/lib/libvelodyne_msgs__rosidl_typesupport_cpp.so" to ""
[2.226s] -- Installing: /home/aiv/ev_ws/ros2/install/velodyne_msgs/share/velodyne_msgs/environment/pythonpath.sh
[2.226s] -- Installing: /home/aiv/ev_ws/ros2/install/velodyne_msgs/share/velodyne_msgs/environment/pythonpath.dsv
[2.226s] -- Installing: /home/aiv/ev_ws/ros2/install/velodyne_msgs/local/lib/python3.10/dist-packages/velodyne_msgs-2.5.1-py3.10.egg-info
[2.226s] -- Installing: /home/aiv/ev_ws/ros2/install/velodyne_msgs/local/lib/python3.10/dist-packages/velodyne_msgs-2.5.1-py3.10.egg-info/PKG-INFO
[2.226s] -- Installing: /home/aiv/ev_ws/ros2/install/velodyne_msgs/local/lib/python3.10/dist-packages/velodyne_msgs-2.5.1-py3.10.egg-info/top_level.txt
[2.226s] -- Installing: /home/aiv/ev_ws/ros2/install/velodyne_msgs/local/lib/python3.10/dist-packages/velodyne_msgs-2.5.1-py3.10.egg-info/SOURCES.txt
[2.226s] -- Installing: /home/aiv/ev_ws/ros2/install/velodyne_msgs/local/lib/python3.10/dist-packages/velodyne_msgs-2.5.1-py3.10.egg-info/dependency_links.txt
[2.226s] -- Installing: /home/aiv/ev_ws/ros2/install/velodyne_msgs/local/lib/python3.10/dist-packages/velodyne_msgs
[2.226s] -- Installing: /home/aiv/ev_ws/ros2/install/velodyne_msgs/local/lib/python3.10/dist-packages/velodyne_msgs/velodyne_msgs_s__rosidl_typesupport_c.cpython-310-x86_64-linux-gnu.so
[2.226s] -- Installing: /home/aiv/ev_ws/ros2/install/velodyne_msgs/local/lib/python3.10/dist-packages/velodyne_msgs/_velodyne_msgs_s.ep.rosidl_typesupport_fastrtps_c.c
[2.226s] -- Installing: /home/aiv/ev_ws/ros2/install/velodyne_msgs/local/lib/python3.10/dist-packages/velodyne_msgs/__init__.py
[2.226s] -- Installing: /home/aiv/ev_ws/ros2/install/velodyne_msgs/local/lib/python3.10/dist-packages/velodyne_msgs/velodyne_msgs_s__rosidl_typesupport_introspection_c.cpython-310-x86_64-linux-gnu.so
[2.226s] -- Installing: /home/aiv/ev_ws/ros2/install/velodyne_msgs/local/lib/python3.10/dist-packages/velodyne_msgs/msg
[2.226s] -- Installing: /home/aiv/ev_ws/ros2/install/velodyne_msgs/local/lib/python3.10/dist-packages/velodyne_msgs/msg/_velodyne_packet.py
[2.226s] -- Installing: /home/aiv/ev_ws/ros2/install/velodyne_msgs/local/lib/python3.10/dist-packages/velodyne_msgs/msg/_velodyne_scan.py
[2.226s] -- Installing: /home/aiv/ev_ws/ros2/install/velodyne_msgs/local/lib/python3.10/dist-packages/velodyne_msgs/msg/__init__.py
[2.226s] -- Installing: /home/aiv/ev_ws/ros2/install/velodyne_msgs/local/lib/python3.10/dist-packages/velodyne_msgs/msg/_velodyne_packet_s.c
[2.227s] -- Installing: /home/aiv/ev_ws/ros2/install/velodyne_msgs/local/lib/python3.10/dist-packages/velodyne_msgs/msg/_velodyne_scan_s.c
[2.227s] -- Installing: /home/aiv/ev_ws/ros2/install/velodyne_msgs/local/lib/python3.10/dist-packages/velodyne_msgs/_velodyne_msgs_s.ep.rosidl_typesupport_introspection_c.c
[2.227s] -- Installing: /home/aiv/ev_ws/ros2/install/velodyne_msgs/local/lib/python3.10/dist-packages/velodyne_msgs/libvelodyne_msgs__rosidl_generator_py.so
[2.227s] -- Installing: /home/aiv/ev_ws/ros2/install/velodyne_msgs/local/lib/python3.10/dist-packages/velodyne_msgs/velodyne_msgs_s__rosidl_typesupport_fastrtps_c.cpython-310-x86_64-linux-gnu.so
[2.227s] -- Installing: /home/aiv/ev_ws/ros2/install/velodyne_msgs/local/lib/python3.10/dist-packages/velodyne_msgs/_velodyne_msgs_s.ep.rosidl_typesupport_c.c
[2.246s] Listing '/home/aiv/ev_ws/ros2/install/velodyne_msgs/local/lib/python3.10/dist-packages/velodyne_msgs'...
[2.246s] Compiling '/home/aiv/ev_ws/ros2/install/velodyne_msgs/local/lib/python3.10/dist-packages/velodyne_msgs/__init__.py'...
[2.246s] Listing '/home/aiv/ev_ws/ros2/install/velodyne_msgs/local/lib/python3.10/dist-packages/velodyne_msgs/msg'...
[2.246s] Compiling '/home/aiv/ev_ws/ros2/install/velodyne_msgs/local/lib/python3.10/dist-packages/velodyne_msgs/msg/__init__.py'...
[2.246s] Compiling '/home/aiv/ev_ws/ros2/install/velodyne_msgs/local/lib/python3.10/dist-packages/velodyne_msgs/msg/_velodyne_packet.py'...
[2.246s] Compiling '/home/aiv/ev_ws/ros2/install/velodyne_msgs/local/lib/python3.10/dist-packages/velodyne_msgs/msg/_velodyne_scan.py'...
[2.249s] -- Installing: /home/aiv/ev_ws/ros2/install/velodyne_msgs/local/lib/python3.10/dist-packages/velodyne_msgs/velodyne_msgs_s__rosidl_typesupport_fastrtps_c.cpython-310-x86_64-linux-gnu.so
[2.249s] -- Set runtime path of "/home/aiv/ev_ws/ros2/install/velodyne_msgs/local/lib/python3.10/dist-packages/velodyne_msgs/velodyne_msgs_s__rosidl_typesupport_fastrtps_c.cpython-310-x86_64-linux-gnu.so" to ""
[2.249s] -- Installing: /home/aiv/ev_ws/ros2/install/velodyne_msgs/local/lib/python3.10/dist-packages/velodyne_msgs/velodyne_msgs_s__rosidl_typesupport_introspection_c.cpython-310-x86_64-linux-gnu.so
[2.249s] -- Set runtime path of "/home/aiv/ev_ws/ros2/install/velodyne_msgs/local/lib/python3.10/dist-packages/velodyne_msgs/velodyne_msgs_s__rosidl_typesupport_introspection_c.cpython-310-x86_64-linux-gnu.so" to ""
[2.249s] -- Installing: /home/aiv/ev_ws/ros2/install/velodyne_msgs/local/lib/python3.10/dist-packages/velodyne_msgs/velodyne_msgs_s__rosidl_typesupport_c.cpython-310-x86_64-linux-gnu.so
[2.249s] -- Set runtime path of "/home/aiv/ev_ws/ros2/install/velodyne_msgs/local/lib/python3.10/dist-packages/velodyne_msgs/velodyne_msgs_s__rosidl_typesupport_c.cpython-310-x86_64-linux-gnu.so" to ""
[2.249s] -- Installing: /home/aiv/ev_ws/ros2/install/velodyne_msgs/lib/libvelodyne_msgs__rosidl_generator_py.so
[2.249s] -- Set runtime path of "/home/aiv/ev_ws/ros2/install/velodyne_msgs/lib/libvelodyne_msgs__rosidl_generator_py.so" to ""
[2.249s] -- Installing: /home/aiv/ev_ws/ros2/install/velodyne_msgs/share/velodyne_msgs/msg/VelodynePacket.idl
[2.249s] -- Installing: /home/aiv/ev_ws/ros2/install/velodyne_msgs/share/velodyne_msgs/msg/VelodyneScan.idl
[2.249s] -- Installing: /home/aiv/ev_ws/ros2/install/velodyne_msgs/share/velodyne_msgs/msg/VelodynePacket.msg
[2.249s] -- Installing: /home/aiv/ev_ws/ros2/install/velodyne_msgs/share/velodyne_msgs/msg/VelodyneScan.msg
[2.249s] -- Installing: /home/aiv/ev_ws/ros2/install/velodyne_msgs/share/ament_index/resource_index/package_run_dependencies/velodyne_msgs
[2.249s] -- Installing: /home/aiv/ev_ws/ros2/install/velodyne_msgs/share/ament_index/resource_index/parent_prefix_path/velodyne_msgs
[2.249s] -- Installing: /home/aiv/ev_ws/ros2/install/velodyne_msgs/share/velodyne_msgs/environment/ament_prefix_path.sh
[2.249s] -- Installing: /home/aiv/ev_ws/ros2/install/velodyne_msgs/share/velodyne_msgs/environment/ament_prefix_path.dsv
[2.250s] -- Installing: /home/aiv/ev_ws/ros2/install/velodyne_msgs/share/velodyne_msgs/environment/path.sh
[2.250s] -- Installing: /home/aiv/ev_ws/ros2/install/velodyne_msgs/share/velodyne_msgs/environment/path.dsv
[2.250s] -- Installing: /home/aiv/ev_ws/ros2/install/velodyne_msgs/share/velodyne_msgs/local_setup.bash
[2.250s] -- Installing: /home/aiv/ev_ws/ros2/install/velodyne_msgs/share/velodyne_msgs/local_setup.sh
[2.250s] -- Installing: /home/aiv/ev_ws/ros2/install/velodyne_msgs/share/velodyne_msgs/local_setup.zsh
[2.250s] -- Installing: /home/aiv/ev_ws/ros2/install/velodyne_msgs/share/velodyne_msgs/local_setup.dsv
[2.250s] -- Installing: /home/aiv/ev_ws/ros2/install/velodyne_msgs/share/velodyne_msgs/package.dsv
[2.250s] -- Installing: /home/aiv/ev_ws/ros2/install/velodyne_msgs/share/ament_index/resource_index/packages/velodyne_msgs
[2.250s] -- Installing: /home/aiv/ev_ws/ros2/install/velodyne_msgs/share/velodyne_msgs/cmake/export_velodyne_msgs__rosidl_generator_cExport.cmake
[2.250s] -- Installing: /home/aiv/ev_ws/ros2/install/velodyne_msgs/share/velodyne_msgs/cmake/export_velodyne_msgs__rosidl_generator_cExport-noconfig.cmake
[2.250s] -- Installing: /home/aiv/ev_ws/ros2/install/velodyne_msgs/share/velodyne_msgs/cmake/export_velodyne_msgs__rosidl_typesupport_fastrtps_cExport.cmake
[2.250s] -- Installing: /home/aiv/ev_ws/ros2/install/velodyne_msgs/share/velodyne_msgs/cmake/export_velodyne_msgs__rosidl_typesupport_fastrtps_cExport-noconfig.cmake
[2.250s] -- Installing: /home/aiv/ev_ws/ros2/install/velodyne_msgs/share/velodyne_msgs/cmake/export_velodyne_msgs__rosidl_generator_cppExport.cmake
[2.250s] -- Installing: /home/aiv/ev_ws/ros2/install/velodyne_msgs/share/velodyne_msgs/cmake/export_velodyne_msgs__rosidl_typesupport_fastrtps_cppExport.cmake
[2.250s] -- Installing: /home/aiv/ev_ws/ros2/install/velodyne_msgs/share/velodyne_msgs/cmake/export_velodyne_msgs__rosidl_typesupport_fastrtps_cppExport-noconfig.cmake
[2.250s] -- Installing: /home/aiv/ev_ws/ros2/install/velodyne_msgs/share/velodyne_msgs/cmake/velodyne_msgs__rosidl_typesupport_introspection_cExport.cmake
[2.250s] -- Installing: /home/aiv/ev_ws/ros2/install/velodyne_msgs/share/velodyne_msgs/cmake/velodyne_msgs__rosidl_typesupport_introspection_cExport-noconfig.cmake
[2.250s] -- Installing: /home/aiv/ev_ws/ros2/install/velodyne_msgs/share/velodyne_msgs/cmake/velodyne_msgs__rosidl_typesupport_cExport.cmake
[2.250s] -- Installing: /home/aiv/ev_ws/ros2/install/velodyne_msgs/share/velodyne_msgs/cmake/velodyne_msgs__rosidl_typesupport_cExport-noconfig.cmake
[2.250s] -- Installing: /home/aiv/ev_ws/ros2/install/velodyne_msgs/share/velodyne_msgs/cmake/velodyne_msgs__rosidl_typesupport_introspection_cppExport.cmake
[2.250s] -- Installing: /home/aiv/ev_ws/ros2/install/velodyne_msgs/share/velodyne_msgs/cmake/velodyne_msgs__rosidl_typesupport_introspection_cppExport-noconfig.cmake
[2.250s] -- Installing: /home/aiv/ev_ws/ros2/install/velodyne_msgs/share/velodyne_msgs/cmake/velodyne_msgs__rosidl_typesupport_cppExport.cmake
[2.250s] -- Installing: /home/aiv/ev_ws/ros2/install/velodyne_msgs/share/velodyne_msgs/cmake/velodyne_msgs__rosidl_typesupport_cppExport-noconfig.cmake
[2.250s] -- Installing: /home/aiv/ev_ws/ros2/install/velodyne_msgs/share/velodyne_msgs/cmake/export_velodyne_msgs__rosidl_generator_pyExport.cmake
[2.250s] -- Installing: /home/aiv/ev_ws/ros2/install/velodyne_msgs/share/velodyne_msgs/cmake/export_velodyne_msgs__rosidl_generator_pyExport-noconfig.cmake
[2.250s] -- Installing: /home/aiv/ev_ws/ros2/install/velodyne_msgs/share/velodyne_msgs/cmake/rosidl_cmake-extras.cmake
[2.250s] -- Installing: /home/aiv/ev_ws/ros2/install/velodyne_msgs/share/velodyne_msgs/cmake/ament_cmake_export_dependencies-extras.cmake
[2.251s] -- Installing: /home/aiv/ev_ws/ros2/install/velodyne_msgs/share/velodyne_msgs/cmake/ament_cmake_export_include_directories-extras.cmake
[2.251s] -- Installing: /home/aiv/ev_ws/ros2/install/velodyne_msgs/share/velodyne_msgs/cmake/ament_cmake_export_libraries-extras.cmake
[2.251s] -- Installing: /home/aiv/ev_ws/ros2/install/velodyne_msgs/share/velodyne_msgs/cmake/ament_cmake_export_targets-extras.cmake
[2.251s] -- Installing: /home/aiv/ev_ws/ros2/install/velodyne_msgs/share/velodyne_msgs/cmake/rosidl_cmake_export_typesupport_targets-extras.cmake
[2.251s] -- Installing: /home/aiv/ev_ws/ros2/install/velodyne_msgs/share/velodyne_msgs/cmake/rosidl_cmake_export_typesupport_libraries-extras.cmake
[2.251s] -- Installing: /home/aiv/ev_ws/ros2/install/velodyne_msgs/share/velodyne_msgs/cmake/velodyne_msgsConfig.cmake
[2.251s] -- Installing: /home/aiv/ev_ws/ros2/install/velodyne_msgs/share/velodyne_msgs/cmake/velodyne_msgsConfig-version.cmake
[2.251s] -- Installing: /home/aiv/ev_ws/ros2/install/velodyne_msgs/share/velodyne_msgs/package.xml
[2.252s] Invoked command in '/home/aiv/ev_ws/ros2/build/velodyne_msgs' returned '0': CMAKE_PREFIX_PATH=${CMAKE_PREFIX_PATH}:/home/aiv/ros2_study/install/my_second_package:/opt/ros/humble /usr/bin/cmake --install /home/aiv/ev_ws/ros2/build/velodyne_msgs
