[0.048s] DEBUG:colcon:Command line arguments: ['/usr/bin/colcon', 'build', '--symlink-install', '--packages-select', 'patchworkpp']
[0.048s] DEBUG:colcon:Parsed command line arguments: Namespace(log_base=None, log_level=None, verb_name='build', build_base='build', install_base='install', merge_install=False, symlink_install=True, test_result_base=None, continue_on_error=False, executor='parallel', parallel_workers=28, event_handlers=None, ignore_user_meta=False, metas=['./colcon.meta'], base_paths=['.'], packages_ignore=None, packages_ignore_regex=None, paths=None, packages_up_to=None, packages_up_to_regex=None, packages_above=None, packages_above_and_dependencies=None, packages_above_depth=None, packages_select_by_dep=None, packages_skip_by_dep=None, packages_skip_up_to=None, packages_select_build_failed=False, packages_skip_build_finished=False, packages_select_test_failures=False, packages_skip_test_passed=False, packages_select=['patchworkpp'], packages_skip=None, packages_select_regex=None, packages_skip_regex=None, packages_start=None, packages_end=None, allow_overriding=[], cmake_args=None, cmake_target=None, cmake_target_skip_unavailable=False, cmake_clean_cache=False, cmake_clean_first=False, cmake_force_configure=False, ament_cmake_args=None, catkin_cmake_args=None, catkin_skip_building_tests=False, mixin_files=None, mixin=None, verb_parser=<colcon_mixin.mixin.mixin_argument.MixinArgumentDecorator object at 0x736504a84100>, verb_extension=<colcon_core.verb.build.BuildVerb object at 0x736504a53b50>, main=<bound method BuildVerb.main of <colcon_core.verb.build.BuildVerb object at 0x736504a53b50>>, mixin_verb=('build',))
[0.120s] Level 1:colcon.colcon_core.package_discovery:discover_packages(colcon_meta) check parameters
[0.120s] Level 1:colcon.colcon_core.package_discovery:discover_packages(recursive) check parameters
[0.120s] Level 1:colcon.colcon_core.package_discovery:discover_packages(ignore) check parameters
[0.120s] Level 1:colcon.colcon_core.package_discovery:discover_packages(path) check parameters
[0.120s] Level 1:colcon.colcon_core.package_discovery:discover_packages(colcon_meta) discover
[0.120s] Level 1:colcon.colcon_core.package_discovery:discover_packages(recursive) discover
[0.120s] INFO:colcon.colcon_core.package_discovery:Crawling recursively for packages in '/home/aiv/ev_ws/ros2'
[0.120s] Level 1:colcon.colcon_core.package_identification:_identify(.) by extensions ['ignore', 'ignore_ament_install']
[0.120s] Level 1:colcon.colcon_core.package_identification:_identify(.) by extension 'ignore'
[0.120s] Level 1:colcon.colcon_core.package_identification:_identify(.) by extension 'ignore_ament_install'
[0.120s] Level 1:colcon.colcon_core.package_identification:_identify(.) by extensions ['colcon_pkg']
[0.120s] Level 1:colcon.colcon_core.package_identification:_identify(.) by extension 'colcon_pkg'
[0.120s] Level 1:colcon.colcon_core.package_identification:_identify(.) by extensions ['colcon_meta']
[0.120s] Level 1:colcon.colcon_core.package_identification:_identify(.) by extension 'colcon_meta'
[0.120s] Level 1:colcon.colcon_core.package_identification:_identify(.) by extensions ['ros']
[0.120s] Level 1:colcon.colcon_core.package_identification:_identify(.) by extension 'ros'
[0.125s] Level 1:colcon.colcon_core.package_identification:_identify(.) by extensions ['cmake', 'python']
[0.125s] Level 1:colcon.colcon_core.package_identification:_identify(.) by extension 'cmake'
[0.125s] Level 1:colcon.colcon_core.package_identification:_identify(.) by extension 'python'
[0.125s] Level 1:colcon.colcon_core.package_identification:_identify(.) by extensions ['python_setup_py']
[0.125s] Level 1:colcon.colcon_core.package_identification:_identify(.) by extension 'python_setup_py'
[0.125s] Level 1:colcon.colcon_core.package_identification:_identify(build) by extensions ['ignore', 'ignore_ament_install']
[0.125s] Level 1:colcon.colcon_core.package_identification:_identify(build) by extension 'ignore'
[0.126s] Level 1:colcon.colcon_core.package_identification:_identify(build) ignored
[0.126s] Level 1:colcon.colcon_core.package_identification:_identify(install) by extensions ['ignore', 'ignore_ament_install']
[0.126s] Level 1:colcon.colcon_core.package_identification:_identify(install) by extension 'ignore'
[0.126s] Level 1:colcon.colcon_core.package_identification:_identify(install) ignored
[0.126s] Level 1:colcon.colcon_core.package_identification:_identify(log) by extensions ['ignore', 'ignore_ament_install']
[0.126s] Level 1:colcon.colcon_core.package_identification:_identify(log) by extension 'ignore'
[0.126s] Level 1:colcon.colcon_core.package_identification:_identify(log) ignored
[0.126s] Level 1:colcon.colcon_core.package_identification:_identify(rosbag) by extensions ['ignore', 'ignore_ament_install']
[0.126s] Level 1:colcon.colcon_core.package_identification:_identify(rosbag) by extension 'ignore'
[0.126s] Level 1:colcon.colcon_core.package_identification:_identify(rosbag) by extension 'ignore_ament_install'
[0.126s] Level 1:colcon.colcon_core.package_identification:_identify(rosbag) by extensions ['colcon_pkg']
[0.126s] Level 1:colcon.colcon_core.package_identification:_identify(rosbag) by extension 'colcon_pkg'
[0.126s] Level 1:colcon.colcon_core.package_identification:_identify(rosbag) by extensions ['colcon_meta']
[0.126s] Level 1:colcon.colcon_core.package_identification:_identify(rosbag) by extension 'colcon_meta'
[0.126s] Level 1:colcon.colcon_core.package_identification:_identify(rosbag) by extensions ['ros']
[0.126s] Level 1:colcon.colcon_core.package_identification:_identify(rosbag) by extension 'ros'
[0.126s] Level 1:colcon.colcon_core.package_identification:_identify(rosbag) by extensions ['cmake', 'python']
[0.126s] Level 1:colcon.colcon_core.package_identification:_identify(rosbag) by extension 'cmake'
[0.126s] Level 1:colcon.colcon_core.package_identification:_identify(rosbag) by extension 'python'
[0.126s] Level 1:colcon.colcon_core.package_identification:_identify(rosbag) by extensions ['python_setup_py']
[0.126s] Level 1:colcon.colcon_core.package_identification:_identify(rosbag) by extension 'python_setup_py'
[0.126s] Level 1:colcon.colcon_core.package_identification:_identify(rosbag/02061915) by extensions ['ignore', 'ignore_ament_install']
[0.126s] Level 1:colcon.colcon_core.package_identification:_identify(rosbag/02061915) by extension 'ignore'
[0.126s] Level 1:colcon.colcon_core.package_identification:_identify(rosbag/02061915) by extension 'ignore_ament_install'
[0.126s] Level 1:colcon.colcon_core.package_identification:_identify(rosbag/02061915) by extensions ['colcon_pkg']
[0.126s] Level 1:colcon.colcon_core.package_identification:_identify(rosbag/02061915) by extension 'colcon_pkg'
[0.126s] Level 1:colcon.colcon_core.package_identification:_identify(rosbag/02061915) by extensions ['colcon_meta']
[0.126s] Level 1:colcon.colcon_core.package_identification:_identify(rosbag/02061915) by extension 'colcon_meta'
[0.126s] Level 1:colcon.colcon_core.package_identification:_identify(rosbag/02061915) by extensions ['ros']
[0.126s] Level 1:colcon.colcon_core.package_identification:_identify(rosbag/02061915) by extension 'ros'
[0.126s] Level 1:colcon.colcon_core.package_identification:_identify(rosbag/02061915) by extensions ['cmake', 'python']
[0.126s] Level 1:colcon.colcon_core.package_identification:_identify(rosbag/02061915) by extension 'cmake'
[0.126s] Level 1:colcon.colcon_core.package_identification:_identify(rosbag/02061915) by extension 'python'
[0.126s] Level 1:colcon.colcon_core.package_identification:_identify(rosbag/02061915) by extensions ['python_setup_py']
[0.126s] Level 1:colcon.colcon_core.package_identification:_identify(rosbag/02061915) by extension 'python_setup_py'
[0.126s] Level 1:colcon.colcon_core.package_identification:_identify(rosbag/forStudy) by extensions ['ignore', 'ignore_ament_install']
[0.126s] Level 1:colcon.colcon_core.package_identification:_identify(rosbag/forStudy) by extension 'ignore'
[0.126s] Level 1:colcon.colcon_core.package_identification:_identify(rosbag/forStudy) by extension 'ignore_ament_install'
[0.126s] Level 1:colcon.colcon_core.package_identification:_identify(rosbag/forStudy) by extensions ['colcon_pkg']
[0.126s] Level 1:colcon.colcon_core.package_identification:_identify(rosbag/forStudy) by extension 'colcon_pkg'
[0.126s] Level 1:colcon.colcon_core.package_identification:_identify(rosbag/forStudy) by extensions ['colcon_meta']
[0.126s] Level 1:colcon.colcon_core.package_identification:_identify(rosbag/forStudy) by extension 'colcon_meta'
[0.126s] Level 1:colcon.colcon_core.package_identification:_identify(rosbag/forStudy) by extensions ['ros']
[0.126s] Level 1:colcon.colcon_core.package_identification:_identify(rosbag/forStudy) by extension 'ros'
[0.126s] Level 1:colcon.colcon_core.package_identification:_identify(rosbag/forStudy) by extensions ['cmake', 'python']
[0.126s] Level 1:colcon.colcon_core.package_identification:_identify(rosbag/forStudy) by extension 'cmake'
[0.126s] Level 1:colcon.colcon_core.package_identification:_identify(rosbag/forStudy) by extension 'python'
[0.126s] Level 1:colcon.colcon_core.package_identification:_identify(rosbag/forStudy) by extensions ['python_setup_py']
[0.126s] Level 1:colcon.colcon_core.package_identification:_identify(rosbag/forStudy) by extension 'python_setup_py'
[0.126s] Level 1:colcon.colcon_core.package_identification:_identify(src) by extensions ['ignore', 'ignore_ament_install']
[0.126s] Level 1:colcon.colcon_core.package_identification:_identify(src) by extension 'ignore'
[0.126s] Level 1:colcon.colcon_core.package_identification:_identify(src) by extension 'ignore_ament_install'
[0.127s] Level 1:colcon.colcon_core.package_identification:_identify(src) by extensions ['colcon_pkg']
[0.127s] Level 1:colcon.colcon_core.package_identification:_identify(src) by extension 'colcon_pkg'
[0.127s] Level 1:colcon.colcon_core.package_identification:_identify(src) by extensions ['colcon_meta']
[0.127s] Level 1:colcon.colcon_core.package_identification:_identify(src) by extension 'colcon_meta'
[0.127s] Level 1:colcon.colcon_core.package_identification:_identify(src) by extensions ['ros']
[0.127s] Level 1:colcon.colcon_core.package_identification:_identify(src) by extension 'ros'
[0.127s] Level 1:colcon.colcon_core.package_identification:_identify(src) by extensions ['cmake', 'python']
[0.127s] Level 1:colcon.colcon_core.package_identification:_identify(src) by extension 'cmake'
[0.127s] Level 1:colcon.colcon_core.package_identification:_identify(src) by extension 'python'
[0.127s] Level 1:colcon.colcon_core.package_identification:_identify(src) by extensions ['python_setup_py']
[0.127s] Level 1:colcon.colcon_core.package_identification:_identify(src) by extension 'python_setup_py'
[0.127s] Level 1:colcon.colcon_core.package_identification:_identify(src/patchwork-plusplus) by extensions ['ignore', 'ignore_ament_install']
[0.127s] Level 1:colcon.colcon_core.package_identification:_identify(src/patchwork-plusplus) by extension 'ignore'
[0.127s] Level 1:colcon.colcon_core.package_identification:_identify(src/patchwork-plusplus) by extension 'ignore_ament_install'
[0.127s] Level 1:colcon.colcon_core.package_identification:_identify(src/patchwork-plusplus) by extensions ['colcon_pkg']
[0.127s] Level 1:colcon.colcon_core.package_identification:_identify(src/patchwork-plusplus) by extension 'colcon_pkg'
[0.127s] Level 1:colcon.colcon_core.package_identification:_identify(src/patchwork-plusplus) by extensions ['colcon_meta']
[0.127s] Level 1:colcon.colcon_core.package_identification:_identify(src/patchwork-plusplus) by extension 'colcon_meta'
[0.127s] Level 1:colcon.colcon_core.package_identification:_identify(src/patchwork-plusplus) by extensions ['ros']
[0.127s] Level 1:colcon.colcon_core.package_identification:_identify(src/patchwork-plusplus) by extension 'ros'
[0.127s] Level 1:colcon.colcon_core.package_identification:_identify(src/patchwork-plusplus) by extensions ['cmake', 'python']
[0.127s] Level 1:colcon.colcon_core.package_identification:_identify(src/patchwork-plusplus) by extension 'cmake'
[0.127s] Level 1:colcon.colcon_core.package_identification:_identify(src/patchwork-plusplus) by extension 'python'
[0.127s] Level 1:colcon.colcon_core.package_identification:_identify(src/patchwork-plusplus) by extensions ['python_setup_py']
[0.127s] Level 1:colcon.colcon_core.package_identification:_identify(src/patchwork-plusplus) by extension 'python_setup_py'
[0.127s] Level 1:colcon.colcon_core.package_identification:_identify(src/patchwork-plusplus/cpp) by extensions ['ignore', 'ignore_ament_install']
[0.127s] Level 1:colcon.colcon_core.package_identification:_identify(src/patchwork-plusplus/cpp) by extension 'ignore'
[0.127s] Level 1:colcon.colcon_core.package_identification:_identify(src/patchwork-plusplus/cpp) ignored
[0.127s] Level 1:colcon.colcon_core.package_identification:_identify(src/patchwork-plusplus/data) by extensions ['ignore', 'ignore_ament_install']
[0.127s] Level 1:colcon.colcon_core.package_identification:_identify(src/patchwork-plusplus/data) by extension 'ignore'
[0.127s] Level 1:colcon.colcon_core.package_identification:_identify(src/patchwork-plusplus/data) by extension 'ignore_ament_install'
[0.127s] Level 1:colcon.colcon_core.package_identification:_identify(src/patchwork-plusplus/data) by extensions ['colcon_pkg']
[0.127s] Level 1:colcon.colcon_core.package_identification:_identify(src/patchwork-plusplus/data) by extension 'colcon_pkg'
[0.127s] Level 1:colcon.colcon_core.package_identification:_identify(src/patchwork-plusplus/data) by extensions ['colcon_meta']
[0.127s] Level 1:colcon.colcon_core.package_identification:_identify(src/patchwork-plusplus/data) by extension 'colcon_meta'
[0.127s] Level 1:colcon.colcon_core.package_identification:_identify(src/patchwork-plusplus/data) by extensions ['ros']
[0.127s] Level 1:colcon.colcon_core.package_identification:_identify(src/patchwork-plusplus/data) by extension 'ros'
[0.127s] Level 1:colcon.colcon_core.package_identification:_identify(src/patchwork-plusplus/data) by extensions ['cmake', 'python']
[0.127s] Level 1:colcon.colcon_core.package_identification:_identify(src/patchwork-plusplus/data) by extension 'cmake'
[0.127s] Level 1:colcon.colcon_core.package_identification:_identify(src/patchwork-plusplus/data) by extension 'python'
[0.127s] Level 1:colcon.colcon_core.package_identification:_identify(src/patchwork-plusplus/data) by extensions ['python_setup_py']
[0.127s] Level 1:colcon.colcon_core.package_identification:_identify(src/patchwork-plusplus/data) by extension 'python_setup_py'
[0.127s] Level 1:colcon.colcon_core.package_identification:_identify(src/patchwork-plusplus/pictures) by extensions ['ignore', 'ignore_ament_install']
[0.127s] Level 1:colcon.colcon_core.package_identification:_identify(src/patchwork-plusplus/pictures) by extension 'ignore'
[0.127s] Level 1:colcon.colcon_core.package_identification:_identify(src/patchwork-plusplus/pictures) by extension 'ignore_ament_install'
[0.127s] Level 1:colcon.colcon_core.package_identification:_identify(src/patchwork-plusplus/pictures) by extensions ['colcon_pkg']
[0.127s] Level 1:colcon.colcon_core.package_identification:_identify(src/patchwork-plusplus/pictures) by extension 'colcon_pkg'
[0.127s] Level 1:colcon.colcon_core.package_identification:_identify(src/patchwork-plusplus/pictures) by extensions ['colcon_meta']
[0.127s] Level 1:colcon.colcon_core.package_identification:_identify(src/patchwork-plusplus/pictures) by extension 'colcon_meta'
[0.127s] Level 1:colcon.colcon_core.package_identification:_identify(src/patchwork-plusplus/pictures) by extensions ['ros']
[0.127s] Level 1:colcon.colcon_core.package_identification:_identify(src/patchwork-plusplus/pictures) by extension 'ros'
[0.127s] Level 1:colcon.colcon_core.package_identification:_identify(src/patchwork-plusplus/pictures) by extensions ['cmake', 'python']
[0.127s] Level 1:colcon.colcon_core.package_identification:_identify(src/patchwork-plusplus/pictures) by extension 'cmake'
[0.127s] Level 1:colcon.colcon_core.package_identification:_identify(src/patchwork-plusplus/pictures) by extension 'python'
[0.127s] Level 1:colcon.colcon_core.package_identification:_identify(src/patchwork-plusplus/pictures) by extensions ['python_setup_py']
[0.127s] Level 1:colcon.colcon_core.package_identification:_identify(src/patchwork-plusplus/pictures) by extension 'python_setup_py'
[0.127s] Level 1:colcon.colcon_core.package_identification:_identify(src/patchwork-plusplus/python) by extensions ['ignore', 'ignore_ament_install']
[0.128s] Level 1:colcon.colcon_core.package_identification:_identify(src/patchwork-plusplus/python) by extension 'ignore'
[0.128s] Level 1:colcon.colcon_core.package_identification:_identify(src/patchwork-plusplus/python) ignored
[0.128s] Level 1:colcon.colcon_core.package_identification:_identify(src/patchwork-plusplus/ros) by extensions ['ignore', 'ignore_ament_install']
[0.128s] Level 1:colcon.colcon_core.package_identification:_identify(src/patchwork-plusplus/ros) by extension 'ignore'
[0.128s] Level 1:colcon.colcon_core.package_identification:_identify(src/patchwork-plusplus/ros) by extension 'ignore_ament_install'
[0.128s] Level 1:colcon.colcon_core.package_identification:_identify(src/patchwork-plusplus/ros) by extensions ['colcon_pkg']
[0.128s] Level 1:colcon.colcon_core.package_identification:_identify(src/patchwork-plusplus/ros) by extension 'colcon_pkg'
[0.128s] Level 1:colcon.colcon_core.package_identification:_identify(src/patchwork-plusplus/ros) by extensions ['colcon_meta']
[0.128s] Level 1:colcon.colcon_core.package_identification:_identify(src/patchwork-plusplus/ros) by extension 'colcon_meta'
[0.128s] Level 1:colcon.colcon_core.package_identification:_identify(src/patchwork-plusplus/ros) by extensions ['ros']
[0.128s] Level 1:colcon.colcon_core.package_identification:_identify(src/patchwork-plusplus/ros) by extension 'ros'
[0.129s] DEBUG:colcon.colcon_core.package_identification:Package 'src/patchwork-plusplus/ros' with type 'ros.ament_cmake' and name 'patchworkpp'
[0.129s] Level 1:colcon.colcon_core.package_identification:_identify(src/patchwork-plusplus/scripts) by extensions ['ignore', 'ignore_ament_install']
[0.129s] Level 1:colcon.colcon_core.package_identification:_identify(src/patchwork-plusplus/scripts) by extension 'ignore'
[0.130s] Level 1:colcon.colcon_core.package_identification:_identify(src/patchwork-plusplus/scripts) by extension 'ignore_ament_install'
[0.130s] Level 1:colcon.colcon_core.package_identification:_identify(src/patchwork-plusplus/scripts) by extensions ['colcon_pkg']
[0.130s] Level 1:colcon.colcon_core.package_identification:_identify(src/patchwork-plusplus/scripts) by extension 'colcon_pkg'
[0.130s] Level 1:colcon.colcon_core.package_identification:_identify(src/patchwork-plusplus/scripts) by extensions ['colcon_meta']
[0.130s] Level 1:colcon.colcon_core.package_identification:_identify(src/patchwork-plusplus/scripts) by extension 'colcon_meta'
[0.130s] Level 1:colcon.colcon_core.package_identification:_identify(src/patchwork-plusplus/scripts) by extensions ['ros']
[0.130s] Level 1:colcon.colcon_core.package_identification:_identify(src/patchwork-plusplus/scripts) by extension 'ros'
[0.130s] Level 1:colcon.colcon_core.package_identification:_identify(src/patchwork-plusplus/scripts) by extensions ['cmake', 'python']
[0.130s] Level 1:colcon.colcon_core.package_identification:_identify(src/patchwork-plusplus/scripts) by extension 'cmake'
[0.130s] Level 1:colcon.colcon_core.package_identification:_identify(src/patchwork-plusplus/scripts) by extension 'python'
[0.130s] Level 1:colcon.colcon_core.package_identification:_identify(src/patchwork-plusplus/scripts) by extensions ['python_setup_py']
[0.130s] Level 1:colcon.colcon_core.package_identification:_identify(src/patchwork-plusplus/scripts) by extension 'python_setup_py'
[0.130s] Level 1:colcon.colcon_core.package_identification:_identify(src/velodyne) by extensions ['ignore', 'ignore_ament_install']
[0.130s] Level 1:colcon.colcon_core.package_identification:_identify(src/velodyne) by extension 'ignore'
[0.130s] Level 1:colcon.colcon_core.package_identification:_identify(src/velodyne) by extension 'ignore_ament_install'
[0.130s] Level 1:colcon.colcon_core.package_identification:_identify(src/velodyne) by extensions ['colcon_pkg']
[0.130s] Level 1:colcon.colcon_core.package_identification:_identify(src/velodyne) by extension 'colcon_pkg'
[0.130s] Level 1:colcon.colcon_core.package_identification:_identify(src/velodyne) by extensions ['colcon_meta']
[0.130s] Level 1:colcon.colcon_core.package_identification:_identify(src/velodyne) by extension 'colcon_meta'
[0.130s] Level 1:colcon.colcon_core.package_identification:_identify(src/velodyne) by extensions ['ros']
[0.130s] Level 1:colcon.colcon_core.package_identification:_identify(src/velodyne) by extension 'ros'
[0.130s] Level 1:colcon.colcon_core.package_identification:_identify(src/velodyne) by extensions ['cmake', 'python']
[0.130s] Level 1:colcon.colcon_core.package_identification:_identify(src/velodyne) by extension 'cmake'
[0.130s] Level 1:colcon.colcon_core.package_identification:_identify(src/velodyne) by extension 'python'
[0.130s] Level 1:colcon.colcon_core.package_identification:_identify(src/velodyne) by extensions ['python_setup_py']
[0.130s] Level 1:colcon.colcon_core.package_identification:_identify(src/velodyne) by extension 'python_setup_py'
[0.130s] Level 1:colcon.colcon_core.package_identification:_identify(src/velodyne/velodyne_driver) by extensions ['ignore', 'ignore_ament_install']
[0.130s] Level 1:colcon.colcon_core.package_identification:_identify(src/velodyne/velodyne_driver) by extension 'ignore'
[0.130s] Level 1:colcon.colcon_core.package_identification:_identify(src/velodyne/velodyne_driver) by extension 'ignore_ament_install'
[0.130s] Level 1:colcon.colcon_core.package_identification:_identify(src/velodyne/velodyne_driver) by extensions ['colcon_pkg']
[0.130s] Level 1:colcon.colcon_core.package_identification:_identify(src/velodyne/velodyne_driver) by extension 'colcon_pkg'
[0.130s] Level 1:colcon.colcon_core.package_identification:_identify(src/velodyne/velodyne_driver) by extensions ['colcon_meta']
[0.130s] Level 1:colcon.colcon_core.package_identification:_identify(src/velodyne/velodyne_driver) by extension 'colcon_meta'
[0.130s] Level 1:colcon.colcon_core.package_identification:_identify(src/velodyne/velodyne_driver) by extensions ['ros']
[0.130s] Level 1:colcon.colcon_core.package_identification:_identify(src/velodyne/velodyne_driver) by extension 'ros'
[0.131s] DEBUG:colcon.colcon_core.package_identification:Package 'src/velodyne/velodyne_driver' with type 'ros.ament_cmake' and name 'velodyne_driver'
[0.131s] Level 1:colcon.colcon_core.package_identification:_identify(src/velodyne/velodyne_laserscan) by extensions ['ignore', 'ignore_ament_install']
[0.131s] Level 1:colcon.colcon_core.package_identification:_identify(src/velodyne/velodyne_laserscan) by extension 'ignore'
[0.131s] Level 1:colcon.colcon_core.package_identification:_identify(src/velodyne/velodyne_laserscan) by extension 'ignore_ament_install'
[0.131s] Level 1:colcon.colcon_core.package_identification:_identify(src/velodyne/velodyne_laserscan) by extensions ['colcon_pkg']
[0.131s] Level 1:colcon.colcon_core.package_identification:_identify(src/velodyne/velodyne_laserscan) by extension 'colcon_pkg'
[0.131s] Level 1:colcon.colcon_core.package_identification:_identify(src/velodyne/velodyne_laserscan) by extensions ['colcon_meta']
[0.131s] Level 1:colcon.colcon_core.package_identification:_identify(src/velodyne/velodyne_laserscan) by extension 'colcon_meta'
[0.131s] Level 1:colcon.colcon_core.package_identification:_identify(src/velodyne/velodyne_laserscan) by extensions ['ros']
[0.131s] Level 1:colcon.colcon_core.package_identification:_identify(src/velodyne/velodyne_laserscan) by extension 'ros'
[0.131s] DEBUG:colcon.colcon_core.package_identification:Package 'src/velodyne/velodyne_laserscan' with type 'ros.ament_cmake' and name 'velodyne_laserscan'
[0.131s] Level 1:colcon.colcon_core.package_identification:_identify(src/velodyne/velodyne_launch) by extensions ['ignore', 'ignore_ament_install']
[0.131s] Level 1:colcon.colcon_core.package_identification:_identify(src/velodyne/velodyne_launch) by extension 'ignore'
[0.131s] Level 1:colcon.colcon_core.package_identification:_identify(src/velodyne/velodyne_launch) by extension 'ignore_ament_install'
[0.131s] Level 1:colcon.colcon_core.package_identification:_identify(src/velodyne/velodyne_launch) by extensions ['colcon_pkg']
[0.131s] Level 1:colcon.colcon_core.package_identification:_identify(src/velodyne/velodyne_launch) by extension 'colcon_pkg'
[0.131s] Level 1:colcon.colcon_core.package_identification:_identify(src/velodyne/velodyne_launch) by extensions ['colcon_meta']
[0.131s] Level 1:colcon.colcon_core.package_identification:_identify(src/velodyne/velodyne_launch) by extension 'colcon_meta'
[0.131s] Level 1:colcon.colcon_core.package_identification:_identify(src/velodyne/velodyne_launch) by extensions ['ros']
[0.131s] Level 1:colcon.colcon_core.package_identification:_identify(src/velodyne/velodyne_launch) by extension 'ros'
[0.131s] DEBUG:colcon.colcon_core.package_identification:Package 'src/velodyne/velodyne_launch' with type 'ros.ament_cmake' and name 'velodyne'
[0.132s] Level 1:colcon.colcon_core.package_identification:_identify(src/velodyne/velodyne_msgs) by extensions ['ignore', 'ignore_ament_install']
[0.132s] Level 1:colcon.colcon_core.package_identification:_identify(src/velodyne/velodyne_msgs) by extension 'ignore'
[0.132s] Level 1:colcon.colcon_core.package_identification:_identify(src/velodyne/velodyne_msgs) by extension 'ignore_ament_install'
[0.132s] Level 1:colcon.colcon_core.package_identification:_identify(src/velodyne/velodyne_msgs) by extensions ['colcon_pkg']
[0.132s] Level 1:colcon.colcon_core.package_identification:_identify(src/velodyne/velodyne_msgs) by extension 'colcon_pkg'
[0.132s] Level 1:colcon.colcon_core.package_identification:_identify(src/velodyne/velodyne_msgs) by extensions ['colcon_meta']
[0.132s] Level 1:colcon.colcon_core.package_identification:_identify(src/velodyne/velodyne_msgs) by extension 'colcon_meta'
[0.132s] Level 1:colcon.colcon_core.package_identification:_identify(src/velodyne/velodyne_msgs) by extensions ['ros']
[0.132s] Level 1:colcon.colcon_core.package_identification:_identify(src/velodyne/velodyne_msgs) by extension 'ros'
[0.132s] DEBUG:colcon.colcon_core.package_identification:Package 'src/velodyne/velodyne_msgs' with type 'ros.ament_cmake' and name 'velodyne_msgs'
[0.132s] Level 1:colcon.colcon_core.package_identification:_identify(src/velodyne/velodyne_pointcloud) by extensions ['ignore', 'ignore_ament_install']
[0.132s] Level 1:colcon.colcon_core.package_identification:_identify(src/velodyne/velodyne_pointcloud) by extension 'ignore'
[0.132s] Level 1:colcon.colcon_core.package_identification:_identify(src/velodyne/velodyne_pointcloud) by extension 'ignore_ament_install'
[0.132s] Level 1:colcon.colcon_core.package_identification:_identify(src/velodyne/velodyne_pointcloud) by extensions ['colcon_pkg']
[0.132s] Level 1:colcon.colcon_core.package_identification:_identify(src/velodyne/velodyne_pointcloud) by extension 'colcon_pkg'
[0.132s] Level 1:colcon.colcon_core.package_identification:_identify(src/velodyne/velodyne_pointcloud) by extensions ['colcon_meta']
[0.132s] Level 1:colcon.colcon_core.package_identification:_identify(src/velodyne/velodyne_pointcloud) by extension 'colcon_meta'
[0.132s] Level 1:colcon.colcon_core.package_identification:_identify(src/velodyne/velodyne_pointcloud) by extensions ['ros']
[0.132s] Level 1:colcon.colcon_core.package_identification:_identify(src/velodyne/velodyne_pointcloud) by extension 'ros'
[0.136s] DEBUG:colcon.colcon_core.package_identification:Package 'src/velodyne/velodyne_pointcloud' with type 'ros.ament_cmake' and name 'velodyne_pointcloud'
[0.136s] Level 1:colcon.colcon_core.package_discovery:discover_packages(recursive) using defaults
[0.136s] Level 1:colcon.colcon_core.package_discovery:discover_packages(ignore) discover
[0.136s] Level 1:colcon.colcon_core.package_discovery:discover_packages(ignore) using defaults
[0.136s] Level 1:colcon.colcon_core.package_discovery:discover_packages(path) discover
[0.136s] Level 1:colcon.colcon_core.package_discovery:discover_packages(path) using defaults
[0.145s] INFO:colcon.colcon_core.package_selection:Skipping not selected package 'velodyne_laserscan' in 'src/velodyne/velodyne_laserscan'
[0.145s] INFO:colcon.colcon_core.package_selection:Skipping not selected package 'velodyne_msgs' in 'src/velodyne/velodyne_msgs'
[0.145s] INFO:colcon.colcon_core.package_selection:Skipping not selected package 'velodyne_driver' in 'src/velodyne/velodyne_driver'
[0.145s] INFO:colcon.colcon_core.package_selection:Skipping not selected package 'velodyne_pointcloud' in 'src/velodyne/velodyne_pointcloud'
[0.145s] INFO:colcon.colcon_core.package_selection:Skipping not selected package 'velodyne' in 'src/velodyne/velodyne_launch'
[0.145s] Level 1:colcon.colcon_core.package_discovery:discover_packages(prefix_path) check parameters
[0.145s] Level 1:colcon.colcon_core.package_discovery:discover_packages(prefix_path) discover
[0.146s] DEBUG:colcon.colcon_installed_package_information.package_discovery:Found 2 installed packages in /home/aiv/ros2_study/install
[0.147s] DEBUG:colcon.colcon_installed_package_information.package_discovery:Found 7 installed packages in /home/aiv/workspace/ros2/erp42_ros/install
[0.147s] DEBUG:colcon.colcon_installed_package_information.package_discovery:Found 5 installed packages in /home/aiv/workspace/ros2/t870_ros/install
[0.147s] DEBUG:colcon.colcon_installed_package_information.package_discovery:Found 7 installed packages in /home/aiv/workspace/ros2/erp42_racing_ros/install
[0.147s] DEBUG:colcon.colcon_installed_package_information.package_discovery:Found 5 installed packages in /home/aiv/workspace/ros2/velodyne/install
[0.148s] DEBUG:colcon.colcon_installed_package_information.package_discovery:Found 301 installed packages in /opt/ros/humble
[0.148s] Level 1:colcon.colcon_core.package_discovery:discover_packages(prefix_path) using defaults
[0.165s] Level 5:colcon.colcon_core.verb:set package 'patchworkpp' build argument 'cmake_args' from command line to 'None'
[0.165s] Level 5:colcon.colcon_core.verb:set package 'patchworkpp' build argument 'cmake_target' from command line to 'None'
[0.165s] Level 5:colcon.colcon_core.verb:set package 'patchworkpp' build argument 'cmake_target_skip_unavailable' from command line to 'False'
[0.165s] Level 5:colcon.colcon_core.verb:set package 'patchworkpp' build argument 'cmake_clean_cache' from command line to 'False'
[0.165s] Level 5:colcon.colcon_core.verb:set package 'patchworkpp' build argument 'cmake_clean_first' from command line to 'False'
[0.165s] Level 5:colcon.colcon_core.verb:set package 'patchworkpp' build argument 'cmake_force_configure' from command line to 'False'
[0.165s] Level 5:colcon.colcon_core.verb:set package 'patchworkpp' build argument 'ament_cmake_args' from command line to 'None'
[0.165s] Level 5:colcon.colcon_core.verb:set package 'patchworkpp' build argument 'catkin_cmake_args' from command line to 'None'
[0.165s] Level 5:colcon.colcon_core.verb:set package 'patchworkpp' build argument 'catkin_skip_building_tests' from command line to 'False'
[0.165s] DEBUG:colcon.colcon_core.verb:Building package 'patchworkpp' with the following arguments: {'ament_cmake_args': None, 'build_base': '/home/aiv/ev_ws/ros2/build/patchworkpp', 'catkin_cmake_args': None, 'catkin_skip_building_tests': False, 'cmake_args': None, 'cmake_clean_cache': False, 'cmake_clean_first': False, 'cmake_force_configure': False, 'cmake_target': None, 'cmake_target_skip_unavailable': False, 'install_base': '/home/aiv/ev_ws/ros2/install/patchworkpp', 'merge_install': False, 'path': '/home/aiv/ev_ws/ros2/src/patchwork-plusplus/ros', 'symlink_install': True, 'test_result_base': None}
[0.165s] INFO:colcon.colcon_core.executor:Executing jobs using 'parallel' executor
[0.166s] DEBUG:colcon.colcon_parallel_executor.executor.parallel:run_until_complete
[0.166s] INFO:colcon.colcon_ros.task.ament_cmake.build:Building ROS package in '/home/aiv/ev_ws/ros2/src/patchwork-plusplus/ros' with build type 'ament_cmake'
[0.166s] INFO:colcon.colcon_cmake.task.cmake.build:Building CMake package in '/home/aiv/ev_ws/ros2/src/patchwork-plusplus/ros'
[0.167s] INFO:colcon.colcon_core.plugin_system:Skipping extension 'colcon_core.shell.bat': Not used on non-Windows systems
[0.167s] INFO:colcon.colcon_core.shell:Skip shell extension 'powershell' for command environment: Not usable outside of PowerShell
[0.167s] DEBUG:colcon.colcon_core.shell:Skip shell extension 'dsv' for command environment
[0.172s] DEBUG:colcon.colcon_core.event_handler.log_command:Invoking command in '/home/aiv/ev_ws/ros2/build/patchworkpp': CMAKE_PREFIX_PATH=${CMAKE_PREFIX_PATH}:/home/aiv/ros2_study/install/my_second_package:/opt/ros/humble /usr/bin/cmake /home/aiv/ev_ws/ros2/src/patchwork-plusplus/ros -DAMENT_CMAKE_SYMLINK_INSTALL=1 -DCMAKE_INSTALL_PREFIX=/home/aiv/ev_ws/ros2/install/patchworkpp
[4.824s] DEBUG:colcon.colcon_core.event_handler.log_command:Invoked command in '/home/aiv/ev_ws/ros2/build/patchworkpp' returned '0': CMAKE_PREFIX_PATH=${CMAKE_PREFIX_PATH}:/home/aiv/ros2_study/install/my_second_package:/opt/ros/humble /usr/bin/cmake /home/aiv/ev_ws/ros2/src/patchwork-plusplus/ros -DAMENT_CMAKE_SYMLINK_INSTALL=1 -DCMAKE_INSTALL_PREFIX=/home/aiv/ev_ws/ros2/install/patchworkpp
[4.825s] DEBUG:colcon.colcon_core.event_handler.log_command:Invoking command in '/home/aiv/ev_ws/ros2/build/patchworkpp': CMAKE_PREFIX_PATH=${CMAKE_PREFIX_PATH}:/home/aiv/ros2_study/install/my_second_package:/opt/ros/humble /usr/bin/cmake --build /home/aiv/ev_ws/ros2/build/patchworkpp -- -j28 -l28
[20.544s] DEBUG:colcon.colcon_core.event_handler.log_command:Invoked command in '/home/aiv/ev_ws/ros2/build/patchworkpp' returned '0': CMAKE_PREFIX_PATH=${CMAKE_PREFIX_PATH}:/home/aiv/ros2_study/install/my_second_package:/opt/ros/humble /usr/bin/cmake --build /home/aiv/ev_ws/ros2/build/patchworkpp -- -j28 -l28
[20.552s] DEBUG:colcon.colcon_core.event_handler.log_command:Invoking command in '/home/aiv/ev_ws/ros2/build/patchworkpp': CMAKE_PREFIX_PATH=${CMAKE_PREFIX_PATH}:/home/aiv/ros2_study/install/my_second_package:/opt/ros/humble /usr/bin/cmake --install /home/aiv/ev_ws/ros2/build/patchworkpp
[20.665s] Level 1:colcon.colcon_core.environment:create_environment_scripts_only(patchworkpp)
[20.666s] DEBUG:colcon.colcon_core.event_handler.log_command:Invoked command in '/home/aiv/ev_ws/ros2/build/patchworkpp' returned '0': CMAKE_PREFIX_PATH=${CMAKE_PREFIX_PATH}:/home/aiv/ros2_study/install/my_second_package:/opt/ros/humble /usr/bin/cmake --install /home/aiv/ev_ws/ros2/build/patchworkpp
[20.667s] Level 1:colcon.colcon_core.environment:checking '/home/aiv/ev_ws/ros2/install/patchworkpp' for CMake module files
[20.667s] Level 1:colcon.colcon_core.environment:checking '/home/aiv/ev_ws/ros2/install/patchworkpp' for CMake config files
[20.667s] Level 1:colcon.colcon_core.shell:create_environment_hook('patchworkpp', 'cmake_prefix_path')
[20.667s] INFO:colcon.colcon_core.shell:Creating environment hook '/home/aiv/ev_ws/ros2/install/patchworkpp/share/patchworkpp/hook/cmake_prefix_path.ps1'
[20.667s] INFO:colcon.colcon_core.shell:Creating environment descriptor '/home/aiv/ev_ws/ros2/install/patchworkpp/share/patchworkpp/hook/cmake_prefix_path.dsv'
[20.668s] INFO:colcon.colcon_core.shell:Creating environment hook '/home/aiv/ev_ws/ros2/install/patchworkpp/share/patchworkpp/hook/cmake_prefix_path.sh'
[20.668s] Level 1:colcon.colcon_core.environment:checking '/home/aiv/ev_ws/ros2/install/patchworkpp/lib'
[20.668s] Level 1:colcon.colcon_core.shell:create_environment_hook('patchworkpp', 'ld_library_path_lib')
[20.668s] INFO:colcon.colcon_core.shell:Creating environment hook '/home/aiv/ev_ws/ros2/install/patchworkpp/share/patchworkpp/hook/ld_library_path_lib.ps1'
[20.668s] INFO:colcon.colcon_core.shell:Creating environment descriptor '/home/aiv/ev_ws/ros2/install/patchworkpp/share/patchworkpp/hook/ld_library_path_lib.dsv'
[20.669s] INFO:colcon.colcon_core.shell:Creating environment hook '/home/aiv/ev_ws/ros2/install/patchworkpp/share/patchworkpp/hook/ld_library_path_lib.sh'
[20.669s] Level 1:colcon.colcon_core.environment:checking '/home/aiv/ev_ws/ros2/install/patchworkpp/bin'
[20.669s] Level 1:colcon.colcon_core.environment:checking '/home/aiv/ev_ws/ros2/install/patchworkpp/lib/pkgconfig/patchworkpp.pc'
[20.669s] Level 1:colcon.colcon_core.environment:checking '/home/aiv/ev_ws/ros2/install/patchworkpp/lib/python3.10/site-packages'
[20.669s] Level 1:colcon.colcon_core.environment:checking '/home/aiv/ev_ws/ros2/install/patchworkpp/bin'
[20.669s] INFO:colcon.colcon_core.shell:Creating package script '/home/aiv/ev_ws/ros2/install/patchworkpp/share/patchworkpp/package.ps1'
[20.670s] INFO:colcon.colcon_core.shell:Creating package descriptor '/home/aiv/ev_ws/ros2/install/patchworkpp/share/patchworkpp/package.dsv'
[20.670s] INFO:colcon.colcon_core.shell:Creating package script '/home/aiv/ev_ws/ros2/install/patchworkpp/share/patchworkpp/package.sh'
[20.670s] INFO:colcon.colcon_core.shell:Creating package script '/home/aiv/ev_ws/ros2/install/patchworkpp/share/patchworkpp/package.bash'
[20.671s] INFO:colcon.colcon_core.shell:Creating package script '/home/aiv/ev_ws/ros2/install/patchworkpp/share/patchworkpp/package.zsh'
[20.671s] Level 1:colcon.colcon_core.environment:create_file_with_runtime_dependencies(/home/aiv/ev_ws/ros2/install/patchworkpp/share/colcon-core/packages/patchworkpp)
[20.673s] Level 1:colcon.colcon_core.environment:create_environment_scripts_only(patchworkpp)
[20.673s] Level 1:colcon.colcon_core.environment:checking '/home/aiv/ev_ws/ros2/install/patchworkpp' for CMake module files
[20.673s] Level 1:colcon.colcon_core.environment:checking '/home/aiv/ev_ws/ros2/install/patchworkpp' for CMake config files
[20.673s] Level 1:colcon.colcon_core.shell:create_environment_hook('patchworkpp', 'cmake_prefix_path')
[20.673s] INFO:colcon.colcon_core.shell:Creating environment hook '/home/aiv/ev_ws/ros2/install/patchworkpp/share/patchworkpp/hook/cmake_prefix_path.ps1'
[20.673s] INFO:colcon.colcon_core.shell:Creating environment descriptor '/home/aiv/ev_ws/ros2/install/patchworkpp/share/patchworkpp/hook/cmake_prefix_path.dsv'
[20.674s] INFO:colcon.colcon_core.shell:Creating environment hook '/home/aiv/ev_ws/ros2/install/patchworkpp/share/patchworkpp/hook/cmake_prefix_path.sh'
[20.674s] Level 1:colcon.colcon_core.environment:checking '/home/aiv/ev_ws/ros2/install/patchworkpp/lib'
[20.674s] Level 1:colcon.colcon_core.shell:create_environment_hook('patchworkpp', 'ld_library_path_lib')
[20.674s] INFO:colcon.colcon_core.shell:Creating environment hook '/home/aiv/ev_ws/ros2/install/patchworkpp/share/patchworkpp/hook/ld_library_path_lib.ps1'
[20.674s] INFO:colcon.colcon_core.shell:Creating environment descriptor '/home/aiv/ev_ws/ros2/install/patchworkpp/share/patchworkpp/hook/ld_library_path_lib.dsv'
[20.674s] INFO:colcon.colcon_core.shell:Creating environment hook '/home/aiv/ev_ws/ros2/install/patchworkpp/share/patchworkpp/hook/ld_library_path_lib.sh'
[20.674s] Level 1:colcon.colcon_core.environment:checking '/home/aiv/ev_ws/ros2/install/patchworkpp/bin'
[20.674s] Level 1:colcon.colcon_core.environment:checking '/home/aiv/ev_ws/ros2/install/patchworkpp/lib/pkgconfig/patchworkpp.pc'
[20.674s] Level 1:colcon.colcon_core.environment:checking '/home/aiv/ev_ws/ros2/install/patchworkpp/lib/python3.10/site-packages'
[20.675s] Level 1:colcon.colcon_core.environment:checking '/home/aiv/ev_ws/ros2/install/patchworkpp/bin'
[20.675s] INFO:colcon.colcon_core.shell:Creating package script '/home/aiv/ev_ws/ros2/install/patchworkpp/share/patchworkpp/package.ps1'
[20.675s] INFO:colcon.colcon_core.shell:Creating package descriptor '/home/aiv/ev_ws/ros2/install/patchworkpp/share/patchworkpp/package.dsv'
[20.675s] INFO:colcon.colcon_core.shell:Creating package script '/home/aiv/ev_ws/ros2/install/patchworkpp/share/patchworkpp/package.sh'
[20.675s] INFO:colcon.colcon_core.shell:Creating package script '/home/aiv/ev_ws/ros2/install/patchworkpp/share/patchworkpp/package.bash'
[20.676s] INFO:colcon.colcon_core.shell:Creating package script '/home/aiv/ev_ws/ros2/install/patchworkpp/share/patchworkpp/package.zsh'
[20.676s] Level 1:colcon.colcon_core.environment:create_file_with_runtime_dependencies(/home/aiv/ev_ws/ros2/install/patchworkpp/share/colcon-core/packages/patchworkpp)
[20.676s] DEBUG:colcon.colcon_parallel_executor.executor.parallel:closing loop
[20.676s] DEBUG:colcon.colcon_parallel_executor.executor.parallel:loop closed
[20.676s] DEBUG:colcon.colcon_parallel_executor.executor.parallel:run_until_complete finished with '0'
[20.676s] DEBUG:colcon.colcon_core.event_reactor:joining thread
[20.679s] INFO:colcon.colcon_core.plugin_system:Skipping extension 'colcon_notification.desktop_notification.terminal_notifier': Not used on non-Darwin systems
[20.679s] INFO:colcon.colcon_core.plugin_system:Skipping extension 'colcon_notification.desktop_notification.win32': Not used on non-Windows systems
[20.679s] INFO:colcon.colcon_notification.desktop_notification:Sending desktop notification using 'notify2'
[20.685s] DEBUG:colcon.colcon_core.event_reactor:joined thread
[20.685s] INFO:colcon.colcon_core.shell:Creating prefix script '/home/aiv/ev_ws/ros2/install/local_setup.ps1'
[20.686s] INFO:colcon.colcon_core.shell:Creating prefix util module '/home/aiv/ev_ws/ros2/install/_local_setup_util_ps1.py'
[20.686s] INFO:colcon.colcon_core.shell:Creating prefix chain script '/home/aiv/ev_ws/ros2/install/setup.ps1'
[20.687s] INFO:colcon.colcon_core.shell:Creating prefix script '/home/aiv/ev_ws/ros2/install/local_setup.sh'
[20.687s] INFO:colcon.colcon_core.shell:Creating prefix util module '/home/aiv/ev_ws/ros2/install/_local_setup_util_sh.py'
[20.688s] INFO:colcon.colcon_core.shell:Creating prefix chain script '/home/aiv/ev_ws/ros2/install/setup.sh'
[20.688s] INFO:colcon.colcon_core.shell:Creating prefix script '/home/aiv/ev_ws/ros2/install/local_setup.bash'
[20.689s] INFO:colcon.colcon_core.shell:Creating prefix chain script '/home/aiv/ev_ws/ros2/install/setup.bash'
[20.689s] INFO:colcon.colcon_core.shell:Creating prefix script '/home/aiv/ev_ws/ros2/install/local_setup.zsh'
[20.689s] INFO:colcon.colcon_core.shell:Creating prefix chain script '/home/aiv/ev_ws/ros2/install/setup.zsh'
