[0.006s] Invoking command in '/home/aiv/ev_ws/ros2/build/velodyne_laserscan': CMAKE_PREFIX_PATH=${CMAKE_PREFIX_PATH}:/home/aiv/ros2_study/install/my_second_package:/opt/ros/humble /usr/bin/cmake /home/aiv/ev_ws/ros2/src/velodyne/velodyne_laserscan -DCMAKE_INSTALL_PREFIX=/home/aiv/ev_ws/ros2/install/velodyne_laserscan
[0.089s] -- The C compiler identification is GNU 11.4.0
[0.144s] -- The CXX compiler identification is GNU 11.4.0
[0.149s] -- Detecting C compiler ABI info
[0.193s] -- Detecting C compiler ABI info - done
[0.198s] -- Check for working C compiler: /usr/bin/cc - skipped
[0.199s] -- Detecting C compile features
[0.199s] -- Detecting C compile features - done
[0.202s] -- Detecting CXX compiler ABI info
[0.247s] -- Detecting CXX compiler ABI info - done
[0.251s] -- Check for working CXX compiler: /usr/bin/c++ - skipped
[0.251s] -- Detecting CXX compile features
[0.251s] -- Detecting CXX compile features - done
[0.254s] -- Found ament_cmake_ros: 0.10.0 (/opt/ros/humble/share/ament_cmake_ros/cmake)
[0.359s] -- Found Python3: /usr/bin/python3 (found version "3.10.12") found components: Interpreter 
[0.420s] -- Found rclcpp: 16.0.17 (/opt/ros/humble/share/rclcpp/cmake)
[0.451s] -- Found rosidl_generator_c: 3.1.8 (/opt/ros/humble/share/rosidl_generator_c/cmake)
[0.455s] -- Found rosidl_adapter: 3.1.8 (/opt/ros/humble/share/rosidl_adapter/cmake)
[0.462s] -- Found rosidl_generator_cpp: 3.1.8 (/opt/ros/humble/share/rosidl_generator_cpp/cmake)
[0.471s] -- Using all available rosidl_typesupport_c: rosidl_typesupport_fastrtps_c;rosidl_typesupport_introspection_c
[0.483s] -- Using all available rosidl_typesupport_cpp: rosidl_typesupport_fastrtps_cpp;rosidl_typesupport_introspection_cpp
[0.517s] -- Found rmw_implementation_cmake: 6.1.2 (/opt/ros/humble/share/rmw_implementation_cmake/cmake)
[0.520s] -- Found rmw_cyclonedds_cpp: 1.3.4 (/opt/ros/humble/share/rmw_cyclonedds_cpp/cmake)
[0.539s] -- Using RMW implementation 'rmw_cyclonedds_cpp' as default
[0.547s] -- Looking for pthread.h
[0.598s] -- Looking for pthread.h - found
[0.598s] -- Performing Test CMAKE_HAVE_LIBC_PTHREAD
[0.646s] -- Performing Test CMAKE_HAVE_LIBC_PTHREAD - Success
[0.647s] -- Found Threads: TRUE  
[0.681s] -- Found rclcpp_components: 16.0.17 (/opt/ros/humble/share/rclcpp_components/cmake)
[0.703s] -- Found sensor_msgs: 4.9.0 (/opt/ros/humble/share/sensor_msgs/cmake)
[0.723s] -- Found ament_lint_auto: 0.12.14 (/opt/ros/humble/share/ament_lint_auto/cmake)
[0.770s] -- Added test 'copyright' to check source files copyright and LICENSE
[0.772s] -- Added test 'cppcheck' to perform static code analysis on C / C++ code
[0.772s] -- Configured cppcheck include dirs: $<BUILD_INTERFACE:/home/aiv/ev_ws/ros2/src/velodyne/velodyne_laserscan/include>
[0.772s] -- Configured cppcheck exclude dirs and/or files: 
[0.773s] -- Added test 'cpplint' to check C / C++ code against the Google style
[0.773s] -- Configured cpplint exclude dirs and/or files: 
[0.773s] -- Added test 'flake8' to check Python code syntax and style conventions
[0.774s] -- Added test 'lint_cmake' to check CMake code style
[0.774s] -- Added test 'pep257' to check Python code against some of the docstring style conventions in PEP 257
[0.775s] -- Added test 'uncrustify' to check C / C++ code style
[0.775s] -- Configured uncrustify additional arguments: 
[0.775s] -- Added test 'xmllint' to check XML markup files
[0.777s] -- Configuring done
[0.783s] -- Generating done
[0.786s] -- Build files have been written to: /home/aiv/ev_ws/ros2/build/velodyne_laserscan
[0.791s] Invoked command in '/home/aiv/ev_ws/ros2/build/velodyne_laserscan' returned '0': CMAKE_PREFIX_PATH=${CMAKE_PREFIX_PATH}:/home/aiv/ros2_study/install/my_second_package:/opt/ros/humble /usr/bin/cmake /home/aiv/ev_ws/ros2/src/velodyne/velodyne_laserscan -DCMAKE_INSTALL_PREFIX=/home/aiv/ev_ws/ros2/install/velodyne_laserscan
[0.793s] Invoking command in '/home/aiv/ev_ws/ros2/build/velodyne_laserscan': CMAKE_PREFIX_PATH=${CMAKE_PREFIX_PATH}:/home/aiv/ros2_study/install/my_second_package:/opt/ros/humble /usr/bin/cmake --build /home/aiv/ev_ws/ros2/build/velodyne_laserscan -- -j28 -l28
[0.831s] [ 25%] [32mBuilding CXX object CMakeFiles/velodyne_laserscan.dir/src/velodyne_laserscan.cpp.o[0m
[5.188s] [ 50%] [32m[1mLinking CXX shared library libvelodyne_laserscan.so[0m
[5.433s] [ 50%] Built target velodyne_laserscan
[5.453s] [ 75%] [32mBuilding CXX object CMakeFiles/velodyne_laserscan_node.dir/src/node.cpp.o[0m
[6.852s] [100%] [32m[1mLinking CXX executable velodyne_laserscan_node[0m
[6.948s] [100%] Built target velodyne_laserscan_node
[6.958s] Invoked command in '/home/aiv/ev_ws/ros2/build/velodyne_laserscan' returned '0': CMAKE_PREFIX_PATH=${CMAKE_PREFIX_PATH}:/home/aiv/ros2_study/install/my_second_package:/opt/ros/humble /usr/bin/cmake --build /home/aiv/ev_ws/ros2/build/velodyne_laserscan -- -j28 -l28
[6.959s] Invoking command in '/home/aiv/ev_ws/ros2/build/velodyne_laserscan': CMAKE_PREFIX_PATH=${CMAKE_PREFIX_PATH}:/home/aiv/ros2_study/install/my_second_package:/opt/ros/humble /usr/bin/cmake --install /home/aiv/ev_ws/ros2/build/velodyne_laserscan
[6.963s] -- Install configuration: ""
[6.963s] -- Installing: /home/aiv/ev_ws/ros2/install/velodyne_laserscan/lib/libvelodyne_laserscan.so
[6.966s] -- Set runtime path of "/home/aiv/ev_ws/ros2/install/velodyne_laserscan/lib/libvelodyne_laserscan.so" to ""
[6.966s] -- Installing: /home/aiv/ev_ws/ros2/install/velodyne_laserscan/lib/velodyne_laserscan/velodyne_laserscan_node
[6.966s] -- Set runtime path of "/home/aiv/ev_ws/ros2/install/velodyne_laserscan/lib/velodyne_laserscan/velodyne_laserscan_node" to ""
[6.966s] -- Installing: /home/aiv/ev_ws/ros2/install/velodyne_laserscan/include/velodyne_laserscan
[6.966s] -- Installing: /home/aiv/ev_ws/ros2/install/velodyne_laserscan/include/velodyne_laserscan/velodyne_laserscan.hpp
[6.966s] -- Installing: /home/aiv/ev_ws/ros2/install/velodyne_laserscan/share/velodyne_laserscan/config
[6.966s] -- Installing: /home/aiv/ev_ws/ros2/install/velodyne_laserscan/share/velodyne_laserscan/config/default-velodyne_laserscan_node-params.yaml
[6.966s] -- Installing: /home/aiv/ev_ws/ros2/install/velodyne_laserscan/share/velodyne_laserscan/launch
[6.966s] -- Installing: /home/aiv/ev_ws/ros2/install/velodyne_laserscan/share/velodyne_laserscan/launch/velodyne_laserscan_node-launch.py
[6.966s] -- Installing: /home/aiv/ev_ws/ros2/install/velodyne_laserscan/share/velodyne_laserscan/launch/velodyne_laserscan_node-composed-launch.py
[6.967s] -- Installing: /home/aiv/ev_ws/ros2/install/velodyne_laserscan/share/ament_index/resource_index/package_run_dependencies/velodyne_laserscan
[6.967s] -- Installing: /home/aiv/ev_ws/ros2/install/velodyne_laserscan/share/ament_index/resource_index/parent_prefix_path/velodyne_laserscan
[6.967s] -- Installing: /home/aiv/ev_ws/ros2/install/velodyne_laserscan/share/velodyne_laserscan/environment/ament_prefix_path.sh
[6.967s] -- Installing: /home/aiv/ev_ws/ros2/install/velodyne_laserscan/share/velodyne_laserscan/environment/ament_prefix_path.dsv
[6.967s] -- Installing: /home/aiv/ev_ws/ros2/install/velodyne_laserscan/share/velodyne_laserscan/environment/path.sh
[6.967s] -- Installing: /home/aiv/ev_ws/ros2/install/velodyne_laserscan/share/velodyne_laserscan/environment/path.dsv
[6.967s] -- Installing: /home/aiv/ev_ws/ros2/install/velodyne_laserscan/share/velodyne_laserscan/local_setup.bash
[6.967s] -- Installing: /home/aiv/ev_ws/ros2/install/velodyne_laserscan/share/velodyne_laserscan/local_setup.sh
[6.967s] -- Installing: /home/aiv/ev_ws/ros2/install/velodyne_laserscan/share/velodyne_laserscan/local_setup.zsh
[6.967s] -- Installing: /home/aiv/ev_ws/ros2/install/velodyne_laserscan/share/velodyne_laserscan/local_setup.dsv
[6.967s] -- Installing: /home/aiv/ev_ws/ros2/install/velodyne_laserscan/share/velodyne_laserscan/package.dsv
[6.967s] -- Installing: /home/aiv/ev_ws/ros2/install/velodyne_laserscan/share/ament_index/resource_index/packages/velodyne_laserscan
[6.967s] -- Installing: /home/aiv/ev_ws/ros2/install/velodyne_laserscan/share/ament_index/resource_index/rclcpp_components/velodyne_laserscan
[6.967s] -- Installing: /home/aiv/ev_ws/ros2/install/velodyne_laserscan/share/velodyne_laserscan/cmake/velodyne_laserscanExport.cmake
[6.967s] -- Installing: /home/aiv/ev_ws/ros2/install/velodyne_laserscan/share/velodyne_laserscan/cmake/velodyne_laserscanExport-noconfig.cmake
[6.967s] -- Installing: /home/aiv/ev_ws/ros2/install/velodyne_laserscan/share/velodyne_laserscan/cmake/ament_cmake_export_include_directories-extras.cmake
[6.967s] -- Installing: /home/aiv/ev_ws/ros2/install/velodyne_laserscan/share/velodyne_laserscan/cmake/ament_cmake_export_targets-extras.cmake
[6.968s] -- Installing: /home/aiv/ev_ws/ros2/install/velodyne_laserscan/share/velodyne_laserscan/cmake/ament_cmake_export_dependencies-extras.cmake
[6.968s] -- Installing: /home/aiv/ev_ws/ros2/install/velodyne_laserscan/share/velodyne_laserscan/cmake/velodyne_laserscanConfig.cmake
[6.968s] -- Installing: /home/aiv/ev_ws/ros2/install/velodyne_laserscan/share/velodyne_laserscan/cmake/velodyne_laserscanConfig-version.cmake
[6.968s] -- Installing: /home/aiv/ev_ws/ros2/install/velodyne_laserscan/share/velodyne_laserscan/package.xml
[6.969s] Invoked command in '/home/aiv/ev_ws/ros2/build/velodyne_laserscan' returned '0': CMAKE_PREFIX_PATH=${CMAKE_PREFIX_PATH}:/home/aiv/ros2_study/install/my_second_package:/opt/ros/humble /usr/bin/cmake --install /home/aiv/ev_ws/ros2/build/velodyne_laserscan
