[0.007s] Invoking command in '/home/aiv/workspace/ros2/velodyne/build/velodyne_pointcloud': AMENT_PREFIX_PATH=/home/aiv/workspace/ros2/velodyne/install/velodyne_msgs:${AMENT_PREFIX_PATH} CMAKE_PREFIX_PATH=/home/aiv/workspace/ros2/velodyne/install/velodyne_msgs:/home/aiv/workspace/ros2/t870_ros/install/t870_serial:/home/aiv/workspace/ros2/t870_ros/install/t870_rqt_plugin:/home/aiv/workspace/ros2/t870_ros/install/t870_util:/home/aiv/workspace/ros2/t870_ros/install/t870_msgs:/home/aiv/workspace/ros2/t870_ros/install/t870_cmake:/home/aiv/workspace/ros2/erp42_racing_ros/install/erp42_racing_serial:/home/aiv/workspace/ros2/erp42_racing_ros/install/erp42_racing_rqt_plugin:/home/aiv/workspace/ros2/erp42_racing_ros/install/erp42_racing_gazebo:/home/aiv/workspace/ros2/erp42_racing_ros/install/erp42_racing_util:/home/aiv/workspace/ros2/erp42_racing_ros/install/erp42_racing_msgs:/home/aiv/workspace/ros2/erp42_racing_ros/install/erp42_racing_description:/home/aiv/workspace/ros2/erp42_racing_ros/install/erp42_racing_cmake:/home/aiv/workspace/ros2/erp42_ros/install/erp42_serial:/home/aiv/workspace/ros2/erp42_ros/install/erp42_rqt_plugin:/home/aiv/workspace/ros2/erp42_ros/install/erp42_gazebo:/home/aiv/workspace/ros2/erp42_ros/install/erp42_util:/home/aiv/workspace/ros2/erp42_ros/install/erp42_msgs:/home/aiv/workspace/ros2/erp42_ros/install/erp42_description:/home/aiv/workspace/ros2/erp42_ros/install/erp42_cmake:/opt/ros/humble LD_LIBRARY_PATH=/home/aiv/workspace/ros2/velodyne/install/velodyne_msgs/lib:${LD_LIBRARY_PATH} PYTHONPATH=/home/aiv/workspace/ros2/velodyne/install/velodyne_msgs/local/lib/python3.10/dist-packages:${PYTHONPATH} /usr/bin/cmake /home/aiv/workspace/ros2/velodyne/velodyne_pointcloud -DAMENT_CMAKE_SYMLINK_INSTALL=1 -DCMAKE_INSTALL_PREFIX=/home/aiv/workspace/ros2/velodyne/install/velodyne_pointcloud
[0.042s] -- The C compiler identification is GNU 11.4.0
[0.079s] -- The CXX compiler identification is GNU 11.4.0
[0.083s] -- Detecting C compiler ABI info
[0.127s] -- Detecting C compiler ABI info - done
[0.133s] -- Check for working C compiler: /usr/bin/cc - skipped
[0.133s] -- Detecting C compile features
[0.133s] -- Detecting C compile features - done
[0.135s] -- Detecting CXX compiler ABI info
[0.182s] -- Detecting CXX compiler ABI info - done
[0.188s] -- Check for working CXX compiler: /usr/bin/c++ - skipped
[0.188s] -- Detecting CXX compile features
[0.188s] -- Detecting CXX compile features - done
[0.191s] -- Found ament_cmake: 1.3.12 (/opt/ros/humble/share/ament_cmake/cmake)
[0.284s] -- Found Python3: /usr/bin/python3 (found version "3.10.12") found components: Interpreter 
[0.316s] -- Override CMake install command with custom implementation using symlinks instead of copying resources
[0.338s] -- Found angles: 1.15.0 (/opt/ros/humble/share/angles/cmake)
[0.339s] -- Found diagnostic_updater: 4.0.6 (/opt/ros/humble/share/diagnostic_updater/cmake)
[0.363s] -- Found rosidl_generator_c: 3.1.7 (/opt/ros/humble/share/rosidl_generator_c/cmake)
[0.366s] -- Found rosidl_adapter: 3.1.7 (/opt/ros/humble/share/rosidl_adapter/cmake)
[0.370s] -- Found rosidl_generator_cpp: 3.1.7 (/opt/ros/humble/share/rosidl_generator_cpp/cmake)
[0.377s] -- Using all available rosidl_typesupport_c: rosidl_typesupport_fastrtps_c;rosidl_typesupport_introspection_c
[0.386s] -- Using all available rosidl_typesupport_cpp: rosidl_typesupport_fastrtps_cpp;rosidl_typesupport_introspection_cpp
[0.428s] -- Found rmw_implementation_cmake: 6.1.2 (/opt/ros/humble/share/rmw_implementation_cmake/cmake)
[0.430s] -- Found rmw_cyclonedds_cpp: 1.3.4 (/opt/ros/humble/share/rmw_cyclonedds_cpp/cmake)
[0.444s] -- Using RMW implementation 'rmw_cyclonedds_cpp' as default
[0.449s] -- Looking for pthread.h
[0.494s] -- Looking for pthread.h - found
[0.494s] -- Performing Test CMAKE_HAVE_LIBC_PTHREAD
[0.542s] -- Performing Test CMAKE_HAVE_LIBC_PTHREAD - Success
[0.542s] -- Found Threads: TRUE  
[0.568s] -- Found geometry_msgs: 4.9.0 (/opt/ros/humble/share/geometry_msgs/cmake)
[0.575s] -- Found message_filters: 4.3.11 (/opt/ros/humble/share/message_filters/cmake)
[0.585s] -- Checking for module 'eigen3'
[0.596s] --   Found eigen3, version 3.4.0
[0.619s] -- Found Eigen: /usr/include/eigen3 (Required is at least version "3.1") 
[0.619s] -- Eigen found (include: /usr/include/eigen3, version: 3.4.0)
[0.636s] -- Found Boost: /usr/lib/x86_64-linux-gnu/cmake/Boost-1.74.0/BoostConfig.cmake (found suitable version "1.74.0", minimum required is "1.65.0") found components: system filesystem date_time iostreams serialization 
[0.637s] -- looking for PCL_COMMON
[0.637s] -- Found PCL_COMMON: /usr/lib/x86_64-linux-gnu/libpcl_common.so  
[0.637s] -- Found PCL: pcl_common;Boost::system;Boost::filesystem;Boost::date_time;Boost::iostreams;Boost::serialization  
[0.639s] -- Found rclcpp_components: 16.0.16 (/opt/ros/humble/share/rclcpp_components/cmake)
[0.653s] -- Found sensor_msgs: 4.9.0 (/opt/ros/humble/share/sensor_msgs/cmake)
[0.662s] -- Found tf2: 0.25.17 (/opt/ros/humble/share/tf2/cmake)
[0.664s] -- Found tf2_ros: 0.25.17 (/opt/ros/humble/share/tf2_ros/cmake)
[0.696s] -- Found velodyne_msgs: 2.5.1 (/home/aiv/workspace/ros2/velodyne/install/velodyne_msgs/share/velodyne_msgs/cmake)
[0.703s] -- Found yaml_cpp_vendor: 8.0.2 (/opt/ros/humble/share/yaml_cpp_vendor/cmake)
[0.707s] -- Found ament_lint_auto: 0.12.14 (/opt/ros/humble/share/ament_lint_auto/cmake)
[0.756s] -- Found gtest sources under '/opt/ros/humble/src/gtest_vendor': C++ tests using 'Google Test' will be built
[0.761s] -- Added test 'copyright' to check source files copyright and LICENSE
[0.762s] -- Added test 'cppcheck' to perform static code analysis on C / C++ code
[0.762s] -- Configured cppcheck include dirs: $<BUILD_INTERFACE:/home/aiv/workspace/ros2/velodyne/velodyne_pointcloud/include>
[0.762s] -- Configured cppcheck exclude dirs and/or files: 
[0.763s] -- Added test 'cpplint' to check C / C++ code against the Google style
[0.763s] -- Configured cpplint exclude dirs and/or files: 
[0.764s] -- Added test 'flake8' to check Python code syntax and style conventions
[0.764s] -- Added test 'lint_cmake' to check CMake code style
[0.765s] -- Added test 'pep257' to check Python code against some of the docstring style conventions in PEP 257
[0.766s] -- Added test 'uncrustify' to check C / C++ code style
[0.766s] -- Configured uncrustify additional arguments: 
[0.767s] -- Configuring done
[0.787s] -- Generating done
[0.794s] -- Build files have been written to: /home/aiv/workspace/ros2/velodyne/build/velodyne_pointcloud
[0.800s] Invoked command in '/home/aiv/workspace/ros2/velodyne/build/velodyne_pointcloud' returned '0': AMENT_PREFIX_PATH=/home/aiv/workspace/ros2/velodyne/install/velodyne_msgs:${AMENT_PREFIX_PATH} CMAKE_PREFIX_PATH=/home/aiv/workspace/ros2/velodyne/install/velodyne_msgs:/home/aiv/workspace/ros2/t870_ros/install/t870_serial:/home/aiv/workspace/ros2/t870_ros/install/t870_rqt_plugin:/home/aiv/workspace/ros2/t870_ros/install/t870_util:/home/aiv/workspace/ros2/t870_ros/install/t870_msgs:/home/aiv/workspace/ros2/t870_ros/install/t870_cmake:/home/aiv/workspace/ros2/erp42_racing_ros/install/erp42_racing_serial:/home/aiv/workspace/ros2/erp42_racing_ros/install/erp42_racing_rqt_plugin:/home/aiv/workspace/ros2/erp42_racing_ros/install/erp42_racing_gazebo:/home/aiv/workspace/ros2/erp42_racing_ros/install/erp42_racing_util:/home/aiv/workspace/ros2/erp42_racing_ros/install/erp42_racing_msgs:/home/aiv/workspace/ros2/erp42_racing_ros/install/erp42_racing_description:/home/aiv/workspace/ros2/erp42_racing_ros/install/erp42_racing_cmake:/home/aiv/workspace/ros2/erp42_ros/install/erp42_serial:/home/aiv/workspace/ros2/erp42_ros/install/erp42_rqt_plugin:/home/aiv/workspace/ros2/erp42_ros/install/erp42_gazebo:/home/aiv/workspace/ros2/erp42_ros/install/erp42_util:/home/aiv/workspace/ros2/erp42_ros/install/erp42_msgs:/home/aiv/workspace/ros2/erp42_ros/install/erp42_description:/home/aiv/workspace/ros2/erp42_ros/install/erp42_cmake:/opt/ros/humble LD_LIBRARY_PATH=/home/aiv/workspace/ros2/velodyne/install/velodyne_msgs/lib:${LD_LIBRARY_PATH} PYTHONPATH=/home/aiv/workspace/ros2/velodyne/install/velodyne_msgs/local/lib/python3.10/dist-packages:${PYTHONPATH} /usr/bin/cmake /home/aiv/workspace/ros2/velodyne/velodyne_pointcloud -DAMENT_CMAKE_SYMLINK_INSTALL=1 -DCMAKE_INSTALL_PREFIX=/home/aiv/workspace/ros2/velodyne/install/velodyne_pointcloud
[0.801s] Invoking command in '/home/aiv/workspace/ros2/velodyne/build/velodyne_pointcloud': AMENT_PREFIX_PATH=/home/aiv/workspace/ros2/velodyne/install/velodyne_msgs:${AMENT_PREFIX_PATH} CMAKE_PREFIX_PATH=/home/aiv/workspace/ros2/velodyne/install/velodyne_msgs:/home/aiv/workspace/ros2/t870_ros/install/t870_serial:/home/aiv/workspace/ros2/t870_ros/install/t870_rqt_plugin:/home/aiv/workspace/ros2/t870_ros/install/t870_util:/home/aiv/workspace/ros2/t870_ros/install/t870_msgs:/home/aiv/workspace/ros2/t870_ros/install/t870_cmake:/home/aiv/workspace/ros2/erp42_racing_ros/install/erp42_racing_serial:/home/aiv/workspace/ros2/erp42_racing_ros/install/erp42_racing_rqt_plugin:/home/aiv/workspace/ros2/erp42_racing_ros/install/erp42_racing_gazebo:/home/aiv/workspace/ros2/erp42_racing_ros/install/erp42_racing_util:/home/aiv/workspace/ros2/erp42_racing_ros/install/erp42_racing_msgs:/home/aiv/workspace/ros2/erp42_racing_ros/install/erp42_racing_description:/home/aiv/workspace/ros2/erp42_racing_ros/install/erp42_racing_cmake:/home/aiv/workspace/ros2/erp42_ros/install/erp42_serial:/home/aiv/workspace/ros2/erp42_ros/install/erp42_rqt_plugin:/home/aiv/workspace/ros2/erp42_ros/install/erp42_gazebo:/home/aiv/workspace/ros2/erp42_ros/install/erp42_util:/home/aiv/workspace/ros2/erp42_ros/install/erp42_msgs:/home/aiv/workspace/ros2/erp42_ros/install/erp42_description:/home/aiv/workspace/ros2/erp42_ros/install/erp42_cmake:/opt/ros/humble LD_LIBRARY_PATH=/home/aiv/workspace/ros2/velodyne/install/velodyne_msgs/lib:${LD_LIBRARY_PATH} PYTHONPATH=/home/aiv/workspace/ros2/velodyne/install/velodyne_msgs/local/lib/python3.10/dist-packages:${PYTHONPATH} /usr/bin/cmake --build /home/aiv/workspace/ros2/velodyne/build/velodyne_pointcloud -- -j28 -l28
[0.840s] [ 16%] [32mBuilding CXX object CMakeFiles/velodyne_rawdata.dir/src/lib/calibration.cpp.o[0m
[0.840s] [ 16%] [32mBuilding CXX object CMakeFiles/velodyne_rawdata.dir/src/lib/rawdata.cpp.o[0m
[0.840s] [ 16%] [32mBuilding CXX object gtest/CMakeFiles/gtest.dir/src/gtest-all.cc.o[0m
[0.840s] [ 22%] [32mBuilding CXX object gtest/CMakeFiles/gtest_main.dir/src/gtest_main.cc.o[0m
[0.841s] [ 27%] [32mBuilding CXX object CMakeFiles/velodyne_cloud_types.dir/src/lib/pointcloudXYZIRT.cpp.o[0m
[0.841s] [ 33%] [32mBuilding CXX object CMakeFiles/velodyne_cloud_types.dir/src/lib/organized_cloudXYZIRT.cpp.o[0m
[1.129s] [ 38%] [32m[1mLinking CXX static library libgtest_main.a[0m
[1.156s] [ 38%] Built target gtest_main
[2.225s] [ 44%] [32m[1mLinking CXX static library libgtest.a[0m
[2.267s] [ 44%] Built target gtest
[2.287s] [ 50%] [32mBuilding CXX object tests/CMakeFiles/test_row_step.dir/test_row_step.cpp.o[0m
[3.178s] [ 55%] [32m[1mLinking CXX shared library libvelodyne_cloud_types.so[0m
[3.255s] [ 55%] Built target velodyne_cloud_types
[3.290s] [ 61%] [32m[1mLinking CXX shared library libvelodyne_rawdata.so[0m
[3.372s] [ 61%] Built target velodyne_rawdata
[3.391s] [ 66%] [32mBuilding CXX object tests/CMakeFiles/test_calibration.dir/test_calibration.cpp.o[0m
[3.391s] [ 72%] [32mBuilding CXX object CMakeFiles/transform.dir/src/conversions/transform.cpp.o[0m
[3.885s] [ 77%] [32m[1mLinking CXX executable test_calibration[0m
[3.988s] [ 77%] Built target test_calibration
[4.818s] [ 83%] [32m[1mLinking CXX executable test_row_step[0m
[4.933s] [ 83%] Built target test_row_step
[8.727s] [ 88%] [32m[1mLinking CXX shared library libtransform.so[0m
[8.991s] [ 88%] Built target transform
[9.007s] [ 94%] [32mBuilding CXX object CMakeFiles/velodyne_transform_node.dir/src/conversions/transform_node.cpp.o[0m
[11.341s] [100%] [32m[1mLinking CXX executable velodyne_transform_node[0m
[11.485s] [100%] Built target velodyne_transform_node
[11.493s] Invoked command in '/home/aiv/workspace/ros2/velodyne/build/velodyne_pointcloud' returned '0': AMENT_PREFIX_PATH=/home/aiv/workspace/ros2/velodyne/install/velodyne_msgs:${AMENT_PREFIX_PATH} CMAKE_PREFIX_PATH=/home/aiv/workspace/ros2/velodyne/install/velodyne_msgs:/home/aiv/workspace/ros2/t870_ros/install/t870_serial:/home/aiv/workspace/ros2/t870_ros/install/t870_rqt_plugin:/home/aiv/workspace/ros2/t870_ros/install/t870_util:/home/aiv/workspace/ros2/t870_ros/install/t870_msgs:/home/aiv/workspace/ros2/t870_ros/install/t870_cmake:/home/aiv/workspace/ros2/erp42_racing_ros/install/erp42_racing_serial:/home/aiv/workspace/ros2/erp42_racing_ros/install/erp42_racing_rqt_plugin:/home/aiv/workspace/ros2/erp42_racing_ros/install/erp42_racing_gazebo:/home/aiv/workspace/ros2/erp42_racing_ros/install/erp42_racing_util:/home/aiv/workspace/ros2/erp42_racing_ros/install/erp42_racing_msgs:/home/aiv/workspace/ros2/erp42_racing_ros/install/erp42_racing_description:/home/aiv/workspace/ros2/erp42_racing_ros/install/erp42_racing_cmake:/home/aiv/workspace/ros2/erp42_ros/install/erp42_serial:/home/aiv/workspace/ros2/erp42_ros/install/erp42_rqt_plugin:/home/aiv/workspace/ros2/erp42_ros/install/erp42_gazebo:/home/aiv/workspace/ros2/erp42_ros/install/erp42_util:/home/aiv/workspace/ros2/erp42_ros/install/erp42_msgs:/home/aiv/workspace/ros2/erp42_ros/install/erp42_description:/home/aiv/workspace/ros2/erp42_ros/install/erp42_cmake:/opt/ros/humble LD_LIBRARY_PATH=/home/aiv/workspace/ros2/velodyne/install/velodyne_msgs/lib:${LD_LIBRARY_PATH} PYTHONPATH=/home/aiv/workspace/ros2/velodyne/install/velodyne_msgs/local/lib/python3.10/dist-packages:${PYTHONPATH} /usr/bin/cmake --build /home/aiv/workspace/ros2/velodyne/build/velodyne_pointcloud -- -j28 -l28
[11.494s] Invoking command in '/home/aiv/workspace/ros2/velodyne/build/velodyne_pointcloud': AMENT_PREFIX_PATH=/home/aiv/workspace/ros2/velodyne/install/velodyne_msgs:${AMENT_PREFIX_PATH} CMAKE_PREFIX_PATH=/home/aiv/workspace/ros2/velodyne/install/velodyne_msgs:/home/aiv/workspace/ros2/t870_ros/install/t870_serial:/home/aiv/workspace/ros2/t870_ros/install/t870_rqt_plugin:/home/aiv/workspace/ros2/t870_ros/install/t870_util:/home/aiv/workspace/ros2/t870_ros/install/t870_msgs:/home/aiv/workspace/ros2/t870_ros/install/t870_cmake:/home/aiv/workspace/ros2/erp42_racing_ros/install/erp42_racing_serial:/home/aiv/workspace/ros2/erp42_racing_ros/install/erp42_racing_rqt_plugin:/home/aiv/workspace/ros2/erp42_racing_ros/install/erp42_racing_gazebo:/home/aiv/workspace/ros2/erp42_racing_ros/install/erp42_racing_util:/home/aiv/workspace/ros2/erp42_racing_ros/install/erp42_racing_msgs:/home/aiv/workspace/ros2/erp42_racing_ros/install/erp42_racing_description:/home/aiv/workspace/ros2/erp42_racing_ros/install/erp42_racing_cmake:/home/aiv/workspace/ros2/erp42_ros/install/erp42_serial:/home/aiv/workspace/ros2/erp42_ros/install/erp42_rqt_plugin:/home/aiv/workspace/ros2/erp42_ros/install/erp42_gazebo:/home/aiv/workspace/ros2/erp42_ros/install/erp42_util:/home/aiv/workspace/ros2/erp42_ros/install/erp42_msgs:/home/aiv/workspace/ros2/erp42_ros/install/erp42_description:/home/aiv/workspace/ros2/erp42_ros/install/erp42_cmake:/opt/ros/humble LD_LIBRARY_PATH=/home/aiv/workspace/ros2/velodyne/install/velodyne_msgs/lib:${LD_LIBRARY_PATH} PYTHONPATH=/home/aiv/workspace/ros2/velodyne/install/velodyne_msgs/local/lib/python3.10/dist-packages:${PYTHONPATH} /usr/bin/cmake --install /home/aiv/workspace/ros2/velodyne/build/velodyne_pointcloud
[11.500s] -- Install configuration: ""
[11.500s] -- Execute custom install script
[11.501s] -- Symlinking: /home/aiv/workspace/ros2/velodyne/install/velodyne_pointcloud/lib/velodyne_pointcloud/velodyne_transform_node
[11.506s] -- Symlinking: /home/aiv/workspace/ros2/velodyne/install/velodyne_pointcloud/include/velodyne_pointcloud/calibration.hpp
[11.513s] -- Symlinking: /home/aiv/workspace/ros2/velodyne/install/velodyne_pointcloud/include/velodyne_pointcloud/datacontainerbase.hpp
[11.518s] -- Symlinking: /home/aiv/workspace/ros2/velodyne/install/velodyne_pointcloud/include/velodyne_pointcloud/organized_cloudXYZIRT.hpp
[11.522s] -- Symlinking: /home/aiv/workspace/ros2/velodyne/install/velodyne_pointcloud/include/velodyne_pointcloud/pointcloudXYZIRT.hpp
[11.528s] -- Symlinking: /home/aiv/workspace/ros2/velodyne/install/velodyne_pointcloud/include/velodyne_pointcloud/rawdata.hpp
[11.533s] -- Symlinking: /home/aiv/workspace/ros2/velodyne/install/velodyne_pointcloud/include/velodyne_pointcloud/transform.hpp
[11.538s] -- Symlinking: /home/aiv/workspace/ros2/velodyne/install/velodyne_pointcloud/share/velodyne_pointcloud/config/VLP16-velodyne_transform_node-params.yaml
[11.544s] -- Symlinking: /home/aiv/workspace/ros2/velodyne/install/velodyne_pointcloud/share/velodyne_pointcloud/config/VLP32C-velodyne_transform_node-params.yaml
[11.549s] -- Symlinking: /home/aiv/workspace/ros2/velodyne/install/velodyne_pointcloud/share/velodyne_pointcloud/config/VLS128-velodyne_transform_node-params.yaml
[11.555s] -- Symlinking: /home/aiv/workspace/ros2/velodyne/install/velodyne_pointcloud/share/velodyne_pointcloud/launch/velodyne_transform_node-VLP16-composed-launch.py
[11.559s] -- Symlinking: /home/aiv/workspace/ros2/velodyne/install/velodyne_pointcloud/share/velodyne_pointcloud/launch/velodyne_transform_node-VLP16-launch.py
[11.564s] -- Symlinking: /home/aiv/workspace/ros2/velodyne/install/velodyne_pointcloud/share/velodyne_pointcloud/launch/velodyne_transform_node-VLP32C-composed-launch.py
[11.570s] -- Symlinking: /home/aiv/workspace/ros2/velodyne/install/velodyne_pointcloud/share/velodyne_pointcloud/launch/velodyne_transform_node-VLP32C-launch.py
[11.575s] -- Symlinking: /home/aiv/workspace/ros2/velodyne/install/velodyne_pointcloud/share/velodyne_pointcloud/launch/velodyne_transform_node-VLS128-composed-launch.py
[11.581s] -- Symlinking: /home/aiv/workspace/ros2/velodyne/install/velodyne_pointcloud/share/velodyne_pointcloud/launch/velodyne_transform_node-VLS128-launch.py
[11.587s] -- Symlinking: /home/aiv/workspace/ros2/velodyne/install/velodyne_pointcloud/share/velodyne_pointcloud/params/32db.yaml
[11.592s] -- Symlinking: /home/aiv/workspace/ros2/velodyne/install/velodyne_pointcloud/share/velodyne_pointcloud/params/64e_s2.1-sztaki.yaml
[11.597s] -- Symlinking: /home/aiv/workspace/ros2/velodyne/install/velodyne_pointcloud/share/velodyne_pointcloud/params/64e_s3-xiesc.yaml
[11.603s] -- Symlinking: /home/aiv/workspace/ros2/velodyne/install/velodyne_pointcloud/share/velodyne_pointcloud/params/64e_utexas.yaml
[11.607s] -- Symlinking: /home/aiv/workspace/ros2/velodyne/install/velodyne_pointcloud/share/velodyne_pointcloud/params/VLP16_hires_db.yaml
[11.612s] -- Symlinking: /home/aiv/workspace/ros2/velodyne/install/velodyne_pointcloud/share/velodyne_pointcloud/params/VLP16db.yaml
[11.616s] -- Symlinking: /home/aiv/workspace/ros2/velodyne/install/velodyne_pointcloud/share/velodyne_pointcloud/params/VLS128.yaml
[11.620s] -- Symlinking: /home/aiv/workspace/ros2/velodyne/install/velodyne_pointcloud/share/velodyne_pointcloud/params/VeloView-VLP-32C.yaml
[11.625s] -- Symlinking: /home/aiv/workspace/ros2/velodyne/install/velodyne_pointcloud/share/velodyne_pointcloud/params/issue_84_float_intensities.yaml
[11.631s] -- Symlinking: /home/aiv/workspace/ros2/velodyne/install/velodyne_pointcloud/share/velodyne_pointcloud/params/rviz_points.vcg
[11.635s] -- Symlinking: /home/aiv/workspace/ros2/velodyne/install/velodyne_pointcloud/share/velodyne_pointcloud/environment/library_path.sh
[11.641s] -- Symlinking: /home/aiv/workspace/ros2/velodyne/install/velodyne_pointcloud/share/velodyne_pointcloud/environment/library_path.dsv
[11.647s] -- Symlinking: /home/aiv/workspace/ros2/velodyne/install/velodyne_pointcloud/share/ament_index/resource_index/package_run_dependencies/velodyne_pointcloud
[11.651s] -- Symlinking: /home/aiv/workspace/ros2/velodyne/install/velodyne_pointcloud/share/ament_index/resource_index/parent_prefix_path/velodyne_pointcloud
[11.657s] -- Symlinking: /home/aiv/workspace/ros2/velodyne/install/velodyne_pointcloud/share/velodyne_pointcloud/environment/ament_prefix_path.sh
[11.662s] -- Symlinking: /home/aiv/workspace/ros2/velodyne/install/velodyne_pointcloud/share/velodyne_pointcloud/environment/ament_prefix_path.dsv
[11.667s] -- Symlinking: /home/aiv/workspace/ros2/velodyne/install/velodyne_pointcloud/share/velodyne_pointcloud/environment/path.sh
[11.672s] -- Symlinking: /home/aiv/workspace/ros2/velodyne/install/velodyne_pointcloud/share/velodyne_pointcloud/environment/path.dsv
[11.676s] -- Symlinking: /home/aiv/workspace/ros2/velodyne/install/velodyne_pointcloud/share/velodyne_pointcloud/local_setup.bash
[11.682s] -- Symlinking: /home/aiv/workspace/ros2/velodyne/install/velodyne_pointcloud/share/velodyne_pointcloud/local_setup.sh
[11.687s] -- Symlinking: /home/aiv/workspace/ros2/velodyne/install/velodyne_pointcloud/share/velodyne_pointcloud/local_setup.zsh
[11.691s] -- Symlinking: /home/aiv/workspace/ros2/velodyne/install/velodyne_pointcloud/share/velodyne_pointcloud/local_setup.dsv
[11.697s] -- Symlinking: /home/aiv/workspace/ros2/velodyne/install/velodyne_pointcloud/share/velodyne_pointcloud/package.dsv
[11.701s] -- Symlinking: /home/aiv/workspace/ros2/velodyne/install/velodyne_pointcloud/share/ament_index/resource_index/packages/velodyne_pointcloud
[11.707s] -- Symlinking: /home/aiv/workspace/ros2/velodyne/install/velodyne_pointcloud/share/ament_index/resource_index/rclcpp_components/velodyne_pointcloud
[11.712s] -- Symlinking: /home/aiv/workspace/ros2/velodyne/install/velodyne_pointcloud/share/velodyne_pointcloud/cmake/ament_cmake_export_include_directories-extras.cmake
[11.717s] -- Symlinking: /home/aiv/workspace/ros2/velodyne/install/velodyne_pointcloud/share/velodyne_pointcloud/cmake/ament_cmake_export_dependencies-extras.cmake
[11.722s] -- Symlinking: /home/aiv/workspace/ros2/velodyne/install/velodyne_pointcloud/share/velodyne_pointcloud/cmake/ament_cmake_export_libraries-extras.cmake
[11.727s] -- Symlinking: /home/aiv/workspace/ros2/velodyne/install/velodyne_pointcloud/share/velodyne_pointcloud/cmake/ament_cmake_export_targets-extras.cmake
[11.731s] -- Symlinking: /home/aiv/workspace/ros2/velodyne/install/velodyne_pointcloud/share/velodyne_pointcloud/cmake/velodyne_pointcloudConfig.cmake
[11.737s] -- Symlinking: /home/aiv/workspace/ros2/velodyne/install/velodyne_pointcloud/share/velodyne_pointcloud/cmake/velodyne_pointcloudConfig-version.cmake
[11.741s] -- Symlinking: /home/aiv/workspace/ros2/velodyne/install/velodyne_pointcloud/share/velodyne_pointcloud/package.xml
[11.746s] -- Installing: /home/aiv/workspace/ros2/velodyne/install/velodyne_pointcloud/lib/libvelodyne_cloud_types.so
[11.746s] -- Set runtime path of "/home/aiv/workspace/ros2/velodyne/install/velodyne_pointcloud/lib/libvelodyne_cloud_types.so" to ""
[11.746s] -- Installing: /home/aiv/workspace/ros2/velodyne/install/velodyne_pointcloud/lib/libvelodyne_rawdata.so
[11.747s] -- Set runtime path of "/home/aiv/workspace/ros2/velodyne/install/velodyne_pointcloud/lib/libvelodyne_rawdata.so" to ""
[11.747s] -- Installing: /home/aiv/workspace/ros2/velodyne/install/velodyne_pointcloud/lib/libtransform.so
[11.750s] -- Set runtime path of "/home/aiv/workspace/ros2/velodyne/install/velodyne_pointcloud/lib/libtransform.so" to ""
[11.750s] -- Installing: /home/aiv/workspace/ros2/velodyne/install/velodyne_pointcloud/share/velodyne_pointcloud/cmake/velodyne_pointcloudExport.cmake
[11.750s] -- Installing: /home/aiv/workspace/ros2/velodyne/install/velodyne_pointcloud/share/velodyne_pointcloud/cmake/velodyne_pointcloudExport-noconfig.cmake
[11.752s] Invoked command in '/home/aiv/workspace/ros2/velodyne/build/velodyne_pointcloud' returned '0': AMENT_PREFIX_PATH=/home/aiv/workspace/ros2/velodyne/install/velodyne_msgs:${AMENT_PREFIX_PATH} CMAKE_PREFIX_PATH=/home/aiv/workspace/ros2/velodyne/install/velodyne_msgs:/home/aiv/workspace/ros2/t870_ros/install/t870_serial:/home/aiv/workspace/ros2/t870_ros/install/t870_rqt_plugin:/home/aiv/workspace/ros2/t870_ros/install/t870_util:/home/aiv/workspace/ros2/t870_ros/install/t870_msgs:/home/aiv/workspace/ros2/t870_ros/install/t870_cmake:/home/aiv/workspace/ros2/erp42_racing_ros/install/erp42_racing_serial:/home/aiv/workspace/ros2/erp42_racing_ros/install/erp42_racing_rqt_plugin:/home/aiv/workspace/ros2/erp42_racing_ros/install/erp42_racing_gazebo:/home/aiv/workspace/ros2/erp42_racing_ros/install/erp42_racing_util:/home/aiv/workspace/ros2/erp42_racing_ros/install/erp42_racing_msgs:/home/aiv/workspace/ros2/erp42_racing_ros/install/erp42_racing_description:/home/aiv/workspace/ros2/erp42_racing_ros/install/erp42_racing_cmake:/home/aiv/workspace/ros2/erp42_ros/install/erp42_serial:/home/aiv/workspace/ros2/erp42_ros/install/erp42_rqt_plugin:/home/aiv/workspace/ros2/erp42_ros/install/erp42_gazebo:/home/aiv/workspace/ros2/erp42_ros/install/erp42_util:/home/aiv/workspace/ros2/erp42_ros/install/erp42_msgs:/home/aiv/workspace/ros2/erp42_ros/install/erp42_description:/home/aiv/workspace/ros2/erp42_ros/install/erp42_cmake:/opt/ros/humble LD_LIBRARY_PATH=/home/aiv/workspace/ros2/velodyne/install/velodyne_msgs/lib:${LD_LIBRARY_PATH} PYTHONPATH=/home/aiv/workspace/ros2/velodyne/install/velodyne_msgs/local/lib/python3.10/dist-packages:${PYTHONPATH} /usr/bin/cmake --install /home/aiv/workspace/ros2/velodyne/build/velodyne_pointcloud
