[0.011s] Invoking command in '/home/aiv/ev_ws/ros2_ver2/build/velodyne_pointcloud': AMENT_PREFIX_PATH=/home/aiv/ev_ws/ros2_ver2/install/velodyne_msgs:${AMENT_PREFIX_PATH} CMAKE_PREFIX_PATH=/home/aiv/ev_ws/ros2_ver2/install/velodyne_msgs:/home/aiv/ev_ws/ros2/install/velodyne:/home/aiv/ev_ws/ros2/install/velodyne_pointcloud:/home/aiv/ev_ws/ros2/install/velodyne_driver:/home/aiv/ev_ws/ros2/install/velodyne_msgs:/home/aiv/ev_ws/ros2/install/velodyne_laserscan:/home/aiv/ev_ws/ros2/install/patchworkpp:/home/aiv/ros2_study/install/my_first_package_msgs:/home/aiv/workspace/ros2/velodyne/install/velodyne:/home/aiv/workspace/ros2/velodyne/install/velodyne_pointcloud:/home/aiv/workspace/ros2/velodyne/install/velodyne_driver:/home/aiv/workspace/ros2/velodyne/install/velodyne_msgs:/home/aiv/workspace/ros2/velodyne/install/velodyne_laserscan:/home/aiv/workspace/ros2/erp42_ros/install/erp42_serial:/home/aiv/workspace/ros2/erp42_ros/install/erp42_rqt_plugin:/home/aiv/workspace/ros2/erp42_ros/install/erp42_gazebo:/home/aiv/workspace/ros2/erp42_ros/install/erp42_util:/home/aiv/workspace/ros2/erp42_ros/install/erp42_msgs:/home/aiv/workspace/ros2/erp42_ros/install/erp42_description:/home/aiv/workspace/ros2/erp42_ros/install/erp42_cmake:/home/aiv/workspace/ros2/t870_ros/install/t870_serial:/home/aiv/workspace/ros2/t870_ros/install/t870_rqt_plugin:/home/aiv/workspace/ros2/t870_ros/install/t870_util:/home/aiv/workspace/ros2/t870_ros/install/t870_msgs:/home/aiv/workspace/ros2/t870_ros/install/t870_cmake:/home/aiv/workspace/ros2/erp42_racing_ros/install/erp42_racing_serial:/home/aiv/workspace/ros2/erp42_racing_ros/install/erp42_racing_rqt_plugin:/home/aiv/workspace/ros2/erp42_racing_ros/install/erp42_racing_gazebo:/home/aiv/workspace/ros2/erp42_racing_ros/install/erp42_racing_util:/home/aiv/workspace/ros2/erp42_racing_ros/install/erp42_racing_msgs:/home/aiv/workspace/ros2/erp42_racing_ros/install/erp42_racing_description:/home/aiv/workspace/ros2/erp42_racing_ros/install/erp42_racing_cmake:/home/aiv/ros2_study/install/my_second_package:/opt/ros/humble LD_LIBRARY_PATH=/home/aiv/ev_ws/ros2_ver2/install/velodyne_msgs/lib:${LD_LIBRARY_PATH} PYTHONPATH=/home/aiv/ev_ws/ros2_ver2/install/velodyne_msgs/local/lib/python3.10/dist-packages:${PYTHONPATH} /usr/bin/cmake --build /home/aiv/ev_ws/ros2_ver2/build/velodyne_pointcloud -- -j28 -l28
[0.049s] [ 11%] Built target gtest
[0.050s] [ 22%] Built target gtest_main
[0.055s] [ 27%] [32mBuilding CXX object CMakeFiles/velodyne_rawdata.dir/src/lib/rawdata.cpp.o[0m
[0.057s] [ 33%] [32mBuilding CXX object CMakeFiles/velodyne_cloud_types.dir/src/lib/pointcloudXYZIRT.cpp.o[0m
[0.057s] [ 38%] [32mBuilding CXX object CMakeFiles/velodyne_cloud_types.dir/src/lib/organized_cloudXYZIRT.cpp.o[0m
[0.071s] [ 44%] [32mBuilding CXX object tests/CMakeFiles/test_row_step.dir/test_row_step.cpp.o[0m
[2.239s] [ 50%] [32m[1mLinking CXX shared library libvelodyne_rawdata.so[0m
[2.241s] [ 55%] [32m[1mLinking CXX shared library libvelodyne_cloud_types.so[0m
[2.336s] [ 55%] Built target velodyne_cloud_types
[2.338s] [ 61%] Built target velodyne_rawdata
[2.347s] [35m[1mConsolidate compiler generated dependencies of target test_calibration[0m
[2.348s] [35m[1mConsolidate compiler generated dependencies of target transform[0m
[2.358s] [ 66%] [32m[1mLinking CXX executable test_calibration[0m
[2.366s] [ 72%] [32mBuilding CXX object CMakeFiles/transform.dir/src/conversions/transform.cpp.o[0m
[2.472s] [ 77%] Built target test_calibration
[2.558s] [ 83%] [32m[1mLinking CXX executable test_row_step[0m
[2.674s] [ 83%] Built target test_row_step
[7.692s] [ 88%] [32m[1mLinking CXX shared library libtransform.so[0m
[7.973s] [ 88%] Built target transform
[7.982s] [35m[1mConsolidate compiler generated dependencies of target velodyne_transform_node[0m
[7.996s] [ 94%] [32mBuilding CXX object CMakeFiles/velodyne_transform_node.dir/src/conversions/transform_node.cpp.o[0m
[10.439s] [100%] [32m[1mLinking CXX executable velodyne_transform_node[0m
[10.590s] [100%] Built target velodyne_transform_node
[10.599s] Invoked command in '/home/aiv/ev_ws/ros2_ver2/build/velodyne_pointcloud' returned '0': AMENT_PREFIX_PATH=/home/aiv/ev_ws/ros2_ver2/install/velodyne_msgs:${AMENT_PREFIX_PATH} CMAKE_PREFIX_PATH=/home/aiv/ev_ws/ros2_ver2/install/velodyne_msgs:/home/aiv/ev_ws/ros2/install/velodyne:/home/aiv/ev_ws/ros2/install/velodyne_pointcloud:/home/aiv/ev_ws/ros2/install/velodyne_driver:/home/aiv/ev_ws/ros2/install/velodyne_msgs:/home/aiv/ev_ws/ros2/install/velodyne_laserscan:/home/aiv/ev_ws/ros2/install/patchworkpp:/home/aiv/ros2_study/install/my_first_package_msgs:/home/aiv/workspace/ros2/velodyne/install/velodyne:/home/aiv/workspace/ros2/velodyne/install/velodyne_pointcloud:/home/aiv/workspace/ros2/velodyne/install/velodyne_driver:/home/aiv/workspace/ros2/velodyne/install/velodyne_msgs:/home/aiv/workspace/ros2/velodyne/install/velodyne_laserscan:/home/aiv/workspace/ros2/erp42_ros/install/erp42_serial:/home/aiv/workspace/ros2/erp42_ros/install/erp42_rqt_plugin:/home/aiv/workspace/ros2/erp42_ros/install/erp42_gazebo:/home/aiv/workspace/ros2/erp42_ros/install/erp42_util:/home/aiv/workspace/ros2/erp42_ros/install/erp42_msgs:/home/aiv/workspace/ros2/erp42_ros/install/erp42_description:/home/aiv/workspace/ros2/erp42_ros/install/erp42_cmake:/home/aiv/workspace/ros2/t870_ros/install/t870_serial:/home/aiv/workspace/ros2/t870_ros/install/t870_rqt_plugin:/home/aiv/workspace/ros2/t870_ros/install/t870_util:/home/aiv/workspace/ros2/t870_ros/install/t870_msgs:/home/aiv/workspace/ros2/t870_ros/install/t870_cmake:/home/aiv/workspace/ros2/erp42_racing_ros/install/erp42_racing_serial:/home/aiv/workspace/ros2/erp42_racing_ros/install/erp42_racing_rqt_plugin:/home/aiv/workspace/ros2/erp42_racing_ros/install/erp42_racing_gazebo:/home/aiv/workspace/ros2/erp42_racing_ros/install/erp42_racing_util:/home/aiv/workspace/ros2/erp42_racing_ros/install/erp42_racing_msgs:/home/aiv/workspace/ros2/erp42_racing_ros/install/erp42_racing_description:/home/aiv/workspace/ros2/erp42_racing_ros/install/erp42_racing_cmake:/home/aiv/ros2_study/install/my_second_package:/opt/ros/humble LD_LIBRARY_PATH=/home/aiv/ev_ws/ros2_ver2/install/velodyne_msgs/lib:${LD_LIBRARY_PATH} PYTHONPATH=/home/aiv/ev_ws/ros2_ver2/install/velodyne_msgs/local/lib/python3.10/dist-packages:${PYTHONPATH} /usr/bin/cmake --build /home/aiv/ev_ws/ros2_ver2/build/velodyne_pointcloud -- -j28 -l28
[10.604s] Invoking command in '/home/aiv/ev_ws/ros2_ver2/build/velodyne_pointcloud': AMENT_PREFIX_PATH=/home/aiv/ev_ws/ros2_ver2/install/velodyne_msgs:${AMENT_PREFIX_PATH} CMAKE_PREFIX_PATH=/home/aiv/ev_ws/ros2_ver2/install/velodyne_msgs:/home/aiv/ev_ws/ros2/install/velodyne:/home/aiv/ev_ws/ros2/install/velodyne_pointcloud:/home/aiv/ev_ws/ros2/install/velodyne_driver:/home/aiv/ev_ws/ros2/install/velodyne_msgs:/home/aiv/ev_ws/ros2/install/velodyne_laserscan:/home/aiv/ev_ws/ros2/install/patchworkpp:/home/aiv/ros2_study/install/my_first_package_msgs:/home/aiv/workspace/ros2/velodyne/install/velodyne:/home/aiv/workspace/ros2/velodyne/install/velodyne_pointcloud:/home/aiv/workspace/ros2/velodyne/install/velodyne_driver:/home/aiv/workspace/ros2/velodyne/install/velodyne_msgs:/home/aiv/workspace/ros2/velodyne/install/velodyne_laserscan:/home/aiv/workspace/ros2/erp42_ros/install/erp42_serial:/home/aiv/workspace/ros2/erp42_ros/install/erp42_rqt_plugin:/home/aiv/workspace/ros2/erp42_ros/install/erp42_gazebo:/home/aiv/workspace/ros2/erp42_ros/install/erp42_util:/home/aiv/workspace/ros2/erp42_ros/install/erp42_msgs:/home/aiv/workspace/ros2/erp42_ros/install/erp42_description:/home/aiv/workspace/ros2/erp42_ros/install/erp42_cmake:/home/aiv/workspace/ros2/t870_ros/install/t870_serial:/home/aiv/workspace/ros2/t870_ros/install/t870_rqt_plugin:/home/aiv/workspace/ros2/t870_ros/install/t870_util:/home/aiv/workspace/ros2/t870_ros/install/t870_msgs:/home/aiv/workspace/ros2/t870_ros/install/t870_cmake:/home/aiv/workspace/ros2/erp42_racing_ros/install/erp42_racing_serial:/home/aiv/workspace/ros2/erp42_racing_ros/install/erp42_racing_rqt_plugin:/home/aiv/workspace/ros2/erp42_racing_ros/install/erp42_racing_gazebo:/home/aiv/workspace/ros2/erp42_racing_ros/install/erp42_racing_util:/home/aiv/workspace/ros2/erp42_racing_ros/install/erp42_racing_msgs:/home/aiv/workspace/ros2/erp42_racing_ros/install/erp42_racing_description:/home/aiv/workspace/ros2/erp42_racing_ros/install/erp42_racing_cmake:/home/aiv/ros2_study/install/my_second_package:/opt/ros/humble LD_LIBRARY_PATH=/home/aiv/ev_ws/ros2_ver2/install/velodyne_msgs/lib:${LD_LIBRARY_PATH} PYTHONPATH=/home/aiv/ev_ws/ros2_ver2/install/velodyne_msgs/local/lib/python3.10/dist-packages:${PYTHONPATH} /usr/bin/cmake --install /home/aiv/ev_ws/ros2_ver2/build/velodyne_pointcloud
[10.609s] -- Install configuration: ""
[10.609s] -- Installing: /home/aiv/ev_ws/ros2_ver2/install/velodyne_pointcloud/lib/libvelodyne_cloud_types.so
[10.609s] -- Set runtime path of "/home/aiv/ev_ws/ros2_ver2/install/velodyne_pointcloud/lib/libvelodyne_cloud_types.so" to ""
[10.610s] -- Installing: /home/aiv/ev_ws/ros2_ver2/install/velodyne_pointcloud/lib/libvelodyne_rawdata.so
[10.610s] -- Set runtime path of "/home/aiv/ev_ws/ros2_ver2/install/velodyne_pointcloud/lib/libvelodyne_rawdata.so" to ""
[10.610s] -- Installing: /home/aiv/ev_ws/ros2_ver2/install/velodyne_pointcloud/lib/libtransform.so
[10.614s] -- Set runtime path of "/home/aiv/ev_ws/ros2_ver2/install/velodyne_pointcloud/lib/libtransform.so" to ""
[10.614s] -- Installing: /home/aiv/ev_ws/ros2_ver2/install/velodyne_pointcloud/lib/velodyne_pointcloud/velodyne_transform_node
[10.615s] -- Set runtime path of "/home/aiv/ev_ws/ros2_ver2/install/velodyne_pointcloud/lib/velodyne_pointcloud/velodyne_transform_node" to ""
[10.615s] -- Up-to-date: /home/aiv/ev_ws/ros2_ver2/install/velodyne_pointcloud/include/velodyne_pointcloud
[10.615s] -- Up-to-date: /home/aiv/ev_ws/ros2_ver2/install/velodyne_pointcloud/include/velodyne_pointcloud/pointcloudXYZIRT.hpp
[10.615s] -- Installing: /home/aiv/ev_ws/ros2_ver2/install/velodyne_pointcloud/include/velodyne_pointcloud/datacontainerbase.hpp
[10.615s] -- Up-to-date: /home/aiv/ev_ws/ros2_ver2/install/velodyne_pointcloud/include/velodyne_pointcloud/organized_cloudXYZIRT.hpp
[10.615s] -- Up-to-date: /home/aiv/ev_ws/ros2_ver2/install/velodyne_pointcloud/include/velodyne_pointcloud/rawdata.hpp
[10.615s] -- Up-to-date: /home/aiv/ev_ws/ros2_ver2/install/velodyne_pointcloud/include/velodyne_pointcloud/calibration.hpp
[10.615s] -- Up-to-date: /home/aiv/ev_ws/ros2_ver2/install/velodyne_pointcloud/include/velodyne_pointcloud/transform.hpp
[10.615s] -- Up-to-date: /home/aiv/ev_ws/ros2_ver2/install/velodyne_pointcloud/share/velodyne_pointcloud/config
[10.615s] -- Up-to-date: /home/aiv/ev_ws/ros2_ver2/install/velodyne_pointcloud/share/velodyne_pointcloud/config/VLP32C-velodyne_transform_node-params.yaml
[10.615s] -- Up-to-date: /home/aiv/ev_ws/ros2_ver2/install/velodyne_pointcloud/share/velodyne_pointcloud/config/VLS128-velodyne_transform_node-params.yaml
[10.615s] -- Installing: /home/aiv/ev_ws/ros2_ver2/install/velodyne_pointcloud/share/velodyne_pointcloud/config/VLP16-velodyne_transform_node-params.yaml
[10.615s] -- Up-to-date: /home/aiv/ev_ws/ros2_ver2/install/velodyne_pointcloud/share/velodyne_pointcloud/launch
[10.615s] -- Up-to-date: /home/aiv/ev_ws/ros2_ver2/install/velodyne_pointcloud/share/velodyne_pointcloud/launch/velodyne_transform_node-VLS128-launch.py
[10.615s] -- Up-to-date: /home/aiv/ev_ws/ros2_ver2/install/velodyne_pointcloud/share/velodyne_pointcloud/launch/velodyne_transform_node-VLP32C-launch.py
[10.615s] -- Up-to-date: /home/aiv/ev_ws/ros2_ver2/install/velodyne_pointcloud/share/velodyne_pointcloud/launch/velodyne_transform_node-VLP16-launch.py
[10.615s] -- Up-to-date: /home/aiv/ev_ws/ros2_ver2/install/velodyne_pointcloud/share/velodyne_pointcloud/launch/velodyne_transform_node-VLP16-composed-launch.py
[10.615s] -- Up-to-date: /home/aiv/ev_ws/ros2_ver2/install/velodyne_pointcloud/share/velodyne_pointcloud/launch/velodyne_transform_node-VLS128-composed-launch.py
[10.615s] -- Up-to-date: /home/aiv/ev_ws/ros2_ver2/install/velodyne_pointcloud/share/velodyne_pointcloud/launch/velodyne_transform_node-VLP32C-composed-launch.py
[10.615s] -- Up-to-date: /home/aiv/ev_ws/ros2_ver2/install/velodyne_pointcloud/share/velodyne_pointcloud/params
[10.615s] -- Up-to-date: /home/aiv/ev_ws/ros2_ver2/install/velodyne_pointcloud/share/velodyne_pointcloud/params/VLP16_hires_db.yaml
[10.615s] -- Up-to-date: /home/aiv/ev_ws/ros2_ver2/install/velodyne_pointcloud/share/velodyne_pointcloud/params/VLP16db.yaml
[10.615s] -- Up-to-date: /home/aiv/ev_ws/ros2_ver2/install/velodyne_pointcloud/share/velodyne_pointcloud/params/32db.yaml
[10.615s] -- Up-to-date: /home/aiv/ev_ws/ros2_ver2/install/velodyne_pointcloud/share/velodyne_pointcloud/params/issue_84_float_intensities.yaml
[10.615s] -- Up-to-date: /home/aiv/ev_ws/ros2_ver2/install/velodyne_pointcloud/share/velodyne_pointcloud/params/VLS128.yaml
[10.615s] -- Up-to-date: /home/aiv/ev_ws/ros2_ver2/install/velodyne_pointcloud/share/velodyne_pointcloud/params/VeloView-VLP-32C.yaml
[10.615s] -- Up-to-date: /home/aiv/ev_ws/ros2_ver2/install/velodyne_pointcloud/share/velodyne_pointcloud/params/64e_s2.1-sztaki.yaml
[10.615s] -- Up-to-date: /home/aiv/ev_ws/ros2_ver2/install/velodyne_pointcloud/share/velodyne_pointcloud/params/64e_utexas.yaml
[10.615s] -- Up-to-date: /home/aiv/ev_ws/ros2_ver2/install/velodyne_pointcloud/share/velodyne_pointcloud/params/rviz_points.vcg
[10.615s] -- Up-to-date: /home/aiv/ev_ws/ros2_ver2/install/velodyne_pointcloud/share/velodyne_pointcloud/params/64e_s3-xiesc.yaml
[10.615s] -- Up-to-date: /home/aiv/ev_ws/ros2_ver2/install/velodyne_pointcloud/share/velodyne_pointcloud/environment/library_path.sh
[10.615s] -- Up-to-date: /home/aiv/ev_ws/ros2_ver2/install/velodyne_pointcloud/share/velodyne_pointcloud/environment/library_path.dsv
[10.615s] -- Up-to-date: /home/aiv/ev_ws/ros2_ver2/install/velodyne_pointcloud/share/ament_index/resource_index/package_run_dependencies/velodyne_pointcloud
[10.616s] -- Up-to-date: /home/aiv/ev_ws/ros2_ver2/install/velodyne_pointcloud/share/ament_index/resource_index/parent_prefix_path/velodyne_pointcloud
[10.616s] -- Up-to-date: /home/aiv/ev_ws/ros2_ver2/install/velodyne_pointcloud/share/velodyne_pointcloud/environment/ament_prefix_path.sh
[10.616s] -- Up-to-date: /home/aiv/ev_ws/ros2_ver2/install/velodyne_pointcloud/share/velodyne_pointcloud/environment/ament_prefix_path.dsv
[10.616s] -- Up-to-date: /home/aiv/ev_ws/ros2_ver2/install/velodyne_pointcloud/share/velodyne_pointcloud/environment/path.sh
[10.616s] -- Up-to-date: /home/aiv/ev_ws/ros2_ver2/install/velodyne_pointcloud/share/velodyne_pointcloud/environment/path.dsv
[10.616s] -- Up-to-date: /home/aiv/ev_ws/ros2_ver2/install/velodyne_pointcloud/share/velodyne_pointcloud/local_setup.bash
[10.616s] -- Up-to-date: /home/aiv/ev_ws/ros2_ver2/install/velodyne_pointcloud/share/velodyne_pointcloud/local_setup.sh
[10.616s] -- Up-to-date: /home/aiv/ev_ws/ros2_ver2/install/velodyne_pointcloud/share/velodyne_pointcloud/local_setup.zsh
[10.616s] -- Up-to-date: /home/aiv/ev_ws/ros2_ver2/install/velodyne_pointcloud/share/velodyne_pointcloud/local_setup.dsv
[10.616s] -- Installing: /home/aiv/ev_ws/ros2_ver2/install/velodyne_pointcloud/share/velodyne_pointcloud/package.dsv
[10.616s] -- Up-to-date: /home/aiv/ev_ws/ros2_ver2/install/velodyne_pointcloud/share/ament_index/resource_index/packages/velodyne_pointcloud
[10.616s] -- Up-to-date: /home/aiv/ev_ws/ros2_ver2/install/velodyne_pointcloud/share/ament_index/resource_index/rclcpp_components/velodyne_pointcloud
[10.616s] -- Up-to-date: /home/aiv/ev_ws/ros2_ver2/install/velodyne_pointcloud/share/velodyne_pointcloud/cmake/velodyne_pointcloudExport.cmake
[10.616s] -- Up-to-date: /home/aiv/ev_ws/ros2_ver2/install/velodyne_pointcloud/share/velodyne_pointcloud/cmake/velodyne_pointcloudExport-noconfig.cmake
[10.616s] -- Up-to-date: /home/aiv/ev_ws/ros2_ver2/install/velodyne_pointcloud/share/velodyne_pointcloud/cmake/ament_cmake_export_include_directories-extras.cmake
[10.616s] -- Up-to-date: /home/aiv/ev_ws/ros2_ver2/install/velodyne_pointcloud/share/velodyne_pointcloud/cmake/ament_cmake_export_dependencies-extras.cmake
[10.616s] -- Up-to-date: /home/aiv/ev_ws/ros2_ver2/install/velodyne_pointcloud/share/velodyne_pointcloud/cmake/ament_cmake_export_libraries-extras.cmake
[10.616s] -- Up-to-date: /home/aiv/ev_ws/ros2_ver2/install/velodyne_pointcloud/share/velodyne_pointcloud/cmake/ament_cmake_export_targets-extras.cmake
[10.616s] -- Up-to-date: /home/aiv/ev_ws/ros2_ver2/install/velodyne_pointcloud/share/velodyne_pointcloud/cmake/velodyne_pointcloudConfig.cmake
[10.616s] -- Up-to-date: /home/aiv/ev_ws/ros2_ver2/install/velodyne_pointcloud/share/velodyne_pointcloud/cmake/velodyne_pointcloudConfig-version.cmake
[10.616s] -- Up-to-date: /home/aiv/ev_ws/ros2_ver2/install/velodyne_pointcloud/share/velodyne_pointcloud/package.xml
[10.617s] Invoked command in '/home/aiv/ev_ws/ros2_ver2/build/velodyne_pointcloud' returned '0': AMENT_PREFIX_PATH=/home/aiv/ev_ws/ros2_ver2/install/velodyne_msgs:${AMENT_PREFIX_PATH} CMAKE_PREFIX_PATH=/home/aiv/ev_ws/ros2_ver2/install/velodyne_msgs:/home/aiv/ev_ws/ros2/install/velodyne:/home/aiv/ev_ws/ros2/install/velodyne_pointcloud:/home/aiv/ev_ws/ros2/install/velodyne_driver:/home/aiv/ev_ws/ros2/install/velodyne_msgs:/home/aiv/ev_ws/ros2/install/velodyne_laserscan:/home/aiv/ev_ws/ros2/install/patchworkpp:/home/aiv/ros2_study/install/my_first_package_msgs:/home/aiv/workspace/ros2/velodyne/install/velodyne:/home/aiv/workspace/ros2/velodyne/install/velodyne_pointcloud:/home/aiv/workspace/ros2/velodyne/install/velodyne_driver:/home/aiv/workspace/ros2/velodyne/install/velodyne_msgs:/home/aiv/workspace/ros2/velodyne/install/velodyne_laserscan:/home/aiv/workspace/ros2/erp42_ros/install/erp42_serial:/home/aiv/workspace/ros2/erp42_ros/install/erp42_rqt_plugin:/home/aiv/workspace/ros2/erp42_ros/install/erp42_gazebo:/home/aiv/workspace/ros2/erp42_ros/install/erp42_util:/home/aiv/workspace/ros2/erp42_ros/install/erp42_msgs:/home/aiv/workspace/ros2/erp42_ros/install/erp42_description:/home/aiv/workspace/ros2/erp42_ros/install/erp42_cmake:/home/aiv/workspace/ros2/t870_ros/install/t870_serial:/home/aiv/workspace/ros2/t870_ros/install/t870_rqt_plugin:/home/aiv/workspace/ros2/t870_ros/install/t870_util:/home/aiv/workspace/ros2/t870_ros/install/t870_msgs:/home/aiv/workspace/ros2/t870_ros/install/t870_cmake:/home/aiv/workspace/ros2/erp42_racing_ros/install/erp42_racing_serial:/home/aiv/workspace/ros2/erp42_racing_ros/install/erp42_racing_rqt_plugin:/home/aiv/workspace/ros2/erp42_racing_ros/install/erp42_racing_gazebo:/home/aiv/workspace/ros2/erp42_racing_ros/install/erp42_racing_util:/home/aiv/workspace/ros2/erp42_racing_ros/install/erp42_racing_msgs:/home/aiv/workspace/ros2/erp42_racing_ros/install/erp42_racing_description:/home/aiv/workspace/ros2/erp42_racing_ros/install/erp42_racing_cmake:/home/aiv/ros2_study/install/my_second_package:/opt/ros/humble LD_LIBRARY_PATH=/home/aiv/ev_ws/ros2_ver2/install/velodyne_msgs/lib:${LD_LIBRARY_PATH} PYTHONPATH=/home/aiv/ev_ws/ros2_ver2/install/velodyne_msgs/local/lib/python3.10/dist-packages:${PYTHONPATH} /usr/bin/cmake --install /home/aiv/ev_ws/ros2_ver2/build/velodyne_pointcloud
