[0.008s] Invoking command in '/home/aiv/ev_ws/ros2/build/patchworkpp': CMAKE_PREFIX_PATH=${CMAKE_PREFIX_PATH}:/home/aiv/ros2_study/install/my_second_package:/opt/ros/humble /usr/bin/cmake --build /home/aiv/ev_ws/ros2/build/patchworkpp -- -j28 -l28
[0.093s] -- Performing Test COMPILER_SUPPORT_std=cpp03
[0.143s] -- Performing Test COMPILER_SUPPORT_std=cpp03 - Success
[0.143s] -- Standard libraries to link to explicitly: none
[0.159s] -- Could NOT find CHOLMOD (missing: CHOLMOD_INCLUDES CHOLMOD_LIBRARIES) 
[0.160s] -- Could NOT find UMFPACK (missing: UMFPACK_INCLUDES UMFPACK_LIBRARIES) 
[0.161s] -- Could NOT find KLU (missing: KLU_INCLUDES KLU_LIBRARIES) 
[0.179s] -- Looking for Fortran sgemm
[0.239s] -- Looking for Fortran sgemm - found
[0.243s] -- A version of Pastix has been found but pastix_nompi.h does not exist in the include directory. Because Eigen tests require a version without MPI, we disable the Pastix backend.
[0.244s] -- Could NOT find SPQR (missing: SPQR_INCLUDES SPQR_LIBRARIES) 
[0.252s] -- Found unsuitable Qt version "5.15.3" from /usr/bin/qmake
[0.397s] -- The Fortran compiler identification is GNU 11.4.0
[0.407s] -- Could NOT find GoogleHash (missing: GOOGLEHASH_INCLUDES GOOGLEHASH_COMPILE) 
[0.409s] -- Could NOT find Adolc (missing: ADOLC_INCLUDES ADOLC_LIBRARIES) 
[0.418s] -- Could NOT find MPFR (missing: MPFR_INCLUDES MPFR_LIBRARIES MPFR_VERSION_OK) (Required is at least version "1.0.0")
[0.427s] -- Could NOT find FFTW (missing: FFTW_INCLUDES FFTW_LIBRARIES) 
[0.453s] -- Found unsuitable Qt version "5.15.3" from /usr/bin/qmake
[0.454s] -- Qt4 not found, so disabling the mandelbrot and opengl demos
[0.456s] -- Could NOT find CHOLMOD (missing: CHOLMOD_INCLUDES CHOLMOD_LIBRARIES) 
[0.457s] -- Could NOT find UMFPACK (missing: UMFPACK_INCLUDES UMFPACK_LIBRARIES) 
[0.459s] -- Could NOT find KLU (missing: KLU_INCLUDES KLU_LIBRARIES) 
[0.467s] -- A version of Pastix has been found but pastix_nompi.h does not exist in the include directory. Because Eigen tests require a version without MPI, we disable the Pastix backend.
[0.467s] -- ************************************************************
[0.467s] -- ***    Eigen's unit tests configuration summary          ***
[0.467s] -- ************************************************************
[0.467s] -- 
[0.467s] -- Build type:        Release
[0.467s] -- Build site:        aiv
[0.467s] -- Build string:      linux-6.8.0-94-generic-_-11.4.0-sse2-64bit
[0.467s] -- Enabled backends:  SuperLU,  Boost.Multiprecision, 
[0.467s] -- Disabled backends: CHOLMOD,  UMFPACK,  KLU,  PaStiX,  METIS,  SPQR,  Qt4 support,  GoogleHash,  Adolc,  MPFR C++,  fftw,  OpenGL, 
[0.467s] -- Default order:     Column-major
[0.467s] -- Maximal matrix/vector size: 320
[0.467s] -- SSE2:              Using architecture defaults
[0.467s] -- SSE3:              Using architecture defaults
[0.467s] -- SSSE3:             Using architecture defaults
[0.467s] -- SSE4.1:            Using architecture defaults
[0.467s] -- SSE4.2:            Using architecture defaults
[0.468s] -- AVX:               Using architecture defaults
[0.468s] -- AVX2:              Using architecture defaults
[0.468s] -- FMA:               Using architecture defaults
[0.468s] -- AVX512:            Using architecture defaults
[0.468s] -- AVX512DQ:          Using architecture defaults
[0.468s] -- Altivec:           Using architecture defaults
[0.468s] -- VSX:               Using architecture defaults
[0.468s] -- MIPS MSA:          Using architecture defaults
[0.468s] -- ARM NEON:          Using architecture defaults
[0.468s] -- ARMv8 NEON:        Using architecture defaults
[0.468s] -- S390X ZVECTOR:     Using architecture defaults
[0.468s] -- C++11:             OFF
[0.468s] -- SYCL:              OFF
[0.468s] -- CUDA:              OFF
[0.468s] -- HIP:               OFF
[0.468s] -- 
[0.468s] CXX:               /usr/bin/c++
[0.468s]  CXX_VERSION:       c++ (Ubuntu 11.4.0-1ubuntu1~22.04.2) 11.4.0
[0.468s]  CXX_FLAGS:           -std=c++03 -pedantic -Wall -Wextra -Wundef -Wcast-align -Wchar-subscripts -Wnon-virtual-dtor -Wunused-local-typedefs -Wpointer-arith -Wwrite-strings -Wformat-security -Wlogical-op -Wenum-conversion -Wdouble-promotion -Wshadow -Wno-psabi -Wno-variadic-macros -Wno-long-long -fno-check-new -fno-common -fstrict-aliasing -ansi
[0.468s]  Sparse lib flags:   ;/usr/lib/x86_64-linux-gnu/libsuperlu.so;eigen_blas
[0.468s] 
[0.468s] -- ************************************************************
[0.468s] -- 
[0.468s] -- Configured Eigen 3.4.0
[0.468s] -- 
[0.468s] -- Available targets (use: make TARGET):
[0.468s] -- ---------+--------------------------------------------------------------
[0.468s] -- Target   |   Description
[0.468s] -- ---------+--------------------------------------------------------------
[0.468s] -- install  | Install Eigen. Headers will be installed to:
[0.468s] --          |     <CMAKE_INSTALL_PREFIX>/<INCLUDE_INSTALL_DIR>
[0.468s] --          |   Using the following values:
[0.468s] --          |     CMAKE_INSTALL_PREFIX: /home/aiv/ev_ws/ros2/install/patchworkpp
[0.468s] --          |     INCLUDE_INSTALL_DIR:  include/eigen3
[0.468s] --          |   Change the install location of Eigen headers using:
[0.468s] --          |     cmake . -DCMAKE_INSTALL_PREFIX=yourprefix
[0.468s] --          |   Or:
[0.468s] --          |     cmake . -DINCLUDE_INSTALL_DIR=yourdir
[0.468s] -- doc      | Generate the API documentation, requires Doxygen & LaTeX
[0.468s] -- check    | Build and run the unit-tests. Read this page:
[0.468s] --          |   http://eigen.tuxfamily.org/index.php?title=Tests
[0.468s] -- blas     | Build BLAS library (not the same thing as Eigen)
[0.468s] -- uninstall| Remove files installed by the install target
[0.468s] -- ---------+--------------------------------------------------------------
[0.468s] -- 
[0.469s] -- Found ament_cmake: 1.3.12 (/opt/ros/humble/share/ament_cmake/cmake)
[0.469s] [0mParent project name: patchworkpp[0m
[0.533s] -- Override CMake install command with custom implementation using symlinks instead of copying resources
[0.536s] -- Found nav_msgs: 4.9.0 (/opt/ros/humble/share/nav_msgs/cmake)
[0.545s] -- Found rosidl_generator_c: 3.1.8 (/opt/ros/humble/share/rosidl_generator_c/cmake)
[0.547s] -- Found rosidl_adapter: 3.1.8 (/opt/ros/humble/share/rosidl_adapter/cmake)
[0.550s] -- Found rosidl_generator_cpp: 3.1.8 (/opt/ros/humble/share/rosidl_generator_cpp/cmake)
[0.555s] -- Using all available rosidl_typesupport_c: rosidl_typesupport_fastrtps_c;rosidl_typesupport_introspection_c
[0.561s] -- Using all available rosidl_typesupport_cpp: rosidl_typesupport_fastrtps_cpp;rosidl_typesupport_introspection_cpp
[0.586s] -- Found rclcpp: 16.0.17 (/opt/ros/humble/share/rclcpp/cmake)
[0.598s] -- Found rmw_implementation_cmake: 6.1.2 (/opt/ros/humble/share/rmw_implementation_cmake/cmake)
[0.599s] -- Found rmw_cyclonedds_cpp: 1.3.4 (/opt/ros/humble/share/rmw_cyclonedds_cpp/cmake)
[0.608s] -- Using RMW implementation 'rmw_cyclonedds_cpp' as default
[0.625s] -- Found rclcpp_components: 16.0.17 (/opt/ros/humble/share/rclcpp_components/cmake)
[0.633s] -- Found sensor_msgs: 4.9.0 (/opt/ros/humble/share/sensor_msgs/cmake)
[0.641s] -- Found tf2_ros: 0.25.18 (/opt/ros/humble/share/tf2_ros/cmake)
[0.707s] -- Configuring done
[1.179s] -- Generating done
[1.340s] -- Build files have been written to: /home/aiv/ev_ws/ros2/build/patchworkpp
[1.434s] [35m[1mConsolidate compiler generated dependencies of target ground_seg_cores[0m
[1.435s] [35m[1mConsolidate compiler generated dependencies of target patchworkpp_node[0m
[1.446s] [32mBuilding CXX object patchworkpp_cpp/patchworkpp/CMakeFiles/ground_seg_cores.dir/src/patchworkpp.cpp.o[0m
[1.447s] Built target patchworkpp_node
[8.046s] [32m[1mLinking CXX static library libground_seg_cores.a[0m
[8.068s] Built target ground_seg_cores
[8.076s] [35m[1mConsolidate compiler generated dependencies of target gseg_component[0m
[8.087s] [32mBuilding CXX object CMakeFiles/gseg_component.dir/src/GroundSegmentationServer.cpp.o[0m
[15.697s] [32m[1mLinking CXX shared library libgseg_component.so[0m
[15.792s] Built target gseg_component
[15.800s] Invoked command in '/home/aiv/ev_ws/ros2/build/patchworkpp' returned '0': CMAKE_PREFIX_PATH=${CMAKE_PREFIX_PATH}:/home/aiv/ros2_study/install/my_second_package:/opt/ros/humble /usr/bin/cmake --build /home/aiv/ev_ws/ros2/build/patchworkpp -- -j28 -l28
[15.809s] Invoking command in '/home/aiv/ev_ws/ros2/build/patchworkpp': CMAKE_PREFIX_PATH=${CMAKE_PREFIX_PATH}:/home/aiv/ros2_study/install/my_second_package:/opt/ros/humble /usr/bin/cmake --install /home/aiv/ev_ws/ros2/build/patchworkpp
[15.815s] -- Install configuration: "Release"
[15.815s] -- Up-to-date: /home/aiv/ev_ws/ros2/install/patchworkpp/include
[15.815s] -- Up-to-date: /home/aiv/ev_ws/ros2/install/patchworkpp/include/patchwork
[15.817s] -- Installing: /home/aiv/ev_ws/ros2/install/patchworkpp/include/patchwork/patchworkpp.h
[15.817s] -- Installing: /home/aiv/ev_ws/ros2/install/patchworkpp/lib/libground_seg_cores.a
[15.817s] -- Up-to-date: /home/aiv/ev_ws/ros2/install/patchworkpp/lib/cmake/patchworkpp/patchworkppConfig.cmake
[15.817s] -- Up-to-date: /home/aiv/ev_ws/ros2/install/patchworkpp/lib/cmake/patchworkpp/patchworkppConfig-release.cmake
[15.817s] -- Up-to-date: /home/aiv/ev_ws/ros2/install/patchworkpp/lib/cmake/patchworkpp/patchworkppTargets.cmake
[15.817s] -- Up-to-date: /home/aiv/ev_ws/ros2/install/patchworkpp/lib/cmake/patchworkpp/patchworkppTargets-release.cmake
[15.817s] -- Execute custom install script
[15.817s] -- Up-to-date symlink: /home/aiv/ev_ws/ros2/install/patchworkpp/lib/patchworkpp/patchworkpp_node
[15.817s] -- Up-to-date symlink: /home/aiv/ev_ws/ros2/install/patchworkpp/lib/libgseg_component.so
[15.817s] -- Up-to-date symlink: /home/aiv/ev_ws/ros2/install/patchworkpp/share/patchworkpp//launch/patchworkpp.launch.py
[15.817s] -- Up-to-date symlink: /home/aiv/ev_ws/ros2/install/patchworkpp/share/patchworkpp//rviz/patchworkpp.rviz
[15.817s] -- Up-to-date symlink: /home/aiv/ev_ws/ros2/install/patchworkpp/share/ament_index/resource_index/package_run_dependencies/patchworkpp
[15.818s] -- Up-to-date symlink: /home/aiv/ev_ws/ros2/install/patchworkpp/share/ament_index/resource_index/parent_prefix_path/patchworkpp
[15.818s] -- Up-to-date symlink: /home/aiv/ev_ws/ros2/install/patchworkpp/share/patchworkpp/environment/ament_prefix_path.sh
[15.818s] -- Up-to-date symlink: /home/aiv/ev_ws/ros2/install/patchworkpp/share/patchworkpp/environment/ament_prefix_path.dsv
[15.818s] -- Up-to-date symlink: /home/aiv/ev_ws/ros2/install/patchworkpp/share/patchworkpp/environment/path.sh
[15.818s] -- Up-to-date symlink: /home/aiv/ev_ws/ros2/install/patchworkpp/share/patchworkpp/environment/path.dsv
[15.818s] -- Up-to-date symlink: /home/aiv/ev_ws/ros2/install/patchworkpp/share/patchworkpp/local_setup.bash
[15.818s] -- Up-to-date symlink: /home/aiv/ev_ws/ros2/install/patchworkpp/share/patchworkpp/local_setup.sh
[15.818s] -- Up-to-date symlink: /home/aiv/ev_ws/ros2/install/patchworkpp/share/patchworkpp/local_setup.zsh
[15.818s] -- Up-to-date symlink: /home/aiv/ev_ws/ros2/install/patchworkpp/share/patchworkpp/local_setup.dsv
[15.818s] -- Symlinking: /home/aiv/ev_ws/ros2/install/patchworkpp/share/patchworkpp/package.dsv
[15.824s] -- Up-to-date symlink: /home/aiv/ev_ws/ros2/install/patchworkpp/share/ament_index/resource_index/packages/patchworkpp
[15.824s] -- Up-to-date symlink: /home/aiv/ev_ws/ros2/install/patchworkpp/share/ament_index/resource_index/rclcpp_components/patchworkpp
[15.824s] -- Up-to-date symlink: /home/aiv/ev_ws/ros2/install/patchworkpp/share/patchworkpp/cmake/patchworkppConfig.cmake
[15.824s] -- Up-to-date symlink: /home/aiv/ev_ws/ros2/install/patchworkpp/share/patchworkpp/cmake/patchworkppConfig-version.cmake
[15.824s] -- Up-to-date symlink: /home/aiv/ev_ws/ros2/install/patchworkpp/share/patchworkpp/package.xml
[15.825s] Invoked command in '/home/aiv/ev_ws/ros2/build/patchworkpp' returned '0': CMAKE_PREFIX_PATH=${CMAKE_PREFIX_PATH}:/home/aiv/ros2_study/install/my_second_package:/opt/ros/humble /usr/bin/cmake --install /home/aiv/ev_ws/ros2/build/patchworkpp
