[0.007s] Invoking command in '/home/aiv/ev_ws/ros2/build/velodyne_pointcloud': AMENT_PREFIX_PATH=/home/aiv/ev_ws/ros2/install/velodyne_msgs:${AMENT_PREFIX_PATH} CMAKE_PREFIX_PATH=/home/aiv/ev_ws/ros2/install/velodyne_msgs:/home/aiv/ros2_study/install/my_first_package_msgs:/home/aiv/workspace/ros2/velodyne/install/velodyne:/home/aiv/workspace/ros2/velodyne/install/velodyne_pointcloud:/home/aiv/workspace/ros2/velodyne/install/velodyne_driver:/home/aiv/workspace/ros2/velodyne/install/velodyne_msgs:/home/aiv/workspace/ros2/velodyne/install/velodyne_laserscan:/home/aiv/workspace/ros2/erp42_ros/install/erp42_serial:/home/aiv/workspace/ros2/erp42_ros/install/erp42_rqt_plugin:/home/aiv/workspace/ros2/erp42_ros/install/erp42_gazebo:/home/aiv/workspace/ros2/erp42_ros/install/erp42_util:/home/aiv/workspace/ros2/erp42_ros/install/erp42_msgs:/home/aiv/workspace/ros2/erp42_ros/install/erp42_description:/home/aiv/workspace/ros2/erp42_ros/install/erp42_cmake:/home/aiv/workspace/ros2/t870_ros/install/t870_serial:/home/aiv/workspace/ros2/t870_ros/install/t870_rqt_plugin:/home/aiv/workspace/ros2/t870_ros/install/t870_util:/home/aiv/workspace/ros2/t870_ros/install/t870_msgs:/home/aiv/workspace/ros2/t870_ros/install/t870_cmake:/home/aiv/workspace/ros2/erp42_racing_ros/install/erp42_racing_serial:/home/aiv/workspace/ros2/erp42_racing_ros/install/erp42_racing_rqt_plugin:/home/aiv/workspace/ros2/erp42_racing_ros/install/erp42_racing_gazebo:/home/aiv/workspace/ros2/erp42_racing_ros/install/erp42_racing_util:/home/aiv/workspace/ros2/erp42_racing_ros/install/erp42_racing_msgs:/home/aiv/workspace/ros2/erp42_racing_ros/install/erp42_racing_description:/home/aiv/workspace/ros2/erp42_racing_ros/install/erp42_racing_cmake:/home/aiv/ros2_study/install/my_second_package:/opt/ros/humble LD_LIBRARY_PATH=/home/aiv/ev_ws/ros2/install/velodyne_msgs/lib:${LD_LIBRARY_PATH} PYTHONPATH=/home/aiv/ev_ws/ros2/install/velodyne_msgs/local/lib/python3.10/dist-packages:${PYTHONPATH} /usr/bin/cmake /home/aiv/ev_ws/ros2/src/velodyne/velodyne_pointcloud -DCMAKE_INSTALL_PREFIX=/home/aiv/ev_ws/ros2/install/velodyne_pointcloud
[0.044s] -- The C compiler identification is GNU 11.4.0
[0.076s] -- The CXX compiler identification is GNU 11.4.0
[0.080s] -- Detecting C compiler ABI info
[0.125s] -- Detecting C compiler ABI info - done
[0.129s] -- Check for working C compiler: /usr/bin/cc - skipped
[0.129s] -- Detecting C compile features
[0.129s] -- Detecting C compile features - done
[0.131s] -- Detecting CXX compiler ABI info
[0.179s] -- Detecting CXX compiler ABI info - done
[0.184s] -- Check for working CXX compiler: /usr/bin/c++ - skipped
[0.184s] -- Detecting CXX compile features
[0.184s] -- Detecting CXX compile features - done
[0.186s] -- Found ament_cmake: 1.3.12 (/opt/ros/humble/share/ament_cmake/cmake)
[0.278s] -- Found Python3: /usr/bin/python3 (found version "3.10.12") found components: Interpreter 
[0.341s] -- Found angles: 1.15.0 (/opt/ros/humble/share/angles/cmake)
[0.344s] -- Found diagnostic_updater: 4.0.6 (/opt/ros/humble/share/diagnostic_updater/cmake)
[0.372s] -- Found rosidl_generator_c: 3.1.8 (/opt/ros/humble/share/rosidl_generator_c/cmake)
[0.376s] -- Found rosidl_adapter: 3.1.8 (/opt/ros/humble/share/rosidl_adapter/cmake)
[0.381s] -- Found rosidl_generator_cpp: 3.1.8 (/opt/ros/humble/share/rosidl_generator_cpp/cmake)
[0.388s] -- Using all available rosidl_typesupport_c: rosidl_typesupport_fastrtps_c;rosidl_typesupport_introspection_c
[0.398s] -- Using all available rosidl_typesupport_cpp: rosidl_typesupport_fastrtps_cpp;rosidl_typesupport_introspection_cpp
[0.443s] -- Found rmw_implementation_cmake: 6.1.2 (/opt/ros/humble/share/rmw_implementation_cmake/cmake)
[0.445s] -- Found rmw_cyclonedds_cpp: 1.3.4 (/opt/ros/humble/share/rmw_cyclonedds_cpp/cmake)
[0.459s] -- Using RMW implementation 'rmw_cyclonedds_cpp' as default
[0.465s] -- Looking for pthread.h
[0.512s] -- Looking for pthread.h - found
[0.513s] -- Performing Test CMAKE_HAVE_LIBC_PTHREAD
[0.558s] -- Performing Test CMAKE_HAVE_LIBC_PTHREAD - Success
[0.558s] -- Found Threads: TRUE  
[0.593s] -- Found geometry_msgs: 4.9.0 (/opt/ros/humble/share/geometry_msgs/cmake)
[0.600s] -- Found message_filters: 4.3.11 (/opt/ros/humble/share/message_filters/cmake)
[0.612s] -- Checking for module 'eigen3'
[0.622s] --   Found eigen3, version 3.4.0
[0.647s] -- Found Eigen: /usr/include/eigen3 (Required is at least version "3.1") 
[0.647s] -- Eigen found (include: /usr/include/eigen3, version: 3.4.0)
[0.666s] -- Found Boost: /usr/lib/x86_64-linux-gnu/cmake/Boost-1.74.0/BoostConfig.cmake (found suitable version "1.74.0", minimum required is "1.65.0") found components: system filesystem date_time iostreams serialization 
[0.667s] -- looking for PCL_COMMON
[0.667s] -- Found PCL_COMMON: /usr/lib/x86_64-linux-gnu/libpcl_common.so  
[0.667s] -- Found PCL: pcl_common;Boost::system;Boost::filesystem;Boost::date_time;Boost::iostreams;Boost::serialization  
[0.669s] -- Found rclcpp_components: 16.0.17 (/opt/ros/humble/share/rclcpp_components/cmake)
[0.684s] -- Found sensor_msgs: 4.9.0 (/opt/ros/humble/share/sensor_msgs/cmake)
[0.693s] -- Found tf2: 0.25.18 (/opt/ros/humble/share/tf2/cmake)
[0.696s] -- Found tf2_ros: 0.25.18 (/opt/ros/humble/share/tf2_ros/cmake)
[0.728s] -- Found velodyne_msgs: 2.5.1 (/home/aiv/ev_ws/ros2/install/velodyne_msgs/share/velodyne_msgs/cmake)
[0.736s] -- Found yaml_cpp_vendor: 8.0.2 (/opt/ros/humble/share/yaml_cpp_vendor/cmake)
[0.741s] -- Found ament_lint_auto: 0.12.14 (/opt/ros/humble/share/ament_lint_auto/cmake)
[0.795s] -- Found gtest sources under '/opt/ros/humble/src/gtest_vendor': C++ tests using 'Google Test' will be built
[0.800s] -- Added test 'copyright' to check source files copyright and LICENSE
[0.801s] -- Added test 'cppcheck' to perform static code analysis on C / C++ code
[0.801s] -- Configured cppcheck include dirs: $<BUILD_INTERFACE:/home/aiv/ev_ws/ros2/src/velodyne/velodyne_pointcloud/include>
[0.801s] -- Configured cppcheck exclude dirs and/or files: 
[0.803s] -- Added test 'cpplint' to check C / C++ code against the Google style
[0.803s] -- Configured cpplint exclude dirs and/or files: 
[0.803s] -- Added test 'flake8' to check Python code syntax and style conventions
[0.804s] -- Added test 'lint_cmake' to check CMake code style
[0.804s] -- Added test 'pep257' to check Python code against some of the docstring style conventions in PEP 257
[0.805s] -- Added test 'uncrustify' to check C / C++ code style
[0.805s] -- Configured uncrustify additional arguments: 
[0.806s] -- Configuring done
[0.826s] -- Generating done
[0.833s] -- Build files have been written to: /home/aiv/ev_ws/ros2/build/velodyne_pointcloud
[0.840s] Invoked command in '/home/aiv/ev_ws/ros2/build/velodyne_pointcloud' returned '0': AMENT_PREFIX_PATH=/home/aiv/ev_ws/ros2/install/velodyne_msgs:${AMENT_PREFIX_PATH} CMAKE_PREFIX_PATH=/home/aiv/ev_ws/ros2/install/velodyne_msgs:/home/aiv/ros2_study/install/my_first_package_msgs:/home/aiv/workspace/ros2/velodyne/install/velodyne:/home/aiv/workspace/ros2/velodyne/install/velodyne_pointcloud:/home/aiv/workspace/ros2/velodyne/install/velodyne_driver:/home/aiv/workspace/ros2/velodyne/install/velodyne_msgs:/home/aiv/workspace/ros2/velodyne/install/velodyne_laserscan:/home/aiv/workspace/ros2/erp42_ros/install/erp42_serial:/home/aiv/workspace/ros2/erp42_ros/install/erp42_rqt_plugin:/home/aiv/workspace/ros2/erp42_ros/install/erp42_gazebo:/home/aiv/workspace/ros2/erp42_ros/install/erp42_util:/home/aiv/workspace/ros2/erp42_ros/install/erp42_msgs:/home/aiv/workspace/ros2/erp42_ros/install/erp42_description:/home/aiv/workspace/ros2/erp42_ros/install/erp42_cmake:/home/aiv/workspace/ros2/t870_ros/install/t870_serial:/home/aiv/workspace/ros2/t870_ros/install/t870_rqt_plugin:/home/aiv/workspace/ros2/t870_ros/install/t870_util:/home/aiv/workspace/ros2/t870_ros/install/t870_msgs:/home/aiv/workspace/ros2/t870_ros/install/t870_cmake:/home/aiv/workspace/ros2/erp42_racing_ros/install/erp42_racing_serial:/home/aiv/workspace/ros2/erp42_racing_ros/install/erp42_racing_rqt_plugin:/home/aiv/workspace/ros2/erp42_racing_ros/install/erp42_racing_gazebo:/home/aiv/workspace/ros2/erp42_racing_ros/install/erp42_racing_util:/home/aiv/workspace/ros2/erp42_racing_ros/install/erp42_racing_msgs:/home/aiv/workspace/ros2/erp42_racing_ros/install/erp42_racing_description:/home/aiv/workspace/ros2/erp42_racing_ros/install/erp42_racing_cmake:/home/aiv/ros2_study/install/my_second_package:/opt/ros/humble LD_LIBRARY_PATH=/home/aiv/ev_ws/ros2/install/velodyne_msgs/lib:${LD_LIBRARY_PATH} PYTHONPATH=/home/aiv/ev_ws/ros2/install/velodyne_msgs/local/lib/python3.10/dist-packages:${PYTHONPATH} /usr/bin/cmake /home/aiv/ev_ws/ros2/src/velodyne/velodyne_pointcloud -DCMAKE_INSTALL_PREFIX=/home/aiv/ev_ws/ros2/install/velodyne_pointcloud
[0.841s] Invoking command in '/home/aiv/ev_ws/ros2/build/velodyne_pointcloud': AMENT_PREFIX_PATH=/home/aiv/ev_ws/ros2/install/velodyne_msgs:${AMENT_PREFIX_PATH} CMAKE_PREFIX_PATH=/home/aiv/ev_ws/ros2/install/velodyne_msgs:/home/aiv/ros2_study/install/my_first_package_msgs:/home/aiv/workspace/ros2/velodyne/install/velodyne:/home/aiv/workspace/ros2/velodyne/install/velodyne_pointcloud:/home/aiv/workspace/ros2/velodyne/install/velodyne_driver:/home/aiv/workspace/ros2/velodyne/install/velodyne_msgs:/home/aiv/workspace/ros2/velodyne/install/velodyne_laserscan:/home/aiv/workspace/ros2/erp42_ros/install/erp42_serial:/home/aiv/workspace/ros2/erp42_ros/install/erp42_rqt_plugin:/home/aiv/workspace/ros2/erp42_ros/install/erp42_gazebo:/home/aiv/workspace/ros2/erp42_ros/install/erp42_util:/home/aiv/workspace/ros2/erp42_ros/install/erp42_msgs:/home/aiv/workspace/ros2/erp42_ros/install/erp42_description:/home/aiv/workspace/ros2/erp42_ros/install/erp42_cmake:/home/aiv/workspace/ros2/t870_ros/install/t870_serial:/home/aiv/workspace/ros2/t870_ros/install/t870_rqt_plugin:/home/aiv/workspace/ros2/t870_ros/install/t870_util:/home/aiv/workspace/ros2/t870_ros/install/t870_msgs:/home/aiv/workspace/ros2/t870_ros/install/t870_cmake:/home/aiv/workspace/ros2/erp42_racing_ros/install/erp42_racing_serial:/home/aiv/workspace/ros2/erp42_racing_ros/install/erp42_racing_rqt_plugin:/home/aiv/workspace/ros2/erp42_racing_ros/install/erp42_racing_gazebo:/home/aiv/workspace/ros2/erp42_racing_ros/install/erp42_racing_util:/home/aiv/workspace/ros2/erp42_racing_ros/install/erp42_racing_msgs:/home/aiv/workspace/ros2/erp42_racing_ros/install/erp42_racing_description:/home/aiv/workspace/ros2/erp42_racing_ros/install/erp42_racing_cmake:/home/aiv/ros2_study/install/my_second_package:/opt/ros/humble LD_LIBRARY_PATH=/home/aiv/ev_ws/ros2/install/velodyne_msgs/lib:${LD_LIBRARY_PATH} PYTHONPATH=/home/aiv/ev_ws/ros2/install/velodyne_msgs/local/lib/python3.10/dist-packages:${PYTHONPATH} /usr/bin/cmake --build /home/aiv/ev_ws/ros2/build/velodyne_pointcloud -- -j28 -l28
[0.881s] [  5%] [32mBuilding CXX object CMakeFiles/velodyne_rawdata.dir/src/lib/rawdata.cpp.o[0m
[0.882s] [ 16%] [32mBuilding CXX object CMakeFiles/velodyne_cloud_types.dir/src/lib/organized_cloudXYZIRT.cpp.o[0m
[0.882s] [ 16%] [32mBuilding CXX object CMakeFiles/velodyne_cloud_types.dir/src/lib/pointcloudXYZIRT.cpp.o[0m
[0.882s] [ 22%] [32mBuilding CXX object gtest/CMakeFiles/gtest_main.dir/src/gtest_main.cc.o[0m
[0.882s] [ 27%] [32mBuilding CXX object gtest/CMakeFiles/gtest.dir/src/gtest-all.cc.o[0m
[0.882s] [ 33%] [32mBuilding CXX object CMakeFiles/velodyne_rawdata.dir/src/lib/calibration.cpp.o[0m
[1.178s] [ 38%] [32m[1mLinking CXX static library libgtest_main.a[0m
[1.209s] [ 38%] Built target gtest_main
[2.289s] [ 44%] [32m[1mLinking CXX static library libgtest.a[0m
[2.329s] [ 44%] Built target gtest
[2.348s] [ 50%] [32mBuilding CXX object tests/CMakeFiles/test_row_step.dir/test_row_step.cpp.o[0m
[3.316s] [ 55%] [32m[1mLinking CXX shared library libvelodyne_cloud_types.so[0m
[3.368s] [ 61%] [32m[1mLinking CXX shared library libvelodyne_rawdata.so[0m
[3.397s] [ 61%] Built target velodyne_cloud_types
[3.450s] [ 61%] Built target velodyne_rawdata
[3.469s] [ 72%] [32mBuilding CXX object tests/CMakeFiles/test_calibration.dir/test_calibration.cpp.o[0m
[3.469s] [ 72%] [32mBuilding CXX object CMakeFiles/transform.dir/src/conversions/transform.cpp.o[0m
[3.990s] [ 77%] [32m[1mLinking CXX executable test_calibration[0m
[4.101s] [ 77%] Built target test_calibration
[5.002s] [ 83%] [32m[1mLinking CXX executable test_row_step[0m
[5.118s] [ 83%] Built target test_row_step
[9.494s] [ 88%] [32m[1mLinking CXX shared library libtransform.so[0m
[9.754s] [ 88%] Built target transform
[9.769s] [ 94%] [32mBuilding CXX object CMakeFiles/velodyne_transform_node.dir/src/conversions/transform_node.cpp.o[0m
[12.102s] [100%] [32m[1mLinking CXX executable velodyne_transform_node[0m
[12.248s] [100%] Built target velodyne_transform_node
[12.256s] Invoked command in '/home/aiv/ev_ws/ros2/build/velodyne_pointcloud' returned '0': AMENT_PREFIX_PATH=/home/aiv/ev_ws/ros2/install/velodyne_msgs:${AMENT_PREFIX_PATH} CMAKE_PREFIX_PATH=/home/aiv/ev_ws/ros2/install/velodyne_msgs:/home/aiv/ros2_study/install/my_first_package_msgs:/home/aiv/workspace/ros2/velodyne/install/velodyne:/home/aiv/workspace/ros2/velodyne/install/velodyne_pointcloud:/home/aiv/workspace/ros2/velodyne/install/velodyne_driver:/home/aiv/workspace/ros2/velodyne/install/velodyne_msgs:/home/aiv/workspace/ros2/velodyne/install/velodyne_laserscan:/home/aiv/workspace/ros2/erp42_ros/install/erp42_serial:/home/aiv/workspace/ros2/erp42_ros/install/erp42_rqt_plugin:/home/aiv/workspace/ros2/erp42_ros/install/erp42_gazebo:/home/aiv/workspace/ros2/erp42_ros/install/erp42_util:/home/aiv/workspace/ros2/erp42_ros/install/erp42_msgs:/home/aiv/workspace/ros2/erp42_ros/install/erp42_description:/home/aiv/workspace/ros2/erp42_ros/install/erp42_cmake:/home/aiv/workspace/ros2/t870_ros/install/t870_serial:/home/aiv/workspace/ros2/t870_ros/install/t870_rqt_plugin:/home/aiv/workspace/ros2/t870_ros/install/t870_util:/home/aiv/workspace/ros2/t870_ros/install/t870_msgs:/home/aiv/workspace/ros2/t870_ros/install/t870_cmake:/home/aiv/workspace/ros2/erp42_racing_ros/install/erp42_racing_serial:/home/aiv/workspace/ros2/erp42_racing_ros/install/erp42_racing_rqt_plugin:/home/aiv/workspace/ros2/erp42_racing_ros/install/erp42_racing_gazebo:/home/aiv/workspace/ros2/erp42_racing_ros/install/erp42_racing_util:/home/aiv/workspace/ros2/erp42_racing_ros/install/erp42_racing_msgs:/home/aiv/workspace/ros2/erp42_racing_ros/install/erp42_racing_description:/home/aiv/workspace/ros2/erp42_racing_ros/install/erp42_racing_cmake:/home/aiv/ros2_study/install/my_second_package:/opt/ros/humble LD_LIBRARY_PATH=/home/aiv/ev_ws/ros2/install/velodyne_msgs/lib:${LD_LIBRARY_PATH} PYTHONPATH=/home/aiv/ev_ws/ros2/install/velodyne_msgs/local/lib/python3.10/dist-packages:${PYTHONPATH} /usr/bin/cmake --build /home/aiv/ev_ws/ros2/build/velodyne_pointcloud -- -j28 -l28
[12.257s] Invoking command in '/home/aiv/ev_ws/ros2/build/velodyne_pointcloud': AMENT_PREFIX_PATH=/home/aiv/ev_ws/ros2/install/velodyne_msgs:${AMENT_PREFIX_PATH} CMAKE_PREFIX_PATH=/home/aiv/ev_ws/ros2/install/velodyne_msgs:/home/aiv/ros2_study/install/my_first_package_msgs:/home/aiv/workspace/ros2/velodyne/install/velodyne:/home/aiv/workspace/ros2/velodyne/install/velodyne_pointcloud:/home/aiv/workspace/ros2/velodyne/install/velodyne_driver:/home/aiv/workspace/ros2/velodyne/install/velodyne_msgs:/home/aiv/workspace/ros2/velodyne/install/velodyne_laserscan:/home/aiv/workspace/ros2/erp42_ros/install/erp42_serial:/home/aiv/workspace/ros2/erp42_ros/install/erp42_rqt_plugin:/home/aiv/workspace/ros2/erp42_ros/install/erp42_gazebo:/home/aiv/workspace/ros2/erp42_ros/install/erp42_util:/home/aiv/workspace/ros2/erp42_ros/install/erp42_msgs:/home/aiv/workspace/ros2/erp42_ros/install/erp42_description:/home/aiv/workspace/ros2/erp42_ros/install/erp42_cmake:/home/aiv/workspace/ros2/t870_ros/install/t870_serial:/home/aiv/workspace/ros2/t870_ros/install/t870_rqt_plugin:/home/aiv/workspace/ros2/t870_ros/install/t870_util:/home/aiv/workspace/ros2/t870_ros/install/t870_msgs:/home/aiv/workspace/ros2/t870_ros/install/t870_cmake:/home/aiv/workspace/ros2/erp42_racing_ros/install/erp42_racing_serial:/home/aiv/workspace/ros2/erp42_racing_ros/install/erp42_racing_rqt_plugin:/home/aiv/workspace/ros2/erp42_racing_ros/install/erp42_racing_gazebo:/home/aiv/workspace/ros2/erp42_racing_ros/install/erp42_racing_util:/home/aiv/workspace/ros2/erp42_racing_ros/install/erp42_racing_msgs:/home/aiv/workspace/ros2/erp42_racing_ros/install/erp42_racing_description:/home/aiv/workspace/ros2/erp42_racing_ros/install/erp42_racing_cmake:/home/aiv/ros2_study/install/my_second_package:/opt/ros/humble LD_LIBRARY_PATH=/home/aiv/ev_ws/ros2/install/velodyne_msgs/lib:${LD_LIBRARY_PATH} PYTHONPATH=/home/aiv/ev_ws/ros2/install/velodyne_msgs/local/lib/python3.10/dist-packages:${PYTHONPATH} /usr/bin/cmake --install /home/aiv/ev_ws/ros2/build/velodyne_pointcloud
[12.263s] -- Install configuration: ""
[12.264s] -- Installing: /home/aiv/ev_ws/ros2/install/velodyne_pointcloud/lib/libvelodyne_cloud_types.so
[12.264s] -- Set runtime path of "/home/aiv/ev_ws/ros2/install/velodyne_pointcloud/lib/libvelodyne_cloud_types.so" to ""
[12.264s] -- Installing: /home/aiv/ev_ws/ros2/install/velodyne_pointcloud/lib/libvelodyne_rawdata.so
[12.265s] -- Set runtime path of "/home/aiv/ev_ws/ros2/install/velodyne_pointcloud/lib/libvelodyne_rawdata.so" to ""
[12.265s] -- Installing: /home/aiv/ev_ws/ros2/install/velodyne_pointcloud/lib/libtransform.so
[12.269s] -- Set runtime path of "/home/aiv/ev_ws/ros2/install/velodyne_pointcloud/lib/libtransform.so" to ""
[12.269s] -- Installing: /home/aiv/ev_ws/ros2/install/velodyne_pointcloud/lib/velodyne_pointcloud/velodyne_transform_node
[12.269s] -- Set runtime path of "/home/aiv/ev_ws/ros2/install/velodyne_pointcloud/lib/velodyne_pointcloud/velodyne_transform_node" to ""
[12.269s] -- Installing: /home/aiv/ev_ws/ros2/install/velodyne_pointcloud/include/velodyne_pointcloud
[12.269s] -- Installing: /home/aiv/ev_ws/ros2/install/velodyne_pointcloud/include/velodyne_pointcloud/pointcloudXYZIRT.hpp
[12.269s] -- Installing: /home/aiv/ev_ws/ros2/install/velodyne_pointcloud/include/velodyne_pointcloud/datacontainerbase.hpp
[12.269s] -- Installing: /home/aiv/ev_ws/ros2/install/velodyne_pointcloud/include/velodyne_pointcloud/organized_cloudXYZIRT.hpp
[12.269s] -- Installing: /home/aiv/ev_ws/ros2/install/velodyne_pointcloud/include/velodyne_pointcloud/rawdata.hpp
[12.269s] -- Installing: /home/aiv/ev_ws/ros2/install/velodyne_pointcloud/include/velodyne_pointcloud/calibration.hpp
[12.269s] -- Installing: /home/aiv/ev_ws/ros2/install/velodyne_pointcloud/include/velodyne_pointcloud/transform.hpp
[12.269s] -- Installing: /home/aiv/ev_ws/ros2/install/velodyne_pointcloud/share/velodyne_pointcloud/config
[12.269s] -- Installing: /home/aiv/ev_ws/ros2/install/velodyne_pointcloud/share/velodyne_pointcloud/config/VLP32C-velodyne_transform_node-params.yaml
[12.269s] -- Installing: /home/aiv/ev_ws/ros2/install/velodyne_pointcloud/share/velodyne_pointcloud/config/VLS128-velodyne_transform_node-params.yaml
[12.270s] -- Installing: /home/aiv/ev_ws/ros2/install/velodyne_pointcloud/share/velodyne_pointcloud/config/VLP16-velodyne_transform_node-params.yaml
[12.270s] -- Installing: /home/aiv/ev_ws/ros2/install/velodyne_pointcloud/share/velodyne_pointcloud/launch
[12.270s] -- Installing: /home/aiv/ev_ws/ros2/install/velodyne_pointcloud/share/velodyne_pointcloud/launch/velodyne_transform_node-VLS128-launch.py
[12.270s] -- Installing: /home/aiv/ev_ws/ros2/install/velodyne_pointcloud/share/velodyne_pointcloud/launch/velodyne_transform_node-VLP32C-launch.py
[12.270s] -- Installing: /home/aiv/ev_ws/ros2/install/velodyne_pointcloud/share/velodyne_pointcloud/launch/velodyne_transform_node-VLP16-launch.py
[12.270s] -- Installing: /home/aiv/ev_ws/ros2/install/velodyne_pointcloud/share/velodyne_pointcloud/launch/velodyne_transform_node-VLP16-composed-launch.py
[12.270s] -- Installing: /home/aiv/ev_ws/ros2/install/velodyne_pointcloud/share/velodyne_pointcloud/launch/velodyne_transform_node-VLS128-composed-launch.py
[12.270s] -- Installing: /home/aiv/ev_ws/ros2/install/velodyne_pointcloud/share/velodyne_pointcloud/launch/velodyne_transform_node-VLP32C-composed-launch.py
[12.270s] -- Installing: /home/aiv/ev_ws/ros2/install/velodyne_pointcloud/share/velodyne_pointcloud/params
[12.270s] -- Installing: /home/aiv/ev_ws/ros2/install/velodyne_pointcloud/share/velodyne_pointcloud/params/VLP16_hires_db.yaml
[12.271s] -- Installing: /home/aiv/ev_ws/ros2/install/velodyne_pointcloud/share/velodyne_pointcloud/params/VLP16db.yaml
[12.271s] -- Installing: /home/aiv/ev_ws/ros2/install/velodyne_pointcloud/share/velodyne_pointcloud/params/32db.yaml
[12.271s] -- Installing: /home/aiv/ev_ws/ros2/install/velodyne_pointcloud/share/velodyne_pointcloud/params/issue_84_float_intensities.yaml
[12.271s] -- Installing: /home/aiv/ev_ws/ros2/install/velodyne_pointcloud/share/velodyne_pointcloud/params/VLS128.yaml
[12.271s] -- Installing: /home/aiv/ev_ws/ros2/install/velodyne_pointcloud/share/velodyne_pointcloud/params/VeloView-VLP-32C.yaml
[12.271s] -- Installing: /home/aiv/ev_ws/ros2/install/velodyne_pointcloud/share/velodyne_pointcloud/params/64e_s2.1-sztaki.yaml
[12.272s] -- Installing: /home/aiv/ev_ws/ros2/install/velodyne_pointcloud/share/velodyne_pointcloud/params/64e_utexas.yaml
[12.272s] -- Installing: /home/aiv/ev_ws/ros2/install/velodyne_pointcloud/share/velodyne_pointcloud/params/rviz_points.vcg
[12.272s] -- Installing: /home/aiv/ev_ws/ros2/install/velodyne_pointcloud/share/velodyne_pointcloud/params/64e_s3-xiesc.yaml
[12.272s] -- Installing: /home/aiv/ev_ws/ros2/install/velodyne_pointcloud/share/velodyne_pointcloud/environment/library_path.sh
[12.272s] -- Installing: /home/aiv/ev_ws/ros2/install/velodyne_pointcloud/share/velodyne_pointcloud/environment/library_path.dsv
[12.272s] -- Installing: /home/aiv/ev_ws/ros2/install/velodyne_pointcloud/share/ament_index/resource_index/package_run_dependencies/velodyne_pointcloud
[12.272s] -- Installing: /home/aiv/ev_ws/ros2/install/velodyne_pointcloud/share/ament_index/resource_index/parent_prefix_path/velodyne_pointcloud
[12.272s] -- Installing: /home/aiv/ev_ws/ros2/install/velodyne_pointcloud/share/velodyne_pointcloud/environment/ament_prefix_path.sh
[12.272s] -- Installing: /home/aiv/ev_ws/ros2/install/velodyne_pointcloud/share/velodyne_pointcloud/environment/ament_prefix_path.dsv
[12.272s] -- Installing: /home/aiv/ev_ws/ros2/install/velodyne_pointcloud/share/velodyne_pointcloud/environment/path.sh
[12.272s] -- Installing: /home/aiv/ev_ws/ros2/install/velodyne_pointcloud/share/velodyne_pointcloud/environment/path.dsv
[12.272s] -- Installing: /home/aiv/ev_ws/ros2/install/velodyne_pointcloud/share/velodyne_pointcloud/local_setup.bash
[12.272s] -- Installing: /home/aiv/ev_ws/ros2/install/velodyne_pointcloud/share/velodyne_pointcloud/local_setup.sh
[12.272s] -- Installing: /home/aiv/ev_ws/ros2/install/velodyne_pointcloud/share/velodyne_pointcloud/local_setup.zsh
[12.272s] -- Installing: /home/aiv/ev_ws/ros2/install/velodyne_pointcloud/share/velodyne_pointcloud/local_setup.dsv
[12.273s] -- Installing: /home/aiv/ev_ws/ros2/install/velodyne_pointcloud/share/velodyne_pointcloud/package.dsv
[12.273s] -- Installing: /home/aiv/ev_ws/ros2/install/velodyne_pointcloud/share/ament_index/resource_index/packages/velodyne_pointcloud
[12.273s] -- Installing: /home/aiv/ev_ws/ros2/install/velodyne_pointcloud/share/ament_index/resource_index/rclcpp_components/velodyne_pointcloud
[12.273s] -- Installing: /home/aiv/ev_ws/ros2/install/velodyne_pointcloud/share/velodyne_pointcloud/cmake/velodyne_pointcloudExport.cmake
[12.273s] -- Installing: /home/aiv/ev_ws/ros2/install/velodyne_pointcloud/share/velodyne_pointcloud/cmake/velodyne_pointcloudExport-noconfig.cmake
[12.273s] -- Installing: /home/aiv/ev_ws/ros2/install/velodyne_pointcloud/share/velodyne_pointcloud/cmake/ament_cmake_export_include_directories-extras.cmake
[12.273s] -- Installing: /home/aiv/ev_ws/ros2/install/velodyne_pointcloud/share/velodyne_pointcloud/cmake/ament_cmake_export_dependencies-extras.cmake
[12.273s] -- Installing: /home/aiv/ev_ws/ros2/install/velodyne_pointcloud/share/velodyne_pointcloud/cmake/ament_cmake_export_libraries-extras.cmake
[12.273s] -- Installing: /home/aiv/ev_ws/ros2/install/velodyne_pointcloud/share/velodyne_pointcloud/cmake/ament_cmake_export_targets-extras.cmake
[12.273s] -- Installing: /home/aiv/ev_ws/ros2/install/velodyne_pointcloud/share/velodyne_pointcloud/cmake/velodyne_pointcloudConfig.cmake
[12.273s] -- Installing: /home/aiv/ev_ws/ros2/install/velodyne_pointcloud/share/velodyne_pointcloud/cmake/velodyne_pointcloudConfig-version.cmake
[12.273s] -- Installing: /home/aiv/ev_ws/ros2/install/velodyne_pointcloud/share/velodyne_pointcloud/package.xml
[12.274s] Invoked command in '/home/aiv/ev_ws/ros2/build/velodyne_pointcloud' returned '0': AMENT_PREFIX_PATH=/home/aiv/ev_ws/ros2/install/velodyne_msgs:${AMENT_PREFIX_PATH} CMAKE_PREFIX_PATH=/home/aiv/ev_ws/ros2/install/velodyne_msgs:/home/aiv/ros2_study/install/my_first_package_msgs:/home/aiv/workspace/ros2/velodyne/install/velodyne:/home/aiv/workspace/ros2/velodyne/install/velodyne_pointcloud:/home/aiv/workspace/ros2/velodyne/install/velodyne_driver:/home/aiv/workspace/ros2/velodyne/install/velodyne_msgs:/home/aiv/workspace/ros2/velodyne/install/velodyne_laserscan:/home/aiv/workspace/ros2/erp42_ros/install/erp42_serial:/home/aiv/workspace/ros2/erp42_ros/install/erp42_rqt_plugin:/home/aiv/workspace/ros2/erp42_ros/install/erp42_gazebo:/home/aiv/workspace/ros2/erp42_ros/install/erp42_util:/home/aiv/workspace/ros2/erp42_ros/install/erp42_msgs:/home/aiv/workspace/ros2/erp42_ros/install/erp42_description:/home/aiv/workspace/ros2/erp42_ros/install/erp42_cmake:/home/aiv/workspace/ros2/t870_ros/install/t870_serial:/home/aiv/workspace/ros2/t870_ros/install/t870_rqt_plugin:/home/aiv/workspace/ros2/t870_ros/install/t870_util:/home/aiv/workspace/ros2/t870_ros/install/t870_msgs:/home/aiv/workspace/ros2/t870_ros/install/t870_cmake:/home/aiv/workspace/ros2/erp42_racing_ros/install/erp42_racing_serial:/home/aiv/workspace/ros2/erp42_racing_ros/install/erp42_racing_rqt_plugin:/home/aiv/workspace/ros2/erp42_racing_ros/install/erp42_racing_gazebo:/home/aiv/workspace/ros2/erp42_racing_ros/install/erp42_racing_util:/home/aiv/workspace/ros2/erp42_racing_ros/install/erp42_racing_msgs:/home/aiv/workspace/ros2/erp42_racing_ros/install/erp42_racing_description:/home/aiv/workspace/ros2/erp42_racing_ros/install/erp42_racing_cmake:/home/aiv/ros2_study/install/my_second_package:/opt/ros/humble LD_LIBRARY_PATH=/home/aiv/ev_ws/ros2/install/velodyne_msgs/lib:${LD_LIBRARY_PATH} PYTHONPATH=/home/aiv/ev_ws/ros2/install/velodyne_msgs/local/lib/python3.10/dist-packages:${PYTHONPATH} /usr/bin/cmake --install /home/aiv/ev_ws/ros2/build/velodyne_pointcloud
