[0.008s] Invoking command in '/home/aiv/workspace/ros2/velodyne/build/velodyne_driver': AMENT_PREFIX_PATH=/home/aiv/workspace/ros2/velodyne/install/velodyne_msgs:${AMENT_PREFIX_PATH} CMAKE_PREFIX_PATH=/home/aiv/workspace/ros2/velodyne/install/velodyne_msgs:/home/aiv/workspace/ros2/t870_ros/install/t870_serial:/home/aiv/workspace/ros2/t870_ros/install/t870_rqt_plugin:/home/aiv/workspace/ros2/t870_ros/install/t870_util:/home/aiv/workspace/ros2/t870_ros/install/t870_msgs:/home/aiv/workspace/ros2/t870_ros/install/t870_cmake:/home/aiv/workspace/ros2/erp42_racing_ros/install/erp42_racing_serial:/home/aiv/workspace/ros2/erp42_racing_ros/install/erp42_racing_rqt_plugin:/home/aiv/workspace/ros2/erp42_racing_ros/install/erp42_racing_gazebo:/home/aiv/workspace/ros2/erp42_racing_ros/install/erp42_racing_util:/home/aiv/workspace/ros2/erp42_racing_ros/install/erp42_racing_msgs:/home/aiv/workspace/ros2/erp42_racing_ros/install/erp42_racing_description:/home/aiv/workspace/ros2/erp42_racing_ros/install/erp42_racing_cmake:/home/aiv/workspace/ros2/erp42_ros/install/erp42_serial:/home/aiv/workspace/ros2/erp42_ros/install/erp42_rqt_plugin:/home/aiv/workspace/ros2/erp42_ros/install/erp42_gazebo:/home/aiv/workspace/ros2/erp42_ros/install/erp42_util:/home/aiv/workspace/ros2/erp42_ros/install/erp42_msgs:/home/aiv/workspace/ros2/erp42_ros/install/erp42_description:/home/aiv/workspace/ros2/erp42_ros/install/erp42_cmake:/opt/ros/humble LD_LIBRARY_PATH=/home/aiv/workspace/ros2/velodyne/install/velodyne_msgs/lib:${LD_LIBRARY_PATH} PYTHONPATH=/home/aiv/workspace/ros2/velodyne/install/velodyne_msgs/local/lib/python3.10/dist-packages:${PYTHONPATH} /usr/bin/cmake /home/aiv/workspace/ros2/velodyne/velodyne_driver -DAMENT_CMAKE_SYMLINK_INSTALL=1 -DCMAKE_INSTALL_PREFIX=/home/aiv/workspace/ros2/velodyne/install/velodyne_driver
[0.046s] -- The C compiler identification is GNU 11.4.0
[0.083s] -- The CXX compiler identification is GNU 11.4.0
[0.088s] -- Detecting C compiler ABI info
[0.131s] -- Detecting C compiler ABI info - done
[0.136s] -- Check for working C compiler: /usr/bin/cc - skipped
[0.136s] -- Detecting C compile features
[0.136s] -- Detecting C compile features - done
[0.137s] -- Detecting CXX compiler ABI info
[0.184s] -- Detecting CXX compiler ABI info - done
[0.188s] -- Check for working CXX compiler: /usr/bin/c++ - skipped
[0.188s] -- Detecting CXX compile features
[0.188s] -- Detecting CXX compile features - done
[0.189s] -- Found ament_cmake_ros: 0.10.0 (/opt/ros/humble/share/ament_cmake_ros/cmake)
[0.275s] -- Found Python3: /usr/bin/python3 (found version "3.10.12") found components: Interpreter 
[0.308s] -- Override CMake install command with custom implementation using symlinks instead of copying resources
[0.327s] -- Found diagnostic_updater: 4.0.6 (/opt/ros/humble/share/diagnostic_updater/cmake)
[0.350s] -- Found rosidl_generator_c: 3.1.7 (/opt/ros/humble/share/rosidl_generator_c/cmake)
[0.353s] -- Found rosidl_adapter: 3.1.7 (/opt/ros/humble/share/rosidl_adapter/cmake)
[0.358s] -- Found rosidl_generator_cpp: 3.1.7 (/opt/ros/humble/share/rosidl_generator_cpp/cmake)
[0.364s] -- Using all available rosidl_typesupport_c: rosidl_typesupport_fastrtps_c;rosidl_typesupport_introspection_c
[0.373s] -- Using all available rosidl_typesupport_cpp: rosidl_typesupport_fastrtps_cpp;rosidl_typesupport_introspection_cpp
[0.415s] -- Found rmw_implementation_cmake: 6.1.2 (/opt/ros/humble/share/rmw_implementation_cmake/cmake)
[0.417s] -- Found rmw_cyclonedds_cpp: 1.3.4 (/opt/ros/humble/share/rmw_cyclonedds_cpp/cmake)
[0.431s] -- Using RMW implementation 'rmw_cyclonedds_cpp' as default
[0.436s] -- Looking for pthread.h
[0.482s] -- Looking for pthread.h - found
[0.482s] -- Performing Test CMAKE_HAVE_LIBC_PTHREAD
[0.526s] -- Performing Test CMAKE_HAVE_LIBC_PTHREAD - Success
[0.526s] -- Found Threads: TRUE  
[0.553s] -- Found rclcpp_components: 16.0.16 (/opt/ros/humble/share/rclcpp_components/cmake)
[0.567s] -- Found tf2_ros: 0.25.17 (/opt/ros/humble/share/tf2_ros/cmake)
[0.610s] -- Found velodyne_msgs: 2.5.1 (/home/aiv/workspace/ros2/velodyne/install/velodyne_msgs/share/velodyne_msgs/cmake)
[0.618s] -- Found ament_lint_auto: 0.12.14 (/opt/ros/humble/share/ament_lint_auto/cmake)
[0.661s] -- Found gtest sources under '/opt/ros/humble/src/gtest_vendor': C++ tests using 'Google Test' will be built
[0.665s] -- Added test 'copyright' to check source files copyright and LICENSE
[0.666s] -- Added test 'cppcheck' to perform static code analysis on C / C++ code
[0.666s] -- Configured cppcheck include dirs: $<BUILD_INTERFACE:/home/aiv/workspace/ros2/velodyne/velodyne_driver/include>
[0.666s] -- Configured cppcheck exclude dirs and/or files: 
[0.667s] -- Added test 'cpplint' to check C / C++ code against the Google style
[0.667s] -- Configured cpplint exclude dirs and/or files: 
[0.667s] -- Added test 'flake8' to check Python code syntax and style conventions
[0.667s] -- Added test 'lint_cmake' to check CMake code style
[0.668s] -- Added test 'pep257' to check Python code against some of the docstring style conventions in PEP 257
[0.669s] -- Added test 'uncrustify' to check C / C++ code style
[0.669s] -- Configured uncrustify additional arguments: 
[0.669s] -- Added test 'xmllint' to check XML markup files
[0.670s] -- Configuring done
[0.681s] -- Generating done
[0.685s] -- Build files have been written to: /home/aiv/workspace/ros2/velodyne/build/velodyne_driver
[0.691s] Invoked command in '/home/aiv/workspace/ros2/velodyne/build/velodyne_driver' returned '0': AMENT_PREFIX_PATH=/home/aiv/workspace/ros2/velodyne/install/velodyne_msgs:${AMENT_PREFIX_PATH} CMAKE_PREFIX_PATH=/home/aiv/workspace/ros2/velodyne/install/velodyne_msgs:/home/aiv/workspace/ros2/t870_ros/install/t870_serial:/home/aiv/workspace/ros2/t870_ros/install/t870_rqt_plugin:/home/aiv/workspace/ros2/t870_ros/install/t870_util:/home/aiv/workspace/ros2/t870_ros/install/t870_msgs:/home/aiv/workspace/ros2/t870_ros/install/t870_cmake:/home/aiv/workspace/ros2/erp42_racing_ros/install/erp42_racing_serial:/home/aiv/workspace/ros2/erp42_racing_ros/install/erp42_racing_rqt_plugin:/home/aiv/workspace/ros2/erp42_racing_ros/install/erp42_racing_gazebo:/home/aiv/workspace/ros2/erp42_racing_ros/install/erp42_racing_util:/home/aiv/workspace/ros2/erp42_racing_ros/install/erp42_racing_msgs:/home/aiv/workspace/ros2/erp42_racing_ros/install/erp42_racing_description:/home/aiv/workspace/ros2/erp42_racing_ros/install/erp42_racing_cmake:/home/aiv/workspace/ros2/erp42_ros/install/erp42_serial:/home/aiv/workspace/ros2/erp42_ros/install/erp42_rqt_plugin:/home/aiv/workspace/ros2/erp42_ros/install/erp42_gazebo:/home/aiv/workspace/ros2/erp42_ros/install/erp42_util:/home/aiv/workspace/ros2/erp42_ros/install/erp42_msgs:/home/aiv/workspace/ros2/erp42_ros/install/erp42_description:/home/aiv/workspace/ros2/erp42_ros/install/erp42_cmake:/opt/ros/humble LD_LIBRARY_PATH=/home/aiv/workspace/ros2/velodyne/install/velodyne_msgs/lib:${LD_LIBRARY_PATH} PYTHONPATH=/home/aiv/workspace/ros2/velodyne/install/velodyne_msgs/local/lib/python3.10/dist-packages:${PYTHONPATH} /usr/bin/cmake /home/aiv/workspace/ros2/velodyne/velodyne_driver -DAMENT_CMAKE_SYMLINK_INSTALL=1 -DCMAKE_INSTALL_PREFIX=/home/aiv/workspace/ros2/velodyne/install/velodyne_driver
[0.691s] Invoking command in '/home/aiv/workspace/ros2/velodyne/build/velodyne_driver': AMENT_PREFIX_PATH=/home/aiv/workspace/ros2/velodyne/install/velodyne_msgs:${AMENT_PREFIX_PATH} CMAKE_PREFIX_PATH=/home/aiv/workspace/ros2/velodyne/install/velodyne_msgs:/home/aiv/workspace/ros2/t870_ros/install/t870_serial:/home/aiv/workspace/ros2/t870_ros/install/t870_rqt_plugin:/home/aiv/workspace/ros2/t870_ros/install/t870_util:/home/aiv/workspace/ros2/t870_ros/install/t870_msgs:/home/aiv/workspace/ros2/t870_ros/install/t870_cmake:/home/aiv/workspace/ros2/erp42_racing_ros/install/erp42_racing_serial:/home/aiv/workspace/ros2/erp42_racing_ros/install/erp42_racing_rqt_plugin:/home/aiv/workspace/ros2/erp42_racing_ros/install/erp42_racing_gazebo:/home/aiv/workspace/ros2/erp42_racing_ros/install/erp42_racing_util:/home/aiv/workspace/ros2/erp42_racing_ros/install/erp42_racing_msgs:/home/aiv/workspace/ros2/erp42_racing_ros/install/erp42_racing_description:/home/aiv/workspace/ros2/erp42_racing_ros/install/erp42_racing_cmake:/home/aiv/workspace/ros2/erp42_ros/install/erp42_serial:/home/aiv/workspace/ros2/erp42_ros/install/erp42_rqt_plugin:/home/aiv/workspace/ros2/erp42_ros/install/erp42_gazebo:/home/aiv/workspace/ros2/erp42_ros/install/erp42_util:/home/aiv/workspace/ros2/erp42_ros/install/erp42_msgs:/home/aiv/workspace/ros2/erp42_ros/install/erp42_description:/home/aiv/workspace/ros2/erp42_ros/install/erp42_cmake:/opt/ros/humble LD_LIBRARY_PATH=/home/aiv/workspace/ros2/velodyne/install/velodyne_msgs/lib:${LD_LIBRARY_PATH} PYTHONPATH=/home/aiv/workspace/ros2/velodyne/install/velodyne_msgs/local/lib/python3.10/dist-packages:${PYTHONPATH} /usr/bin/cmake --build /home/aiv/workspace/ros2/velodyne/build/velodyne_driver -- -j28 -l28
[0.727s] [  8%] [32mBuilding CXX object gtest/CMakeFiles/gtest.dir/src/gtest-all.cc.o[0m
[0.727s] [ 16%] [32mBuilding CXX object gtest/CMakeFiles/gtest_main.dir/src/gtest_main.cc.o[0m
[0.727s] [ 25%] [32mBuilding CXX object CMakeFiles/velodyne_input.dir/src/lib/input.cpp.o[0m
[1.006s] [ 33%] [32m[1mLinking CXX static library libgtest_main.a[0m
[1.036s] [ 33%] Built target gtest_main
[2.093s] [ 41%] [32m[1mLinking CXX shared library libvelodyne_input.so[0m
[2.107s] [ 50%] [32m[1mLinking CXX static library libgtest.a[0m
[2.153s] [ 50%] Built target gtest
[2.160s] [ 50%] Built target velodyne_input
[2.179s] [ 66%] [32mBuilding CXX object CMakeFiles/velodyne_driver.dir/src/driver/driver.cpp.o[0m
[2.179s] [ 66%] [32mBuilding CXX object CMakeFiles/time_test.dir/tests/timeconversiontest.cpp.o[0m
[3.789s] [ 75%] [32m[1mLinking CXX executable time_test[0m
[3.889s] [ 75%] Built target time_test
[6.872s] [ 83%] [32m[1mLinking CXX shared library libvelodyne_driver.so[0m
[7.122s] [ 83%] Built target velodyne_driver
[7.137s] [ 91%] [32mBuilding CXX object CMakeFiles/velodyne_driver_node.dir/src/driver/velodyne_node.cpp.o[0m
[8.522s] [100%] [32m[1mLinking CXX executable velodyne_driver_node[0m
[8.640s] [100%] Built target velodyne_driver_node
[8.649s] Invoked command in '/home/aiv/workspace/ros2/velodyne/build/velodyne_driver' returned '0': AMENT_PREFIX_PATH=/home/aiv/workspace/ros2/velodyne/install/velodyne_msgs:${AMENT_PREFIX_PATH} CMAKE_PREFIX_PATH=/home/aiv/workspace/ros2/velodyne/install/velodyne_msgs:/home/aiv/workspace/ros2/t870_ros/install/t870_serial:/home/aiv/workspace/ros2/t870_ros/install/t870_rqt_plugin:/home/aiv/workspace/ros2/t870_ros/install/t870_util:/home/aiv/workspace/ros2/t870_ros/install/t870_msgs:/home/aiv/workspace/ros2/t870_ros/install/t870_cmake:/home/aiv/workspace/ros2/erp42_racing_ros/install/erp42_racing_serial:/home/aiv/workspace/ros2/erp42_racing_ros/install/erp42_racing_rqt_plugin:/home/aiv/workspace/ros2/erp42_racing_ros/install/erp42_racing_gazebo:/home/aiv/workspace/ros2/erp42_racing_ros/install/erp42_racing_util:/home/aiv/workspace/ros2/erp42_racing_ros/install/erp42_racing_msgs:/home/aiv/workspace/ros2/erp42_racing_ros/install/erp42_racing_description:/home/aiv/workspace/ros2/erp42_racing_ros/install/erp42_racing_cmake:/home/aiv/workspace/ros2/erp42_ros/install/erp42_serial:/home/aiv/workspace/ros2/erp42_ros/install/erp42_rqt_plugin:/home/aiv/workspace/ros2/erp42_ros/install/erp42_gazebo:/home/aiv/workspace/ros2/erp42_ros/install/erp42_util:/home/aiv/workspace/ros2/erp42_ros/install/erp42_msgs:/home/aiv/workspace/ros2/erp42_ros/install/erp42_description:/home/aiv/workspace/ros2/erp42_ros/install/erp42_cmake:/opt/ros/humble LD_LIBRARY_PATH=/home/aiv/workspace/ros2/velodyne/install/velodyne_msgs/lib:${LD_LIBRARY_PATH} PYTHONPATH=/home/aiv/workspace/ros2/velodyne/install/velodyne_msgs/local/lib/python3.10/dist-packages:${PYTHONPATH} /usr/bin/cmake --build /home/aiv/workspace/ros2/velodyne/build/velodyne_driver -- -j28 -l28
[8.650s] Invoking command in '/home/aiv/workspace/ros2/velodyne/build/velodyne_driver': AMENT_PREFIX_PATH=/home/aiv/workspace/ros2/velodyne/install/velodyne_msgs:${AMENT_PREFIX_PATH} CMAKE_PREFIX_PATH=/home/aiv/workspace/ros2/velodyne/install/velodyne_msgs:/home/aiv/workspace/ros2/t870_ros/install/t870_serial:/home/aiv/workspace/ros2/t870_ros/install/t870_rqt_plugin:/home/aiv/workspace/ros2/t870_ros/install/t870_util:/home/aiv/workspace/ros2/t870_ros/install/t870_msgs:/home/aiv/workspace/ros2/t870_ros/install/t870_cmake:/home/aiv/workspace/ros2/erp42_racing_ros/install/erp42_racing_serial:/home/aiv/workspace/ros2/erp42_racing_ros/install/erp42_racing_rqt_plugin:/home/aiv/workspace/ros2/erp42_racing_ros/install/erp42_racing_gazebo:/home/aiv/workspace/ros2/erp42_racing_ros/install/erp42_racing_util:/home/aiv/workspace/ros2/erp42_racing_ros/install/erp42_racing_msgs:/home/aiv/workspace/ros2/erp42_racing_ros/install/erp42_racing_description:/home/aiv/workspace/ros2/erp42_racing_ros/install/erp42_racing_cmake:/home/aiv/workspace/ros2/erp42_ros/install/erp42_serial:/home/aiv/workspace/ros2/erp42_ros/install/erp42_rqt_plugin:/home/aiv/workspace/ros2/erp42_ros/install/erp42_gazebo:/home/aiv/workspace/ros2/erp42_ros/install/erp42_util:/home/aiv/workspace/ros2/erp42_ros/install/erp42_msgs:/home/aiv/workspace/ros2/erp42_ros/install/erp42_description:/home/aiv/workspace/ros2/erp42_ros/install/erp42_cmake:/opt/ros/humble LD_LIBRARY_PATH=/home/aiv/workspace/ros2/velodyne/install/velodyne_msgs/lib:${LD_LIBRARY_PATH} PYTHONPATH=/home/aiv/workspace/ros2/velodyne/install/velodyne_msgs/local/lib/python3.10/dist-packages:${PYTHONPATH} /usr/bin/cmake --install /home/aiv/workspace/ros2/velodyne/build/velodyne_driver
[8.654s] -- Install configuration: ""
[8.654s] -- Execute custom install script
[8.654s] -- Symlinking: /home/aiv/workspace/ros2/velodyne/install/velodyne_driver/lib/velodyne_driver/velodyne_driver_node
[8.660s] -- Symlinking: /home/aiv/workspace/ros2/velodyne/install/velodyne_driver/include/velodyne_driver/driver.hpp
[8.664s] -- Symlinking: /home/aiv/workspace/ros2/velodyne/install/velodyne_driver/include/velodyne_driver/input.hpp
[8.668s] -- Symlinking: /home/aiv/workspace/ros2/velodyne/install/velodyne_driver/include/velodyne_driver/time_conversion.hpp
[8.675s] -- Symlinking: /home/aiv/workspace/ros2/velodyne/install/velodyne_driver/share/velodyne_driver/config/VLP16-velodyne_driver_node-params.yaml
[8.681s] -- Symlinking: /home/aiv/workspace/ros2/velodyne/install/velodyne_driver/share/velodyne_driver/config/VLP32C-velodyne_driver_node-params.yaml
[8.686s] -- Symlinking: /home/aiv/workspace/ros2/velodyne/install/velodyne_driver/share/velodyne_driver/config/VLS128-velodyne_driver_node-params.yaml
[8.692s] -- Symlinking: /home/aiv/workspace/ros2/velodyne/install/velodyne_driver/share/velodyne_driver/launch/velodyne_driver_node-VLP16-composed-launch.py
[8.697s] -- Symlinking: /home/aiv/workspace/ros2/velodyne/install/velodyne_driver/share/velodyne_driver/launch/velodyne_driver_node-VLP16-launch.py
[8.704s] -- Symlinking: /home/aiv/workspace/ros2/velodyne/install/velodyne_driver/share/velodyne_driver/launch/velodyne_driver_node-VLP32C-composed-launch.py
[8.708s] -- Symlinking: /home/aiv/workspace/ros2/velodyne/install/velodyne_driver/share/velodyne_driver/launch/velodyne_driver_node-VLP32C-launch.py
[8.713s] -- Symlinking: /home/aiv/workspace/ros2/velodyne/install/velodyne_driver/share/velodyne_driver/launch/velodyne_driver_node-VLS128-composed-launch.py
[8.718s] -- Symlinking: /home/aiv/workspace/ros2/velodyne/install/velodyne_driver/share/velodyne_driver/launch/velodyne_driver_node-VLS128-launch.py
[8.724s] -- Symlinking: /home/aiv/workspace/ros2/velodyne/install/velodyne_driver/lib/velodyne_driver/vdump
[8.731s] -- Symlinking: /home/aiv/workspace/ros2/velodyne/install/velodyne_driver/share/ament_index/resource_index/package_run_dependencies/velodyne_driver
[8.737s] -- Symlinking: /home/aiv/workspace/ros2/velodyne/install/velodyne_driver/share/ament_index/resource_index/parent_prefix_path/velodyne_driver
[8.743s] -- Symlinking: /home/aiv/workspace/ros2/velodyne/install/velodyne_driver/share/velodyne_driver/environment/ament_prefix_path.sh
[8.747s] -- Symlinking: /home/aiv/workspace/ros2/velodyne/install/velodyne_driver/share/velodyne_driver/environment/ament_prefix_path.dsv
[8.751s] -- Symlinking: /home/aiv/workspace/ros2/velodyne/install/velodyne_driver/share/velodyne_driver/environment/path.sh
[8.755s] -- Symlinking: /home/aiv/workspace/ros2/velodyne/install/velodyne_driver/share/velodyne_driver/environment/path.dsv
[8.762s] -- Symlinking: /home/aiv/workspace/ros2/velodyne/install/velodyne_driver/share/velodyne_driver/local_setup.bash
[8.766s] -- Symlinking: /home/aiv/workspace/ros2/velodyne/install/velodyne_driver/share/velodyne_driver/local_setup.sh
[8.771s] -- Symlinking: /home/aiv/workspace/ros2/velodyne/install/velodyne_driver/share/velodyne_driver/local_setup.zsh
[8.775s] -- Symlinking: /home/aiv/workspace/ros2/velodyne/install/velodyne_driver/share/velodyne_driver/local_setup.dsv
[8.779s] -- Symlinking: /home/aiv/workspace/ros2/velodyne/install/velodyne_driver/share/velodyne_driver/package.dsv
[8.783s] -- Symlinking: /home/aiv/workspace/ros2/velodyne/install/velodyne_driver/share/ament_index/resource_index/packages/velodyne_driver
[8.789s] -- Symlinking: /home/aiv/workspace/ros2/velodyne/install/velodyne_driver/share/ament_index/resource_index/rclcpp_components/velodyne_driver
[8.794s] -- Symlinking: /home/aiv/workspace/ros2/velodyne/install/velodyne_driver/share/velodyne_driver/cmake/ament_cmake_export_include_directories-extras.cmake
[8.798s] -- Symlinking: /home/aiv/workspace/ros2/velodyne/install/velodyne_driver/share/velodyne_driver/cmake/ament_cmake_export_targets-extras.cmake
[8.803s] -- Symlinking: /home/aiv/workspace/ros2/velodyne/install/velodyne_driver/share/velodyne_driver/cmake/ament_cmake_export_dependencies-extras.cmake
[8.807s] -- Symlinking: /home/aiv/workspace/ros2/velodyne/install/velodyne_driver/share/velodyne_driver/cmake/velodyne_driverConfig.cmake
[8.811s] -- Symlinking: /home/aiv/workspace/ros2/velodyne/install/velodyne_driver/share/velodyne_driver/cmake/velodyne_driverConfig-version.cmake
[8.816s] -- Symlinking: /home/aiv/workspace/ros2/velodyne/install/velodyne_driver/share/velodyne_driver/package.xml
[8.822s] -- Installing: /home/aiv/workspace/ros2/velodyne/install/velodyne_driver/lib/libvelodyne_input.so
[8.822s] -- Set runtime path of "/home/aiv/workspace/ros2/velodyne/install/velodyne_driver/lib/libvelodyne_input.so" to ""
[8.822s] -- Installing: /home/aiv/workspace/ros2/velodyne/install/velodyne_driver/lib/libvelodyne_driver.so
[8.824s] -- Set runtime path of "/home/aiv/workspace/ros2/velodyne/install/velodyne_driver/lib/libvelodyne_driver.so" to ""
[8.824s] -- Installing: /home/aiv/workspace/ros2/velodyne/install/velodyne_driver/share/velodyne_driver/cmake/velodyne_driverExport.cmake
[8.825s] -- Installing: /home/aiv/workspace/ros2/velodyne/install/velodyne_driver/share/velodyne_driver/cmake/velodyne_driverExport-noconfig.cmake
[8.826s] Invoked command in '/home/aiv/workspace/ros2/velodyne/build/velodyne_driver' returned '0': AMENT_PREFIX_PATH=/home/aiv/workspace/ros2/velodyne/install/velodyne_msgs:${AMENT_PREFIX_PATH} CMAKE_PREFIX_PATH=/home/aiv/workspace/ros2/velodyne/install/velodyne_msgs:/home/aiv/workspace/ros2/t870_ros/install/t870_serial:/home/aiv/workspace/ros2/t870_ros/install/t870_rqt_plugin:/home/aiv/workspace/ros2/t870_ros/install/t870_util:/home/aiv/workspace/ros2/t870_ros/install/t870_msgs:/home/aiv/workspace/ros2/t870_ros/install/t870_cmake:/home/aiv/workspace/ros2/erp42_racing_ros/install/erp42_racing_serial:/home/aiv/workspace/ros2/erp42_racing_ros/install/erp42_racing_rqt_plugin:/home/aiv/workspace/ros2/erp42_racing_ros/install/erp42_racing_gazebo:/home/aiv/workspace/ros2/erp42_racing_ros/install/erp42_racing_util:/home/aiv/workspace/ros2/erp42_racing_ros/install/erp42_racing_msgs:/home/aiv/workspace/ros2/erp42_racing_ros/install/erp42_racing_description:/home/aiv/workspace/ros2/erp42_racing_ros/install/erp42_racing_cmake:/home/aiv/workspace/ros2/erp42_ros/install/erp42_serial:/home/aiv/workspace/ros2/erp42_ros/install/erp42_rqt_plugin:/home/aiv/workspace/ros2/erp42_ros/install/erp42_gazebo:/home/aiv/workspace/ros2/erp42_ros/install/erp42_util:/home/aiv/workspace/ros2/erp42_ros/install/erp42_msgs:/home/aiv/workspace/ros2/erp42_ros/install/erp42_description:/home/aiv/workspace/ros2/erp42_ros/install/erp42_cmake:/opt/ros/humble LD_LIBRARY_PATH=/home/aiv/workspace/ros2/velodyne/install/velodyne_msgs/lib:${LD_LIBRARY_PATH} PYTHONPATH=/home/aiv/workspace/ros2/velodyne/install/velodyne_msgs/local/lib/python3.10/dist-packages:${PYTHONPATH} /usr/bin/cmake --install /home/aiv/workspace/ros2/velodyne/build/velodyne_driver
