[0.011s] Invoking command in '/home/aiv/ev_ws/ros2_ver2/build/velodyne_msgs': CMAKE_PREFIX_PATH=${CMAKE_PREFIX_PATH}:/home/aiv/ros2_study/install/my_second_package:/opt/ros/humble /usr/bin/cmake /home/aiv/ev_ws/ros2_ver2/velodyne/velodyne_msgs -DCMAKE_INSTALL_PREFIX=/home/aiv/ev_ws/ros2_ver2/install/velodyne_msgs
[0.084s] -- The C compiler identification is GNU 11.4.0
[0.136s] -- The CXX compiler identification is GNU 11.4.0
[0.142s] -- Detecting C compiler ABI info
[0.187s] -- Detecting C compiler ABI info - done
[0.191s] -- Check for working C compiler: /usr/bin/cc - skipped
[0.191s] -- Detecting C compile features
[0.191s] -- Detecting C compile features - done
[0.193s] -- Detecting CXX compiler ABI info
[0.244s] -- Detecting CXX compiler ABI info - done
[0.249s] -- Check for working CXX compiler: /usr/bin/c++ - skipped
[0.249s] -- Detecting CXX compile features
[0.249s] -- Detecting CXX compile features - done
[0.252s] -- Found ament_cmake: 1.3.12 (/opt/ros/humble/share/ament_cmake/cmake)
[0.351s] -- Found Python3: /usr/bin/python3 (found version "3.10.12") found components: Interpreter 
[0.430s] -- Found builtin_interfaces: 1.2.2 (/opt/ros/humble/share/builtin_interfaces/cmake)
[0.460s] -- Found rosidl_generator_c: 3.1.8 (/opt/ros/humble/share/rosidl_generator_c/cmake)
[0.467s] -- Found rosidl_adapter: 3.1.8 (/opt/ros/humble/share/rosidl_adapter/cmake)
[0.476s] -- Found rosidl_generator_cpp: 3.1.8 (/opt/ros/humble/share/rosidl_generator_cpp/cmake)
[0.486s] -- Using all available rosidl_typesupport_c: rosidl_typesupport_fastrtps_c;rosidl_typesupport_introspection_c
[0.500s] -- Using all available rosidl_typesupport_cpp: rosidl_typesupport_fastrtps_cpp;rosidl_typesupport_introspection_cpp
[0.512s] -- Found rosidl_default_generators: 1.2.0 (/opt/ros/humble/share/rosidl_default_generators/cmake)
[0.521s] -- Found std_msgs: 4.9.0 (/opt/ros/humble/share/std_msgs/cmake)
[0.694s] -- Found ament_cmake_cppcheck: 0.12.14 (/opt/ros/humble/share/ament_cmake_cppcheck/cmake)
[0.697s] -- Found ament_cmake_cpplint: 0.12.14 (/opt/ros/humble/share/ament_cmake_cpplint/cmake)
[0.699s] -- Found ament_cmake_uncrustify: 0.12.14 (/opt/ros/humble/share/ament_cmake_uncrustify/cmake)
[0.702s] -- Found ament_cmake_ros: 0.10.0 (/opt/ros/humble/share/ament_cmake_ros/cmake)
[0.910s] -- Using all available rosidl_typesupport_c: rosidl_typesupport_fastrtps_c;rosidl_typesupport_introspection_c
[0.992s] -- Using all available rosidl_typesupport_cpp: rosidl_typesupport_fastrtps_cpp;rosidl_typesupport_introspection_cpp
[1.007s] -- Found PythonInterp: /usr/bin/python3 (found suitable version "3.10.12", minimum required is "3.6") 
[1.009s] -- Found python_cmake_module: 0.10.0 (/opt/ros/humble/share/python_cmake_module/cmake)
[1.025s] -- Found PythonLibs: /usr/lib/x86_64-linux-gnu/libpython3.10.so (found suitable version "3.10.12", minimum required is "3.5") 
[1.025s] -- Using PYTHON_EXECUTABLE: /usr/bin/python3
[1.025s] -- Using PYTHON_INCLUDE_DIRS: /usr/include/python3.10
[1.025s] -- Using PYTHON_LIBRARIES: /usr/lib/x86_64-linux-gnu/libpython3.10.so
[1.036s] -- Found PythonExtra: .so  
[1.073s] -- Found ament_cmake_flake8: 0.12.14 (/opt/ros/humble/share/ament_cmake_flake8/cmake)
[1.075s] -- Found ament_cmake_pep257: 0.12.14 (/opt/ros/humble/share/ament_cmake_pep257/cmake)
[1.077s] -- Found ament_lint_auto: 0.12.14 (/opt/ros/humble/share/ament_lint_auto/cmake)
[1.087s] -- Added test 'copyright' to check source files copyright and LICENSE
[1.088s] -- Added test 'lint_cmake' to check CMake code style
[1.088s] -- Added test 'xmllint' to check XML markup files
[1.090s] -- Configuring done
[1.104s] -- Generating done
[1.110s] -- Build files have been written to: /home/aiv/ev_ws/ros2_ver2/build/velodyne_msgs
[1.115s] Invoked command in '/home/aiv/ev_ws/ros2_ver2/build/velodyne_msgs' returned '0': CMAKE_PREFIX_PATH=${CMAKE_PREFIX_PATH}:/home/aiv/ros2_study/install/my_second_package:/opt/ros/humble /usr/bin/cmake /home/aiv/ev_ws/ros2_ver2/velodyne/velodyne_msgs -DCMAKE_INSTALL_PREFIX=/home/aiv/ev_ws/ros2_ver2/install/velodyne_msgs
[1.115s] Invoking command in '/home/aiv/ev_ws/ros2_ver2/build/velodyne_msgs': CMAKE_PREFIX_PATH=${CMAKE_PREFIX_PATH}:/home/aiv/ros2_study/install/my_second_package:/opt/ros/humble /usr/bin/cmake --build /home/aiv/ev_ws/ros2_ver2/build/velodyne_msgs -- -j28 -l28
[1.149s] [  2%] [34m[1mGenerating C code for ROS interfaces[0m
[1.158s] [  5%] [34m[1mGenerating C++ code for ROS interfaces[0m
[1.161s] [  5%] Built target ament_cmake_python_copy_velodyne_msgs
[1.283s] running egg_info
[1.283s] creating velodyne_msgs.egg-info
[1.283s] writing velodyne_msgs.egg-info/PKG-INFO
[1.283s] writing dependency_links to velodyne_msgs.egg-info/dependency_links.txt
[1.283s] writing top-level names to velodyne_msgs.egg-info/top_level.txt
[1.283s] writing manifest file 'velodyne_msgs.egg-info/SOURCES.txt'
[1.285s] reading manifest file 'velodyne_msgs.egg-info/SOURCES.txt'
[1.285s] writing manifest file 'velodyne_msgs.egg-info/SOURCES.txt'
[1.302s] [  5%] Built target ament_cmake_python_build_velodyne_msgs_egg
[1.322s] [  5%] Built target velodyne_msgs__cpp
[1.325s] [  7%] [32mBuilding C object CMakeFiles/velodyne_msgs__rosidl_generator_c.dir/rosidl_generator_c/velodyne_msgs/msg/detail/velodyne_packet__functions.c.o[0m
[1.326s] [ 10%] [32mBuilding C object CMakeFiles/velodyne_msgs__rosidl_generator_c.dir/rosidl_generator_c/velodyne_msgs/msg/detail/velodyne_scan__functions.c.o[0m
[1.330s] [ 15%] [34m[1mGenerating C++ introspection for ROS interfaces[0m
[1.330s] [ 15%] [34m[1mGenerating C++ type support for eProsima Fast-RTPS[0m
[1.330s] [ 17%] [34m[1mGenerating C++ type support dispatch for ROS interfaces[0m
[1.359s] [ 20%] [32m[1mLinking C shared library libvelodyne_msgs__rosidl_generator_c.so[0m
[1.388s] [ 20%] Built target velodyne_msgs__rosidl_generator_c
[1.396s] [ 23%] [34m[1mGenerating C introspection for ROS interfaces[0m
[1.398s] [ 28%] [34m[1mGenerating C type support for eProsima Fast-RTPS[0m
[1.398s] [ 28%] [34m[1mGenerating C type support dispatch for ROS interfaces[0m
[1.488s] [ 30%] [32mBuilding CXX object CMakeFiles/velodyne_msgs__rosidl_typesupport_cpp.dir/rosidl_typesupport_cpp/velodyne_msgs/msg/velodyne_packet__type_support.cpp.o[0m
[1.490s] [ 33%] [32mBuilding CXX object CMakeFiles/velodyne_msgs__rosidl_typesupport_cpp.dir/rosidl_typesupport_cpp/velodyne_msgs/msg/velodyne_scan__type_support.cpp.o[0m
[1.495s] [ 35%] [32mBuilding CXX object CMakeFiles/velodyne_msgs__rosidl_typesupport_introspection_cpp.dir/rosidl_typesupport_introspection_cpp/velodyne_msgs/msg/detail/velodyne_scan__type_support.cpp.o[0m
[1.495s] [ 38%] [32mBuilding CXX object CMakeFiles/velodyne_msgs__rosidl_typesupport_introspection_cpp.dir/rosidl_typesupport_introspection_cpp/velodyne_msgs/msg/detail/velodyne_packet__type_support.cpp.o[0m
[1.501s] [ 41%] [32mBuilding CXX object CMakeFiles/velodyne_msgs__rosidl_typesupport_fastrtps_cpp.dir/rosidl_typesupport_fastrtps_cpp/velodyne_msgs/msg/detail/dds_fastrtps/velodyne_packet__type_support.cpp.o[0m
[1.502s] [ 43%] [32mBuilding CXX object CMakeFiles/velodyne_msgs__rosidl_typesupport_fastrtps_cpp.dir/rosidl_typesupport_fastrtps_cpp/velodyne_msgs/msg/detail/dds_fastrtps/velodyne_scan__type_support.cpp.o[0m
[1.558s] [ 48%] [32mBuilding CXX object CMakeFiles/velodyne_msgs__rosidl_typesupport_c.dir/rosidl_typesupport_c/velodyne_msgs/msg/velodyne_scan__type_support.cpp.o[0m
[1.559s] [ 48%] [32mBuilding CXX object CMakeFiles/velodyne_msgs__rosidl_typesupport_c.dir/rosidl_typesupport_c/velodyne_msgs/msg/velodyne_packet__type_support.cpp.o[0m
[1.567s] [ 51%] [32mBuilding C object CMakeFiles/velodyne_msgs__rosidl_typesupport_introspection_c.dir/rosidl_typesupport_introspection_c/velodyne_msgs/msg/detail/velodyne_packet__type_support.c.o[0m
[1.569s] [ 53%] [32mBuilding C object CMakeFiles/velodyne_msgs__rosidl_typesupport_introspection_c.dir/rosidl_typesupport_introspection_c/velodyne_msgs/msg/detail/velodyne_scan__type_support.c.o[0m
[1.582s] [ 56%] [32m[1mLinking CXX shared library libvelodyne_msgs__rosidl_typesupport_c.so[0m
[1.596s] [ 58%] [32m[1mLinking C shared library libvelodyne_msgs__rosidl_typesupport_introspection_c.so[0m
[1.610s] [ 61%] [32mBuilding CXX object CMakeFiles/velodyne_msgs__rosidl_typesupport_fastrtps_c.dir/rosidl_typesupport_fastrtps_c/velodyne_msgs/msg/detail/velodyne_scan__type_support_c.cpp.o[0m
[1.611s] [ 64%] [32mBuilding CXX object CMakeFiles/velodyne_msgs__rosidl_typesupport_fastrtps_c.dir/rosidl_typesupport_fastrtps_c/velodyne_msgs/msg/detail/velodyne_packet__type_support_c.cpp.o[0m
[1.614s] [ 64%] Built target velodyne_msgs__rosidl_typesupport_c
[1.622s] [ 64%] Built target velodyne_msgs__rosidl_typesupport_introspection_c
[1.653s] [ 66%] [32m[1mLinking CXX shared library libvelodyne_msgs__rosidl_typesupport_cpp.so[0m
[1.683s] [ 66%] Built target velodyne_msgs__rosidl_typesupport_cpp
[1.745s] [ 69%] [32m[1mLinking CXX shared library libvelodyne_msgs__rosidl_typesupport_introspection_cpp.so[0m
[1.751s] [ 71%] [32m[1mLinking CXX shared library libvelodyne_msgs__rosidl_typesupport_fastrtps_cpp.so[0m
[1.790s] [ 71%] Built target velodyne_msgs__rosidl_typesupport_introspection_cpp
[1.791s] [ 74%] [32m[1mLinking CXX shared library libvelodyne_msgs__rosidl_typesupport_fastrtps_c.so[0m
[1.798s] [ 74%] Built target velodyne_msgs__rosidl_typesupport_fastrtps_cpp
[1.837s] [ 74%] Built target velodyne_msgs__rosidl_typesupport_fastrtps_c
[1.850s] [ 74%] Built target velodyne_msgs
[1.864s] [ 76%] [34m[1mGenerating Python code for ROS interfaces[0m
[2.079s] [ 76%] Built target velodyne_msgs__py
[2.095s] [ 79%] [32mBuilding C object CMakeFiles/velodyne_msgs__rosidl_generator_py.dir/rosidl_generator_py/velodyne_msgs/msg/_velodyne_packet_s.c.o[0m
[2.096s] [ 82%] [32mBuilding C object CMakeFiles/velodyne_msgs__rosidl_generator_py.dir/rosidl_generator_py/velodyne_msgs/msg/_velodyne_scan_s.c.o[0m
[2.162s] [ 84%] [32m[1mLinking C shared library rosidl_generator_py/velodyne_msgs/libvelodyne_msgs__rosidl_generator_py.so[0m
[2.187s] [ 84%] Built target velodyne_msgs__rosidl_generator_py
[2.201s] [ 87%] [32mBuilding C object CMakeFiles/velodyne_msgs__rosidl_typesupport_fastrtps_c__pyext.dir/rosidl_generator_py/velodyne_msgs/_velodyne_msgs_s.ep.rosidl_typesupport_fastrtps_c.c.o[0m
[2.202s] [ 89%] [32mBuilding C object CMakeFiles/velodyne_msgs__rosidl_typesupport_introspection_c__pyext.dir/rosidl_generator_py/velodyne_msgs/_velodyne_msgs_s.ep.rosidl_typesupport_introspection_c.c.o[0m
[2.203s] [ 92%] [32mBuilding C object CMakeFiles/velodyne_msgs__rosidl_typesupport_c__pyext.dir/rosidl_generator_py/velodyne_msgs/_velodyne_msgs_s.ep.rosidl_typesupport_c.c.o[0m
[2.254s] [ 94%] [32m[1mLinking C shared library rosidl_generator_py/velodyne_msgs/velodyne_msgs_s__rosidl_typesupport_fastrtps_c.cpython-310-x86_64-linux-gnu.so[0m
[2.255s] [ 97%] [32m[1mLinking C shared library rosidl_generator_py/velodyne_msgs/velodyne_msgs_s__rosidl_typesupport_introspection_c.cpython-310-x86_64-linux-gnu.so[0m
[2.257s] [100%] [32m[1mLinking C shared library rosidl_generator_py/velodyne_msgs/velodyne_msgs_s__rosidl_typesupport_c.cpython-310-x86_64-linux-gnu.so[0m
[2.283s] [100%] Built target velodyne_msgs__rosidl_typesupport_c__pyext
[2.283s] [100%] Built target velodyne_msgs__rosidl_typesupport_fastrtps_c__pyext
[2.284s] [100%] Built target velodyne_msgs__rosidl_typesupport_introspection_c__pyext
[2.293s] Invoked command in '/home/aiv/ev_ws/ros2_ver2/build/velodyne_msgs' returned '0': CMAKE_PREFIX_PATH=${CMAKE_PREFIX_PATH}:/home/aiv/ros2_study/install/my_second_package:/opt/ros/humble /usr/bin/cmake --build /home/aiv/ev_ws/ros2_ver2/build/velodyne_msgs -- -j28 -l28
[2.298s] Invoking command in '/home/aiv/ev_ws/ros2_ver2/build/velodyne_msgs': CMAKE_PREFIX_PATH=${CMAKE_PREFIX_PATH}:/home/aiv/ros2_study/install/my_second_package:/opt/ros/humble /usr/bin/cmake --install /home/aiv/ev_ws/ros2_ver2/build/velodyne_msgs
[2.303s] -- Install configuration: ""
[2.303s] -- Installing: /home/aiv/ev_ws/ros2_ver2/install/velodyne_msgs/share/ament_index/resource_index/rosidl_interfaces/velodyne_msgs
[2.303s] -- Installing: /home/aiv/ev_ws/ros2_ver2/install/velodyne_msgs/include/velodyne_msgs/velodyne_msgs
[2.303s] -- Installing: /home/aiv/ev_ws/ros2_ver2/install/velodyne_msgs/include/velodyne_msgs/velodyne_msgs/msg
[2.303s] -- Installing: /home/aiv/ev_ws/ros2_ver2/install/velodyne_msgs/include/velodyne_msgs/velodyne_msgs/msg/rosidl_generator_c__visibility_control.h
[2.303s] -- Installing: /home/aiv/ev_ws/ros2_ver2/install/velodyne_msgs/include/velodyne_msgs/velodyne_msgs/msg/detail
[2.303s] -- Installing: /home/aiv/ev_ws/ros2_ver2/install/velodyne_msgs/include/velodyne_msgs/velodyne_msgs/msg/detail/velodyne_packet__type_support.h
[2.304s] -- Installing: /home/aiv/ev_ws/ros2_ver2/install/velodyne_msgs/include/velodyne_msgs/velodyne_msgs/msg/detail/velodyne_scan__struct.h
[2.304s] -- Installing: /home/aiv/ev_ws/ros2_ver2/install/velodyne_msgs/include/velodyne_msgs/velodyne_msgs/msg/detail/velodyne_scan__type_support.h
[2.304s] -- Installing: /home/aiv/ev_ws/ros2_ver2/install/velodyne_msgs/include/velodyne_msgs/velodyne_msgs/msg/detail/velodyne_scan__functions.c
[2.304s] -- Installing: /home/aiv/ev_ws/ros2_ver2/install/velodyne_msgs/include/velodyne_msgs/velodyne_msgs/msg/detail/velodyne_scan__functions.h
[2.304s] -- Installing: /home/aiv/ev_ws/ros2_ver2/install/velodyne_msgs/include/velodyne_msgs/velodyne_msgs/msg/detail/velodyne_packet__functions.h
[2.304s] -- Installing: /home/aiv/ev_ws/ros2_ver2/install/velodyne_msgs/include/velodyne_msgs/velodyne_msgs/msg/detail/velodyne_packet__functions.c
[2.304s] -- Installing: /home/aiv/ev_ws/ros2_ver2/install/velodyne_msgs/include/velodyne_msgs/velodyne_msgs/msg/detail/velodyne_packet__struct.h
[2.304s] -- Installing: /home/aiv/ev_ws/ros2_ver2/install/velodyne_msgs/include/velodyne_msgs/velodyne_msgs/msg/velodyne_packet.h
[2.304s] -- Installing: /home/aiv/ev_ws/ros2_ver2/install/velodyne_msgs/include/velodyne_msgs/velodyne_msgs/msg/velodyne_scan.h
[2.304s] -- Installing: /home/aiv/ev_ws/ros2_ver2/install/velodyne_msgs/share/velodyne_msgs/environment/library_path.sh
[2.304s] -- Installing: /home/aiv/ev_ws/ros2_ver2/install/velodyne_msgs/share/velodyne_msgs/environment/library_path.dsv
[2.304s] -- Installing: /home/aiv/ev_ws/ros2_ver2/install/velodyne_msgs/lib/libvelodyne_msgs__rosidl_generator_c.so
[2.304s] -- Set runtime path of "/home/aiv/ev_ws/ros2_ver2/install/velodyne_msgs/lib/libvelodyne_msgs__rosidl_generator_c.so" to ""
[2.304s] -- Up-to-date: /home/aiv/ev_ws/ros2_ver2/install/velodyne_msgs/include/velodyne_msgs/velodyne_msgs
[2.304s] -- Up-to-date: /home/aiv/ev_ws/ros2_ver2/install/velodyne_msgs/include/velodyne_msgs/velodyne_msgs/msg
[2.304s] -- Installing: /home/aiv/ev_ws/ros2_ver2/install/velodyne_msgs/include/velodyne_msgs/velodyne_msgs/msg/rosidl_typesupport_fastrtps_c__visibility_control.h
[2.304s] -- Up-to-date: /home/aiv/ev_ws/ros2_ver2/install/velodyne_msgs/include/velodyne_msgs/velodyne_msgs/msg/detail
[2.304s] -- Installing: /home/aiv/ev_ws/ros2_ver2/install/velodyne_msgs/include/velodyne_msgs/velodyne_msgs/msg/detail/velodyne_scan__rosidl_typesupport_fastrtps_c.h
[2.304s] -- Installing: /home/aiv/ev_ws/ros2_ver2/install/velodyne_msgs/include/velodyne_msgs/velodyne_msgs/msg/detail/velodyne_packet__rosidl_typesupport_fastrtps_c.h
[2.305s] -- Installing: /home/aiv/ev_ws/ros2_ver2/install/velodyne_msgs/lib/libvelodyne_msgs__rosidl_typesupport_fastrtps_c.so
[2.305s] -- Set runtime path of "/home/aiv/ev_ws/ros2_ver2/install/velodyne_msgs/lib/libvelodyne_msgs__rosidl_typesupport_fastrtps_c.so" to ""
[2.305s] -- Up-to-date: /home/aiv/ev_ws/ros2_ver2/install/velodyne_msgs/include/velodyne_msgs/velodyne_msgs
[2.305s] -- Up-to-date: /home/aiv/ev_ws/ros2_ver2/install/velodyne_msgs/include/velodyne_msgs/velodyne_msgs/msg
[2.305s] -- Installing: /home/aiv/ev_ws/ros2_ver2/install/velodyne_msgs/include/velodyne_msgs/velodyne_msgs/msg/velodyne_packet.hpp
[2.305s] -- Installing: /home/aiv/ev_ws/ros2_ver2/install/velodyne_msgs/include/velodyne_msgs/velodyne_msgs/msg/velodyne_scan.hpp
[2.305s] -- Installing: /home/aiv/ev_ws/ros2_ver2/install/velodyne_msgs/include/velodyne_msgs/velodyne_msgs/msg/rosidl_generator_cpp__visibility_control.hpp
[2.305s] -- Up-to-date: /home/aiv/ev_ws/ros2_ver2/install/velodyne_msgs/include/velodyne_msgs/velodyne_msgs/msg/detail
[2.305s] -- Installing: /home/aiv/ev_ws/ros2_ver2/install/velodyne_msgs/include/velodyne_msgs/velodyne_msgs/msg/detail/velodyne_packet__type_support.hpp
[2.305s] -- Installing: /home/aiv/ev_ws/ros2_ver2/install/velodyne_msgs/include/velodyne_msgs/velodyne_msgs/msg/detail/velodyne_packet__traits.hpp
[2.305s] -- Installing: /home/aiv/ev_ws/ros2_ver2/install/velodyne_msgs/include/velodyne_msgs/velodyne_msgs/msg/detail/velodyne_packet__builder.hpp
[2.305s] -- Installing: /home/aiv/ev_ws/ros2_ver2/install/velodyne_msgs/include/velodyne_msgs/velodyne_msgs/msg/detail/velodyne_scan__traits.hpp
[2.305s] -- Installing: /home/aiv/ev_ws/ros2_ver2/install/velodyne_msgs/include/velodyne_msgs/velodyne_msgs/msg/detail/velodyne_scan__type_support.hpp
[2.305s] -- Installing: /home/aiv/ev_ws/ros2_ver2/install/velodyne_msgs/include/velodyne_msgs/velodyne_msgs/msg/detail/velodyne_scan__struct.hpp
[2.305s] -- Installing: /home/aiv/ev_ws/ros2_ver2/install/velodyne_msgs/include/velodyne_msgs/velodyne_msgs/msg/detail/velodyne_packet__struct.hpp
[2.306s] -- Installing: /home/aiv/ev_ws/ros2_ver2/install/velodyne_msgs/include/velodyne_msgs/velodyne_msgs/msg/detail/velodyne_scan__builder.hpp
[2.306s] -- Up-to-date: /home/aiv/ev_ws/ros2_ver2/install/velodyne_msgs/include/velodyne_msgs/velodyne_msgs
[2.306s] -- Up-to-date: /home/aiv/ev_ws/ros2_ver2/install/velodyne_msgs/include/velodyne_msgs/velodyne_msgs/msg
[2.306s] -- Up-to-date: /home/aiv/ev_ws/ros2_ver2/install/velodyne_msgs/include/velodyne_msgs/velodyne_msgs/msg/detail
[2.306s] -- Installing: /home/aiv/ev_ws/ros2_ver2/install/velodyne_msgs/include/velodyne_msgs/velodyne_msgs/msg/detail/dds_fastrtps
[2.306s] -- Installing: /home/aiv/ev_ws/ros2_ver2/install/velodyne_msgs/include/velodyne_msgs/velodyne_msgs/msg/detail/velodyne_scan__rosidl_typesupport_fastrtps_cpp.hpp
[2.306s] -- Installing: /home/aiv/ev_ws/ros2_ver2/install/velodyne_msgs/include/velodyne_msgs/velodyne_msgs/msg/detail/velodyne_packet__rosidl_typesupport_fastrtps_cpp.hpp
[2.306s] -- Installing: /home/aiv/ev_ws/ros2_ver2/install/velodyne_msgs/include/velodyne_msgs/velodyne_msgs/msg/rosidl_typesupport_fastrtps_cpp__visibility_control.h
[2.306s] -- Installing: /home/aiv/ev_ws/ros2_ver2/install/velodyne_msgs/lib/libvelodyne_msgs__rosidl_typesupport_fastrtps_cpp.so
[2.306s] -- Set runtime path of "/home/aiv/ev_ws/ros2_ver2/install/velodyne_msgs/lib/libvelodyne_msgs__rosidl_typesupport_fastrtps_cpp.so" to ""
[2.306s] -- Up-to-date: /home/aiv/ev_ws/ros2_ver2/install/velodyne_msgs/include/velodyne_msgs/velodyne_msgs
[2.306s] -- Up-to-date: /home/aiv/ev_ws/ros2_ver2/install/velodyne_msgs/include/velodyne_msgs/velodyne_msgs/msg
[2.306s] -- Up-to-date: /home/aiv/ev_ws/ros2_ver2/install/velodyne_msgs/include/velodyne_msgs/velodyne_msgs/msg/detail
[2.306s] -- Installing: /home/aiv/ev_ws/ros2_ver2/install/velodyne_msgs/include/velodyne_msgs/velodyne_msgs/msg/detail/velodyne_scan__rosidl_typesupport_introspection_c.h
[2.307s] -- Installing: /home/aiv/ev_ws/ros2_ver2/install/velodyne_msgs/include/velodyne_msgs/velodyne_msgs/msg/detail/velodyne_scan__type_support.c
[2.307s] -- Installing: /home/aiv/ev_ws/ros2_ver2/install/velodyne_msgs/include/velodyne_msgs/velodyne_msgs/msg/detail/velodyne_packet__rosidl_typesupport_introspection_c.h
[2.307s] -- Installing: /home/aiv/ev_ws/ros2_ver2/install/velodyne_msgs/include/velodyne_msgs/velodyne_msgs/msg/detail/velodyne_packet__type_support.c
[2.307s] -- Installing: /home/aiv/ev_ws/ros2_ver2/install/velodyne_msgs/include/velodyne_msgs/velodyne_msgs/msg/rosidl_typesupport_introspection_c__visibility_control.h
[2.307s] -- Installing: /home/aiv/ev_ws/ros2_ver2/install/velodyne_msgs/lib/libvelodyne_msgs__rosidl_typesupport_introspection_c.so
[2.307s] -- Set runtime path of "/home/aiv/ev_ws/ros2_ver2/install/velodyne_msgs/lib/libvelodyne_msgs__rosidl_typesupport_introspection_c.so" to ""
[2.307s] -- Installing: /home/aiv/ev_ws/ros2_ver2/install/velodyne_msgs/lib/libvelodyne_msgs__rosidl_typesupport_c.so
[2.307s] -- Set runtime path of "/home/aiv/ev_ws/ros2_ver2/install/velodyne_msgs/lib/libvelodyne_msgs__rosidl_typesupport_c.so" to ""
[2.307s] -- Up-to-date: /home/aiv/ev_ws/ros2_ver2/install/velodyne_msgs/include/velodyne_msgs/velodyne_msgs
[2.307s] -- Up-to-date: /home/aiv/ev_ws/ros2_ver2/install/velodyne_msgs/include/velodyne_msgs/velodyne_msgs/msg
[2.307s] -- Up-to-date: /home/aiv/ev_ws/ros2_ver2/install/velodyne_msgs/include/velodyne_msgs/velodyne_msgs/msg/detail
[2.307s] -- Installing: /home/aiv/ev_ws/ros2_ver2/install/velodyne_msgs/include/velodyne_msgs/velodyne_msgs/msg/detail/velodyne_scan__type_support.cpp
[2.307s] -- Installing: /home/aiv/ev_ws/ros2_ver2/install/velodyne_msgs/include/velodyne_msgs/velodyne_msgs/msg/detail/velodyne_packet__rosidl_typesupport_introspection_cpp.hpp
[2.307s] -- Installing: /home/aiv/ev_ws/ros2_ver2/install/velodyne_msgs/include/velodyne_msgs/velodyne_msgs/msg/detail/velodyne_scan__rosidl_typesupport_introspection_cpp.hpp
[2.308s] -- Installing: /home/aiv/ev_ws/ros2_ver2/install/velodyne_msgs/include/velodyne_msgs/velodyne_msgs/msg/detail/velodyne_packet__type_support.cpp
[2.308s] -- Installing: /home/aiv/ev_ws/ros2_ver2/install/velodyne_msgs/lib/libvelodyne_msgs__rosidl_typesupport_introspection_cpp.so
[2.308s] -- Set runtime path of "/home/aiv/ev_ws/ros2_ver2/install/velodyne_msgs/lib/libvelodyne_msgs__rosidl_typesupport_introspection_cpp.so" to ""
[2.308s] -- Installing: /home/aiv/ev_ws/ros2_ver2/install/velodyne_msgs/lib/libvelodyne_msgs__rosidl_typesupport_cpp.so
[2.308s] -- Set runtime path of "/home/aiv/ev_ws/ros2_ver2/install/velodyne_msgs/lib/libvelodyne_msgs__rosidl_typesupport_cpp.so" to ""
[2.308s] -- Installing: /home/aiv/ev_ws/ros2_ver2/install/velodyne_msgs/share/velodyne_msgs/environment/pythonpath.sh
[2.308s] -- Installing: /home/aiv/ev_ws/ros2_ver2/install/velodyne_msgs/share/velodyne_msgs/environment/pythonpath.dsv
[2.308s] -- Installing: /home/aiv/ev_ws/ros2_ver2/install/velodyne_msgs/local/lib/python3.10/dist-packages/velodyne_msgs-2.5.1-py3.10.egg-info
[2.308s] -- Installing: /home/aiv/ev_ws/ros2_ver2/install/velodyne_msgs/local/lib/python3.10/dist-packages/velodyne_msgs-2.5.1-py3.10.egg-info/PKG-INFO
[2.308s] -- Installing: /home/aiv/ev_ws/ros2_ver2/install/velodyne_msgs/local/lib/python3.10/dist-packages/velodyne_msgs-2.5.1-py3.10.egg-info/top_level.txt
[2.308s] -- Installing: /home/aiv/ev_ws/ros2_ver2/install/velodyne_msgs/local/lib/python3.10/dist-packages/velodyne_msgs-2.5.1-py3.10.egg-info/SOURCES.txt
[2.308s] -- Installing: /home/aiv/ev_ws/ros2_ver2/install/velodyne_msgs/local/lib/python3.10/dist-packages/velodyne_msgs-2.5.1-py3.10.egg-info/dependency_links.txt
[2.308s] -- Installing: /home/aiv/ev_ws/ros2_ver2/install/velodyne_msgs/local/lib/python3.10/dist-packages/velodyne_msgs
[2.308s] -- Installing: /home/aiv/ev_ws/ros2_ver2/install/velodyne_msgs/local/lib/python3.10/dist-packages/velodyne_msgs/velodyne_msgs_s__rosidl_typesupport_c.cpython-310-x86_64-linux-gnu.so
[2.308s] -- Installing: /home/aiv/ev_ws/ros2_ver2/install/velodyne_msgs/local/lib/python3.10/dist-packages/velodyne_msgs/_velodyne_msgs_s.ep.rosidl_typesupport_fastrtps_c.c
[2.308s] -- Installing: /home/aiv/ev_ws/ros2_ver2/install/velodyne_msgs/local/lib/python3.10/dist-packages/velodyne_msgs/__init__.py
[2.309s] -- Installing: /home/aiv/ev_ws/ros2_ver2/install/velodyne_msgs/local/lib/python3.10/dist-packages/velodyne_msgs/velodyne_msgs_s__rosidl_typesupport_introspection_c.cpython-310-x86_64-linux-gnu.so
[2.309s] -- Installing: /home/aiv/ev_ws/ros2_ver2/install/velodyne_msgs/local/lib/python3.10/dist-packages/velodyne_msgs/msg
[2.309s] -- Installing: /home/aiv/ev_ws/ros2_ver2/install/velodyne_msgs/local/lib/python3.10/dist-packages/velodyne_msgs/msg/_velodyne_packet.py
[2.309s] -- Installing: /home/aiv/ev_ws/ros2_ver2/install/velodyne_msgs/local/lib/python3.10/dist-packages/velodyne_msgs/msg/_velodyne_scan.py
[2.309s] -- Installing: /home/aiv/ev_ws/ros2_ver2/install/velodyne_msgs/local/lib/python3.10/dist-packages/velodyne_msgs/msg/__init__.py
[2.309s] -- Installing: /home/aiv/ev_ws/ros2_ver2/install/velodyne_msgs/local/lib/python3.10/dist-packages/velodyne_msgs/msg/_velodyne_packet_s.c
[2.309s] -- Installing: /home/aiv/ev_ws/ros2_ver2/install/velodyne_msgs/local/lib/python3.10/dist-packages/velodyne_msgs/msg/_velodyne_scan_s.c
[2.309s] -- Installing: /home/aiv/ev_ws/ros2_ver2/install/velodyne_msgs/local/lib/python3.10/dist-packages/velodyne_msgs/_velodyne_msgs_s.ep.rosidl_typesupport_introspection_c.c
[2.309s] -- Installing: /home/aiv/ev_ws/ros2_ver2/install/velodyne_msgs/local/lib/python3.10/dist-packages/velodyne_msgs/libvelodyne_msgs__rosidl_generator_py.so
[2.309s] -- Installing: /home/aiv/ev_ws/ros2_ver2/install/velodyne_msgs/local/lib/python3.10/dist-packages/velodyne_msgs/velodyne_msgs_s__rosidl_typesupport_fastrtps_c.cpython-310-x86_64-linux-gnu.so
[2.309s] -- Installing: /home/aiv/ev_ws/ros2_ver2/install/velodyne_msgs/local/lib/python3.10/dist-packages/velodyne_msgs/_velodyne_msgs_s.ep.rosidl_typesupport_c.c
[2.329s] Listing '/home/aiv/ev_ws/ros2_ver2/install/velodyne_msgs/local/lib/python3.10/dist-packages/velodyne_msgs'...
[2.329s] Compiling '/home/aiv/ev_ws/ros2_ver2/install/velodyne_msgs/local/lib/python3.10/dist-packages/velodyne_msgs/__init__.py'...
[2.329s] Listing '/home/aiv/ev_ws/ros2_ver2/install/velodyne_msgs/local/lib/python3.10/dist-packages/velodyne_msgs/msg'...
[2.329s] Compiling '/home/aiv/ev_ws/ros2_ver2/install/velodyne_msgs/local/lib/python3.10/dist-packages/velodyne_msgs/msg/__init__.py'...
[2.329s] Compiling '/home/aiv/ev_ws/ros2_ver2/install/velodyne_msgs/local/lib/python3.10/dist-packages/velodyne_msgs/msg/_velodyne_packet.py'...
[2.329s] Compiling '/home/aiv/ev_ws/ros2_ver2/install/velodyne_msgs/local/lib/python3.10/dist-packages/velodyne_msgs/msg/_velodyne_scan.py'...
[2.331s] -- Installing: /home/aiv/ev_ws/ros2_ver2/install/velodyne_msgs/local/lib/python3.10/dist-packages/velodyne_msgs/velodyne_msgs_s__rosidl_typesupport_fastrtps_c.cpython-310-x86_64-linux-gnu.so
[2.331s] -- Set runtime path of "/home/aiv/ev_ws/ros2_ver2/install/velodyne_msgs/local/lib/python3.10/dist-packages/velodyne_msgs/velodyne_msgs_s__rosidl_typesupport_fastrtps_c.cpython-310-x86_64-linux-gnu.so" to ""
[2.331s] -- Installing: /home/aiv/ev_ws/ros2_ver2/install/velodyne_msgs/local/lib/python3.10/dist-packages/velodyne_msgs/velodyne_msgs_s__rosidl_typesupport_introspection_c.cpython-310-x86_64-linux-gnu.so
[2.331s] -- Set runtime path of "/home/aiv/ev_ws/ros2_ver2/install/velodyne_msgs/local/lib/python3.10/dist-packages/velodyne_msgs/velodyne_msgs_s__rosidl_typesupport_introspection_c.cpython-310-x86_64-linux-gnu.so" to ""
[2.331s] -- Installing: /home/aiv/ev_ws/ros2_ver2/install/velodyne_msgs/local/lib/python3.10/dist-packages/velodyne_msgs/velodyne_msgs_s__rosidl_typesupport_c.cpython-310-x86_64-linux-gnu.so
[2.331s] -- Set runtime path of "/home/aiv/ev_ws/ros2_ver2/install/velodyne_msgs/local/lib/python3.10/dist-packages/velodyne_msgs/velodyne_msgs_s__rosidl_typesupport_c.cpython-310-x86_64-linux-gnu.so" to ""
[2.331s] -- Installing: /home/aiv/ev_ws/ros2_ver2/install/velodyne_msgs/lib/libvelodyne_msgs__rosidl_generator_py.so
[2.332s] -- Set runtime path of "/home/aiv/ev_ws/ros2_ver2/install/velodyne_msgs/lib/libvelodyne_msgs__rosidl_generator_py.so" to ""
[2.332s] -- Installing: /home/aiv/ev_ws/ros2_ver2/install/velodyne_msgs/share/velodyne_msgs/msg/VelodynePacket.idl
[2.332s] -- Installing: /home/aiv/ev_ws/ros2_ver2/install/velodyne_msgs/share/velodyne_msgs/msg/VelodyneScan.idl
[2.332s] -- Installing: /home/aiv/ev_ws/ros2_ver2/install/velodyne_msgs/share/velodyne_msgs/msg/VelodynePacket.msg
[2.332s] -- Installing: /home/aiv/ev_ws/ros2_ver2/install/velodyne_msgs/share/velodyne_msgs/msg/VelodyneScan.msg
[2.332s] -- Installing: /home/aiv/ev_ws/ros2_ver2/install/velodyne_msgs/share/ament_index/resource_index/package_run_dependencies/velodyne_msgs
[2.332s] -- Installing: /home/aiv/ev_ws/ros2_ver2/install/velodyne_msgs/share/ament_index/resource_index/parent_prefix_path/velodyne_msgs
[2.332s] -- Installing: /home/aiv/ev_ws/ros2_ver2/install/velodyne_msgs/share/velodyne_msgs/environment/ament_prefix_path.sh
[2.332s] -- Installing: /home/aiv/ev_ws/ros2_ver2/install/velodyne_msgs/share/velodyne_msgs/environment/ament_prefix_path.dsv
[2.332s] -- Installing: /home/aiv/ev_ws/ros2_ver2/install/velodyne_msgs/share/velodyne_msgs/environment/path.sh
[2.332s] -- Installing: /home/aiv/ev_ws/ros2_ver2/install/velodyne_msgs/share/velodyne_msgs/environment/path.dsv
[2.332s] -- Installing: /home/aiv/ev_ws/ros2_ver2/install/velodyne_msgs/share/velodyne_msgs/local_setup.bash
[2.332s] -- Installing: /home/aiv/ev_ws/ros2_ver2/install/velodyne_msgs/share/velodyne_msgs/local_setup.sh
[2.332s] -- Installing: /home/aiv/ev_ws/ros2_ver2/install/velodyne_msgs/share/velodyne_msgs/local_setup.zsh
[2.332s] -- Installing: /home/aiv/ev_ws/ros2_ver2/install/velodyne_msgs/share/velodyne_msgs/local_setup.dsv
[2.333s] -- Installing: /home/aiv/ev_ws/ros2_ver2/install/velodyne_msgs/share/velodyne_msgs/package.dsv
[2.333s] -- Installing: /home/aiv/ev_ws/ros2_ver2/install/velodyne_msgs/share/ament_index/resource_index/packages/velodyne_msgs
[2.333s] -- Installing: /home/aiv/ev_ws/ros2_ver2/install/velodyne_msgs/share/velodyne_msgs/cmake/export_velodyne_msgs__rosidl_generator_cExport.cmake
[2.333s] -- Installing: /home/aiv/ev_ws/ros2_ver2/install/velodyne_msgs/share/velodyne_msgs/cmake/export_velodyne_msgs__rosidl_generator_cExport-noconfig.cmake
[2.333s] -- Installing: /home/aiv/ev_ws/ros2_ver2/install/velodyne_msgs/share/velodyne_msgs/cmake/export_velodyne_msgs__rosidl_typesupport_fastrtps_cExport.cmake
[2.333s] -- Installing: /home/aiv/ev_ws/ros2_ver2/install/velodyne_msgs/share/velodyne_msgs/cmake/export_velodyne_msgs__rosidl_typesupport_fastrtps_cExport-noconfig.cmake
[2.333s] -- Installing: /home/aiv/ev_ws/ros2_ver2/install/velodyne_msgs/share/velodyne_msgs/cmake/export_velodyne_msgs__rosidl_generator_cppExport.cmake
[2.333s] -- Installing: /home/aiv/ev_ws/ros2_ver2/install/velodyne_msgs/share/velodyne_msgs/cmake/export_velodyne_msgs__rosidl_typesupport_fastrtps_cppExport.cmake
[2.333s] -- Installing: /home/aiv/ev_ws/ros2_ver2/install/velodyne_msgs/share/velodyne_msgs/cmake/export_velodyne_msgs__rosidl_typesupport_fastrtps_cppExport-noconfig.cmake
[2.333s] -- Installing: /home/aiv/ev_ws/ros2_ver2/install/velodyne_msgs/share/velodyne_msgs/cmake/velodyne_msgs__rosidl_typesupport_introspection_cExport.cmake
[2.333s] -- Installing: /home/aiv/ev_ws/ros2_ver2/install/velodyne_msgs/share/velodyne_msgs/cmake/velodyne_msgs__rosidl_typesupport_introspection_cExport-noconfig.cmake
[2.333s] -- Installing: /home/aiv/ev_ws/ros2_ver2/install/velodyne_msgs/share/velodyne_msgs/cmake/velodyne_msgs__rosidl_typesupport_cExport.cmake
[2.333s] -- Installing: /home/aiv/ev_ws/ros2_ver2/install/velodyne_msgs/share/velodyne_msgs/cmake/velodyne_msgs__rosidl_typesupport_cExport-noconfig.cmake
[2.333s] -- Installing: /home/aiv/ev_ws/ros2_ver2/install/velodyne_msgs/share/velodyne_msgs/cmake/velodyne_msgs__rosidl_typesupport_introspection_cppExport.cmake
[2.333s] -- Installing: /home/aiv/ev_ws/ros2_ver2/install/velodyne_msgs/share/velodyne_msgs/cmake/velodyne_msgs__rosidl_typesupport_introspection_cppExport-noconfig.cmake
[2.334s] -- Installing: /home/aiv/ev_ws/ros2_ver2/install/velodyne_msgs/share/velodyne_msgs/cmake/velodyne_msgs__rosidl_typesupport_cppExport.cmake
[2.334s] -- Installing: /home/aiv/ev_ws/ros2_ver2/install/velodyne_msgs/share/velodyne_msgs/cmake/velodyne_msgs__rosidl_typesupport_cppExport-noconfig.cmake
[2.334s] -- Installing: /home/aiv/ev_ws/ros2_ver2/install/velodyne_msgs/share/velodyne_msgs/cmake/export_velodyne_msgs__rosidl_generator_pyExport.cmake
[2.334s] -- Installing: /home/aiv/ev_ws/ros2_ver2/install/velodyne_msgs/share/velodyne_msgs/cmake/export_velodyne_msgs__rosidl_generator_pyExport-noconfig.cmake
[2.334s] -- Installing: /home/aiv/ev_ws/ros2_ver2/install/velodyne_msgs/share/velodyne_msgs/cmake/rosidl_cmake-extras.cmake
[2.334s] -- Installing: /home/aiv/ev_ws/ros2_ver2/install/velodyne_msgs/share/velodyne_msgs/cmake/ament_cmake_export_dependencies-extras.cmake
[2.334s] -- Installing: /home/aiv/ev_ws/ros2_ver2/install/velodyne_msgs/share/velodyne_msgs/cmake/ament_cmake_export_include_directories-extras.cmake
[2.334s] -- Installing: /home/aiv/ev_ws/ros2_ver2/install/velodyne_msgs/share/velodyne_msgs/cmake/ament_cmake_export_libraries-extras.cmake
[2.334s] -- Installing: /home/aiv/ev_ws/ros2_ver2/install/velodyne_msgs/share/velodyne_msgs/cmake/ament_cmake_export_targets-extras.cmake
[2.334s] -- Installing: /home/aiv/ev_ws/ros2_ver2/install/velodyne_msgs/share/velodyne_msgs/cmake/rosidl_cmake_export_typesupport_targets-extras.cmake
[2.334s] -- Installing: /home/aiv/ev_ws/ros2_ver2/install/velodyne_msgs/share/velodyne_msgs/cmake/rosidl_cmake_export_typesupport_libraries-extras.cmake
[2.334s] -- Installing: /home/aiv/ev_ws/ros2_ver2/install/velodyne_msgs/share/velodyne_msgs/cmake/velodyne_msgsConfig.cmake
[2.334s] -- Installing: /home/aiv/ev_ws/ros2_ver2/install/velodyne_msgs/share/velodyne_msgs/cmake/velodyne_msgsConfig-version.cmake
[2.334s] -- Installing: /home/aiv/ev_ws/ros2_ver2/install/velodyne_msgs/share/velodyne_msgs/package.xml
[2.335s] Invoked command in '/home/aiv/ev_ws/ros2_ver2/build/velodyne_msgs' returned '0': CMAKE_PREFIX_PATH=${CMAKE_PREFIX_PATH}:/home/aiv/ros2_study/install/my_second_package:/opt/ros/humble /usr/bin/cmake --install /home/aiv/ev_ws/ros2_ver2/build/velodyne_msgs
