[0.006s] Invoking command in '/home/aiv/ev_ws/ros2/build/patchworkpp': CMAKE_PREFIX_PATH=${CMAKE_PREFIX_PATH}:/home/aiv/ros2_study/install/my_second_package:/opt/ros/humble /usr/bin/cmake /home/aiv/ev_ws/ros2/src/patchwork-plusplus/ros -DAMENT_CMAKE_SYMLINK_INSTALL=1 -DCMAKE_INSTALL_PREFIX=/home/aiv/ev_ws/ros2/install/patchworkpp
[0.049s] -- The CXX compiler identification is GNU 11.4.0
[0.054s] -- Detecting CXX compiler ABI info
[0.108s] -- Detecting CXX compiler ABI info - done
[0.112s] -- Check for working CXX compiler: /usr/bin/c++ - skipped
[0.112s] -- Detecting CXX compile features
[0.112s] -- Detecting CXX compile features - done
[0.136s] -- The C compiler identification is GNU 11.4.0
[0.139s] -- Detecting C compiler ABI info
[0.184s] -- Detecting C compiler ABI info - done
[0.188s] -- Check for working C compiler: /usr/bin/cc - skipped
[0.188s] -- Detecting C compile features
[0.188s] -- Detecting C compile features - done
[1.016s] -- Performing Test EIGEN_COMPILER_SUPPORT_CPP11
[1.060s] -- Performing Test EIGEN_COMPILER_SUPPORT_CPP11 - Success
[1.060s] -- Performing Test COMPILER_SUPPORT_std=cpp03
[1.109s] -- Performing Test COMPILER_SUPPORT_std=cpp03 - Success
[1.109s] -- Performing Test standard_math_library_linked_to_automatically
[1.176s] -- Performing Test standard_math_library_linked_to_automatically - Success
[1.176s] -- Standard libraries to link to explicitly: none
[1.177s] -- Performing Test COMPILER_SUPPORT_WERROR
[1.222s] -- Performing Test COMPILER_SUPPORT_WERROR - Success
[1.222s] -- Performing Test COMPILER_SUPPORT_pedantic
[1.269s] -- Performing Test COMPILER_SUPPORT_pedantic - Success
[1.269s] -- Performing Test COMPILER_SUPPORT_Wall
[1.319s] -- Performing Test COMPILER_SUPPORT_Wall - Success
[1.319s] -- Performing Test COMPILER_SUPPORT_Wextra
[1.369s] -- Performing Test COMPILER_SUPPORT_Wextra - Success
[1.369s] -- Performing Test COMPILER_SUPPORT_Wundef
[1.417s] -- Performing Test COMPILER_SUPPORT_Wundef - Success
[1.417s] -- Performing Test COMPILER_SUPPORT_Wcastalign
[1.467s] -- Performing Test COMPILER_SUPPORT_Wcastalign - Success
[1.467s] -- Performing Test COMPILER_SUPPORT_Wcharsubscripts
[1.515s] -- Performing Test COMPILER_SUPPORT_Wcharsubscripts - Success
[1.515s] -- Performing Test COMPILER_SUPPORT_Wnonvirtualdtor
[1.563s] -- Performing Test COMPILER_SUPPORT_Wnonvirtualdtor - Success
[1.564s] -- Performing Test COMPILER_SUPPORT_Wunusedlocaltypedefs
[1.609s] -- Performing Test COMPILER_SUPPORT_Wunusedlocaltypedefs - Success
[1.610s] -- Performing Test COMPILER_SUPPORT_Wpointerarith
[1.658s] -- Performing Test COMPILER_SUPPORT_Wpointerarith - Success
[1.658s] -- Performing Test COMPILER_SUPPORT_Wwritestrings
[1.706s] -- Performing Test COMPILER_SUPPORT_Wwritestrings - Success
[1.706s] -- Performing Test COMPILER_SUPPORT_Wformatsecurity
[1.752s] -- Performing Test COMPILER_SUPPORT_Wformatsecurity - Success
[1.752s] -- Performing Test COMPILER_SUPPORT_Wshorten64to32
[1.772s] -- Performing Test COMPILER_SUPPORT_Wshorten64to32 - Failed
[1.772s] -- Performing Test COMPILER_SUPPORT_Wlogicalop
[1.824s] -- Performing Test COMPILER_SUPPORT_Wlogicalop - Success
[1.824s] -- Performing Test COMPILER_SUPPORT_Wenumconversion
[1.872s] -- Performing Test COMPILER_SUPPORT_Wenumconversion - Success
[1.872s] -- Performing Test COMPILER_SUPPORT_Wcpp11extensions
[1.891s] -- Performing Test COMPILER_SUPPORT_Wcpp11extensions - Failed
[1.892s] -- Performing Test COMPILER_SUPPORT_Wdoublepromotion
[1.941s] -- Performing Test COMPILER_SUPPORT_Wdoublepromotion - Success
[1.942s] -- Performing Test COMPILER_SUPPORT_Wshadow
[1.988s] -- Performing Test COMPILER_SUPPORT_Wshadow - Success
[1.989s] -- Performing Test COMPILER_SUPPORT_Wnopsabi
[2.035s] -- Performing Test COMPILER_SUPPORT_Wnopsabi - Success
[2.036s] -- Performing Test COMPILER_SUPPORT_Wnovariadicmacros
[2.081s] -- Performing Test COMPILER_SUPPORT_Wnovariadicmacros - Success
[2.081s] -- Performing Test COMPILER_SUPPORT_Wnolonglong
[2.126s] -- Performing Test COMPILER_SUPPORT_Wnolonglong - Success
[2.126s] -- Performing Test COMPILER_SUPPORT_fnochecknew
[2.176s] -- Performing Test COMPILER_SUPPORT_fnochecknew - Success
[2.176s] -- Performing Test COMPILER_SUPPORT_fnocommon
[2.224s] -- Performing Test COMPILER_SUPPORT_fnocommon - Success
[2.224s] -- Performing Test COMPILER_SUPPORT_fstrictaliasing
[2.274s] -- Performing Test COMPILER_SUPPORT_fstrictaliasing - Success
[2.274s] -- Performing Test COMPILER_SUPPORT_wd981
[2.288s] -- Performing Test COMPILER_SUPPORT_wd981 - Failed
[2.288s] -- Performing Test COMPILER_SUPPORT_wd2304
[2.303s] -- Performing Test COMPILER_SUPPORT_wd2304 - Failed
[2.303s] -- Performing Test COMPILER_SUPPORT_STRICTANSI
[2.319s] -- Performing Test COMPILER_SUPPORT_STRICTANSI - Failed
[2.319s] -- Performing Test COMPILER_SUPPORT_Qunusedarguments
[2.338s] -- Performing Test COMPILER_SUPPORT_Qunusedarguments - Failed
[2.338s] -- Performing Test COMPILER_SUPPORT_ansi
[2.383s] -- Performing Test COMPILER_SUPPORT_ansi - Success
[2.383s] -- Performing Test COMPILER_SUPPORT_OPENMP
[2.429s] -- Performing Test COMPILER_SUPPORT_OPENMP - Success
[2.437s] -- Looking for a Fortran compiler
[2.571s] -- Looking for a Fortran compiler - /usr/bin/f95
[2.606s] -- The Fortran compiler identification is GNU 11.4.0
[2.615s] -- Detecting Fortran compiler ABI info
[2.670s] -- Detecting Fortran compiler ABI info - done
[2.675s] -- Check for working Fortran compiler: /usr/bin/f95 - skipped
[2.681s] -- Could NOT find CHOLMOD (missing: CHOLMOD_INCLUDES CHOLMOD_LIBRARIES) 
[2.683s] -- Could NOT find UMFPACK (missing: UMFPACK_INCLUDES UMFPACK_LIBRARIES) 
[2.684s] -- Could NOT find KLU (missing: KLU_INCLUDES KLU_LIBRARIES) 
[2.690s] -- Performing Test SUPERLU_HAS_GLOBAL_MEM_USAGE_T
[2.747s] -- Performing Test SUPERLU_HAS_GLOBAL_MEM_USAGE_T - Success
[2.747s] -- Performing Test SUPERLU_HAS_CLEAN_ENUMS
[2.794s] -- Performing Test SUPERLU_HAS_CLEAN_ENUMS - Success
[2.794s] -- Performing Test SUPERLU_HAS_GLOBALLU_T
[2.847s] -- Performing Test SUPERLU_HAS_GLOBALLU_T - Success
[2.847s] -- Found SuperLU: /usr/include/superlu (found suitable version "5.0", minimum required is "4.0") 
[2.939s] -- Checking for one of the modules 'hwloc'
[2.972s] -- Performing Test HAVE_HWLOC_PARENT_MEMBER
[3.027s] -- Performing Test HAVE_HWLOC_PARENT_MEMBER - Success
[3.027s] -- Performing Test HAVE_HWLOC_CACHE_ATTR
[3.077s] -- Performing Test HAVE_HWLOC_CACHE_ATTR - Success
[3.077s] -- Performing Test HAVE_HWLOC_OBJ_PU
[3.128s] -- Performing Test HAVE_HWLOC_OBJ_PU - Success
[3.128s] -- Looking for hwloc_bitmap_free in hwloc
[3.171s] -- Looking for hwloc_bitmap_free in hwloc - found
[3.187s] -- Looking for Fortran sgemm
[3.244s] -- Looking for Fortran sgemm - found
[3.250s] -- Performing Test SCOTCH_Num_4
[3.269s] -- Performing Test SCOTCH_Num_4 - Failed
[3.269s] -- Performing Test SCOTCH_Num_8
[3.288s] -- Performing Test SCOTCH_Num_8 - Failed
[3.289s] -- A version of Pastix has been found but pastix_nompi.h does not exist in the include directory. Because Eigen tests require a version without MPI, we disable the Pastix backend.
[3.292s] -- Could NOT find SPQR (missing: SPQR_INCLUDES SPQR_LIBRARIES) 
[3.303s] -- Found unsuitable Qt version "5.15.3" from /usr/bin/qmake
[3.391s] -- Performing Test COMPILER_SUPPORT_FASTMATH
[3.442s] -- Performing Test COMPILER_SUPPORT_FASTMATH - Success
[3.450s] -- Found Boost: /usr/lib/x86_64-linux-gnu/cmake/Boost-1.74.0/BoostConfig.cmake (found suitable version "1.74.0", minimum required is "1.53.0")  
[3.500s] -- The Fortran compiler identification is GNU 11.4.0
[3.509s] -- Found Threads: TRUE  
[3.510s] -- Could NOT find GoogleHash (missing: GOOGLEHASH_INCLUDES GOOGLEHASH_COMPILE) 
[3.512s] -- Could NOT find Adolc (missing: ADOLC_INCLUDES ADOLC_LIBRARIES) 
[3.520s] -- Could NOT find MPFR (missing: MPFR_INCLUDES MPFR_LIBRARIES MPFR_VERSION_OK) (Required is at least version "1.0.0")
[3.524s] -- Found PkgConfig: /usr/bin/pkg-config (found version "0.29.2") 
[3.529s] -- Could NOT find FFTW (missing: FFTW_INCLUDES FFTW_LIBRARIES) 
[3.537s] [0mCUDA_TOOLKIT_ROOT_DIR not found or specified[0m
[3.542s] -- Could NOT find CUDA (missing: CUDA_TOOLKIT_ROOT_DIR CUDA_NVCC_EXECUTABLE CUDA_INCLUDE_DIRS CUDA_CUDART_LIBRARY) (Required is at least version "7.0")
[3.550s] -- Found unsuitable Qt version "5.15.3" from /usr/bin/qmake
[3.550s] -- Qt4 not found, so disabling the mandelbrot and opengl demos
[3.552s] -- Could NOT find CHOLMOD (missing: CHOLMOD_INCLUDES CHOLMOD_LIBRARIES) 
[3.553s] -- Could NOT find UMFPACK (missing: UMFPACK_INCLUDES UMFPACK_LIBRARIES) 
[3.554s] -- Could NOT find KLU (missing: KLU_INCLUDES KLU_LIBRARIES) 
[3.561s] -- A version of Pastix has been found but pastix_nompi.h does not exist in the include directory. Because Eigen tests require a version without MPI, we disable the Pastix backend.
[3.562s] -- ************************************************************
[3.562s] -- ***    Eigen's unit tests configuration summary          ***
[3.562s] -- ************************************************************
[3.562s] -- 
[3.563s] -- Build type:        Release
[3.563s] -- Build site:        aiv
[3.563s] -- Build string:      linux-6.8.0-94-generic-_-11.4.0-sse2-64bit
[3.563s] -- Enabled backends:  SuperLU,  Boost.Multiprecision, 
[3.563s] -- Disabled backends: CHOLMOD,  UMFPACK,  KLU,  PaStiX,  METIS,  SPQR,  Qt4 support,  GoogleHash,  Adolc,  MPFR C++,  fftw,  OpenGL, 
[3.563s] -- Default order:     Column-major
[3.563s] -- Maximal matrix/vector size: 320
[3.563s] -- SSE2:              Using architecture defaults
[3.563s] -- SSE3:              Using architecture defaults
[3.563s] -- SSSE3:             Using architecture defaults
[3.563s] -- SSE4.1:            Using architecture defaults
[3.563s] -- SSE4.2:            Using architecture defaults
[3.563s] -- AVX:               Using architecture defaults
[3.563s] -- AVX2:              Using architecture defaults
[3.563s] -- FMA:               Using architecture defaults
[3.563s] -- AVX512:            Using architecture defaults
[3.563s] -- AVX512DQ:          Using architecture defaults
[3.563s] -- Altivec:           Using architecture defaults
[3.563s] -- VSX:               Using architecture defaults
[3.563s] -- MIPS MSA:          Using architecture defaults
[3.563s] -- ARM NEON:          Using architecture defaults
[3.563s] -- ARMv8 NEON:        Using architecture defaults
[3.563s] -- S390X ZVECTOR:     Using architecture defaults
[3.563s] -- C++11:             OFF
[3.563s] -- SYCL:              OFF
[3.563s] -- CUDA:              OFF
[3.563s] -- HIP:               OFF
[3.563s] -- 
[3.563s] CXX:               /usr/bin/c++
[3.563s]  CXX_VERSION:       c++ (Ubuntu 11.4.0-1ubuntu1~22.04.2) 11.4.0
[3.563s]  CXX_FLAGS:           -std=c++03 -pedantic -Wall -Wextra -Wundef -Wcast-align -Wchar-subscripts -Wnon-virtual-dtor -Wunused-local-typedefs -Wpointer-arith -Wwrite-strings -Wformat-security -Wlogical-op -Wenum-conversion -Wdouble-promotion -Wshadow -Wno-psabi -Wno-variadic-macros -Wno-long-long -fno-check-new -fno-common -fstrict-aliasing -ansi
[3.563s]  Sparse lib flags:   ;/usr/lib/x86_64-linux-gnu/libsuperlu.so;eigen_blas
[3.563s] 
[3.563s] -- ************************************************************
[3.563s] -- 
[3.563s] -- Configured Eigen 3.4.0
[3.563s] -- 
[3.563s] -- Available targets (use: make TARGET):
[3.563s] -- ---------+--------------------------------------------------------------
[3.563s] -- Target   |   Description
[3.563s] -- ---------+--------------------------------------------------------------
[3.563s] -- install  | Install Eigen. Headers will be installed to:
[3.563s] --          |     <CMAKE_INSTALL_PREFIX>/<INCLUDE_INSTALL_DIR>
[3.563s] --          |   Using the following values:
[3.563s] --          |     CMAKE_INSTALL_PREFIX: /home/aiv/ev_ws/ros2/install/patchworkpp
[3.563s] --          |     INCLUDE_INSTALL_DIR:  include/eigen3
[3.563s] --          |   Change the install location of Eigen headers using:
[3.563s] --          |     cmake . -DCMAKE_INSTALL_PREFIX=yourprefix
[3.563s] --          |   Or:
[3.563s] --          |     cmake . -DINCLUDE_INSTALL_DIR=yourdir
[3.563s] -- doc      | Generate the API documentation, requires Doxygen & LaTeX
[3.563s] -- check    | Build and run the unit-tests. Read this page:
[3.563s] --          |   http://eigen.tuxfamily.org/index.php?title=Tests
[3.563s] -- blas     | Build BLAS library (not the same thing as Eigen)
[3.563s] -- uninstall| Remove files installed by the install target
[3.564s] -- ---------+--------------------------------------------------------------
[3.564s] -- 
[3.565s] [0mParent project name: patchworkpp[0m
[3.566s] -- Found ament_cmake: 1.3.12 (/opt/ros/humble/share/ament_cmake/cmake)
[3.657s] -- Found Python3: /usr/bin/python3 (found version "3.10.12") found components: Interpreter 
[3.691s] -- Override CMake install command with custom implementation using symlinks instead of copying resources
[3.716s] -- Found nav_msgs: 4.9.0 (/opt/ros/humble/share/nav_msgs/cmake)
[3.739s] -- Found rosidl_generator_c: 3.1.8 (/opt/ros/humble/share/rosidl_generator_c/cmake)
[3.743s] -- Found rosidl_adapter: 3.1.8 (/opt/ros/humble/share/rosidl_adapter/cmake)
[3.749s] -- Found rosidl_generator_cpp: 3.1.8 (/opt/ros/humble/share/rosidl_generator_cpp/cmake)
[3.758s] -- Using all available rosidl_typesupport_c: rosidl_typesupport_fastrtps_c;rosidl_typesupport_introspection_c
[3.769s] -- Using all available rosidl_typesupport_cpp: rosidl_typesupport_fastrtps_cpp;rosidl_typesupport_introspection_cpp
[3.807s] -- Found rclcpp: 16.0.17 (/opt/ros/humble/share/rclcpp/cmake)
[3.835s] -- Found rmw_implementation_cmake: 6.1.2 (/opt/ros/humble/share/rmw_implementation_cmake/cmake)
[3.838s] -- Found rmw_cyclonedds_cpp: 1.3.4 (/opt/ros/humble/share/rmw_cyclonedds_cpp/cmake)
[3.855s] -- Using RMW implementation 'rmw_cyclonedds_cpp' as default
[3.885s] -- Found rclcpp_components: 16.0.17 (/opt/ros/humble/share/rclcpp_components/cmake)
[3.903s] -- Found sensor_msgs: 4.9.0 (/opt/ros/humble/share/sensor_msgs/cmake)
[3.913s] -- Found tf2_ros: 0.25.18 (/opt/ros/humble/share/tf2_ros/cmake)
[4.000s] -- Configuring done
[4.478s] -- Generating done
[4.635s] -- Build files have been written to: /home/aiv/ev_ws/ros2/build/patchworkpp
[4.658s] Invoked command in '/home/aiv/ev_ws/ros2/build/patchworkpp' returned '0': CMAKE_PREFIX_PATH=${CMAKE_PREFIX_PATH}:/home/aiv/ros2_study/install/my_second_package:/opt/ros/humble /usr/bin/cmake /home/aiv/ev_ws/ros2/src/patchwork-plusplus/ros -DAMENT_CMAKE_SYMLINK_INSTALL=1 -DCMAKE_INSTALL_PREFIX=/home/aiv/ev_ws/ros2/install/patchworkpp
[4.659s] Invoking command in '/home/aiv/ev_ws/ros2/build/patchworkpp': CMAKE_PREFIX_PATH=${CMAKE_PREFIX_PATH}:/home/aiv/ros2_study/install/my_second_package:/opt/ros/humble /usr/bin/cmake --build /home/aiv/ev_ws/ros2/build/patchworkpp -- -j28 -l28
[4.760s] [32mBuilding CXX object patchworkpp_cpp/patchworkpp/CMakeFiles/ground_seg_cores.dir/src/patchworkpp.cpp.o[0m
[4.761s] [32mBuilding CXX object CMakeFiles/patchworkpp_node.dir/rclcpp_components/node_main_patchworkpp_node.cpp.o[0m
[6.222s] [32m[1mLinking CXX executable patchworkpp_node[0m
[6.287s] Built target patchworkpp_node
[11.433s] [32m[1mLinking CXX static library libground_seg_cores.a[0m
[11.456s] Built target ground_seg_cores
[11.469s] [32mBuilding CXX object CMakeFiles/gseg_component.dir/src/GroundSegmentationServer.cpp.o[0m
[20.276s] [32m[1mLinking CXX shared library libgseg_component.so[0m
[20.371s] Built target gseg_component
[20.378s] Invoked command in '/home/aiv/ev_ws/ros2/build/patchworkpp' returned '0': CMAKE_PREFIX_PATH=${CMAKE_PREFIX_PATH}:/home/aiv/ros2_study/install/my_second_package:/opt/ros/humble /usr/bin/cmake --build /home/aiv/ev_ws/ros2/build/patchworkpp -- -j28 -l28
[20.386s] Invoking command in '/home/aiv/ev_ws/ros2/build/patchworkpp': CMAKE_PREFIX_PATH=${CMAKE_PREFIX_PATH}:/home/aiv/ros2_study/install/my_second_package:/opt/ros/humble /usr/bin/cmake --install /home/aiv/ev_ws/ros2/build/patchworkpp
[20.391s] -- Install configuration: "Release"
[20.391s] -- Installing: /home/aiv/ev_ws/ros2/install/patchworkpp/include
[20.391s] -- Installing: /home/aiv/ev_ws/ros2/install/patchworkpp/include/patchwork
[20.391s] -- Installing: /home/aiv/ev_ws/ros2/install/patchworkpp/include/patchwork/patchworkpp.h
[20.391s] -- Installing: /home/aiv/ev_ws/ros2/install/patchworkpp/lib/libground_seg_cores.a
[20.392s] -- Installing: /home/aiv/ev_ws/ros2/install/patchworkpp/lib/cmake/patchworkpp/patchworkppConfig.cmake
[20.392s] -- Installing: /home/aiv/ev_ws/ros2/install/patchworkpp/lib/cmake/patchworkpp/patchworkppConfig-release.cmake
[20.392s] -- Installing: /home/aiv/ev_ws/ros2/install/patchworkpp/lib/cmake/patchworkpp/patchworkppTargets.cmake
[20.392s] -- Installing: /home/aiv/ev_ws/ros2/install/patchworkpp/lib/cmake/patchworkpp/patchworkppTargets-release.cmake
[20.392s] -- Execute custom install script
[20.392s] -- Symlinking: /home/aiv/ev_ws/ros2/install/patchworkpp/lib/patchworkpp/patchworkpp_node
[20.398s] -- Symlinking: /home/aiv/ev_ws/ros2/install/patchworkpp/lib/libgseg_component.so
[20.402s] -- Symlinking: /home/aiv/ev_ws/ros2/install/patchworkpp/share/patchworkpp//launch/patchworkpp.launch.py
[20.409s] -- Symlinking: /home/aiv/ev_ws/ros2/install/patchworkpp/share/patchworkpp//rviz/patchworkpp.rviz
[20.413s] -- Symlinking: /home/aiv/ev_ws/ros2/install/patchworkpp/share/ament_index/resource_index/package_run_dependencies/patchworkpp
[20.420s] -- Symlinking: /home/aiv/ev_ws/ros2/install/patchworkpp/share/ament_index/resource_index/parent_prefix_path/patchworkpp
[20.424s] -- Symlinking: /home/aiv/ev_ws/ros2/install/patchworkpp/share/patchworkpp/environment/ament_prefix_path.sh
[20.429s] -- Symlinking: /home/aiv/ev_ws/ros2/install/patchworkpp/share/patchworkpp/environment/ament_prefix_path.dsv
[20.434s] -- Symlinking: /home/aiv/ev_ws/ros2/install/patchworkpp/share/patchworkpp/environment/path.sh
[20.439s] -- Symlinking: /home/aiv/ev_ws/ros2/install/patchworkpp/share/patchworkpp/environment/path.dsv
[20.444s] -- Symlinking: /home/aiv/ev_ws/ros2/install/patchworkpp/share/patchworkpp/local_setup.bash
[20.450s] -- Symlinking: /home/aiv/ev_ws/ros2/install/patchworkpp/share/patchworkpp/local_setup.sh
[20.456s] -- Symlinking: /home/aiv/ev_ws/ros2/install/patchworkpp/share/patchworkpp/local_setup.zsh
[20.461s] -- Symlinking: /home/aiv/ev_ws/ros2/install/patchworkpp/share/patchworkpp/local_setup.dsv
[20.467s] -- Symlinking: /home/aiv/ev_ws/ros2/install/patchworkpp/share/patchworkpp/package.dsv
[20.472s] -- Symlinking: /home/aiv/ev_ws/ros2/install/patchworkpp/share/ament_index/resource_index/packages/patchworkpp
[20.477s] -- Symlinking: /home/aiv/ev_ws/ros2/install/patchworkpp/share/ament_index/resource_index/rclcpp_components/patchworkpp
[20.484s] -- Symlinking: /home/aiv/ev_ws/ros2/install/patchworkpp/share/patchworkpp/cmake/patchworkppConfig.cmake
[20.489s] -- Symlinking: /home/aiv/ev_ws/ros2/install/patchworkpp/share/patchworkpp/cmake/patchworkppConfig-version.cmake
[20.493s] -- Symlinking: /home/aiv/ev_ws/ros2/install/patchworkpp/share/patchworkpp/package.xml
[20.500s] Invoked command in '/home/aiv/ev_ws/ros2/build/patchworkpp' returned '0': CMAKE_PREFIX_PATH=${CMAKE_PREFIX_PATH}:/home/aiv/ros2_study/install/my_second_package:/opt/ros/humble /usr/bin/cmake --install /home/aiv/ev_ws/ros2/build/patchworkpp
