[0.050s] DEBUG:colcon:Command line arguments: ['/usr/bin/colcon', 'build', '--packages-select', 'velodyne_cropbox']
[0.050s] DEBUG:colcon:Parsed command line arguments: Namespace(log_base=None, log_level=None, verb_name='build', build_base='build', install_base='install', merge_install=False, symlink_install=False, test_result_base=None, continue_on_error=False, executor='parallel', parallel_workers=28, event_handlers=None, ignore_user_meta=False, metas=['./colcon.meta'], base_paths=['.'], packages_ignore=None, packages_ignore_regex=None, paths=None, packages_up_to=None, packages_up_to_regex=None, packages_above=None, packages_above_and_dependencies=None, packages_above_depth=None, packages_select_by_dep=None, packages_skip_by_dep=None, packages_skip_up_to=None, packages_select_build_failed=False, packages_skip_build_finished=False, packages_select_test_failures=False, packages_skip_test_passed=False, packages_select=['velodyne_cropbox'], packages_skip=None, packages_select_regex=None, packages_skip_regex=None, packages_start=None, packages_end=None, allow_overriding=[], cmake_args=None, cmake_target=None, cmake_target_skip_unavailable=False, cmake_clean_cache=False, cmake_clean_first=False, cmake_force_configure=False, ament_cmake_args=None, catkin_cmake_args=None, catkin_skip_building_tests=False, mixin_files=None, mixin=None, verb_parser=<colcon_mixin.mixin.mixin_argument.MixinArgumentDecorator object at 0x7681d9780430>, verb_extension=<colcon_core.verb.build.BuildVerb object at 0x7681d9753e80>, main=<bound method BuildVerb.main of <colcon_core.verb.build.BuildVerb object at 0x7681d9753e80>>, mixin_verb=('build',))
[0.125s] Level 1:colcon.colcon_core.package_discovery:discover_packages(colcon_meta) check parameters
[0.125s] Level 1:colcon.colcon_core.package_discovery:discover_packages(recursive) check parameters
[0.125s] Level 1:colcon.colcon_core.package_discovery:discover_packages(ignore) check parameters
[0.125s] Level 1:colcon.colcon_core.package_discovery:discover_packages(path) check parameters
[0.125s] Level 1:colcon.colcon_core.package_discovery:discover_packages(colcon_meta) discover
[0.125s] Level 1:colcon.colcon_core.package_discovery:discover_packages(recursive) discover
[0.125s] INFO:colcon.colcon_core.package_discovery:Crawling recursively for packages in '/home/aiv/ev_ws/ros2_ver2'
[0.125s] Level 1:colcon.colcon_core.package_identification:_identify(.) by extensions ['ignore', 'ignore_ament_install']
[0.125s] Level 1:colcon.colcon_core.package_identification:_identify(.) by extension 'ignore'
[0.125s] Level 1:colcon.colcon_core.package_identification:_identify(.) by extension 'ignore_ament_install'
[0.125s] Level 1:colcon.colcon_core.package_identification:_identify(.) by extensions ['colcon_pkg']
[0.125s] Level 1:colcon.colcon_core.package_identification:_identify(.) by extension 'colcon_pkg'
[0.125s] Level 1:colcon.colcon_core.package_identification:_identify(.) by extensions ['colcon_meta']
[0.125s] Level 1:colcon.colcon_core.package_identification:_identify(.) by extension 'colcon_meta'
[0.125s] Level 1:colcon.colcon_core.package_identification:_identify(.) by extensions ['ros']
[0.125s] Level 1:colcon.colcon_core.package_identification:_identify(.) by extension 'ros'
[0.130s] Level 1:colcon.colcon_core.package_identification:_identify(.) by extensions ['cmake', 'python']
[0.130s] Level 1:colcon.colcon_core.package_identification:_identify(.) by extension 'cmake'
[0.130s] Level 1:colcon.colcon_core.package_identification:_identify(.) by extension 'python'
[0.130s] Level 1:colcon.colcon_core.package_identification:_identify(.) by extensions ['python_setup_py']
[0.131s] Level 1:colcon.colcon_core.package_identification:_identify(.) by extension 'python_setup_py'
[0.131s] Level 1:colcon.colcon_core.package_identification:_identify(build) by extensions ['ignore', 'ignore_ament_install']
[0.131s] Level 1:colcon.colcon_core.package_identification:_identify(build) by extension 'ignore'
[0.131s] Level 1:colcon.colcon_core.package_identification:_identify(build) ignored
[0.131s] Level 1:colcon.colcon_core.package_identification:_identify(install) by extensions ['ignore', 'ignore_ament_install']
[0.131s] Level 1:colcon.colcon_core.package_identification:_identify(install) by extension 'ignore'
[0.131s] Level 1:colcon.colcon_core.package_identification:_identify(install) ignored
[0.131s] Level 1:colcon.colcon_core.package_identification:_identify(log) by extensions ['ignore', 'ignore_ament_install']
[0.131s] Level 1:colcon.colcon_core.package_identification:_identify(log) by extension 'ignore'
[0.131s] Level 1:colcon.colcon_core.package_identification:_identify(log) ignored
[0.131s] Level 1:colcon.colcon_core.package_identification:_identify(rosbag) by extensions ['ignore', 'ignore_ament_install']
[0.131s] Level 1:colcon.colcon_core.package_identification:_identify(rosbag) by extension 'ignore'
[0.131s] Level 1:colcon.colcon_core.package_identification:_identify(rosbag) by extension 'ignore_ament_install'
[0.131s] Level 1:colcon.colcon_core.package_identification:_identify(rosbag) by extensions ['colcon_pkg']
[0.131s] Level 1:colcon.colcon_core.package_identification:_identify(rosbag) by extension 'colcon_pkg'
[0.131s] Level 1:colcon.colcon_core.package_identification:_identify(rosbag) by extensions ['colcon_meta']
[0.131s] Level 1:colcon.colcon_core.package_identification:_identify(rosbag) by extension 'colcon_meta'
[0.131s] Level 1:colcon.colcon_core.package_identification:_identify(rosbag) by extensions ['ros']
[0.131s] Level 1:colcon.colcon_core.package_identification:_identify(rosbag) by extension 'ros'
[0.131s] Level 1:colcon.colcon_core.package_identification:_identify(rosbag) by extensions ['cmake', 'python']
[0.131s] Level 1:colcon.colcon_core.package_identification:_identify(rosbag) by extension 'cmake'
[0.131s] Level 1:colcon.colcon_core.package_identification:_identify(rosbag) by extension 'python'
[0.131s] Level 1:colcon.colcon_core.package_identification:_identify(rosbag) by extensions ['python_setup_py']
[0.131s] Level 1:colcon.colcon_core.package_identification:_identify(rosbag) by extension 'python_setup_py'
[0.131s] Level 1:colcon.colcon_core.package_identification:_identify(rosbag/02061915) by extensions ['ignore', 'ignore_ament_install']
[0.131s] Level 1:colcon.colcon_core.package_identification:_identify(rosbag/02061915) by extension 'ignore'
[0.131s] Level 1:colcon.colcon_core.package_identification:_identify(rosbag/02061915) by extension 'ignore_ament_install'
[0.131s] Level 1:colcon.colcon_core.package_identification:_identify(rosbag/02061915) by extensions ['colcon_pkg']
[0.131s] Level 1:colcon.colcon_core.package_identification:_identify(rosbag/02061915) by extension 'colcon_pkg'
[0.131s] Level 1:colcon.colcon_core.package_identification:_identify(rosbag/02061915) by extensions ['colcon_meta']
[0.131s] Level 1:colcon.colcon_core.package_identification:_identify(rosbag/02061915) by extension 'colcon_meta'
[0.131s] Level 1:colcon.colcon_core.package_identification:_identify(rosbag/02061915) by extensions ['ros']
[0.131s] Level 1:colcon.colcon_core.package_identification:_identify(rosbag/02061915) by extension 'ros'
[0.131s] Level 1:colcon.colcon_core.package_identification:_identify(rosbag/02061915) by extensions ['cmake', 'python']
[0.131s] Level 1:colcon.colcon_core.package_identification:_identify(rosbag/02061915) by extension 'cmake'
[0.131s] Level 1:colcon.colcon_core.package_identification:_identify(rosbag/02061915) by extension 'python'
[0.131s] Level 1:colcon.colcon_core.package_identification:_identify(rosbag/02061915) by extensions ['python_setup_py']
[0.131s] Level 1:colcon.colcon_core.package_identification:_identify(rosbag/02061915) by extension 'python_setup_py'
[0.131s] Level 1:colcon.colcon_core.package_identification:_identify(rosbag/forStudy) by extensions ['ignore', 'ignore_ament_install']
[0.131s] Level 1:colcon.colcon_core.package_identification:_identify(rosbag/forStudy) by extension 'ignore'
[0.131s] Level 1:colcon.colcon_core.package_identification:_identify(rosbag/forStudy) by extension 'ignore_ament_install'
[0.131s] Level 1:colcon.colcon_core.package_identification:_identify(rosbag/forStudy) by extensions ['colcon_pkg']
[0.132s] Level 1:colcon.colcon_core.package_identification:_identify(rosbag/forStudy) by extension 'colcon_pkg'
[0.132s] Level 1:colcon.colcon_core.package_identification:_identify(rosbag/forStudy) by extensions ['colcon_meta']
[0.132s] Level 1:colcon.colcon_core.package_identification:_identify(rosbag/forStudy) by extension 'colcon_meta'
[0.132s] Level 1:colcon.colcon_core.package_identification:_identify(rosbag/forStudy) by extensions ['ros']
[0.132s] Level 1:colcon.colcon_core.package_identification:_identify(rosbag/forStudy) by extension 'ros'
[0.132s] Level 1:colcon.colcon_core.package_identification:_identify(rosbag/forStudy) by extensions ['cmake', 'python']
[0.132s] Level 1:colcon.colcon_core.package_identification:_identify(rosbag/forStudy) by extension 'cmake'
[0.132s] Level 1:colcon.colcon_core.package_identification:_identify(rosbag/forStudy) by extension 'python'
[0.132s] Level 1:colcon.colcon_core.package_identification:_identify(rosbag/forStudy) by extensions ['python_setup_py']
[0.132s] Level 1:colcon.colcon_core.package_identification:_identify(rosbag/forStudy) by extension 'python_setup_py'
[0.132s] Level 1:colcon.colcon_core.package_identification:_identify(velodyne) by extensions ['ignore', 'ignore_ament_install']
[0.132s] Level 1:colcon.colcon_core.package_identification:_identify(velodyne) by extension 'ignore'
[0.132s] Level 1:colcon.colcon_core.package_identification:_identify(velodyne) by extension 'ignore_ament_install'
[0.132s] Level 1:colcon.colcon_core.package_identification:_identify(velodyne) by extensions ['colcon_pkg']
[0.132s] Level 1:colcon.colcon_core.package_identification:_identify(velodyne) by extension 'colcon_pkg'
[0.132s] Level 1:colcon.colcon_core.package_identification:_identify(velodyne) by extensions ['colcon_meta']
[0.132s] Level 1:colcon.colcon_core.package_identification:_identify(velodyne) by extension 'colcon_meta'
[0.132s] Level 1:colcon.colcon_core.package_identification:_identify(velodyne) by extensions ['ros']
[0.132s] Level 1:colcon.colcon_core.package_identification:_identify(velodyne) by extension 'ros'
[0.132s] Level 1:colcon.colcon_core.package_identification:_identify(velodyne) by extensions ['cmake', 'python']
[0.132s] Level 1:colcon.colcon_core.package_identification:_identify(velodyne) by extension 'cmake'
[0.132s] Level 1:colcon.colcon_core.package_identification:_identify(velodyne) by extension 'python'
[0.132s] Level 1:colcon.colcon_core.package_identification:_identify(velodyne) by extensions ['python_setup_py']
[0.132s] Level 1:colcon.colcon_core.package_identification:_identify(velodyne) by extension 'python_setup_py'
[0.132s] Level 1:colcon.colcon_core.package_identification:_identify(velodyne/build) by extensions ['ignore', 'ignore_ament_install']
[0.132s] Level 1:colcon.colcon_core.package_identification:_identify(velodyne/build) by extension 'ignore'
[0.132s] Level 1:colcon.colcon_core.package_identification:_identify(velodyne/build) ignored
[0.132s] Level 1:colcon.colcon_core.package_identification:_identify(velodyne/install) by extensions ['ignore', 'ignore_ament_install']
[0.132s] Level 1:colcon.colcon_core.package_identification:_identify(velodyne/install) by extension 'ignore'
[0.132s] Level 1:colcon.colcon_core.package_identification:_identify(velodyne/install) ignored
[0.132s] Level 1:colcon.colcon_core.package_identification:_identify(velodyne/log) by extensions ['ignore', 'ignore_ament_install']
[0.132s] Level 1:colcon.colcon_core.package_identification:_identify(velodyne/log) by extension 'ignore'
[0.132s] Level 1:colcon.colcon_core.package_identification:_identify(velodyne/log) ignored
[0.132s] Level 1:colcon.colcon_core.package_identification:_identify(velodyne/velodyne) by extensions ['ignore', 'ignore_ament_install']
[0.132s] Level 1:colcon.colcon_core.package_identification:_identify(velodyne/velodyne) by extension 'ignore'
[0.132s] Level 1:colcon.colcon_core.package_identification:_identify(velodyne/velodyne) by extension 'ignore_ament_install'
[0.132s] Level 1:colcon.colcon_core.package_identification:_identify(velodyne/velodyne) by extensions ['colcon_pkg']
[0.132s] Level 1:colcon.colcon_core.package_identification:_identify(velodyne/velodyne) by extension 'colcon_pkg'
[0.132s] Level 1:colcon.colcon_core.package_identification:_identify(velodyne/velodyne) by extensions ['colcon_meta']
[0.132s] Level 1:colcon.colcon_core.package_identification:_identify(velodyne/velodyne) by extension 'colcon_meta'
[0.132s] Level 1:colcon.colcon_core.package_identification:_identify(velodyne/velodyne) by extensions ['ros']
[0.132s] Level 1:colcon.colcon_core.package_identification:_identify(velodyne/velodyne) by extension 'ros'
[0.133s] DEBUG:colcon.colcon_core.package_identification:Package 'velodyne/velodyne' with type 'ros.ament_cmake' and name 'velodyne'
[0.134s] Level 1:colcon.colcon_core.package_identification:_identify(velodyne/velodyne_cropbox) by extensions ['ignore', 'ignore_ament_install']
[0.134s] Level 1:colcon.colcon_core.package_identification:_identify(velodyne/velodyne_cropbox) by extension 'ignore'
[0.134s] Level 1:colcon.colcon_core.package_identification:_identify(velodyne/velodyne_cropbox) by extension 'ignore_ament_install'
[0.134s] Level 1:colcon.colcon_core.package_identification:_identify(velodyne/velodyne_cropbox) by extensions ['colcon_pkg']
[0.134s] Level 1:colcon.colcon_core.package_identification:_identify(velodyne/velodyne_cropbox) by extension 'colcon_pkg'
[0.134s] Level 1:colcon.colcon_core.package_identification:_identify(velodyne/velodyne_cropbox) by extensions ['colcon_meta']
[0.134s] Level 1:colcon.colcon_core.package_identification:_identify(velodyne/velodyne_cropbox) by extension 'colcon_meta'
[0.134s] Level 1:colcon.colcon_core.package_identification:_identify(velodyne/velodyne_cropbox) by extensions ['ros']
[0.134s] Level 1:colcon.colcon_core.package_identification:_identify(velodyne/velodyne_cropbox) by extension 'ros'
[0.135s] DEBUG:colcon.colcon_core.package_identification:Package 'velodyne/velodyne_cropbox' with type 'ros.ament_cmake' and name 'velodyne_cropbox'
[0.135s] Level 1:colcon.colcon_core.package_identification:_identify(velodyne/velodyne_driver) by extensions ['ignore', 'ignore_ament_install']
[0.135s] Level 1:colcon.colcon_core.package_identification:_identify(velodyne/velodyne_driver) by extension 'ignore'
[0.135s] Level 1:colcon.colcon_core.package_identification:_identify(velodyne/velodyne_driver) by extension 'ignore_ament_install'
[0.135s] Level 1:colcon.colcon_core.package_identification:_identify(velodyne/velodyne_driver) by extensions ['colcon_pkg']
[0.135s] Level 1:colcon.colcon_core.package_identification:_identify(velodyne/velodyne_driver) by extension 'colcon_pkg'
[0.135s] Level 1:colcon.colcon_core.package_identification:_identify(velodyne/velodyne_driver) by extensions ['colcon_meta']
[0.135s] Level 1:colcon.colcon_core.package_identification:_identify(velodyne/velodyne_driver) by extension 'colcon_meta'
[0.135s] Level 1:colcon.colcon_core.package_identification:_identify(velodyne/velodyne_driver) by extensions ['ros']
[0.135s] Level 1:colcon.colcon_core.package_identification:_identify(velodyne/velodyne_driver) by extension 'ros'
[0.135s] DEBUG:colcon.colcon_core.package_identification:Package 'velodyne/velodyne_driver' with type 'ros.ament_cmake' and name 'velodyne_driver'
[0.135s] Level 1:colcon.colcon_core.package_identification:_identify(velodyne/velodyne_laserscan) by extensions ['ignore', 'ignore_ament_install']
[0.135s] Level 1:colcon.colcon_core.package_identification:_identify(velodyne/velodyne_laserscan) by extension 'ignore'
[0.135s] Level 1:colcon.colcon_core.package_identification:_identify(velodyne/velodyne_laserscan) by extension 'ignore_ament_install'
[0.135s] Level 1:colcon.colcon_core.package_identification:_identify(velodyne/velodyne_laserscan) by extensions ['colcon_pkg']
[0.135s] Level 1:colcon.colcon_core.package_identification:_identify(velodyne/velodyne_laserscan) by extension 'colcon_pkg'
[0.135s] Level 1:colcon.colcon_core.package_identification:_identify(velodyne/velodyne_laserscan) by extensions ['colcon_meta']
[0.135s] Level 1:colcon.colcon_core.package_identification:_identify(velodyne/velodyne_laserscan) by extension 'colcon_meta'
[0.136s] Level 1:colcon.colcon_core.package_identification:_identify(velodyne/velodyne_laserscan) by extensions ['ros']
[0.136s] Level 1:colcon.colcon_core.package_identification:_identify(velodyne/velodyne_laserscan) by extension 'ros'
[0.136s] DEBUG:colcon.colcon_core.package_identification:Package 'velodyne/velodyne_laserscan' with type 'ros.ament_cmake' and name 'velodyne_laserscan'
[0.136s] Level 1:colcon.colcon_core.package_identification:_identify(velodyne/velodyne_msgs) by extensions ['ignore', 'ignore_ament_install']
[0.136s] Level 1:colcon.colcon_core.package_identification:_identify(velodyne/velodyne_msgs) by extension 'ignore'
[0.136s] Level 1:colcon.colcon_core.package_identification:_identify(velodyne/velodyne_msgs) by extension 'ignore_ament_install'
[0.136s] Level 1:colcon.colcon_core.package_identification:_identify(velodyne/velodyne_msgs) by extensions ['colcon_pkg']
[0.136s] Level 1:colcon.colcon_core.package_identification:_identify(velodyne/velodyne_msgs) by extension 'colcon_pkg'
[0.136s] Level 1:colcon.colcon_core.package_identification:_identify(velodyne/velodyne_msgs) by extensions ['colcon_meta']
[0.136s] Level 1:colcon.colcon_core.package_identification:_identify(velodyne/velodyne_msgs) by extension 'colcon_meta'
[0.136s] Level 1:colcon.colcon_core.package_identification:_identify(velodyne/velodyne_msgs) by extensions ['ros']
[0.136s] Level 1:colcon.colcon_core.package_identification:_identify(velodyne/velodyne_msgs) by extension 'ros'
[0.136s] DEBUG:colcon.colcon_core.package_identification:Package 'velodyne/velodyne_msgs' with type 'ros.ament_cmake' and name 'velodyne_msgs'
[0.136s] Level 1:colcon.colcon_core.package_identification:_identify(velodyne/velodyne_pointcloud) by extensions ['ignore', 'ignore_ament_install']
[0.136s] Level 1:colcon.colcon_core.package_identification:_identify(velodyne/velodyne_pointcloud) by extension 'ignore'
[0.136s] Level 1:colcon.colcon_core.package_identification:_identify(velodyne/velodyne_pointcloud) by extension 'ignore_ament_install'
[0.136s] Level 1:colcon.colcon_core.package_identification:_identify(velodyne/velodyne_pointcloud) by extensions ['colcon_pkg']
[0.137s] Level 1:colcon.colcon_core.package_identification:_identify(velodyne/velodyne_pointcloud) by extension 'colcon_pkg'
[0.137s] Level 1:colcon.colcon_core.package_identification:_identify(velodyne/velodyne_pointcloud) by extensions ['colcon_meta']
[0.137s] Level 1:colcon.colcon_core.package_identification:_identify(velodyne/velodyne_pointcloud) by extension 'colcon_meta'
[0.137s] Level 1:colcon.colcon_core.package_identification:_identify(velodyne/velodyne_pointcloud) by extensions ['ros']
[0.137s] Level 1:colcon.colcon_core.package_identification:_identify(velodyne/velodyne_pointcloud) by extension 'ros'
[0.141s] DEBUG:colcon.colcon_core.package_identification:Package 'velodyne/velodyne_pointcloud' with type 'ros.ament_cmake' and name 'velodyne_pointcloud'
[0.141s] Level 1:colcon.colcon_core.package_discovery:discover_packages(recursive) using defaults
[0.141s] Level 1:colcon.colcon_core.package_discovery:discover_packages(ignore) discover
[0.141s] Level 1:colcon.colcon_core.package_discovery:discover_packages(ignore) using defaults
[0.141s] Level 1:colcon.colcon_core.package_discovery:discover_packages(path) discover
[0.141s] Level 1:colcon.colcon_core.package_discovery:discover_packages(path) using defaults
[0.151s] INFO:colcon.colcon_core.package_selection:Skipping not selected package 'velodyne_laserscan' in 'velodyne/velodyne_laserscan'
[0.151s] INFO:colcon.colcon_core.package_selection:Skipping not selected package 'velodyne_msgs' in 'velodyne/velodyne_msgs'
[0.151s] INFO:colcon.colcon_core.package_selection:Skipping not selected package 'velodyne_driver' in 'velodyne/velodyne_driver'
[0.151s] INFO:colcon.colcon_core.package_selection:Skipping not selected package 'velodyne_pointcloud' in 'velodyne/velodyne_pointcloud'
[0.151s] INFO:colcon.colcon_core.package_selection:Skipping not selected package 'velodyne' in 'velodyne/velodyne'
[0.151s] Level 1:colcon.colcon_core.package_discovery:discover_packages(prefix_path) check parameters
[0.151s] Level 1:colcon.colcon_core.package_discovery:discover_packages(prefix_path) discover
[0.152s] DEBUG:colcon.colcon_installed_package_information.package_discovery:Found 6 installed packages in /home/aiv/ev_ws/ros2/install
[0.152s] DEBUG:colcon.colcon_installed_package_information.package_discovery:Found 2 installed packages in /home/aiv/ros2_study/install
[0.152s] DEBUG:colcon.colcon_installed_package_information.package_discovery:Found 7 installed packages in /home/aiv/workspace/ros2/erp42_ros/install
[0.153s] DEBUG:colcon.colcon_installed_package_information.package_discovery:Found 5 installed packages in /home/aiv/workspace/ros2/t870_ros/install
[0.153s] DEBUG:colcon.colcon_installed_package_information.package_discovery:Found 7 installed packages in /home/aiv/workspace/ros2/erp42_racing_ros/install
[0.153s] DEBUG:colcon.colcon_installed_package_information.package_discovery:Found 5 installed packages in /home/aiv/workspace/ros2/velodyne/install
[0.154s] DEBUG:colcon.colcon_installed_package_information.package_discovery:Found 301 installed packages in /opt/ros/humble
[0.154s] Level 1:colcon.colcon_core.package_discovery:discover_packages(prefix_path) using defaults
[0.172s] Level 5:colcon.colcon_core.verb:set package 'velodyne_cropbox' build argument 'cmake_args' from command line to 'None'
[0.172s] Level 5:colcon.colcon_core.verb:set package 'velodyne_cropbox' build argument 'cmake_target' from command line to 'None'
[0.172s] Level 5:colcon.colcon_core.verb:set package 'velodyne_cropbox' build argument 'cmake_target_skip_unavailable' from command line to 'False'
[0.172s] Level 5:colcon.colcon_core.verb:set package 'velodyne_cropbox' build argument 'cmake_clean_cache' from command line to 'False'
[0.172s] Level 5:colcon.colcon_core.verb:set package 'velodyne_cropbox' build argument 'cmake_clean_first' from command line to 'False'
[0.172s] Level 5:colcon.colcon_core.verb:set package 'velodyne_cropbox' build argument 'cmake_force_configure' from command line to 'False'
[0.172s] Level 5:colcon.colcon_core.verb:set package 'velodyne_cropbox' build argument 'ament_cmake_args' from command line to 'None'
[0.172s] Level 5:colcon.colcon_core.verb:set package 'velodyne_cropbox' build argument 'catkin_cmake_args' from command line to 'None'
[0.172s] Level 5:colcon.colcon_core.verb:set package 'velodyne_cropbox' build argument 'catkin_skip_building_tests' from command line to 'False'
[0.172s] DEBUG:colcon.colcon_core.verb:Building package 'velodyne_cropbox' with the following arguments: {'ament_cmake_args': None, 'build_base': '/home/aiv/ev_ws/ros2_ver2/build/velodyne_cropbox', 'catkin_cmake_args': None, 'catkin_skip_building_tests': False, 'cmake_args': None, 'cmake_clean_cache': False, 'cmake_clean_first': False, 'cmake_force_configure': False, 'cmake_target': None, 'cmake_target_skip_unavailable': False, 'install_base': '/home/aiv/ev_ws/ros2_ver2/install/velodyne_cropbox', 'merge_install': False, 'path': '/home/aiv/ev_ws/ros2_ver2/velodyne/velodyne_cropbox', 'symlink_install': False, 'test_result_base': None}
[0.172s] INFO:colcon.colcon_core.executor:Executing jobs using 'parallel' executor
[0.172s] DEBUG:colcon.colcon_parallel_executor.executor.parallel:run_until_complete
[0.172s] INFO:colcon.colcon_ros.task.ament_cmake.build:Building ROS package in '/home/aiv/ev_ws/ros2_ver2/velodyne/velodyne_cropbox' with build type 'ament_cmake'
[0.173s] INFO:colcon.colcon_cmake.task.cmake.build:Building CMake package in '/home/aiv/ev_ws/ros2_ver2/velodyne/velodyne_cropbox'
[0.173s] INFO:colcon.colcon_core.plugin_system:Skipping extension 'colcon_core.shell.bat': Not used on non-Windows systems
[0.174s] INFO:colcon.colcon_core.shell:Skip shell extension 'powershell' for command environment: Not usable outside of PowerShell
[0.174s] DEBUG:colcon.colcon_core.shell:Skip shell extension 'dsv' for command environment
[0.181s] DEBUG:colcon.colcon_core.event_handler.log_command:Invoking command in '/home/aiv/ev_ws/ros2_ver2/build/velodyne_cropbox': CMAKE_PREFIX_PATH=${CMAKE_PREFIX_PATH}:/home/aiv/ros2_study/install/my_second_package:/opt/ros/humble /usr/bin/cmake /home/aiv/ev_ws/ros2_ver2/velodyne/velodyne_cropbox -DCMAKE_INSTALL_PREFIX=/home/aiv/ev_ws/ros2_ver2/install/velodyne_cropbox
[1.034s] DEBUG:colcon.colcon_core.event_handler.log_command:Invoked command in '/home/aiv/ev_ws/ros2_ver2/build/velodyne_cropbox' returned '0': CMAKE_PREFIX_PATH=${CMAKE_PREFIX_PATH}:/home/aiv/ros2_study/install/my_second_package:/opt/ros/humble /usr/bin/cmake /home/aiv/ev_ws/ros2_ver2/velodyne/velodyne_cropbox -DCMAKE_INSTALL_PREFIX=/home/aiv/ev_ws/ros2_ver2/install/velodyne_cropbox
[1.036s] DEBUG:colcon.colcon_core.event_handler.log_command:Invoking command in '/home/aiv/ev_ws/ros2_ver2/build/velodyne_cropbox': CMAKE_PREFIX_PATH=${CMAKE_PREFIX_PATH}:/home/aiv/ros2_study/install/my_second_package:/opt/ros/humble /usr/bin/cmake --build /home/aiv/ev_ws/ros2_ver2/build/velodyne_cropbox -- -j28 -l28
[1.096s] DEBUG:colcon.colcon_core.event_handler.log_command:Invoked command in '/home/aiv/ev_ws/ros2_ver2/build/velodyne_cropbox' returned '0': CMAKE_PREFIX_PATH=${CMAKE_PREFIX_PATH}:/home/aiv/ros2_study/install/my_second_package:/opt/ros/humble /usr/bin/cmake --build /home/aiv/ev_ws/ros2_ver2/build/velodyne_cropbox -- -j28 -l28
[1.103s] DEBUG:colcon.colcon_core.event_handler.log_command:Invoking command in '/home/aiv/ev_ws/ros2_ver2/build/velodyne_cropbox': CMAKE_PREFIX_PATH=${CMAKE_PREFIX_PATH}:/home/aiv/ros2_study/install/my_second_package:/opt/ros/humble /usr/bin/cmake --install /home/aiv/ev_ws/ros2_ver2/build/velodyne_cropbox
[1.118s] Level 1:colcon.colcon_core.environment:create_environment_scripts_only(velodyne_cropbox)
[1.118s] DEBUG:colcon.colcon_core.event_handler.log_command:Invoked command in '/home/aiv/ev_ws/ros2_ver2/build/velodyne_cropbox' returned '0': CMAKE_PREFIX_PATH=${CMAKE_PREFIX_PATH}:/home/aiv/ros2_study/install/my_second_package:/opt/ros/humble /usr/bin/cmake --install /home/aiv/ev_ws/ros2_ver2/build/velodyne_cropbox
[1.119s] Level 1:colcon.colcon_core.environment:checking '/home/aiv/ev_ws/ros2_ver2/install/velodyne_cropbox' for CMake module files
[1.119s] Level 1:colcon.colcon_core.environment:checking '/home/aiv/ev_ws/ros2_ver2/install/velodyne_cropbox' for CMake config files
[1.119s] Level 1:colcon.colcon_core.shell:create_environment_hook('velodyne_cropbox', 'cmake_prefix_path')
[1.120s] INFO:colcon.colcon_core.shell:Creating environment hook '/home/aiv/ev_ws/ros2_ver2/install/velodyne_cropbox/share/velodyne_cropbox/hook/cmake_prefix_path.ps1'
[1.120s] INFO:colcon.colcon_core.shell:Creating environment descriptor '/home/aiv/ev_ws/ros2_ver2/install/velodyne_cropbox/share/velodyne_cropbox/hook/cmake_prefix_path.dsv'
[1.120s] INFO:colcon.colcon_core.shell:Creating environment hook '/home/aiv/ev_ws/ros2_ver2/install/velodyne_cropbox/share/velodyne_cropbox/hook/cmake_prefix_path.sh'
[1.121s] Level 1:colcon.colcon_core.environment:checking '/home/aiv/ev_ws/ros2_ver2/install/velodyne_cropbox/lib'
[1.121s] Level 1:colcon.colcon_core.shell:create_environment_hook('velodyne_cropbox', 'ld_library_path_lib')
[1.121s] INFO:colcon.colcon_core.shell:Creating environment hook '/home/aiv/ev_ws/ros2_ver2/install/velodyne_cropbox/share/velodyne_cropbox/hook/ld_library_path_lib.ps1'
[1.121s] INFO:colcon.colcon_core.shell:Creating environment descriptor '/home/aiv/ev_ws/ros2_ver2/install/velodyne_cropbox/share/velodyne_cropbox/hook/ld_library_path_lib.dsv'
[1.121s] INFO:colcon.colcon_core.shell:Creating environment hook '/home/aiv/ev_ws/ros2_ver2/install/velodyne_cropbox/share/velodyne_cropbox/hook/ld_library_path_lib.sh'
[1.121s] Level 1:colcon.colcon_core.environment:checking '/home/aiv/ev_ws/ros2_ver2/install/velodyne_cropbox/bin'
[1.121s] Level 1:colcon.colcon_core.environment:checking '/home/aiv/ev_ws/ros2_ver2/install/velodyne_cropbox/lib/pkgconfig/velodyne_cropbox.pc'
[1.121s] Level 1:colcon.colcon_core.environment:checking '/home/aiv/ev_ws/ros2_ver2/install/velodyne_cropbox/lib/python3.10/site-packages'
[1.122s] Level 1:colcon.colcon_core.environment:checking '/home/aiv/ev_ws/ros2_ver2/install/velodyne_cropbox/bin'
[1.122s] INFO:colcon.colcon_core.shell:Creating package script '/home/aiv/ev_ws/ros2_ver2/install/velodyne_cropbox/share/velodyne_cropbox/package.ps1'
[1.122s] INFO:colcon.colcon_core.shell:Creating package descriptor '/home/aiv/ev_ws/ros2_ver2/install/velodyne_cropbox/share/velodyne_cropbox/package.dsv'
[1.122s] INFO:colcon.colcon_core.shell:Creating package script '/home/aiv/ev_ws/ros2_ver2/install/velodyne_cropbox/share/velodyne_cropbox/package.sh'
[1.123s] INFO:colcon.colcon_core.shell:Creating package script '/home/aiv/ev_ws/ros2_ver2/install/velodyne_cropbox/share/velodyne_cropbox/package.bash'
[1.123s] INFO:colcon.colcon_core.shell:Creating package script '/home/aiv/ev_ws/ros2_ver2/install/velodyne_cropbox/share/velodyne_cropbox/package.zsh'
[1.123s] Level 1:colcon.colcon_core.environment:create_file_with_runtime_dependencies(/home/aiv/ev_ws/ros2_ver2/install/velodyne_cropbox/share/colcon-core/packages/velodyne_cropbox)
[1.123s] Level 1:colcon.colcon_core.environment:create_environment_scripts_only(velodyne_cropbox)
[1.124s] Level 1:colcon.colcon_core.environment:checking '/home/aiv/ev_ws/ros2_ver2/install/velodyne_cropbox' for CMake module files
[1.124s] Level 1:colcon.colcon_core.environment:checking '/home/aiv/ev_ws/ros2_ver2/install/velodyne_cropbox' for CMake config files
[1.124s] Level 1:colcon.colcon_core.shell:create_environment_hook('velodyne_cropbox', 'cmake_prefix_path')
[1.124s] INFO:colcon.colcon_core.shell:Creating environment hook '/home/aiv/ev_ws/ros2_ver2/install/velodyne_cropbox/share/velodyne_cropbox/hook/cmake_prefix_path.ps1'
[1.124s] INFO:colcon.colcon_core.shell:Creating environment descriptor '/home/aiv/ev_ws/ros2_ver2/install/velodyne_cropbox/share/velodyne_cropbox/hook/cmake_prefix_path.dsv'
[1.124s] INFO:colcon.colcon_core.shell:Creating environment hook '/home/aiv/ev_ws/ros2_ver2/install/velodyne_cropbox/share/velodyne_cropbox/hook/cmake_prefix_path.sh'
[1.125s] Level 1:colcon.colcon_core.environment:checking '/home/aiv/ev_ws/ros2_ver2/install/velodyne_cropbox/lib'
[1.125s] Level 1:colcon.colcon_core.shell:create_environment_hook('velodyne_cropbox', 'ld_library_path_lib')
[1.125s] INFO:colcon.colcon_core.shell:Creating environment hook '/home/aiv/ev_ws/ros2_ver2/install/velodyne_cropbox/share/velodyne_cropbox/hook/ld_library_path_lib.ps1'
[1.125s] INFO:colcon.colcon_core.shell:Creating environment descriptor '/home/aiv/ev_ws/ros2_ver2/install/velodyne_cropbox/share/velodyne_cropbox/hook/ld_library_path_lib.dsv'
[1.125s] INFO:colcon.colcon_core.shell:Creating environment hook '/home/aiv/ev_ws/ros2_ver2/install/velodyne_cropbox/share/velodyne_cropbox/hook/ld_library_path_lib.sh'
[1.125s] Level 1:colcon.colcon_core.environment:checking '/home/aiv/ev_ws/ros2_ver2/install/velodyne_cropbox/bin'
[1.125s] Level 1:colcon.colcon_core.environment:checking '/home/aiv/ev_ws/ros2_ver2/install/velodyne_cropbox/lib/pkgconfig/velodyne_cropbox.pc'
[1.125s] Level 1:colcon.colcon_core.environment:checking '/home/aiv/ev_ws/ros2_ver2/install/velodyne_cropbox/lib/python3.10/site-packages'
[1.125s] Level 1:colcon.colcon_core.environment:checking '/home/aiv/ev_ws/ros2_ver2/install/velodyne_cropbox/bin'
[1.126s] INFO:colcon.colcon_core.shell:Creating package script '/home/aiv/ev_ws/ros2_ver2/install/velodyne_cropbox/share/velodyne_cropbox/package.ps1'
[1.126s] INFO:colcon.colcon_core.shell:Creating package descriptor '/home/aiv/ev_ws/ros2_ver2/install/velodyne_cropbox/share/velodyne_cropbox/package.dsv'
[1.126s] INFO:colcon.colcon_core.shell:Creating package script '/home/aiv/ev_ws/ros2_ver2/install/velodyne_cropbox/share/velodyne_cropbox/package.sh'
[1.126s] INFO:colcon.colcon_core.shell:Creating package script '/home/aiv/ev_ws/ros2_ver2/install/velodyne_cropbox/share/velodyne_cropbox/package.bash'
[1.126s] INFO:colcon.colcon_core.shell:Creating package script '/home/aiv/ev_ws/ros2_ver2/install/velodyne_cropbox/share/velodyne_cropbox/package.zsh'
[1.127s] Level 1:colcon.colcon_core.environment:create_file_with_runtime_dependencies(/home/aiv/ev_ws/ros2_ver2/install/velodyne_cropbox/share/colcon-core/packages/velodyne_cropbox)
[1.127s] DEBUG:colcon.colcon_parallel_executor.executor.parallel:closing loop
[1.127s] DEBUG:colcon.colcon_parallel_executor.executor.parallel:loop closed
[1.127s] DEBUG:colcon.colcon_parallel_executor.executor.parallel:run_until_complete finished with '0'
[1.127s] DEBUG:colcon.colcon_core.event_reactor:joining thread
[1.130s] INFO:colcon.colcon_core.plugin_system:Skipping extension 'colcon_notification.desktop_notification.terminal_notifier': Not used on non-Darwin systems
[1.130s] INFO:colcon.colcon_core.plugin_system:Skipping extension 'colcon_notification.desktop_notification.win32': Not used on non-Windows systems
[1.130s] INFO:colcon.colcon_notification.desktop_notification:Sending desktop notification using 'notify2'
[1.136s] DEBUG:colcon.colcon_core.event_reactor:joined thread
[1.136s] INFO:colcon.colcon_core.shell:Creating prefix script '/home/aiv/ev_ws/ros2_ver2/install/local_setup.ps1'
[1.136s] INFO:colcon.colcon_core.shell:Creating prefix util module '/home/aiv/ev_ws/ros2_ver2/install/_local_setup_util_ps1.py'
[1.137s] INFO:colcon.colcon_core.shell:Creating prefix chain script '/home/aiv/ev_ws/ros2_ver2/install/setup.ps1'
[1.138s] INFO:colcon.colcon_core.shell:Creating prefix script '/home/aiv/ev_ws/ros2_ver2/install/local_setup.sh'
[1.138s] INFO:colcon.colcon_core.shell:Creating prefix util module '/home/aiv/ev_ws/ros2_ver2/install/_local_setup_util_sh.py'
[1.138s] INFO:colcon.colcon_core.shell:Creating prefix chain script '/home/aiv/ev_ws/ros2_ver2/install/setup.sh'
[1.139s] INFO:colcon.colcon_core.shell:Creating prefix script '/home/aiv/ev_ws/ros2_ver2/install/local_setup.bash'
[1.140s] INFO:colcon.colcon_core.shell:Creating prefix chain script '/home/aiv/ev_ws/ros2_ver2/install/setup.bash'
[1.140s] INFO:colcon.colcon_core.shell:Creating prefix script '/home/aiv/ev_ws/ros2_ver2/install/local_setup.zsh'
[1.141s] INFO:colcon.colcon_core.shell:Creating prefix chain script '/home/aiv/ev_ws/ros2_ver2/install/setup.zsh'
