[0.006s] Invoking command in '/home/aiv/workspace/ros2/velodyne/build/velodyne_laserscan': CMAKE_PREFIX_PATH=${CMAKE_PREFIX_PATH}:/opt/ros/humble /usr/bin/cmake /home/aiv/workspace/ros2/velodyne/velodyne_laserscan -DAMENT_CMAKE_SYMLINK_INSTALL=1 -DCMAKE_INSTALL_PREFIX=/home/aiv/workspace/ros2/velodyne/install/velodyne_laserscan
[0.041s] -- The C compiler identification is GNU 11.4.0
[0.073s] -- The CXX compiler identification is GNU 11.4.0
[0.077s] -- Detecting C compiler ABI info
[0.118s] -- Detecting C compiler ABI info - done
[0.122s] -- Check for working C compiler: /usr/bin/cc - skipped
[0.122s] -- Detecting C compile features
[0.122s] -- Detecting C compile features - done
[0.123s] -- Detecting CXX compiler ABI info
[0.169s] -- Detecting CXX compiler ABI info - done
[0.173s] -- Check for working CXX compiler: /usr/bin/c++ - skipped
[0.173s] -- Detecting CXX compile features
[0.173s] -- Detecting CXX compile features - done
[0.174s] -- Found ament_cmake_ros: 0.10.0 (/opt/ros/humble/share/ament_cmake_ros/cmake)
[0.273s] -- Found Python3: /usr/bin/python3 (found version "3.10.12") found components: Interpreter 
[0.303s] -- Override CMake install command with custom implementation using symlinks instead of copying resources
[0.322s] -- Found rclcpp: 16.0.16 (/opt/ros/humble/share/rclcpp/cmake)
[0.345s] -- Found rosidl_generator_c: 3.1.7 (/opt/ros/humble/share/rosidl_generator_c/cmake)
[0.348s] -- Found rosidl_adapter: 3.1.7 (/opt/ros/humble/share/rosidl_adapter/cmake)
[0.352s] -- Found rosidl_generator_cpp: 3.1.7 (/opt/ros/humble/share/rosidl_generator_cpp/cmake)
[0.359s] -- Using all available rosidl_typesupport_c: rosidl_typesupport_fastrtps_c;rosidl_typesupport_introspection_c
[0.367s] -- Using all available rosidl_typesupport_cpp: rosidl_typesupport_fastrtps_cpp;rosidl_typesupport_introspection_cpp
[0.391s] -- Found rmw_implementation_cmake: 6.1.2 (/opt/ros/humble/share/rmw_implementation_cmake/cmake)
[0.393s] -- Found rmw_cyclonedds_cpp: 1.3.4 (/opt/ros/humble/share/rmw_cyclonedds_cpp/cmake)
[0.406s] -- Using RMW implementation 'rmw_cyclonedds_cpp' as default
[0.411s] -- Looking for pthread.h
[0.455s] -- Looking for pthread.h - found
[0.455s] -- Performing Test CMAKE_HAVE_LIBC_PTHREAD
[0.501s] -- Performing Test CMAKE_HAVE_LIBC_PTHREAD - Success
[0.502s] -- Found Threads: TRUE  
[0.528s] -- Found rclcpp_components: 16.0.16 (/opt/ros/humble/share/rclcpp_components/cmake)
[0.542s] -- Found sensor_msgs: 4.9.0 (/opt/ros/humble/share/sensor_msgs/cmake)
[0.558s] -- Found ament_lint_auto: 0.12.14 (/opt/ros/humble/share/ament_lint_auto/cmake)
[0.603s] -- Added test 'copyright' to check source files copyright and LICENSE
[0.603s] -- Added test 'cppcheck' to perform static code analysis on C / C++ code
[0.604s] -- Configured cppcheck include dirs: $<BUILD_INTERFACE:/home/aiv/workspace/ros2/velodyne/velodyne_laserscan/include>
[0.604s] -- Configured cppcheck exclude dirs and/or files: 
[0.604s] -- Added test 'cpplint' to check C / C++ code against the Google style
[0.604s] -- Configured cpplint exclude dirs and/or files: 
[0.605s] -- Added test 'flake8' to check Python code syntax and style conventions
[0.605s] -- Added test 'lint_cmake' to check CMake code style
[0.605s] -- Added test 'pep257' to check Python code against some of the docstring style conventions in PEP 257
[0.606s] -- Added test 'uncrustify' to check C / C++ code style
[0.606s] -- Configured uncrustify additional arguments: 
[0.606s] -- Added test 'xmllint' to check XML markup files
[0.608s] -- Configuring done
[0.613s] -- Generating done
[0.616s] -- Build files have been written to: /home/aiv/workspace/ros2/velodyne/build/velodyne_laserscan
[0.621s] Invoked command in '/home/aiv/workspace/ros2/velodyne/build/velodyne_laserscan' returned '0': CMAKE_PREFIX_PATH=${CMAKE_PREFIX_PATH}:/opt/ros/humble /usr/bin/cmake /home/aiv/workspace/ros2/velodyne/velodyne_laserscan -DAMENT_CMAKE_SYMLINK_INSTALL=1 -DCMAKE_INSTALL_PREFIX=/home/aiv/workspace/ros2/velodyne/install/velodyne_laserscan
[0.621s] Invoking command in '/home/aiv/workspace/ros2/velodyne/build/velodyne_laserscan': CMAKE_PREFIX_PATH=${CMAKE_PREFIX_PATH}:/opt/ros/humble /usr/bin/cmake --build /home/aiv/workspace/ros2/velodyne/build/velodyne_laserscan -- -j28 -l28
[0.655s] [ 25%] [32mBuilding CXX object CMakeFiles/velodyne_laserscan.dir/src/velodyne_laserscan.cpp.o[0m
[4.630s] [ 50%] [32m[1mLinking CXX shared library libvelodyne_laserscan.so[0m
[4.862s] [ 50%] Built target velodyne_laserscan
[4.881s] [ 75%] [32mBuilding CXX object CMakeFiles/velodyne_laserscan_node.dir/src/node.cpp.o[0m
[6.255s] [100%] [32m[1mLinking CXX executable velodyne_laserscan_node[0m
[6.358s] [100%] Built target velodyne_laserscan_node
[6.365s] Invoked command in '/home/aiv/workspace/ros2/velodyne/build/velodyne_laserscan' returned '0': CMAKE_PREFIX_PATH=${CMAKE_PREFIX_PATH}:/opt/ros/humble /usr/bin/cmake --build /home/aiv/workspace/ros2/velodyne/build/velodyne_laserscan -- -j28 -l28
[6.367s] Invoking command in '/home/aiv/workspace/ros2/velodyne/build/velodyne_laserscan': CMAKE_PREFIX_PATH=${CMAKE_PREFIX_PATH}:/opt/ros/humble /usr/bin/cmake --install /home/aiv/workspace/ros2/velodyne/build/velodyne_laserscan
[6.373s] -- Install configuration: ""
[6.373s] -- Execute custom install script
[6.373s] -- Symlinking: /home/aiv/workspace/ros2/velodyne/install/velodyne_laserscan/lib/velodyne_laserscan/velodyne_laserscan_node
[6.380s] -- Symlinking: /home/aiv/workspace/ros2/velodyne/install/velodyne_laserscan/include/velodyne_laserscan/velodyne_laserscan.hpp
[6.388s] -- Symlinking: /home/aiv/workspace/ros2/velodyne/install/velodyne_laserscan/share/velodyne_laserscan/config/default-velodyne_laserscan_node-params.yaml
[6.394s] -- Symlinking: /home/aiv/workspace/ros2/velodyne/install/velodyne_laserscan/share/velodyne_laserscan/launch/velodyne_laserscan_node-composed-launch.py
[6.401s] -- Symlinking: /home/aiv/workspace/ros2/velodyne/install/velodyne_laserscan/share/velodyne_laserscan/launch/velodyne_laserscan_node-launch.py
[6.406s] -- Symlinking: /home/aiv/workspace/ros2/velodyne/install/velodyne_laserscan/share/ament_index/resource_index/package_run_dependencies/velodyne_laserscan
[6.413s] -- Symlinking: /home/aiv/workspace/ros2/velodyne/install/velodyne_laserscan/share/ament_index/resource_index/parent_prefix_path/velodyne_laserscan
[6.419s] -- Symlinking: /home/aiv/workspace/ros2/velodyne/install/velodyne_laserscan/share/velodyne_laserscan/environment/ament_prefix_path.sh
[6.425s] -- Symlinking: /home/aiv/workspace/ros2/velodyne/install/velodyne_laserscan/share/velodyne_laserscan/environment/ament_prefix_path.dsv
[6.431s] -- Symlinking: /home/aiv/workspace/ros2/velodyne/install/velodyne_laserscan/share/velodyne_laserscan/environment/path.sh
[6.437s] -- Symlinking: /home/aiv/workspace/ros2/velodyne/install/velodyne_laserscan/share/velodyne_laserscan/environment/path.dsv
[6.444s] -- Symlinking: /home/aiv/workspace/ros2/velodyne/install/velodyne_laserscan/share/velodyne_laserscan/local_setup.bash
[6.448s] -- Symlinking: /home/aiv/workspace/ros2/velodyne/install/velodyne_laserscan/share/velodyne_laserscan/local_setup.sh
[6.453s] -- Symlinking: /home/aiv/workspace/ros2/velodyne/install/velodyne_laserscan/share/velodyne_laserscan/local_setup.zsh
[6.459s] -- Symlinking: /home/aiv/workspace/ros2/velodyne/install/velodyne_laserscan/share/velodyne_laserscan/local_setup.dsv
[6.465s] -- Symlinking: /home/aiv/workspace/ros2/velodyne/install/velodyne_laserscan/share/velodyne_laserscan/package.dsv
[6.471s] -- Symlinking: /home/aiv/workspace/ros2/velodyne/install/velodyne_laserscan/share/ament_index/resource_index/packages/velodyne_laserscan
[6.475s] -- Symlinking: /home/aiv/workspace/ros2/velodyne/install/velodyne_laserscan/share/ament_index/resource_index/rclcpp_components/velodyne_laserscan
[6.481s] -- Symlinking: /home/aiv/workspace/ros2/velodyne/install/velodyne_laserscan/share/velodyne_laserscan/cmake/ament_cmake_export_include_directories-extras.cmake
[6.487s] -- Symlinking: /home/aiv/workspace/ros2/velodyne/install/velodyne_laserscan/share/velodyne_laserscan/cmake/ament_cmake_export_targets-extras.cmake
[6.493s] -- Symlinking: /home/aiv/workspace/ros2/velodyne/install/velodyne_laserscan/share/velodyne_laserscan/cmake/ament_cmake_export_dependencies-extras.cmake
[6.498s] -- Symlinking: /home/aiv/workspace/ros2/velodyne/install/velodyne_laserscan/share/velodyne_laserscan/cmake/velodyne_laserscanConfig.cmake
[6.503s] -- Symlinking: /home/aiv/workspace/ros2/velodyne/install/velodyne_laserscan/share/velodyne_laserscan/cmake/velodyne_laserscanConfig-version.cmake
[6.508s] -- Symlinking: /home/aiv/workspace/ros2/velodyne/install/velodyne_laserscan/share/velodyne_laserscan/package.xml
[6.515s] -- Installing: /home/aiv/workspace/ros2/velodyne/install/velodyne_laserscan/lib/libvelodyne_laserscan.so
[6.517s] -- Set runtime path of "/home/aiv/workspace/ros2/velodyne/install/velodyne_laserscan/lib/libvelodyne_laserscan.so" to ""
[6.517s] -- Installing: /home/aiv/workspace/ros2/velodyne/install/velodyne_laserscan/share/velodyne_laserscan/cmake/velodyne_laserscanExport.cmake
[6.517s] -- Installing: /home/aiv/workspace/ros2/velodyne/install/velodyne_laserscan/share/velodyne_laserscan/cmake/velodyne_laserscanExport-noconfig.cmake
[6.519s] Invoked command in '/home/aiv/workspace/ros2/velodyne/build/velodyne_laserscan' returned '0': CMAKE_PREFIX_PATH=${CMAKE_PREFIX_PATH}:/opt/ros/humble /usr/bin/cmake --install /home/aiv/workspace/ros2/velodyne/build/velodyne_laserscan
